[2022-11-24 06:49:09,192] {taskinstance.py:1032} INFO - Dependencies all met for <TaskInstance: LocalIngestationDag.ingestation scheduled__2021-08-02T06:00:00+00:00 [queued]>
[2022-11-24 06:49:09,466] {taskinstance.py:1032} INFO - Dependencies all met for <TaskInstance: LocalIngestationDag.ingestation scheduled__2021-08-02T06:00:00+00:00 [queued]>
[2022-11-24 06:49:09,468] {taskinstance.py:1238} INFO - 
--------------------------------------------------------------------------------
[2022-11-24 06:49:09,470] {taskinstance.py:1239} INFO - Starting attempt 1 of 1
[2022-11-24 06:49:09,471] {taskinstance.py:1240} INFO - 
--------------------------------------------------------------------------------
[2022-11-24 06:49:09,733] {taskinstance.py:1259} INFO - Executing <Task(BashOperator): ingestation> on 2021-08-02 06:00:00+00:00
[2022-11-24 06:49:09,789] {standard_task_runner.py:52} INFO - Started process 1631 to run task
[2022-11-24 06:49:09,899] {standard_task_runner.py:76} INFO - Running: ['***', 'tasks', 'run', 'LocalIngestationDag', 'ingestation', 'scheduled__2021-08-02T06:00:00+00:00', '--job-id', '20', '--raw', '--subdir', 'DAGS_FOLDER/data_ingestation.py', '--cfg-path', '/tmp/tmpmreq_7w8', '--error-file', '/tmp/tmpm6ne25oe']
[2022-11-24 06:49:09,902] {standard_task_runner.py:77} INFO - Job 20: Subtask ingestation
[2022-11-24 06:49:10,699] {logging_mixin.py:109} INFO - Running <TaskInstance: LocalIngestationDag.ingestation scheduled__2021-08-02T06:00:00+00:00 [running]> on host d01293c252ef
[2022-11-24 06:49:11,249] {taskinstance.py:1426} INFO - Exporting the following env vars:
AIRFLOW_CTX_DAG_OWNER=***
AIRFLOW_CTX_DAG_ID=LocalIngestationDag
AIRFLOW_CTX_TASK_ID=ingestation
AIRFLOW_CTX_EXECUTION_DATE=2021-08-02T06:00:00+00:00
AIRFLOW_CTX_DAG_RUN_ID=scheduled__2021-08-02T06:00:00+00:00
[2022-11-24 06:49:11,260] {subprocess.py:62} INFO - Tmp dir root location: 
 /tmp
[2022-11-24 06:49:11,264] {subprocess.py:74} INFO - Running command: ['bash', '-c', 'echo "Ingestation start"']
[2022-11-24 06:49:11,332] {subprocess.py:85} INFO - Output:
[2022-11-24 06:49:11,434] {subprocess.py:89} INFO - Ingestation start
[2022-11-24 06:49:11,435] {subprocess.py:93} INFO - Command exited with return code 0
[2022-11-24 06:49:12,000] {taskinstance.py:1277} INFO - Marking task as SUCCESS. dag_id=LocalIngestationDag, task_id=ingestation, execution_date=20210802T060000, start_date=20221124T064909, end_date=20221124T064912
[2022-11-24 06:49:12,192] {local_task_job.py:154} INFO - Task exited with return code 0
[2022-11-24 06:49:12,502] {local_task_job.py:264} INFO - 0 downstream tasks scheduled from follow-on schedule check
