[2022-11-27 16:43:29,344] {taskinstance.py:1032} INFO - Dependencies all met for <TaskInstance: zone_data_to_gcp_dag.download_dataset_task scheduled__2019-01-03T00:00:00+00:00 [queued]>
[2022-11-27 16:43:29,621] {taskinstance.py:1032} INFO - Dependencies all met for <TaskInstance: zone_data_to_gcp_dag.download_dataset_task scheduled__2019-01-03T00:00:00+00:00 [queued]>
[2022-11-27 16:43:29,625] {taskinstance.py:1238} INFO - 
--------------------------------------------------------------------------------
[2022-11-27 16:43:29,631] {taskinstance.py:1239} INFO - Starting attempt 1 of 2
[2022-11-27 16:43:29,634] {taskinstance.py:1240} INFO - 
--------------------------------------------------------------------------------
[2022-11-27 16:43:30,217] {taskinstance.py:1259} INFO - Executing <Task(BashOperator): download_dataset_task> on 2019-01-03 00:00:00+00:00
[2022-11-27 16:43:30,394] {standard_task_runner.py:52} INFO - Started process 731 to run task
[2022-11-27 16:43:30,540] {standard_task_runner.py:76} INFO - Running: ['***', 'tasks', 'run', 'zone_data_to_gcp_dag', 'download_dataset_task', 'scheduled__2019-01-03T00:00:00+00:00', '--job-id', '239', '--raw', '--subdir', 'DAGS_FOLDER/zone_lookup.py', '--cfg-path', '/tmp/tmpxle1m18d', '--error-file', '/tmp/tmpeeabzssu']
[2022-11-27 16:43:30,564] {standard_task_runner.py:77} INFO - Job 239: Subtask download_dataset_task
[2022-11-27 16:43:31,794] {logging_mixin.py:109} INFO - Running <TaskInstance: zone_data_to_gcp_dag.download_dataset_task scheduled__2019-01-03T00:00:00+00:00 [running]> on host 410f3484ae43
[2022-11-27 16:43:32,674] {logging_mixin.py:109} WARNING - /home/***/.local/lib/python3.7/site-packages/***/utils/context.py:152 AirflowContextDeprecationWarning: Accessing 'execution_date' from the template is deprecated and will be removed in a future version. Please use 'data_interval_start' or 'logical_date' instead.
[2022-11-27 16:43:32,909] {taskinstance.py:1426} INFO - Exporting the following env vars:
AIRFLOW_CTX_DAG_OWNER=***
AIRFLOW_CTX_DAG_ID=zone_data_to_gcp_dag
AIRFLOW_CTX_TASK_ID=download_dataset_task
AIRFLOW_CTX_EXECUTION_DATE=2019-01-03T00:00:00+00:00
AIRFLOW_CTX_DAG_RUN_ID=scheduled__2019-01-03T00:00:00+00:00
[2022-11-27 16:43:32,951] {subprocess.py:62} INFO - Tmp dir root location: 
 /tmp
[2022-11-27 16:43:32,961] {subprocess.py:74} INFO - Running command: ['bash', '-c', 'curl -sSLf https://d37ci6vzurychx.cloudfront.net/misc/taxi+_zone_lookup.csv > /opt/***/output_2019-01.csv']
[2022-11-27 16:43:33,096] {subprocess.py:85} INFO - Output:
[2022-11-27 16:43:36,029] {subprocess.py:93} INFO - Command exited with return code 0
[2022-11-27 16:43:38,579] {taskinstance.py:1277} INFO - Marking task as SUCCESS. dag_id=zone_data_to_gcp_dag, task_id=download_dataset_task, execution_date=20190103T000000, start_date=20221127T164329, end_date=20221127T164338
[2022-11-27 16:43:38,948] {local_task_job.py:154} INFO - Task exited with return code 0
[2022-11-27 16:43:40,343] {local_task_job.py:264} INFO - 1 downstream tasks scheduled from follow-on schedule check
