[2022-11-27 16:43:54,509] {taskinstance.py:1032} INFO - Dependencies all met for <TaskInstance: zone_data_to_gcp_dag.parquetize_file_task scheduled__2019-01-01T00:00:00+00:00 [queued]>
[2022-11-27 16:43:54,901] {taskinstance.py:1032} INFO - Dependencies all met for <TaskInstance: zone_data_to_gcp_dag.parquetize_file_task scheduled__2019-01-01T00:00:00+00:00 [queued]>
[2022-11-27 16:43:54,904] {taskinstance.py:1238} INFO - 
--------------------------------------------------------------------------------
[2022-11-27 16:43:54,906] {taskinstance.py:1239} INFO - Starting attempt 1 of 2
[2022-11-27 16:43:54,907] {taskinstance.py:1240} INFO - 
--------------------------------------------------------------------------------
[2022-11-27 16:43:55,409] {taskinstance.py:1259} INFO - Executing <Task(PythonOperator): parquetize_file_task> on 2019-01-01 00:00:00+00:00
[2022-11-27 16:43:55,556] {standard_task_runner.py:52} INFO - Started process 824 to run task
[2022-11-27 16:43:55,604] {standard_task_runner.py:76} INFO - Running: ['***', 'tasks', 'run', 'zone_data_to_gcp_dag', 'parquetize_file_task', 'scheduled__2019-01-01T00:00:00+00:00', '--job-id', '241', '--raw', '--subdir', 'DAGS_FOLDER/zone_lookup.py', '--cfg-path', '/tmp/tmpsloxph0i', '--error-file', '/tmp/tmp6kdz2ali']
[2022-11-27 16:43:55,619] {standard_task_runner.py:77} INFO - Job 241: Subtask parquetize_file_task
[2022-11-27 16:43:56,566] {logging_mixin.py:109} INFO - Running <TaskInstance: zone_data_to_gcp_dag.parquetize_file_task scheduled__2019-01-01T00:00:00+00:00 [running]> on host 410f3484ae43
[2022-11-27 16:43:57,849] {logging_mixin.py:109} WARNING - /home/***/.local/lib/python3.7/site-packages/***/utils/context.py:152 AirflowContextDeprecationWarning: Accessing 'execution_date' from the template is deprecated and will be removed in a future version. Please use 'data_interval_start' or 'logical_date' instead.
[2022-11-27 16:43:58,203] {taskinstance.py:1426} INFO - Exporting the following env vars:
AIRFLOW_CTX_DAG_OWNER=***
AIRFLOW_CTX_DAG_ID=zone_data_to_gcp_dag
AIRFLOW_CTX_TASK_ID=parquetize_file_task
AIRFLOW_CTX_EXECUTION_DATE=2019-01-01T00:00:00+00:00
AIRFLOW_CTX_DAG_RUN_ID=scheduled__2019-01-01T00:00:00+00:00
[2022-11-27 16:44:00,032] {python.py:175} INFO - Done. Returned value was: None
[2022-11-27 16:44:00,243] {taskinstance.py:1277} INFO - Marking task as SUCCESS. dag_id=zone_data_to_gcp_dag, task_id=parquetize_file_task, execution_date=20190101T000000, start_date=20221127T164354, end_date=20221127T164400
[2022-11-27 16:44:01,294] {local_task_job.py:154} INFO - Task exited with return code 0
[2022-11-27 16:44:03,279] {local_task_job.py:264} INFO - 0 downstream tasks scheduled from follow-on schedule check
