[2022-11-27 04:57:53,960] {taskinstance.py:1032} INFO - Dependencies all met for <TaskInstance: data_ingestation_gcp_dag.download_dataset_task scheduled__2020-07-02T06:00:00+00:00 [queued]>
[2022-11-27 04:57:54,047] {taskinstance.py:1032} INFO - Dependencies all met for <TaskInstance: data_ingestation_gcp_dag.download_dataset_task scheduled__2020-07-02T06:00:00+00:00 [queued]>
[2022-11-27 04:57:54,049] {taskinstance.py:1238} INFO - 
--------------------------------------------------------------------------------
[2022-11-27 04:57:54,051] {taskinstance.py:1239} INFO - Starting attempt 1 of 1
[2022-11-27 04:57:54,053] {taskinstance.py:1240} INFO - 
--------------------------------------------------------------------------------
[2022-11-27 04:57:54,142] {taskinstance.py:1259} INFO - Executing <Task(BashOperator): download_dataset_task> on 2020-07-02 06:00:00+00:00
[2022-11-27 04:57:54,161] {standard_task_runner.py:52} INFO - Started process 2172 to run task
[2022-11-27 04:57:54,193] {standard_task_runner.py:76} INFO - Running: ['***', 'tasks', 'run', 'data_ingestation_gcp_dag', 'download_dataset_task', 'scheduled__2020-07-02T06:00:00+00:00', '--job-id', '186', '--raw', '--subdir', 'DAGS_FOLDER/data_ingestation_gcp.py', '--cfg-path', '/tmp/tmp67lczam9', '--error-file', '/tmp/tmpbw_vqumb']
[2022-11-27 04:57:54,197] {standard_task_runner.py:77} INFO - Job 186: Subtask download_dataset_task
[2022-11-27 04:57:54,476] {logging_mixin.py:109} INFO - Running <TaskInstance: data_ingestation_gcp_dag.download_dataset_task scheduled__2020-07-02T06:00:00+00:00 [running]> on host 410f3484ae43
[2022-11-27 04:57:54,815] {logging_mixin.py:109} WARNING - /home/***/.local/lib/python3.7/site-packages/***/utils/context.py:152 AirflowContextDeprecationWarning: Accessing 'execution_date' from the template is deprecated and will be removed in a future version. Please use 'data_interval_start' or 'logical_date' instead.
[2022-11-27 04:57:54,927] {taskinstance.py:1426} INFO - Exporting the following env vars:
AIRFLOW_CTX_DAG_OWNER=***
AIRFLOW_CTX_DAG_ID=data_ingestation_gcp_dag
AIRFLOW_CTX_TASK_ID=download_dataset_task
AIRFLOW_CTX_EXECUTION_DATE=2020-07-02T06:00:00+00:00
AIRFLOW_CTX_DAG_RUN_ID=scheduled__2020-07-02T06:00:00+00:00
[2022-11-27 04:57:54,935] {subprocess.py:62} INFO - Tmp dir root location: 
 /tmp
[2022-11-27 04:57:54,938] {subprocess.py:74} INFO - Running command: ['bash', '-c', 'curl -sSLf https://d37ci6vzurychx.cloudfront.net/trip-data/yellow_tripdata_2020-07.parquet > /opt/***/output_2020-07.parquet']
[2022-11-27 04:57:54,981] {subprocess.py:85} INFO - Output:
[2022-11-27 04:58:09,145] {subprocess.py:93} INFO - Command exited with return code 0
[2022-11-27 04:58:09,475] {taskinstance.py:1277} INFO - Marking task as SUCCESS. dag_id=data_ingestation_gcp_dag, task_id=download_dataset_task, execution_date=20200702T060000, start_date=20221127T045753, end_date=20221127T045809
[2022-11-27 04:58:09,738] {local_task_job.py:154} INFO - Task exited with return code 0
[2022-11-27 04:58:10,792] {local_task_job.py:264} INFO - 0 downstream tasks scheduled from follow-on schedule check
