[2022-11-26 07:19:03,141] {taskinstance.py:1032} INFO - Dependencies all met for <TaskInstance: LocalIngestationDag_new.wget scheduled__2022-06-02T06:00:00+00:00 [queued]>
[2022-11-26 07:19:03,288] {taskinstance.py:1032} INFO - Dependencies all met for <TaskInstance: LocalIngestationDag_new.wget scheduled__2022-06-02T06:00:00+00:00 [queued]>
[2022-11-26 07:19:03,290] {taskinstance.py:1238} INFO - 
--------------------------------------------------------------------------------
[2022-11-26 07:19:03,292] {taskinstance.py:1239} INFO - Starting attempt 1 of 1
[2022-11-26 07:19:03,301] {taskinstance.py:1240} INFO - 
--------------------------------------------------------------------------------
[2022-11-26 07:19:03,487] {taskinstance.py:1259} INFO - Executing <Task(BashOperator): wget> on 2022-06-02 06:00:00+00:00
[2022-11-26 07:19:03,517] {standard_task_runner.py:52} INFO - Started process 1834 to run task
[2022-11-26 07:19:03,612] {standard_task_runner.py:76} INFO - Running: ['***', 'tasks', 'run', 'LocalIngestationDag_new', 'wget', 'scheduled__2022-06-02T06:00:00+00:00', '--job-id', '78', '--raw', '--subdir', 'DAGS_FOLDER/data_ingestation.py', '--cfg-path', '/tmp/tmpm_m0qo4q', '--error-file', '/tmp/tmp7j2touze']
[2022-11-26 07:19:03,644] {standard_task_runner.py:77} INFO - Job 78: Subtask wget
[2022-11-26 07:19:05,281] {logging_mixin.py:109} INFO - Running <TaskInstance: LocalIngestationDag_new.wget scheduled__2022-06-02T06:00:00+00:00 [running]> on host 951f10ff76c7
[2022-11-26 07:19:06,297] {logging_mixin.py:109} WARNING - /home/***/.local/lib/python3.7/site-packages/***/utils/context.py:152 AirflowContextDeprecationWarning: Accessing 'execution_date' from the template is deprecated and will be removed in a future version. Please use 'data_interval_start' or 'logical_date' instead.
[2022-11-26 07:19:06,505] {taskinstance.py:1426} INFO - Exporting the following env vars:
AIRFLOW_CTX_DAG_OWNER=***
AIRFLOW_CTX_DAG_ID=LocalIngestationDag_new
AIRFLOW_CTX_TASK_ID=wget
AIRFLOW_CTX_EXECUTION_DATE=2022-06-02T06:00:00+00:00
AIRFLOW_CTX_DAG_RUN_ID=scheduled__2022-06-02T06:00:00+00:00
[2022-11-26 07:19:06,516] {subprocess.py:62} INFO - Tmp dir root location: 
 /tmp
[2022-11-26 07:19:06,519] {subprocess.py:74} INFO - Running command: ['bash', '-c', 'curl -sS https://d37ci6vzurychx.cloudfront.net/trip-data//yellow_tripdate_2022-06.parquet > /opt/***/output_2022-06.parquet']
[2022-11-26 07:19:06,610] {subprocess.py:85} INFO - Output:
[2022-11-26 07:19:08,575] {subprocess.py:93} INFO - Command exited with return code 0
[2022-11-26 07:19:08,966] {taskinstance.py:1277} INFO - Marking task as SUCCESS. dag_id=LocalIngestationDag_new, task_id=wget, execution_date=20220602T060000, start_date=20221126T071903, end_date=20221126T071908
[2022-11-26 07:19:09,410] {local_task_job.py:154} INFO - Task exited with return code 0
[2022-11-26 07:19:11,876] {local_task_job.py:264} INFO - 0 downstream tasks scheduled from follow-on schedule check
