[2022-12-05 04:47:15,976] {taskinstance.py:1032} INFO - Dependencies all met for <TaskInstance: yellow_taxi_2_bq_dag.gcs_2_gcs_task scheduled__2019-04-02T06:00:00+00:00 [queued]>
[2022-12-05 04:47:16,028] {taskinstance.py:1032} INFO - Dependencies all met for <TaskInstance: yellow_taxi_2_bq_dag.gcs_2_gcs_task scheduled__2019-04-02T06:00:00+00:00 [queued]>
[2022-12-05 04:47:16,030] {taskinstance.py:1238} INFO - 
--------------------------------------------------------------------------------
[2022-12-05 04:47:16,031] {taskinstance.py:1239} INFO - Starting attempt 2 of 2
[2022-12-05 04:47:16,032] {taskinstance.py:1240} INFO - 
--------------------------------------------------------------------------------
[2022-12-05 04:47:16,085] {taskinstance.py:1259} INFO - Executing <Task(GCSToGCSOperator): gcs_2_gcs_task> on 2019-04-02 06:00:00+00:00
[2022-12-05 04:47:16,099] {standard_task_runner.py:52} INFO - Started process 17062 to run task
[2022-12-05 04:47:16,111] {standard_task_runner.py:76} INFO - Running: ['***', 'tasks', 'run', 'yellow_taxi_2_bq_dag', 'gcs_2_gcs_task', 'scheduled__2019-04-02T06:00:00+00:00', '--job-id', '552', '--raw', '--subdir', 'DAGS_FOLDER/data_ingestation_gcp.py', '--cfg-path', '/tmp/tmpuv1i4jnl', '--error-file', '/tmp/tmppfrmzrv_']
[2022-12-05 04:47:16,114] {standard_task_runner.py:77} INFO - Job 552: Subtask gcs_2_gcs_task
[2022-12-05 04:47:16,318] {logging_mixin.py:109} INFO - Running <TaskInstance: yellow_taxi_2_bq_dag.gcs_2_gcs_task scheduled__2019-04-02T06:00:00+00:00 [running]> on host 9b5bfd347476
[2022-12-05 04:47:16,567] {taskinstance.py:1426} INFO - Exporting the following env vars:
AIRFLOW_CTX_DAG_OWNER=***
AIRFLOW_CTX_DAG_ID=yellow_taxi_2_bq_dag
AIRFLOW_CTX_TASK_ID=gcs_2_gcs_task
AIRFLOW_CTX_EXECUTION_DATE=2019-04-02T06:00:00+00:00
AIRFLOW_CTX_DAG_RUN_ID=scheduled__2019-04-02T06:00:00+00:00
[2022-12-05 04:47:16,573] {crypto.py:82} WARNING - empty cryptography key - values will not be stored encrypted.
[2022-12-05 04:47:16,575] {gcs_to_gcs.py:346} INFO - Delimiter ignored because wildcard is in prefix
[2022-12-05 04:47:17,128] {gcs_to_gcs.py:431} INFO - Executing copy of gs://my_nyc_tlc/raw/yellow_tripdata_2019-04.parquet to gs://my_nyc_tlc/yellow/2019-04.parquet
[2022-12-05 04:47:17,254] {gcs.py:251} INFO - Total Bytes: 157680245 | Bytes Written: 157680245
[2022-12-05 04:47:17,256] {gcs.py:264} INFO - Object raw/yellow_tripdata_2019-04.parquet in bucket my_nyc_tlc rewritten to object yellow/2019-04.parquet in bucket my_nyc_tlc
[2022-12-05 04:47:17,335] {gcs.py:645} INFO - Blob raw/yellow_tripdata_2019-04.parquet deleted.
[2022-12-05 04:47:17,366] {taskinstance.py:1277} INFO - Marking task as SUCCESS. dag_id=yellow_taxi_2_bq_dag, task_id=gcs_2_gcs_task, execution_date=20190402T060000, start_date=20221205T044715, end_date=20221205T044717
[2022-12-05 04:47:17,424] {local_task_job.py:154} INFO - Task exited with return code 0
[2022-12-05 04:47:17,510] {local_task_job.py:264} INFO - 1 downstream tasks scheduled from follow-on schedule check
