[2022-12-05 03:37:56,349] {taskinstance.py:1032} INFO - Dependencies all met for <TaskInstance: yellow_taxi_2_bq_dag.local_to_gcp_task scheduled__2019-03-02T06:00:00+00:00 [queued]>
[2022-12-05 03:37:56,376] {taskinstance.py:1032} INFO - Dependencies all met for <TaskInstance: yellow_taxi_2_bq_dag.local_to_gcp_task scheduled__2019-03-02T06:00:00+00:00 [queued]>
[2022-12-05 03:37:56,377] {taskinstance.py:1238} INFO - 
--------------------------------------------------------------------------------
[2022-12-05 03:37:56,377] {taskinstance.py:1239} INFO - Starting attempt 1 of 1
[2022-12-05 03:37:56,378] {taskinstance.py:1240} INFO - 
--------------------------------------------------------------------------------
[2022-12-05 03:37:56,406] {taskinstance.py:1259} INFO - Executing <Task(PythonOperator): local_to_gcp_task> on 2019-03-02 06:00:00+00:00
[2022-12-05 03:37:56,415] {standard_task_runner.py:52} INFO - Started process 7742 to run task
[2022-12-05 03:37:56,421] {standard_task_runner.py:76} INFO - Running: ['***', 'tasks', 'run', 'yellow_taxi_2_bq_dag', 'local_to_gcp_task', 'scheduled__2019-03-02T06:00:00+00:00', '--job-id', '417', '--raw', '--subdir', 'DAGS_FOLDER/data_ingestation_gcp.py', '--cfg-path', '/tmp/tmpiovof80p', '--error-file', '/tmp/tmpeln2njdj']
[2022-12-05 03:37:56,424] {standard_task_runner.py:77} INFO - Job 417: Subtask local_to_gcp_task
[2022-12-05 03:37:56,521] {logging_mixin.py:109} INFO - Running <TaskInstance: yellow_taxi_2_bq_dag.local_to_gcp_task scheduled__2019-03-02T06:00:00+00:00 [running]> on host 9b5bfd347476
[2022-12-05 03:37:56,643] {logging_mixin.py:109} WARNING - /home/***/.local/lib/python3.7/site-packages/***/utils/context.py:152 AirflowContextDeprecationWarning: Accessing 'execution_date' from the template is deprecated and will be removed in a future version. Please use 'data_interval_start' or 'logical_date' instead.
[2022-12-05 03:37:56,684] {taskinstance.py:1426} INFO - Exporting the following env vars:
AIRFLOW_CTX_DAG_OWNER=***
AIRFLOW_CTX_DAG_ID=yellow_taxi_2_bq_dag
AIRFLOW_CTX_TASK_ID=local_to_gcp_task
AIRFLOW_CTX_EXECUTION_DATE=2019-03-02T06:00:00+00:00
AIRFLOW_CTX_DAG_RUN_ID=scheduled__2019-03-02T06:00:00+00:00
[2022-12-05 03:38:29,180] {python.py:175} INFO - Done. Returned value was: None
[2022-12-05 03:38:29,211] {taskinstance.py:1277} INFO - Marking task as SUCCESS. dag_id=yellow_taxi_2_bq_dag, task_id=local_to_gcp_task, execution_date=20190302T060000, start_date=20221205T033756, end_date=20221205T033829
[2022-12-05 03:38:29,295] {local_task_job.py:154} INFO - Task exited with return code 0
[2022-12-05 03:38:29,397] {local_task_job.py:264} INFO - 1 downstream tasks scheduled from follow-on schedule check
