[2022-11-24 06:48:39,292] {taskinstance.py:1032} INFO - Dependencies all met for <TaskInstance: LocalIngestationDag.wget scheduled__2021-03-02T06:00:00+00:00 [queued]>
[2022-11-24 06:48:39,370] {taskinstance.py:1032} INFO - Dependencies all met for <TaskInstance: LocalIngestationDag.wget scheduled__2021-03-02T06:00:00+00:00 [queued]>
[2022-11-24 06:48:39,372] {taskinstance.py:1238} INFO - 
--------------------------------------------------------------------------------
[2022-11-24 06:48:39,372] {taskinstance.py:1239} INFO - Starting attempt 1 of 1
[2022-11-24 06:48:39,373] {taskinstance.py:1240} INFO - 
--------------------------------------------------------------------------------
[2022-11-24 06:48:39,452] {taskinstance.py:1259} INFO - Executing <Task(BashOperator): wget> on 2021-03-02 06:00:00+00:00
[2022-11-24 06:48:39,467] {standard_task_runner.py:52} INFO - Started process 1385 to run task
[2022-11-24 06:48:39,514] {standard_task_runner.py:76} INFO - Running: ['***', 'tasks', 'run', 'LocalIngestationDag', 'wget', 'scheduled__2021-03-02T06:00:00+00:00', '--job-id', '4', '--raw', '--subdir', 'DAGS_FOLDER/data_ingestation.py', '--cfg-path', '/tmp/tmp1bxer856', '--error-file', '/tmp/tmprl3nw7s5']
[2022-11-24 06:48:39,516] {standard_task_runner.py:77} INFO - Job 4: Subtask wget
[2022-11-24 06:48:39,711] {logging_mixin.py:109} INFO - Running <TaskInstance: LocalIngestationDag.wget scheduled__2021-03-02T06:00:00+00:00 [running]> on host d01293c252ef
[2022-11-24 06:48:40,501] {taskinstance.py:1426} INFO - Exporting the following env vars:
AIRFLOW_CTX_DAG_OWNER=***
AIRFLOW_CTX_DAG_ID=LocalIngestationDag
AIRFLOW_CTX_TASK_ID=wget
AIRFLOW_CTX_EXECUTION_DATE=2021-03-02T06:00:00+00:00
AIRFLOW_CTX_DAG_RUN_ID=scheduled__2021-03-02T06:00:00+00:00
[2022-11-24 06:48:40,520] {subprocess.py:62} INFO - Tmp dir root location: 
 /tmp
[2022-11-24 06:48:40,524] {subprocess.py:74} INFO - Running command: ['bash', '-c', 'echo "Hello World"']
[2022-11-24 06:48:40,633] {subprocess.py:85} INFO - Output:
[2022-11-24 06:48:40,792] {subprocess.py:89} INFO - Hello World
[2022-11-24 06:48:40,795] {subprocess.py:93} INFO - Command exited with return code 0
[2022-11-24 06:48:40,910] {taskinstance.py:1277} INFO - Marking task as SUCCESS. dag_id=LocalIngestationDag, task_id=wget, execution_date=20210302T060000, start_date=20221124T064839, end_date=20221124T064840
[2022-11-24 06:48:41,058] {local_task_job.py:154} INFO - Task exited with return code 0
[2022-11-24 06:48:41,224] {local_task_job.py:264} INFO - 1 downstream tasks scheduled from follow-on schedule check
