[2022-12-05 14:29:13,455] {taskinstance.py:1032} INFO - Dependencies all met for <TaskInstance: green_taxi_2_bq_dag.local_to_gcp_task scheduled__2020-03-02T06:00:00+00:00 [queued]>
[2022-12-05 14:29:13,531] {taskinstance.py:1032} INFO - Dependencies all met for <TaskInstance: green_taxi_2_bq_dag.local_to_gcp_task scheduled__2020-03-02T06:00:00+00:00 [queued]>
[2022-12-05 14:29:13,534] {taskinstance.py:1238} INFO - 
--------------------------------------------------------------------------------
[2022-12-05 14:29:13,537] {taskinstance.py:1239} INFO - Starting attempt 1 of 2
[2022-12-05 14:29:13,538] {taskinstance.py:1240} INFO - 
--------------------------------------------------------------------------------
[2022-12-05 14:29:13,619] {taskinstance.py:1259} INFO - Executing <Task(PythonOperator): local_to_gcp_task> on 2020-03-02 06:00:00+00:00
[2022-12-05 14:29:13,661] {standard_task_runner.py:52} INFO - Started process 80167 to run task
[2022-12-05 14:29:13,673] {standard_task_runner.py:76} INFO - Running: ['***', 'tasks', 'run', 'green_taxi_2_bq_dag', 'local_to_gcp_task', 'scheduled__2020-03-02T06:00:00+00:00', '--job-id', '739', '--raw', '--subdir', 'DAGS_FOLDER/green_taxi_data_2_bigq_dag.py', '--cfg-path', '/tmp/tmpba0k_onk', '--error-file', '/tmp/tmplnwwbtq6']
[2022-12-05 14:29:13,676] {standard_task_runner.py:77} INFO - Job 739: Subtask local_to_gcp_task
[2022-12-05 14:29:13,965] {logging_mixin.py:109} INFO - Running <TaskInstance: green_taxi_2_bq_dag.local_to_gcp_task scheduled__2020-03-02T06:00:00+00:00 [running]> on host 9b5bfd347476
[2022-12-05 14:29:14,314] {logging_mixin.py:109} WARNING - /home/***/.local/lib/python3.7/site-packages/***/utils/context.py:152 AirflowContextDeprecationWarning: Accessing 'execution_date' from the template is deprecated and will be removed in a future version. Please use 'data_interval_start' or 'logical_date' instead.
[2022-12-05 14:29:14,437] {taskinstance.py:1426} INFO - Exporting the following env vars:
AIRFLOW_CTX_DAG_OWNER=***
AIRFLOW_CTX_DAG_ID=green_taxi_2_bq_dag
AIRFLOW_CTX_TASK_ID=local_to_gcp_task
AIRFLOW_CTX_EXECUTION_DATE=2020-03-02T06:00:00+00:00
AIRFLOW_CTX_DAG_RUN_ID=scheduled__2020-03-02T06:00:00+00:00
[2022-12-05 14:29:16,227] {python.py:175} INFO - Done. Returned value was: None
[2022-12-05 14:29:16,270] {taskinstance.py:1277} INFO - Marking task as SUCCESS. dag_id=green_taxi_2_bq_dag, task_id=local_to_gcp_task, execution_date=20200302T060000, start_date=20221205T142913, end_date=20221205T142916
[2022-12-05 14:29:16,360] {local_task_job.py:154} INFO - Task exited with return code 0
[2022-12-05 14:29:16,483] {local_task_job.py:264} INFO - 1 downstream tasks scheduled from follow-on schedule check
