[2022-12-01 04:29:16,121] {taskinstance.py:1032} INFO - Dependencies all met for <TaskInstance: fhv_gcs_2_bq_dag.gcs_2_bq_ext_task scheduled__2022-11-30T00:00:00+00:00 [queued]>
[2022-12-01 04:29:16,165] {taskinstance.py:1032} INFO - Dependencies all met for <TaskInstance: fhv_gcs_2_bq_dag.gcs_2_bq_ext_task scheduled__2022-11-30T00:00:00+00:00 [queued]>
[2022-12-01 04:29:16,166] {taskinstance.py:1238} INFO - 
--------------------------------------------------------------------------------
[2022-12-01 04:29:16,167] {taskinstance.py:1239} INFO - Starting attempt 1 of 2
[2022-12-01 04:29:16,167] {taskinstance.py:1240} INFO - 
--------------------------------------------------------------------------------
[2022-12-01 04:29:16,215] {taskinstance.py:1259} INFO - Executing <Task(BigQueryCreateExternalTableOperator): gcs_2_bq_ext_task> on 2022-11-30 00:00:00+00:00
[2022-12-01 04:29:16,225] {standard_task_runner.py:52} INFO - Started process 1564 to run task
[2022-12-01 04:29:16,234] {standard_task_runner.py:76} INFO - Running: ['***', 'tasks', 'run', 'fhv_gcs_2_bq_dag', 'gcs_2_bq_ext_task', 'scheduled__2022-11-30T00:00:00+00:00', '--job-id', '278', '--raw', '--subdir', 'DAGS_FOLDER/gcs_to_bq_DHV_dag.py', '--cfg-path', '/tmp/tmp1gd_0b35', '--error-file', '/tmp/tmpbg8cmq4n']
[2022-12-01 04:29:16,237] {standard_task_runner.py:77} INFO - Job 278: Subtask gcs_2_bq_ext_task
[2022-12-01 04:29:16,380] {logging_mixin.py:109} INFO - Running <TaskInstance: fhv_gcs_2_bq_dag.gcs_2_bq_ext_task scheduled__2022-11-30T00:00:00+00:00 [running]> on host abdcba3d233e
[2022-12-01 04:29:16,570] {taskinstance.py:1426} INFO - Exporting the following env vars:
AIRFLOW_CTX_DAG_OWNER=***
AIRFLOW_CTX_DAG_ID=fhv_gcs_2_bq_dag
AIRFLOW_CTX_TASK_ID=gcs_2_bq_ext_task
AIRFLOW_CTX_EXECUTION_DATE=2022-11-30T00:00:00+00:00
AIRFLOW_CTX_DAG_RUN_ID=scheduled__2022-11-30T00:00:00+00:00
[2022-12-01 04:29:16,576] {crypto.py:82} WARNING - empty cryptography key - values will not be stored encrypted.
[2022-12-01 04:29:17,618] {taskinstance.py:1277} INFO - Marking task as SUCCESS. dag_id=fhv_gcs_2_bq_dag, task_id=gcs_2_bq_ext_task, execution_date=20221130T000000, start_date=20221201T042916, end_date=20221201T042917
[2022-12-01 04:29:17,756] {local_task_job.py:154} INFO - Task exited with return code 0
[2022-12-01 04:29:17,868] {local_task_job.py:264} INFO - 0 downstream tasks scheduled from follow-on schedule check
