[2022-11-27 16:43:17,831] {taskinstance.py:1032} INFO - Dependencies all met for <TaskInstance: FHV_data_to_gcp_dag.download_dataset_task scheduled__2019-02-02T06:00:00+00:00 [queued]>
[2022-11-27 16:43:18,007] {taskinstance.py:1032} INFO - Dependencies all met for <TaskInstance: FHV_data_to_gcp_dag.download_dataset_task scheduled__2019-02-02T06:00:00+00:00 [queued]>
[2022-11-27 16:43:18,024] {taskinstance.py:1238} INFO - 
--------------------------------------------------------------------------------
[2022-11-27 16:43:18,026] {taskinstance.py:1239} INFO - Starting attempt 1 of 2
[2022-11-27 16:43:18,027] {taskinstance.py:1240} INFO - 
--------------------------------------------------------------------------------
[2022-11-27 16:43:18,244] {taskinstance.py:1259} INFO - Executing <Task(BashOperator): download_dataset_task> on 2019-02-02 06:00:00+00:00
[2022-11-27 16:43:18,272] {standard_task_runner.py:52} INFO - Started process 670 to run task
[2022-11-27 16:43:18,311] {standard_task_runner.py:76} INFO - Running: ['***', 'tasks', 'run', 'FHV_data_to_gcp_dag', 'download_dataset_task', 'scheduled__2019-02-02T06:00:00+00:00', '--job-id', '235', '--raw', '--subdir', 'DAGS_FOLDER/FHV_ingestation_dag.py', '--cfg-path', '/tmp/tmpg56l17h3', '--error-file', '/tmp/tmp4_fhknp1']
[2022-11-27 16:43:18,322] {standard_task_runner.py:77} INFO - Job 235: Subtask download_dataset_task
[2022-11-27 16:43:18,956] {logging_mixin.py:109} INFO - Running <TaskInstance: FHV_data_to_gcp_dag.download_dataset_task scheduled__2019-02-02T06:00:00+00:00 [running]> on host 410f3484ae43
[2022-11-27 16:43:19,725] {logging_mixin.py:109} WARNING - /home/***/.local/lib/python3.7/site-packages/***/utils/context.py:152 AirflowContextDeprecationWarning: Accessing 'execution_date' from the template is deprecated and will be removed in a future version. Please use 'data_interval_start' or 'logical_date' instead.
[2022-11-27 16:43:19,907] {taskinstance.py:1426} INFO - Exporting the following env vars:
AIRFLOW_CTX_DAG_OWNER=***
AIRFLOW_CTX_DAG_ID=FHV_data_to_gcp_dag
AIRFLOW_CTX_TASK_ID=download_dataset_task
AIRFLOW_CTX_EXECUTION_DATE=2019-02-02T06:00:00+00:00
AIRFLOW_CTX_DAG_RUN_ID=scheduled__2019-02-02T06:00:00+00:00
[2022-11-27 16:43:19,916] {subprocess.py:62} INFO - Tmp dir root location: 
 /tmp
[2022-11-27 16:43:19,929] {subprocess.py:74} INFO - Running command: ['bash', '-c', 'curl -sSLf https://d37ci6vzurychx.cloudfront.net/trip-data/fhv_tripdata_2019-02.parquet > /opt/***/output_2019-02.parquet']
[2022-11-27 16:43:20,004] {subprocess.py:85} INFO - Output:
[2022-11-27 16:43:29,905] {subprocess.py:93} INFO - Command exited with return code 0
[2022-11-27 16:43:33,362] {taskinstance.py:1277} INFO - Marking task as SUCCESS. dag_id=FHV_data_to_gcp_dag, task_id=download_dataset_task, execution_date=20190202T060000, start_date=20221127T164317, end_date=20221127T164333
[2022-11-27 16:43:33,962] {local_task_job.py:154} INFO - Task exited with return code 0
[2022-11-27 16:43:34,876] {local_task_job.py:264} INFO - 1 downstream tasks scheduled from follow-on schedule check
