[2022-12-05 04:15:04,665] {taskinstance.py:1032} INFO - Dependencies all met for <TaskInstance: yellow_taxi_2_bq_dag.download_dataset_task scheduled__2020-10-02T06:00:00+00:00 [queued]>
[2022-12-05 04:15:04,694] {taskinstance.py:1032} INFO - Dependencies all met for <TaskInstance: yellow_taxi_2_bq_dag.download_dataset_task scheduled__2020-10-02T06:00:00+00:00 [queued]>
[2022-12-05 04:15:04,695] {taskinstance.py:1238} INFO - 
--------------------------------------------------------------------------------
[2022-12-05 04:15:04,695] {taskinstance.py:1239} INFO - Starting attempt 1 of 1
[2022-12-05 04:15:04,696] {taskinstance.py:1240} INFO - 
--------------------------------------------------------------------------------
[2022-12-05 04:15:04,725] {taskinstance.py:1259} INFO - Executing <Task(BashOperator): download_dataset_task> on 2020-10-02 06:00:00+00:00
[2022-12-05 04:15:04,735] {standard_task_runner.py:52} INFO - Started process 13621 to run task
[2022-12-05 04:15:04,741] {standard_task_runner.py:76} INFO - Running: ['***', 'tasks', 'run', 'yellow_taxi_2_bq_dag', 'download_dataset_task', 'scheduled__2020-10-02T06:00:00+00:00', '--job-id', '526', '--raw', '--subdir', 'DAGS_FOLDER/data_ingestation_gcp.py', '--cfg-path', '/tmp/tmp6pe1w7hc', '--error-file', '/tmp/tmpa4w20s9w']
[2022-12-05 04:15:04,744] {standard_task_runner.py:77} INFO - Job 526: Subtask download_dataset_task
[2022-12-05 04:15:04,849] {logging_mixin.py:109} INFO - Running <TaskInstance: yellow_taxi_2_bq_dag.download_dataset_task scheduled__2020-10-02T06:00:00+00:00 [running]> on host 9b5bfd347476
[2022-12-05 04:15:04,960] {logging_mixin.py:109} WARNING - /home/***/.local/lib/python3.7/site-packages/***/utils/context.py:152 AirflowContextDeprecationWarning: Accessing 'execution_date' from the template is deprecated and will be removed in a future version. Please use 'data_interval_start' or 'logical_date' instead.
[2022-12-05 04:15:04,993] {taskinstance.py:1426} INFO - Exporting the following env vars:
AIRFLOW_CTX_DAG_OWNER=***
AIRFLOW_CTX_DAG_ID=yellow_taxi_2_bq_dag
AIRFLOW_CTX_TASK_ID=download_dataset_task
AIRFLOW_CTX_EXECUTION_DATE=2020-10-02T06:00:00+00:00
AIRFLOW_CTX_DAG_RUN_ID=scheduled__2020-10-02T06:00:00+00:00
[2022-12-05 04:15:04,996] {subprocess.py:62} INFO - Tmp dir root location: 
 /tmp
[2022-12-05 04:15:04,997] {subprocess.py:74} INFO - Running command: ['bash', '-c', 'curl -sSLf https://d37ci6vzurychx.cloudfront.net/trip-data/yellow_tripdata_2020-10.parquet > /opt/***/output_2020-10.parquet']
[2022-12-05 04:15:05,016] {subprocess.py:85} INFO - Output:
[2022-12-05 04:15:08,408] {subprocess.py:93} INFO - Command exited with return code 0
[2022-12-05 04:15:08,478] {taskinstance.py:1277} INFO - Marking task as SUCCESS. dag_id=yellow_taxi_2_bq_dag, task_id=download_dataset_task, execution_date=20201002T060000, start_date=20221205T041504, end_date=20221205T041508
[2022-12-05 04:15:08,547] {local_task_job.py:154} INFO - Task exited with return code 0
[2022-12-05 04:15:08,664] {local_task_job.py:264} INFO - 1 downstream tasks scheduled from follow-on schedule check
