[2022-12-05 02:58:19,209] {taskinstance.py:1032} INFO - Dependencies all met for <TaskInstance: yellow_taxi_to_bq_dag.gcs_2_bq_ext_task scheduled__2019-02-02T06:00:00+00:00 [queued]>
[2022-12-05 02:58:19,237] {taskinstance.py:1032} INFO - Dependencies all met for <TaskInstance: yellow_taxi_to_bq_dag.gcs_2_bq_ext_task scheduled__2019-02-02T06:00:00+00:00 [queued]>
[2022-12-05 02:58:19,238] {taskinstance.py:1238} INFO - 
--------------------------------------------------------------------------------
[2022-12-05 02:58:19,239] {taskinstance.py:1239} INFO - Starting attempt 1 of 2
[2022-12-05 02:58:19,240] {taskinstance.py:1240} INFO - 
--------------------------------------------------------------------------------
[2022-12-05 02:58:19,269] {taskinstance.py:1259} INFO - Executing <Task(BigQueryCreateExternalTableOperator): gcs_2_bq_ext_task> on 2019-02-02 06:00:00+00:00
[2022-12-05 02:58:19,277] {standard_task_runner.py:52} INFO - Started process 1999 to run task
[2022-12-05 02:58:19,284] {standard_task_runner.py:76} INFO - Running: ['***', 'tasks', 'run', 'yellow_taxi_to_bq_dag', 'gcs_2_bq_ext_task', 'scheduled__2019-02-02T06:00:00+00:00', '--job-id', '362', '--raw', '--subdir', 'DAGS_FOLDER/data_ingestation_gcp.py', '--cfg-path', '/tmp/tmpqq4p803w', '--error-file', '/tmp/tmpu5mvl0xp']
[2022-12-05 02:58:19,285] {standard_task_runner.py:77} INFO - Job 362: Subtask gcs_2_bq_ext_task
[2022-12-05 02:58:19,377] {logging_mixin.py:109} INFO - Running <TaskInstance: yellow_taxi_to_bq_dag.gcs_2_bq_ext_task scheduled__2019-02-02T06:00:00+00:00 [running]> on host 9b5bfd347476
[2022-12-05 02:58:19,536] {taskinstance.py:1426} INFO - Exporting the following env vars:
AIRFLOW_CTX_DAG_OWNER=***
AIRFLOW_CTX_DAG_ID=yellow_taxi_to_bq_dag
AIRFLOW_CTX_TASK_ID=gcs_2_bq_ext_task
AIRFLOW_CTX_EXECUTION_DATE=2019-02-02T06:00:00+00:00
AIRFLOW_CTX_DAG_RUN_ID=scheduled__2019-02-02T06:00:00+00:00
[2022-12-05 02:58:19,540] {crypto.py:82} WARNING - empty cryptography key - values will not be stored encrypted.
[2022-12-05 02:58:20,454] {taskinstance.py:1277} INFO - Marking task as SUCCESS. dag_id=yellow_taxi_to_bq_dag, task_id=gcs_2_bq_ext_task, execution_date=20190202T060000, start_date=20221205T025819, end_date=20221205T025820
[2022-12-05 02:58:20,498] {local_task_job.py:154} INFO - Task exited with return code 0
[2022-12-05 02:58:20,562] {local_task_job.py:264} INFO - 1 downstream tasks scheduled from follow-on schedule check
