[2022-12-05 03:57:04,610] {taskinstance.py:1032} INFO - Dependencies all met for <TaskInstance: yellow_taxi_2_bq_dag.gcs_2_bq_ext_task scheduled__2019-10-02T06:00:00+00:00 [queued]>
[2022-12-05 03:57:04,644] {taskinstance.py:1032} INFO - Dependencies all met for <TaskInstance: yellow_taxi_2_bq_dag.gcs_2_bq_ext_task scheduled__2019-10-02T06:00:00+00:00 [queued]>
[2022-12-05 03:57:04,645] {taskinstance.py:1238} INFO - 
--------------------------------------------------------------------------------
[2022-12-05 03:57:04,645] {taskinstance.py:1239} INFO - Starting attempt 1 of 2
[2022-12-05 03:57:04,646] {taskinstance.py:1240} INFO - 
--------------------------------------------------------------------------------
[2022-12-05 03:57:04,681] {taskinstance.py:1259} INFO - Executing <Task(BigQueryCreateExternalTableOperator): gcs_2_bq_ext_task> on 2019-10-02 06:00:00+00:00
[2022-12-05 03:57:04,691] {standard_task_runner.py:52} INFO - Started process 10577 to run task
[2022-12-05 03:57:04,698] {standard_task_runner.py:76} INFO - Running: ['***', 'tasks', 'run', 'yellow_taxi_2_bq_dag', 'gcs_2_bq_ext_task', 'scheduled__2019-10-02T06:00:00+00:00', '--job-id', '458', '--raw', '--subdir', 'DAGS_FOLDER/data_ingestation_gcp.py', '--cfg-path', '/tmp/tmpi_q1a_td', '--error-file', '/tmp/tmpctkredzt']
[2022-12-05 03:57:04,701] {standard_task_runner.py:77} INFO - Job 458: Subtask gcs_2_bq_ext_task
[2022-12-05 03:57:04,813] {logging_mixin.py:109} INFO - Running <TaskInstance: yellow_taxi_2_bq_dag.gcs_2_bq_ext_task scheduled__2019-10-02T06:00:00+00:00 [running]> on host 9b5bfd347476
[2022-12-05 03:57:04,955] {taskinstance.py:1426} INFO - Exporting the following env vars:
AIRFLOW_CTX_DAG_OWNER=***
AIRFLOW_CTX_DAG_ID=yellow_taxi_2_bq_dag
AIRFLOW_CTX_TASK_ID=gcs_2_bq_ext_task
AIRFLOW_CTX_EXECUTION_DATE=2019-10-02T06:00:00+00:00
AIRFLOW_CTX_DAG_RUN_ID=scheduled__2019-10-02T06:00:00+00:00
[2022-12-05 03:57:04,959] {crypto.py:82} WARNING - empty cryptography key - values will not be stored encrypted.
[2022-12-05 03:57:05,685] {taskinstance.py:1277} INFO - Marking task as SUCCESS. dag_id=yellow_taxi_2_bq_dag, task_id=gcs_2_bq_ext_task, execution_date=20191002T060000, start_date=20221205T035704, end_date=20221205T035705
[2022-12-05 03:57:05,803] {local_task_job.py:154} INFO - Task exited with return code 0
[2022-12-05 03:57:05,944] {local_task_job.py:264} INFO - 1 downstream tasks scheduled from follow-on schedule check
