[2022-12-05 05:14:56,080] {taskinstance.py:1032} INFO - Dependencies all met for <TaskInstance: yellow_taxi_2_bq_dag.download_dataset_task scheduled__2020-11-02T06:00:00+00:00 [queued]>
[2022-12-05 05:14:56,108] {taskinstance.py:1032} INFO - Dependencies all met for <TaskInstance: yellow_taxi_2_bq_dag.download_dataset_task scheduled__2020-11-02T06:00:00+00:00 [queued]>
[2022-12-05 05:14:56,108] {taskinstance.py:1238} INFO - 
--------------------------------------------------------------------------------
[2022-12-05 05:14:56,109] {taskinstance.py:1239} INFO - Starting attempt 2 of 2
[2022-12-05 05:14:56,110] {taskinstance.py:1240} INFO - 
--------------------------------------------------------------------------------
[2022-12-05 05:14:56,137] {taskinstance.py:1259} INFO - Executing <Task(BashOperator): download_dataset_task> on 2020-11-02 06:00:00+00:00
[2022-12-05 05:14:56,145] {standard_task_runner.py:52} INFO - Started process 21546 to run task
[2022-12-05 05:14:56,151] {standard_task_runner.py:76} INFO - Running: ['***', 'tasks', 'run', 'yellow_taxi_2_bq_dag', 'download_dataset_task', 'scheduled__2020-11-02T06:00:00+00:00', '--job-id', '644', '--raw', '--subdir', 'DAGS_FOLDER/data_ingestation_gcp.py', '--cfg-path', '/tmp/tmpcm5gbdo9', '--error-file', '/tmp/tmpkg_q9g1p']
[2022-12-05 05:14:56,153] {standard_task_runner.py:77} INFO - Job 644: Subtask download_dataset_task
[2022-12-05 05:14:56,275] {logging_mixin.py:109} INFO - Running <TaskInstance: yellow_taxi_2_bq_dag.download_dataset_task scheduled__2020-11-02T06:00:00+00:00 [running]> on host 9b5bfd347476
[2022-12-05 05:14:56,422] {logging_mixin.py:109} WARNING - /home/***/.local/lib/python3.7/site-packages/***/utils/context.py:152 AirflowContextDeprecationWarning: Accessing 'execution_date' from the template is deprecated and will be removed in a future version. Please use 'data_interval_start' or 'logical_date' instead.
[2022-12-05 05:14:56,454] {taskinstance.py:1426} INFO - Exporting the following env vars:
AIRFLOW_CTX_DAG_OWNER=***
AIRFLOW_CTX_DAG_ID=yellow_taxi_2_bq_dag
AIRFLOW_CTX_TASK_ID=download_dataset_task
AIRFLOW_CTX_EXECUTION_DATE=2020-11-02T06:00:00+00:00
AIRFLOW_CTX_DAG_RUN_ID=scheduled__2020-11-02T06:00:00+00:00
[2022-12-05 05:14:56,457] {subprocess.py:62} INFO - Tmp dir root location: 
 /tmp
[2022-12-05 05:14:56,459] {subprocess.py:74} INFO - Running command: ['bash', '-c', 'curl -sSLf https://d37ci6vzurychx.cloudfront.net/trip-data/yellow_tripdata_2020-11.parquet > /opt/***/output_2020-11.parquet']
[2022-12-05 05:14:56,475] {subprocess.py:85} INFO - Output:
[2022-12-05 05:14:59,176] {subprocess.py:93} INFO - Command exited with return code 0
[2022-12-05 05:14:59,244] {taskinstance.py:1277} INFO - Marking task as SUCCESS. dag_id=yellow_taxi_2_bq_dag, task_id=download_dataset_task, execution_date=20201102T060000, start_date=20221205T051456, end_date=20221205T051459
[2022-12-05 05:14:59,295] {local_task_job.py:154} INFO - Task exited with return code 0
[2022-12-05 05:14:59,375] {dagrun.py:628} WARNING - Failed to get task '<TaskInstance: yellow_taxi_2_bq_dag.bq_ext_2_part_task scheduled__2020-11-02T06:00:00+00:00 [removed]>' for dag 'yellow_taxi_2_bq_dag'. Marking it as removed.
[2022-12-05 05:14:59,402] {local_task_job.py:264} INFO - 1 downstream tasks scheduled from follow-on schedule check
