[2022-12-05 03:24:32,509] {taskinstance.py:1032} INFO - Dependencies all met for <TaskInstance: yellow_taxi_to_bq_dag.remodel_data_type_task scheduled__2019-07-02T06:00:00+00:00 [queued]>
[2022-12-05 03:24:32,536] {taskinstance.py:1032} INFO - Dependencies all met for <TaskInstance: yellow_taxi_to_bq_dag.remodel_data_type_task scheduled__2019-07-02T06:00:00+00:00 [queued]>
[2022-12-05 03:24:32,537] {taskinstance.py:1238} INFO - 
--------------------------------------------------------------------------------
[2022-12-05 03:24:32,538] {taskinstance.py:1239} INFO - Starting attempt 1 of 1
[2022-12-05 03:24:32,538] {taskinstance.py:1240} INFO - 
--------------------------------------------------------------------------------
[2022-12-05 03:24:32,568] {taskinstance.py:1259} INFO - Executing <Task(PythonOperator): remodel_data_type_task> on 2019-07-02 06:00:00+00:00
[2022-12-05 03:24:32,576] {standard_task_runner.py:52} INFO - Started process 5805 to run task
[2022-12-05 03:24:32,582] {standard_task_runner.py:76} INFO - Running: ['***', 'tasks', 'run', 'yellow_taxi_to_bq_dag', 'remodel_data_type_task', 'scheduled__2019-07-02T06:00:00+00:00', '--job-id', '397', '--raw', '--subdir', 'DAGS_FOLDER/data_ingestation_gcp.py', '--cfg-path', '/tmp/tmp9houcnyx', '--error-file', '/tmp/tmpo0ugp_d8']
[2022-12-05 03:24:32,585] {standard_task_runner.py:77} INFO - Job 397: Subtask remodel_data_type_task
[2022-12-05 03:24:32,687] {logging_mixin.py:109} INFO - Running <TaskInstance: yellow_taxi_to_bq_dag.remodel_data_type_task scheduled__2019-07-02T06:00:00+00:00 [running]> on host 9b5bfd347476
[2022-12-05 03:24:32,815] {logging_mixin.py:109} WARNING - /home/***/.local/lib/python3.7/site-packages/***/utils/context.py:152 AirflowContextDeprecationWarning: Accessing 'execution_date' from the template is deprecated and will be removed in a future version. Please use 'data_interval_start' or 'logical_date' instead.
[2022-12-05 03:24:32,873] {taskinstance.py:1426} INFO - Exporting the following env vars:
AIRFLOW_CTX_DAG_OWNER=***
AIRFLOW_CTX_DAG_ID=yellow_taxi_to_bq_dag
AIRFLOW_CTX_TASK_ID=remodel_data_type_task
AIRFLOW_CTX_EXECUTION_DATE=2019-07-02T06:00:00+00:00
AIRFLOW_CTX_DAG_RUN_ID=scheduled__2019-07-02T06:00:00+00:00
[2022-12-05 03:25:44,571] {python.py:175} INFO - Done. Returned value was: None
[2022-12-05 03:25:44,619] {taskinstance.py:1277} INFO - Marking task as SUCCESS. dag_id=yellow_taxi_to_bq_dag, task_id=remodel_data_type_task, execution_date=20190702T060000, start_date=20221205T032432, end_date=20221205T032544
[2022-12-05 03:25:46,232] {local_task_job.py:154} INFO - Task exited with return code 0
[2022-12-05 03:25:46,380] {local_task_job.py:264} INFO - 0 downstream tasks scheduled from follow-on schedule check
