[2022-12-02 06:05:17,755] {taskinstance.py:1032} INFO - Dependencies all met for <TaskInstance: fhv_gcs_2_bq_dag.gcs_2_gcs_task scheduled__2022-12-01T00:00:00+00:00 [queued]>
[2022-12-02 06:05:17,798] {taskinstance.py:1032} INFO - Dependencies all met for <TaskInstance: fhv_gcs_2_bq_dag.gcs_2_gcs_task scheduled__2022-12-01T00:00:00+00:00 [queued]>
[2022-12-02 06:05:17,799] {taskinstance.py:1238} INFO - 
--------------------------------------------------------------------------------
[2022-12-02 06:05:17,800] {taskinstance.py:1239} INFO - Starting attempt 1 of 2
[2022-12-02 06:05:17,801] {taskinstance.py:1240} INFO - 
--------------------------------------------------------------------------------
[2022-12-02 06:05:17,846] {taskinstance.py:1259} INFO - Executing <Task(GCSToGCSOperator): gcs_2_gcs_task> on 2022-12-01 00:00:00+00:00
[2022-12-02 06:05:17,858] {standard_task_runner.py:52} INFO - Started process 8719 to run task
[2022-12-02 06:05:17,868] {standard_task_runner.py:76} INFO - Running: ['***', 'tasks', 'run', 'fhv_gcs_2_bq_dag', 'gcs_2_gcs_task', 'scheduled__2022-12-01T00:00:00+00:00', '--job-id', '344', '--raw', '--subdir', 'DAGS_FOLDER/gcs_to_bq_DHV_dag.py', '--cfg-path', '/tmp/tmpe_3i_83q', '--error-file', '/tmp/tmpgj_adikh']
[2022-12-02 06:05:17,870] {standard_task_runner.py:77} INFO - Job 344: Subtask gcs_2_gcs_task
[2022-12-02 06:05:18,049] {logging_mixin.py:109} INFO - Running <TaskInstance: fhv_gcs_2_bq_dag.gcs_2_gcs_task scheduled__2022-12-01T00:00:00+00:00 [running]> on host abdcba3d233e
[2022-12-02 06:05:18,312] {taskinstance.py:1426} INFO - Exporting the following env vars:
AIRFLOW_CTX_DAG_OWNER=***
AIRFLOW_CTX_DAG_ID=fhv_gcs_2_bq_dag
AIRFLOW_CTX_TASK_ID=gcs_2_gcs_task
AIRFLOW_CTX_EXECUTION_DATE=2022-12-01T00:00:00+00:00
AIRFLOW_CTX_DAG_RUN_ID=scheduled__2022-12-01T00:00:00+00:00
[2022-12-02 06:05:18,325] {crypto.py:82} WARNING - empty cryptography key - values will not be stored encrypted.
[2022-12-02 06:05:18,330] {gcs_to_gcs.py:346} INFO - Delimiter ignored because wildcard is in prefix
[2022-12-02 06:05:18,945] {taskinstance.py:1277} INFO - Marking task as SUCCESS. dag_id=fhv_gcs_2_bq_dag, task_id=gcs_2_gcs_task, execution_date=20221201T000000, start_date=20221202T060517, end_date=20221202T060518
[2022-12-02 06:05:19,024] {local_task_job.py:154} INFO - Task exited with return code 0
[2022-12-02 06:05:19,136] {local_task_job.py:264} INFO - 1 downstream tasks scheduled from follow-on schedule check
