[2022-11-24 06:48:58,507] {taskinstance.py:1032} INFO - Dependencies all met for <TaskInstance: LocalIngestationDag.wget scheduled__2021-10-02T06:00:00+00:00 [queued]>
[2022-11-24 06:48:58,834] {taskinstance.py:1032} INFO - Dependencies all met for <TaskInstance: LocalIngestationDag.wget scheduled__2021-10-02T06:00:00+00:00 [queued]>
[2022-11-24 06:48:58,837] {taskinstance.py:1238} INFO - 
--------------------------------------------------------------------------------
[2022-11-24 06:48:58,840] {taskinstance.py:1239} INFO - Starting attempt 1 of 1
[2022-11-24 06:48:58,849] {taskinstance.py:1240} INFO - 
--------------------------------------------------------------------------------
[2022-11-24 06:48:58,941] {taskinstance.py:1259} INFO - Executing <Task(BashOperator): wget> on 2021-10-02 06:00:00+00:00
[2022-11-24 06:48:58,989] {standard_task_runner.py:52} INFO - Started process 1543 to run task
[2022-11-24 06:48:59,021] {standard_task_runner.py:76} INFO - Running: ['***', 'tasks', 'run', 'LocalIngestationDag', 'wget', 'scheduled__2021-10-02T06:00:00+00:00', '--job-id', '17', '--raw', '--subdir', 'DAGS_FOLDER/data_ingestation.py', '--cfg-path', '/tmp/tmpyljl2c3c', '--error-file', '/tmp/tmp4v2y9dxn']
[2022-11-24 06:48:59,027] {standard_task_runner.py:77} INFO - Job 17: Subtask wget
[2022-11-24 06:48:59,512] {logging_mixin.py:109} INFO - Running <TaskInstance: LocalIngestationDag.wget scheduled__2021-10-02T06:00:00+00:00 [running]> on host d01293c252ef
[2022-11-24 06:49:00,246] {taskinstance.py:1426} INFO - Exporting the following env vars:
AIRFLOW_CTX_DAG_OWNER=***
AIRFLOW_CTX_DAG_ID=LocalIngestationDag
AIRFLOW_CTX_TASK_ID=wget
AIRFLOW_CTX_EXECUTION_DATE=2021-10-02T06:00:00+00:00
AIRFLOW_CTX_DAG_RUN_ID=scheduled__2021-10-02T06:00:00+00:00
[2022-11-24 06:49:00,294] {subprocess.py:62} INFO - Tmp dir root location: 
 /tmp
[2022-11-24 06:49:00,296] {subprocess.py:74} INFO - Running command: ['bash', '-c', 'echo "Hello World"']
[2022-11-24 06:49:00,405] {subprocess.py:85} INFO - Output:
[2022-11-24 06:49:00,763] {subprocess.py:89} INFO - Hello World
[2022-11-24 06:49:00,792] {subprocess.py:93} INFO - Command exited with return code 0
[2022-11-24 06:49:01,020] {taskinstance.py:1277} INFO - Marking task as SUCCESS. dag_id=LocalIngestationDag, task_id=wget, execution_date=20211002T060000, start_date=20221124T064858, end_date=20221124T064901
[2022-11-24 06:49:01,359] {local_task_job.py:154} INFO - Task exited with return code 0
[2022-11-24 06:49:01,692] {local_task_job.py:264} INFO - 1 downstream tasks scheduled from follow-on schedule check
