[2022-12-05 14:28:44,188] {taskinstance.py:1032} INFO - Dependencies all met for <TaskInstance: green_taxi_2_bq_dag.gcs_2_gcs_task scheduled__2019-06-02T06:00:00+00:00 [queued]>
[2022-12-05 14:28:44,217] {taskinstance.py:1032} INFO - Dependencies all met for <TaskInstance: green_taxi_2_bq_dag.gcs_2_gcs_task scheduled__2019-06-02T06:00:00+00:00 [queued]>
[2022-12-05 14:28:44,218] {taskinstance.py:1238} INFO - 
--------------------------------------------------------------------------------
[2022-12-05 14:28:44,218] {taskinstance.py:1239} INFO - Starting attempt 2 of 2
[2022-12-05 14:28:44,219] {taskinstance.py:1240} INFO - 
--------------------------------------------------------------------------------
[2022-12-05 14:28:44,251] {taskinstance.py:1259} INFO - Executing <Task(GCSToGCSOperator): gcs_2_gcs_task> on 2019-06-02 06:00:00+00:00
[2022-12-05 14:28:44,261] {standard_task_runner.py:52} INFO - Started process 80019 to run task
[2022-12-05 14:28:44,269] {standard_task_runner.py:76} INFO - Running: ['***', 'tasks', 'run', 'green_taxi_2_bq_dag', 'gcs_2_gcs_task', 'scheduled__2019-06-02T06:00:00+00:00', '--job-id', '732', '--raw', '--subdir', 'DAGS_FOLDER/green_taxi_data_2_bigq_dag.py', '--cfg-path', '/tmp/tmp8xq5yl7j', '--error-file', '/tmp/tmpr_jzzq34']
[2022-12-05 14:28:44,271] {standard_task_runner.py:77} INFO - Job 732: Subtask gcs_2_gcs_task
[2022-12-05 14:28:44,391] {logging_mixin.py:109} INFO - Running <TaskInstance: green_taxi_2_bq_dag.gcs_2_gcs_task scheduled__2019-06-02T06:00:00+00:00 [running]> on host 9b5bfd347476
[2022-12-05 14:28:44,523] {taskinstance.py:1426} INFO - Exporting the following env vars:
AIRFLOW_CTX_DAG_OWNER=***
AIRFLOW_CTX_DAG_ID=green_taxi_2_bq_dag
AIRFLOW_CTX_TASK_ID=gcs_2_gcs_task
AIRFLOW_CTX_EXECUTION_DATE=2019-06-02T06:00:00+00:00
AIRFLOW_CTX_DAG_RUN_ID=scheduled__2019-06-02T06:00:00+00:00
[2022-12-05 14:28:44,527] {crypto.py:82} WARNING - empty cryptography key - values will not be stored encrypted.
[2022-12-05 14:28:44,529] {gcs_to_gcs.py:346} INFO - Delimiter ignored because wildcard is in prefix
[2022-12-05 14:28:44,943] {taskinstance.py:1277} INFO - Marking task as SUCCESS. dag_id=green_taxi_2_bq_dag, task_id=gcs_2_gcs_task, execution_date=20190602T060000, start_date=20221205T142844, end_date=20221205T142844
[2022-12-05 14:28:45,007] {local_task_job.py:154} INFO - Task exited with return code 0
[2022-12-05 14:28:45,073] {local_task_job.py:264} INFO - 1 downstream tasks scheduled from follow-on schedule check
