[2022-11-26 07:24:03,811] {taskinstance.py:1032} INFO - Dependencies all met for <TaskInstance: LocalIngestationDag_new.wget scheduled__2022-09-02T06:00:00+00:00 [queued]>
[2022-11-26 07:24:03,899] {taskinstance.py:1032} INFO - Dependencies all met for <TaskInstance: LocalIngestationDag_new.wget scheduled__2022-09-02T06:00:00+00:00 [queued]>
[2022-11-26 07:24:03,901] {taskinstance.py:1238} INFO - 
--------------------------------------------------------------------------------
[2022-11-26 07:24:03,903] {taskinstance.py:1239} INFO - Starting attempt 1 of 1
[2022-11-26 07:24:03,905] {taskinstance.py:1240} INFO - 
--------------------------------------------------------------------------------
[2022-11-26 07:24:03,985] {taskinstance.py:1259} INFO - Executing <Task(BashOperator): wget> on 2022-09-02 06:00:00+00:00
[2022-11-26 07:24:03,999] {standard_task_runner.py:52} INFO - Started process 2270 to run task
[2022-11-26 07:24:04,031] {standard_task_runner.py:76} INFO - Running: ['***', 'tasks', 'run', 'LocalIngestationDag_new', 'wget', 'scheduled__2022-09-02T06:00:00+00:00', '--job-id', '89', '--raw', '--subdir', 'DAGS_FOLDER/data_ingestation.py', '--cfg-path', '/tmp/tmp9bo106zl', '--error-file', '/tmp/tmpvj5qy589']
[2022-11-26 07:24:04,035] {standard_task_runner.py:77} INFO - Job 89: Subtask wget
[2022-11-26 07:24:04,359] {logging_mixin.py:109} INFO - Running <TaskInstance: LocalIngestationDag_new.wget scheduled__2022-09-02T06:00:00+00:00 [running]> on host 951f10ff76c7
[2022-11-26 07:24:04,678] {logging_mixin.py:109} WARNING - /home/***/.local/lib/python3.7/site-packages/***/utils/context.py:152 AirflowContextDeprecationWarning: Accessing 'execution_date' from the template is deprecated and will be removed in a future version. Please use 'data_interval_start' or 'logical_date' instead.
[2022-11-26 07:24:04,756] {taskinstance.py:1426} INFO - Exporting the following env vars:
AIRFLOW_CTX_DAG_OWNER=***
AIRFLOW_CTX_DAG_ID=LocalIngestationDag_new
AIRFLOW_CTX_TASK_ID=wget
AIRFLOW_CTX_EXECUTION_DATE=2022-09-02T06:00:00+00:00
AIRFLOW_CTX_DAG_RUN_ID=scheduled__2022-09-02T06:00:00+00:00
[2022-11-26 07:24:04,761] {subprocess.py:62} INFO - Tmp dir root location: 
 /tmp
[2022-11-26 07:24:04,763] {subprocess.py:74} INFO - Running command: ['bash', '-c', 'curl -sS https://d37ci6vzurychx.cloudfront.net/trip-data//yellow_tripdate_2022-09.parquet > /opt/***/output_2022-09.parquet']
[2022-11-26 07:24:04,802] {subprocess.py:85} INFO - Output:
[2022-11-26 07:24:05,979] {subprocess.py:93} INFO - Command exited with return code 0
[2022-11-26 07:24:06,070] {taskinstance.py:1277} INFO - Marking task as SUCCESS. dag_id=LocalIngestationDag_new, task_id=wget, execution_date=20220902T060000, start_date=20221126T072403, end_date=20221126T072406
[2022-11-26 07:24:06,137] {local_task_job.py:154} INFO - Task exited with return code 0
[2022-11-26 07:24:06,279] {local_task_job.py:264} INFO - 1 downstream tasks scheduled from follow-on schedule check
