[2022-12-05 14:26:51,624] {taskinstance.py:1032} INFO - Dependencies all met for <TaskInstance: green_taxi_2_bq_dag.remodel_data_type_task scheduled__2020-01-02T06:00:00+00:00 [queued]>
[2022-12-05 14:26:51,652] {taskinstance.py:1032} INFO - Dependencies all met for <TaskInstance: green_taxi_2_bq_dag.remodel_data_type_task scheduled__2020-01-02T06:00:00+00:00 [queued]>
[2022-12-05 14:26:51,654] {taskinstance.py:1238} INFO - 
--------------------------------------------------------------------------------
[2022-12-05 14:26:51,654] {taskinstance.py:1239} INFO - Starting attempt 1 of 2
[2022-12-05 14:26:51,655] {taskinstance.py:1240} INFO - 
--------------------------------------------------------------------------------
[2022-12-05 14:26:51,686] {taskinstance.py:1259} INFO - Executing <Task(PythonOperator): remodel_data_type_task> on 2020-01-02 06:00:00+00:00
[2022-12-05 14:26:51,696] {standard_task_runner.py:52} INFO - Started process 79648 to run task
[2022-12-05 14:26:51,703] {standard_task_runner.py:76} INFO - Running: ['***', 'tasks', 'run', 'green_taxi_2_bq_dag', 'remodel_data_type_task', 'scheduled__2020-01-02T06:00:00+00:00', '--job-id', '723', '--raw', '--subdir', 'DAGS_FOLDER/green_taxi_data_2_bigq_dag.py', '--cfg-path', '/tmp/tmpevkwh_d1', '--error-file', '/tmp/tmp7jvls2jo']
[2022-12-05 14:26:51,705] {standard_task_runner.py:77} INFO - Job 723: Subtask remodel_data_type_task
[2022-12-05 14:26:51,840] {logging_mixin.py:109} INFO - Running <TaskInstance: green_taxi_2_bq_dag.remodel_data_type_task scheduled__2020-01-02T06:00:00+00:00 [running]> on host 9b5bfd347476
[2022-12-05 14:26:51,981] {logging_mixin.py:109} WARNING - /home/***/.local/lib/python3.7/site-packages/***/utils/context.py:152 AirflowContextDeprecationWarning: Accessing 'execution_date' from the template is deprecated and will be removed in a future version. Please use 'data_interval_start' or 'logical_date' instead.
[2022-12-05 14:26:52,042] {taskinstance.py:1426} INFO - Exporting the following env vars:
AIRFLOW_CTX_DAG_OWNER=***
AIRFLOW_CTX_DAG_ID=green_taxi_2_bq_dag
AIRFLOW_CTX_TASK_ID=remodel_data_type_task
AIRFLOW_CTX_EXECUTION_DATE=2020-01-02T06:00:00+00:00
AIRFLOW_CTX_DAG_RUN_ID=scheduled__2020-01-02T06:00:00+00:00
[2022-12-05 14:26:55,881] {python.py:175} INFO - Done. Returned value was: None
[2022-12-05 14:26:55,919] {taskinstance.py:1277} INFO - Marking task as SUCCESS. dag_id=green_taxi_2_bq_dag, task_id=remodel_data_type_task, execution_date=20200102T060000, start_date=20221205T142651, end_date=20221205T142655
[2022-12-05 14:26:56,037] {local_task_job.py:154} INFO - Task exited with return code 0
[2022-12-05 14:26:56,179] {local_task_job.py:264} INFO - 1 downstream tasks scheduled from follow-on schedule check
