[2022-11-24 06:48:54,881] {taskinstance.py:1032} INFO - Dependencies all met for <TaskInstance: LocalIngestationDag.wget scheduled__2021-09-02T06:00:00+00:00 [queued]>
[2022-11-24 06:48:55,111] {taskinstance.py:1032} INFO - Dependencies all met for <TaskInstance: LocalIngestationDag.wget scheduled__2021-09-02T06:00:00+00:00 [queued]>
[2022-11-24 06:48:55,111] {taskinstance.py:1238} INFO - 
--------------------------------------------------------------------------------
[2022-11-24 06:48:55,112] {taskinstance.py:1239} INFO - Starting attempt 1 of 1
[2022-11-24 06:48:55,113] {taskinstance.py:1240} INFO - 
--------------------------------------------------------------------------------
[2022-11-24 06:48:55,302] {taskinstance.py:1259} INFO - Executing <Task(BashOperator): wget> on 2021-09-02 06:00:00+00:00
[2022-11-24 06:48:55,352] {standard_task_runner.py:52} INFO - Started process 1514 to run task
[2022-11-24 06:48:55,426] {standard_task_runner.py:76} INFO - Running: ['***', 'tasks', 'run', 'LocalIngestationDag', 'wget', 'scheduled__2021-09-02T06:00:00+00:00', '--job-id', '12', '--raw', '--subdir', 'DAGS_FOLDER/data_ingestation.py', '--cfg-path', '/tmp/tmpgdyu0upv', '--error-file', '/tmp/tmp8ehfcgzt']
[2022-11-24 06:48:55,463] {standard_task_runner.py:77} INFO - Job 12: Subtask wget
[2022-11-24 06:48:56,159] {logging_mixin.py:109} INFO - Running <TaskInstance: LocalIngestationDag.wget scheduled__2021-09-02T06:00:00+00:00 [running]> on host d01293c252ef
[2022-11-24 06:48:56,769] {taskinstance.py:1426} INFO - Exporting the following env vars:
AIRFLOW_CTX_DAG_OWNER=***
AIRFLOW_CTX_DAG_ID=LocalIngestationDag
AIRFLOW_CTX_TASK_ID=wget
AIRFLOW_CTX_EXECUTION_DATE=2021-09-02T06:00:00+00:00
AIRFLOW_CTX_DAG_RUN_ID=scheduled__2021-09-02T06:00:00+00:00
[2022-11-24 06:48:56,779] {subprocess.py:62} INFO - Tmp dir root location: 
 /tmp
[2022-11-24 06:48:56,792] {subprocess.py:74} INFO - Running command: ['bash', '-c', 'echo "Hello World"']
[2022-11-24 06:48:56,894] {subprocess.py:85} INFO - Output:
[2022-11-24 06:48:57,117] {subprocess.py:89} INFO - Hello World
[2022-11-24 06:48:57,143] {subprocess.py:93} INFO - Command exited with return code 0
[2022-11-24 06:48:58,387] {taskinstance.py:1277} INFO - Marking task as SUCCESS. dag_id=LocalIngestationDag, task_id=wget, execution_date=20210902T060000, start_date=20221124T064854, end_date=20221124T064858
[2022-11-24 06:48:58,589] {local_task_job.py:154} INFO - Task exited with return code 0
[2022-11-24 06:48:58,690] {local_task_job.py:264} INFO - 1 downstream tasks scheduled from follow-on schedule check
