[2022-11-27 04:59:45,307] {taskinstance.py:1032} INFO - Dependencies all met for <TaskInstance: data_ingestation_gcp_dag.download_dataset_task scheduled__2020-12-02T06:00:00+00:00 [queued]>
[2022-11-27 04:59:45,352] {taskinstance.py:1032} INFO - Dependencies all met for <TaskInstance: data_ingestation_gcp_dag.download_dataset_task scheduled__2020-12-02T06:00:00+00:00 [queued]>
[2022-11-27 04:59:45,353] {taskinstance.py:1238} INFO - 
--------------------------------------------------------------------------------
[2022-11-27 04:59:45,354] {taskinstance.py:1239} INFO - Starting attempt 1 of 1
[2022-11-27 04:59:45,355] {taskinstance.py:1240} INFO - 
--------------------------------------------------------------------------------
[2022-11-27 04:59:45,408] {taskinstance.py:1259} INFO - Executing <Task(BashOperator): download_dataset_task> on 2020-12-02 06:00:00+00:00
[2022-11-27 04:59:45,421] {standard_task_runner.py:52} INFO - Started process 2492 to run task
[2022-11-27 04:59:45,431] {standard_task_runner.py:76} INFO - Running: ['***', 'tasks', 'run', 'data_ingestation_gcp_dag', 'download_dataset_task', 'scheduled__2020-12-02T06:00:00+00:00', '--job-id', '203', '--raw', '--subdir', 'DAGS_FOLDER/data_ingestation_gcp.py', '--cfg-path', '/tmp/tmpgs38ecbl', '--error-file', '/tmp/tmppgjv4w2l']
[2022-11-27 04:59:45,434] {standard_task_runner.py:77} INFO - Job 203: Subtask download_dataset_task
[2022-11-27 04:59:45,612] {logging_mixin.py:109} INFO - Running <TaskInstance: data_ingestation_gcp_dag.download_dataset_task scheduled__2020-12-02T06:00:00+00:00 [running]> on host 410f3484ae43
[2022-11-27 04:59:45,808] {logging_mixin.py:109} WARNING - /home/***/.local/lib/python3.7/site-packages/***/utils/context.py:152 AirflowContextDeprecationWarning: Accessing 'execution_date' from the template is deprecated and will be removed in a future version. Please use 'data_interval_start' or 'logical_date' instead.
[2022-11-27 04:59:45,856] {taskinstance.py:1426} INFO - Exporting the following env vars:
AIRFLOW_CTX_DAG_OWNER=***
AIRFLOW_CTX_DAG_ID=data_ingestation_gcp_dag
AIRFLOW_CTX_TASK_ID=download_dataset_task
AIRFLOW_CTX_EXECUTION_DATE=2020-12-02T06:00:00+00:00
AIRFLOW_CTX_DAG_RUN_ID=scheduled__2020-12-02T06:00:00+00:00
[2022-11-27 04:59:45,861] {subprocess.py:62} INFO - Tmp dir root location: 
 /tmp
[2022-11-27 04:59:45,863] {subprocess.py:74} INFO - Running command: ['bash', '-c', 'curl -sSLf https://d37ci6vzurychx.cloudfront.net/trip-data/yellow_tripdata_2020-12.parquet > /opt/***/output_2020-12.parquet']
[2022-11-27 04:59:45,883] {subprocess.py:85} INFO - Output:
[2022-11-27 04:59:53,228] {subprocess.py:93} INFO - Command exited with return code 0
[2022-11-27 04:59:53,320] {taskinstance.py:1277} INFO - Marking task as SUCCESS. dag_id=data_ingestation_gcp_dag, task_id=download_dataset_task, execution_date=20201202T060000, start_date=20221127T045945, end_date=20221127T045953
[2022-11-27 04:59:53,440] {local_task_job.py:154} INFO - Task exited with return code 0
[2022-11-27 04:59:53,577] {local_task_job.py:264} INFO - 1 downstream tasks scheduled from follow-on schedule check
