[2022-12-05 03:59:57,874] {taskinstance.py:1032} INFO - Dependencies all met for <TaskInstance: yellow_taxi_2_bq_dag.gcs_2_gcs_task scheduled__2019-11-02T06:00:00+00:00 [queued]>
[2022-12-05 03:59:57,901] {taskinstance.py:1032} INFO - Dependencies all met for <TaskInstance: yellow_taxi_2_bq_dag.gcs_2_gcs_task scheduled__2019-11-02T06:00:00+00:00 [queued]>
[2022-12-05 03:59:57,902] {taskinstance.py:1238} INFO - 
--------------------------------------------------------------------------------
[2022-12-05 03:59:57,903] {taskinstance.py:1239} INFO - Starting attempt 1 of 1
[2022-12-05 03:59:57,904] {taskinstance.py:1240} INFO - 
--------------------------------------------------------------------------------
[2022-12-05 03:59:57,936] {taskinstance.py:1259} INFO - Executing <Task(GCSToGCSOperator): gcs_2_gcs_task> on 2019-11-02 06:00:00+00:00
[2022-12-05 03:59:57,946] {standard_task_runner.py:52} INFO - Started process 10990 to run task
[2022-12-05 03:59:57,953] {standard_task_runner.py:76} INFO - Running: ['***', 'tasks', 'run', 'yellow_taxi_2_bq_dag', 'gcs_2_gcs_task', 'scheduled__2019-11-02T06:00:00+00:00', '--job-id', '463', '--raw', '--subdir', 'DAGS_FOLDER/data_ingestation_gcp.py', '--cfg-path', '/tmp/tmp7_x6uyam', '--error-file', '/tmp/tmpw2dg0wro']
[2022-12-05 03:59:57,954] {standard_task_runner.py:77} INFO - Job 463: Subtask gcs_2_gcs_task
[2022-12-05 03:59:58,053] {logging_mixin.py:109} INFO - Running <TaskInstance: yellow_taxi_2_bq_dag.gcs_2_gcs_task scheduled__2019-11-02T06:00:00+00:00 [running]> on host 9b5bfd347476
[2022-12-05 03:59:58,170] {taskinstance.py:1426} INFO - Exporting the following env vars:
AIRFLOW_CTX_DAG_OWNER=***
AIRFLOW_CTX_DAG_ID=yellow_taxi_2_bq_dag
AIRFLOW_CTX_TASK_ID=gcs_2_gcs_task
AIRFLOW_CTX_EXECUTION_DATE=2019-11-02T06:00:00+00:00
AIRFLOW_CTX_DAG_RUN_ID=scheduled__2019-11-02T06:00:00+00:00
[2022-12-05 03:59:58,174] {crypto.py:82} WARNING - empty cryptography key - values will not be stored encrypted.
[2022-12-05 03:59:58,175] {gcs_to_gcs.py:346} INFO - Delimiter ignored because wildcard is in prefix
[2022-12-05 03:59:58,737] {gcs_to_gcs.py:431} INFO - Executing copy of gs://my_nyc_tlc/raw/yellow_tripdata_2019-11.parquet to gs://my_nyc_tlc/yellow/2019-11.parquet
[2022-12-05 03:59:58,937] {gcs.py:251} INFO - Total Bytes: 143240631 | Bytes Written: 143240631
[2022-12-05 03:59:58,941] {gcs.py:264} INFO - Object raw/yellow_tripdata_2019-11.parquet in bucket my_nyc_tlc rewritten to object yellow/2019-11.parquet in bucket my_nyc_tlc
[2022-12-05 03:59:59,064] {gcs.py:645} INFO - Blob raw/yellow_tripdata_2019-11.parquet deleted.
[2022-12-05 03:59:59,162] {taskinstance.py:1277} INFO - Marking task as SUCCESS. dag_id=yellow_taxi_2_bq_dag, task_id=gcs_2_gcs_task, execution_date=20191102T060000, start_date=20221205T035957, end_date=20221205T035959
[2022-12-05 03:59:59,314] {local_task_job.py:154} INFO - Task exited with return code 0
[2022-12-05 03:59:59,499] {local_task_job.py:264} INFO - 1 downstream tasks scheduled from follow-on schedule check
