[2022-12-05 04:44:23,027] {taskinstance.py:1032} INFO - Dependencies all met for <TaskInstance: yellow_taxi_2_bq_dag.local_to_gcp_task scheduled__2019-03-02T06:00:00+00:00 [queued]>
[2022-12-05 04:44:23,075] {taskinstance.py:1032} INFO - Dependencies all met for <TaskInstance: yellow_taxi_2_bq_dag.local_to_gcp_task scheduled__2019-03-02T06:00:00+00:00 [queued]>
[2022-12-05 04:44:23,078] {taskinstance.py:1238} INFO - 
--------------------------------------------------------------------------------
[2022-12-05 04:44:23,079] {taskinstance.py:1239} INFO - Starting attempt 2 of 2
[2022-12-05 04:44:23,080] {taskinstance.py:1240} INFO - 
--------------------------------------------------------------------------------
[2022-12-05 04:44:23,123] {taskinstance.py:1259} INFO - Executing <Task(PythonOperator): local_to_gcp_task> on 2019-03-02 06:00:00+00:00
[2022-12-05 04:44:23,136] {standard_task_runner.py:52} INFO - Started process 16629 to run task
[2022-12-05 04:44:23,173] {standard_task_runner.py:76} INFO - Running: ['***', 'tasks', 'run', 'yellow_taxi_2_bq_dag', 'local_to_gcp_task', 'scheduled__2019-03-02T06:00:00+00:00', '--job-id', '546', '--raw', '--subdir', 'DAGS_FOLDER/data_ingestation_gcp.py', '--cfg-path', '/tmp/tmpzdi3fc9w', '--error-file', '/tmp/tmpn0hekaiu']
[2022-12-05 04:44:23,183] {standard_task_runner.py:77} INFO - Job 546: Subtask local_to_gcp_task
[2022-12-05 04:44:23,320] {logging_mixin.py:109} INFO - Running <TaskInstance: yellow_taxi_2_bq_dag.local_to_gcp_task scheduled__2019-03-02T06:00:00+00:00 [running]> on host 9b5bfd347476
[2022-12-05 04:44:23,434] {logging_mixin.py:109} WARNING - /home/***/.local/lib/python3.7/site-packages/***/utils/context.py:152 AirflowContextDeprecationWarning: Accessing 'execution_date' from the template is deprecated and will be removed in a future version. Please use 'data_interval_start' or 'logical_date' instead.
[2022-12-05 04:44:23,471] {taskinstance.py:1426} INFO - Exporting the following env vars:
AIRFLOW_CTX_DAG_OWNER=***
AIRFLOW_CTX_DAG_ID=yellow_taxi_2_bq_dag
AIRFLOW_CTX_TASK_ID=local_to_gcp_task
AIRFLOW_CTX_EXECUTION_DATE=2019-03-02T06:00:00+00:00
AIRFLOW_CTX_DAG_RUN_ID=scheduled__2019-03-02T06:00:00+00:00
[2022-12-05 04:44:56,322] {python.py:175} INFO - Done. Returned value was: None
[2022-12-05 04:44:56,352] {taskinstance.py:1277} INFO - Marking task as SUCCESS. dag_id=yellow_taxi_2_bq_dag, task_id=local_to_gcp_task, execution_date=20190302T060000, start_date=20221205T044423, end_date=20221205T044456
[2022-12-05 04:44:56,441] {local_task_job.py:154} INFO - Task exited with return code 0
[2022-12-05 04:44:56,527] {local_task_job.py:264} INFO - 1 downstream tasks scheduled from follow-on schedule check
