[2022-11-24 06:49:12,086] {taskinstance.py:1032} INFO - Dependencies all met for <TaskInstance: LocalIngestationDag.wget scheduled__2022-02-02T06:00:00+00:00 [queued]>
[2022-11-24 06:49:12,303] {taskinstance.py:1032} INFO - Dependencies all met for <TaskInstance: LocalIngestationDag.wget scheduled__2022-02-02T06:00:00+00:00 [queued]>
[2022-11-24 06:49:12,304] {taskinstance.py:1238} INFO - 
--------------------------------------------------------------------------------
[2022-11-24 06:49:12,307] {taskinstance.py:1239} INFO - Starting attempt 1 of 1
[2022-11-24 06:49:12,310] {taskinstance.py:1240} INFO - 
--------------------------------------------------------------------------------
[2022-11-24 06:49:12,445] {taskinstance.py:1259} INFO - Executing <Task(BashOperator): wget> on 2022-02-02 06:00:00+00:00
[2022-11-24 06:49:12,485] {standard_task_runner.py:52} INFO - Started process 1646 to run task
[2022-11-24 06:49:12,494] {standard_task_runner.py:76} INFO - Running: ['***', 'tasks', 'run', 'LocalIngestationDag', 'wget', 'scheduled__2022-02-02T06:00:00+00:00', '--job-id', '23', '--raw', '--subdir', 'DAGS_FOLDER/data_ingestation.py', '--cfg-path', '/tmp/tmpgkwhecd2', '--error-file', '/tmp/tmp5t7kh8sk']
[2022-11-24 06:49:12,502] {standard_task_runner.py:77} INFO - Job 23: Subtask wget
[2022-11-24 06:49:13,001] {logging_mixin.py:109} INFO - Running <TaskInstance: LocalIngestationDag.wget scheduled__2022-02-02T06:00:00+00:00 [running]> on host d01293c252ef
[2022-11-24 06:49:13,411] {taskinstance.py:1426} INFO - Exporting the following env vars:
AIRFLOW_CTX_DAG_OWNER=***
AIRFLOW_CTX_DAG_ID=LocalIngestationDag
AIRFLOW_CTX_TASK_ID=wget
AIRFLOW_CTX_EXECUTION_DATE=2022-02-02T06:00:00+00:00
AIRFLOW_CTX_DAG_RUN_ID=scheduled__2022-02-02T06:00:00+00:00
[2022-11-24 06:49:13,424] {subprocess.py:62} INFO - Tmp dir root location: 
 /tmp
[2022-11-24 06:49:13,430] {subprocess.py:74} INFO - Running command: ['bash', '-c', 'echo "Hello World"']
[2022-11-24 06:49:13,499] {subprocess.py:85} INFO - Output:
[2022-11-24 06:49:13,634] {subprocess.py:89} INFO - Hello World
[2022-11-24 06:49:13,660] {subprocess.py:93} INFO - Command exited with return code 0
[2022-11-24 06:49:14,164] {taskinstance.py:1277} INFO - Marking task as SUCCESS. dag_id=LocalIngestationDag, task_id=wget, execution_date=20220202T060000, start_date=20221124T064912, end_date=20221124T064914
[2022-11-24 06:49:14,293] {local_task_job.py:154} INFO - Task exited with return code 0
[2022-11-24 06:49:14,544] {local_task_job.py:264} INFO - 1 downstream tasks scheduled from follow-on schedule check
