[2022-12-05 04:45:03,625] {taskinstance.py:1032} INFO - Dependencies all met for <TaskInstance: yellow_taxi_2_bq_dag.gcs_2_bq_ext_task scheduled__2019-03-02T06:00:00+00:00 [queued]>
[2022-12-05 04:45:03,655] {taskinstance.py:1032} INFO - Dependencies all met for <TaskInstance: yellow_taxi_2_bq_dag.gcs_2_bq_ext_task scheduled__2019-03-02T06:00:00+00:00 [queued]>
[2022-12-05 04:45:03,656] {taskinstance.py:1238} INFO - 
--------------------------------------------------------------------------------
[2022-12-05 04:45:03,656] {taskinstance.py:1239} INFO - Starting attempt 2 of 3
[2022-12-05 04:45:03,657] {taskinstance.py:1240} INFO - 
--------------------------------------------------------------------------------
[2022-12-05 04:45:03,684] {taskinstance.py:1259} INFO - Executing <Task(BigQueryCreateExternalTableOperator): gcs_2_bq_ext_task> on 2019-03-02 06:00:00+00:00
[2022-12-05 04:45:03,693] {standard_task_runner.py:52} INFO - Started process 16739 to run task
[2022-12-05 04:45:03,699] {standard_task_runner.py:76} INFO - Running: ['***', 'tasks', 'run', 'yellow_taxi_2_bq_dag', 'gcs_2_bq_ext_task', 'scheduled__2019-03-02T06:00:00+00:00', '--job-id', '548', '--raw', '--subdir', 'DAGS_FOLDER/data_ingestation_gcp.py', '--cfg-path', '/tmp/tmpwn3at1kp', '--error-file', '/tmp/tmp7f32mfpi']
[2022-12-05 04:45:03,701] {standard_task_runner.py:77} INFO - Job 548: Subtask gcs_2_bq_ext_task
[2022-12-05 04:45:03,792] {logging_mixin.py:109} INFO - Running <TaskInstance: yellow_taxi_2_bq_dag.gcs_2_bq_ext_task scheduled__2019-03-02T06:00:00+00:00 [running]> on host 9b5bfd347476
[2022-12-05 04:45:03,898] {taskinstance.py:1426} INFO - Exporting the following env vars:
AIRFLOW_CTX_DAG_OWNER=***
AIRFLOW_CTX_DAG_ID=yellow_taxi_2_bq_dag
AIRFLOW_CTX_TASK_ID=gcs_2_bq_ext_task
AIRFLOW_CTX_EXECUTION_DATE=2019-03-02T06:00:00+00:00
AIRFLOW_CTX_DAG_RUN_ID=scheduled__2019-03-02T06:00:00+00:00
[2022-12-05 04:45:03,902] {crypto.py:82} WARNING - empty cryptography key - values will not be stored encrypted.
[2022-12-05 04:45:04,722] {taskinstance.py:1277} INFO - Marking task as SUCCESS. dag_id=yellow_taxi_2_bq_dag, task_id=gcs_2_bq_ext_task, execution_date=20190302T060000, start_date=20221205T044503, end_date=20221205T044504
[2022-12-05 04:45:04,802] {local_task_job.py:154} INFO - Task exited with return code 0
[2022-12-05 04:45:04,855] {local_task_job.py:264} INFO - 0 downstream tasks scheduled from follow-on schedule check
