[2022-12-05 14:30:11,356] {taskinstance.py:1032} INFO - Dependencies all met for <TaskInstance: green_taxi_2_bq_dag.gcs_2_bq_ext_task scheduled__2019-09-02T06:00:00+00:00 [queued]>
[2022-12-05 14:30:11,405] {taskinstance.py:1032} INFO - Dependencies all met for <TaskInstance: green_taxi_2_bq_dag.gcs_2_bq_ext_task scheduled__2019-09-02T06:00:00+00:00 [queued]>
[2022-12-05 14:30:11,407] {taskinstance.py:1238} INFO - 
--------------------------------------------------------------------------------
[2022-12-05 14:30:11,408] {taskinstance.py:1239} INFO - Starting attempt 1 of 2
[2022-12-05 14:30:11,409] {taskinstance.py:1240} INFO - 
--------------------------------------------------------------------------------
[2022-12-05 14:30:11,462] {taskinstance.py:1259} INFO - Executing <Task(BigQueryCreateExternalTableOperator): gcs_2_bq_ext_task> on 2019-09-02 06:00:00+00:00
[2022-12-05 14:30:11,474] {standard_task_runner.py:52} INFO - Started process 80441 to run task
[2022-12-05 14:30:11,494] {standard_task_runner.py:76} INFO - Running: ['***', 'tasks', 'run', 'green_taxi_2_bq_dag', 'gcs_2_bq_ext_task', 'scheduled__2019-09-02T06:00:00+00:00', '--job-id', '752', '--raw', '--subdir', 'DAGS_FOLDER/green_taxi_data_2_bigq_dag.py', '--cfg-path', '/tmp/tmpl_a6q_8r', '--error-file', '/tmp/tmpwpgs_hnp']
[2022-12-05 14:30:11,497] {standard_task_runner.py:77} INFO - Job 752: Subtask gcs_2_bq_ext_task
[2022-12-05 14:30:11,705] {logging_mixin.py:109} INFO - Running <TaskInstance: green_taxi_2_bq_dag.gcs_2_bq_ext_task scheduled__2019-09-02T06:00:00+00:00 [running]> on host 9b5bfd347476
[2022-12-05 14:30:12,222] {taskinstance.py:1426} INFO - Exporting the following env vars:
AIRFLOW_CTX_DAG_OWNER=***
AIRFLOW_CTX_DAG_ID=green_taxi_2_bq_dag
AIRFLOW_CTX_TASK_ID=gcs_2_bq_ext_task
AIRFLOW_CTX_EXECUTION_DATE=2019-09-02T06:00:00+00:00
AIRFLOW_CTX_DAG_RUN_ID=scheduled__2019-09-02T06:00:00+00:00
[2022-12-05 14:30:12,236] {crypto.py:82} WARNING - empty cryptography key - values will not be stored encrypted.
[2022-12-05 14:30:13,435] {taskinstance.py:1277} INFO - Marking task as SUCCESS. dag_id=green_taxi_2_bq_dag, task_id=gcs_2_bq_ext_task, execution_date=20190902T060000, start_date=20221205T143011, end_date=20221205T143013
[2022-12-05 14:30:13,598] {local_task_job.py:154} INFO - Task exited with return code 0
[2022-12-05 14:30:14,117] {local_task_job.py:264} INFO - 0 downstream tasks scheduled from follow-on schedule check
