[2022-12-05 04:17:16,914] {taskinstance.py:1032} INFO - Dependencies all met for <TaskInstance: yellow_taxi_2_bq_dag.download_dataset_task scheduled__2020-12-02T06:00:00+00:00 [queued]>
[2022-12-05 04:17:16,944] {taskinstance.py:1032} INFO - Dependencies all met for <TaskInstance: yellow_taxi_2_bq_dag.download_dataset_task scheduled__2020-12-02T06:00:00+00:00 [queued]>
[2022-12-05 04:17:16,945] {taskinstance.py:1238} INFO - 
--------------------------------------------------------------------------------
[2022-12-05 04:17:16,945] {taskinstance.py:1239} INFO - Starting attempt 1 of 1
[2022-12-05 04:17:16,946] {taskinstance.py:1240} INFO - 
--------------------------------------------------------------------------------
[2022-12-05 04:17:16,974] {taskinstance.py:1259} INFO - Executing <Task(BashOperator): download_dataset_task> on 2020-12-02 06:00:00+00:00
[2022-12-05 04:17:16,982] {standard_task_runner.py:52} INFO - Started process 14041 to run task
[2022-12-05 04:17:16,989] {standard_task_runner.py:76} INFO - Running: ['***', 'tasks', 'run', 'yellow_taxi_2_bq_dag', 'download_dataset_task', 'scheduled__2020-12-02T06:00:00+00:00', '--job-id', '538', '--raw', '--subdir', 'DAGS_FOLDER/data_ingestation_gcp.py', '--cfg-path', '/tmp/tmph_y5s1tr', '--error-file', '/tmp/tmpkx4x4czr']
[2022-12-05 04:17:16,990] {standard_task_runner.py:77} INFO - Job 538: Subtask download_dataset_task
[2022-12-05 04:17:17,086] {logging_mixin.py:109} INFO - Running <TaskInstance: yellow_taxi_2_bq_dag.download_dataset_task scheduled__2020-12-02T06:00:00+00:00 [running]> on host 9b5bfd347476
[2022-12-05 04:17:17,487] {logging_mixin.py:109} WARNING - /home/***/.local/lib/python3.7/site-packages/***/utils/context.py:152 AirflowContextDeprecationWarning: Accessing 'execution_date' from the template is deprecated and will be removed in a future version. Please use 'data_interval_start' or 'logical_date' instead.
[2022-12-05 04:17:17,556] {taskinstance.py:1426} INFO - Exporting the following env vars:
AIRFLOW_CTX_DAG_OWNER=***
AIRFLOW_CTX_DAG_ID=yellow_taxi_2_bq_dag
AIRFLOW_CTX_TASK_ID=download_dataset_task
AIRFLOW_CTX_EXECUTION_DATE=2020-12-02T06:00:00+00:00
AIRFLOW_CTX_DAG_RUN_ID=scheduled__2020-12-02T06:00:00+00:00
[2022-12-05 04:17:17,562] {subprocess.py:62} INFO - Tmp dir root location: 
 /tmp
[2022-12-05 04:17:17,565] {subprocess.py:74} INFO - Running command: ['bash', '-c', 'curl -sSLf https://d37ci6vzurychx.cloudfront.net/trip-data/yellow_tripdata_2020-12.parquet > /opt/***/output_2020-12.parquet']
[2022-12-05 04:17:17,592] {subprocess.py:85} INFO - Output:
[2022-12-05 04:17:20,613] {subprocess.py:93} INFO - Command exited with return code 0
[2022-12-05 04:17:20,665] {taskinstance.py:1277} INFO - Marking task as SUCCESS. dag_id=yellow_taxi_2_bq_dag, task_id=download_dataset_task, execution_date=20201202T060000, start_date=20221205T041716, end_date=20221205T041720
[2022-12-05 04:17:20,725] {local_task_job.py:154} INFO - Task exited with return code 0
[2022-12-05 04:17:20,822] {local_task_job.py:264} INFO - 1 downstream tasks scheduled from follow-on schedule check
