[2022-11-27 04:56:44,295] {taskinstance.py:1032} INFO - Dependencies all met for <TaskInstance: data_ingestation_gcp_dag.local_to_gcp_task scheduled__2020-02-02T06:00:00+00:00 [queued]>
[2022-11-27 04:56:44,381] {taskinstance.py:1032} INFO - Dependencies all met for <TaskInstance: data_ingestation_gcp_dag.local_to_gcp_task scheduled__2020-02-02T06:00:00+00:00 [queued]>
[2022-11-27 04:56:44,384] {taskinstance.py:1238} INFO - 
--------------------------------------------------------------------------------
[2022-11-27 04:56:44,386] {taskinstance.py:1239} INFO - Starting attempt 1 of 1
[2022-11-27 04:56:44,388] {taskinstance.py:1240} INFO - 
--------------------------------------------------------------------------------
[2022-11-27 04:56:44,471] {taskinstance.py:1259} INFO - Executing <Task(PythonOperator): local_to_gcp_task> on 2020-02-02 06:00:00+00:00
[2022-11-27 04:56:44,487] {standard_task_runner.py:52} INFO - Started process 1977 to run task
[2022-11-27 04:56:44,518] {standard_task_runner.py:76} INFO - Running: ['***', 'tasks', 'run', 'data_ingestation_gcp_dag', 'local_to_gcp_task', 'scheduled__2020-02-02T06:00:00+00:00', '--job-id', '176', '--raw', '--subdir', 'DAGS_FOLDER/data_ingestation_gcp.py', '--cfg-path', '/tmp/tmpa2iqxcg5', '--error-file', '/tmp/tmpgvm17r65']
[2022-11-27 04:56:44,526] {standard_task_runner.py:77} INFO - Job 176: Subtask local_to_gcp_task
[2022-11-27 04:56:44,929] {logging_mixin.py:109} INFO - Running <TaskInstance: data_ingestation_gcp_dag.local_to_gcp_task scheduled__2020-02-02T06:00:00+00:00 [running]> on host 410f3484ae43
[2022-11-27 04:56:45,348] {logging_mixin.py:109} WARNING - /home/***/.local/lib/python3.7/site-packages/***/utils/context.py:152 AirflowContextDeprecationWarning: Accessing 'execution_date' from the template is deprecated and will be removed in a future version. Please use 'data_interval_start' or 'logical_date' instead.
[2022-11-27 04:56:45,500] {taskinstance.py:1426} INFO - Exporting the following env vars:
AIRFLOW_CTX_DAG_OWNER=***
AIRFLOW_CTX_DAG_ID=data_ingestation_gcp_dag
AIRFLOW_CTX_TASK_ID=local_to_gcp_task
AIRFLOW_CTX_EXECUTION_DATE=2020-02-02T06:00:00+00:00
AIRFLOW_CTX_DAG_RUN_ID=scheduled__2020-02-02T06:00:00+00:00
[2022-11-27 04:57:29,917] {python.py:175} INFO - Done. Returned value was: None
[2022-11-27 04:57:30,324] {taskinstance.py:1277} INFO - Marking task as SUCCESS. dag_id=data_ingestation_gcp_dag, task_id=local_to_gcp_task, execution_date=20200202T060000, start_date=20221127T045644, end_date=20221127T045730
[2022-11-27 04:57:30,846] {local_task_job.py:154} INFO - Task exited with return code 0
[2022-11-27 04:57:31,150] {local_task_job.py:264} INFO - 1 downstream tasks scheduled from follow-on schedule check
