[2022-12-05 05:32:26,369] {taskinstance.py:1032} INFO - Dependencies all met for <TaskInstance: yellow_taxi_2_bq_edited_dag.remodel_data_type_task scheduled__2019-01-02T06:00:00+00:00 [queued]>
[2022-12-05 05:32:26,418] {taskinstance.py:1032} INFO - Dependencies all met for <TaskInstance: yellow_taxi_2_bq_edited_dag.remodel_data_type_task scheduled__2019-01-02T06:00:00+00:00 [queued]>
[2022-12-05 05:32:26,420] {taskinstance.py:1238} INFO - 
--------------------------------------------------------------------------------
[2022-12-05 05:32:26,421] {taskinstance.py:1239} INFO - Starting attempt 1 of 1
[2022-12-05 05:32:26,422] {taskinstance.py:1240} INFO - 
--------------------------------------------------------------------------------
[2022-12-05 05:32:26,477] {taskinstance.py:1259} INFO - Executing <Task(PythonOperator): remodel_data_type_task> on 2019-01-02 06:00:00+00:00
[2022-12-05 05:32:26,490] {standard_task_runner.py:52} INFO - Started process 22580 to run task
[2022-12-05 05:32:26,500] {standard_task_runner.py:76} INFO - Running: ['***', 'tasks', 'run', 'yellow_taxi_2_bq_edited_dag', 'remodel_data_type_task', 'scheduled__2019-01-02T06:00:00+00:00', '--job-id', '655', '--raw', '--subdir', 'DAGS_FOLDER/data_ingestation_gcp.py', '--cfg-path', '/tmp/tmp0jwt8ppo', '--error-file', '/tmp/tmpgc9bbfkb']
[2022-12-05 05:32:26,503] {standard_task_runner.py:77} INFO - Job 655: Subtask remodel_data_type_task
[2022-12-05 05:32:26,666] {logging_mixin.py:109} INFO - Running <TaskInstance: yellow_taxi_2_bq_edited_dag.remodel_data_type_task scheduled__2019-01-02T06:00:00+00:00 [running]> on host 9b5bfd347476
[2022-12-05 05:32:27,020] {logging_mixin.py:109} WARNING - /home/***/.local/lib/python3.7/site-packages/***/utils/context.py:152 AirflowContextDeprecationWarning: Accessing 'execution_date' from the template is deprecated and will be removed in a future version. Please use 'data_interval_start' or 'logical_date' instead.
[2022-12-05 05:32:27,152] {taskinstance.py:1426} INFO - Exporting the following env vars:
AIRFLOW_CTX_DAG_OWNER=***
AIRFLOW_CTX_DAG_ID=yellow_taxi_2_bq_edited_dag
AIRFLOW_CTX_TASK_ID=remodel_data_type_task
AIRFLOW_CTX_EXECUTION_DATE=2019-01-02T06:00:00+00:00
AIRFLOW_CTX_DAG_RUN_ID=scheduled__2019-01-02T06:00:00+00:00
[2022-12-05 05:34:43,381] {python.py:175} INFO - Done. Returned value was: None
[2022-12-05 05:34:43,488] {taskinstance.py:1277} INFO - Marking task as SUCCESS. dag_id=yellow_taxi_2_bq_edited_dag, task_id=remodel_data_type_task, execution_date=20190102T060000, start_date=20221205T053226, end_date=20221205T053443
[2022-12-05 05:34:46,352] {local_task_job.py:212} WARNING - State of this instance has been externally set to success. Terminating instance.
[2022-12-05 05:34:46,390] {process_utils.py:124} INFO - Sending Signals.SIGTERM to group 22580. PIDs of all processes in the group: [22580]
[2022-12-05 05:34:46,392] {process_utils.py:75} INFO - Sending the signal Signals.SIGTERM to group 22580
[2022-12-05 05:34:46,568] {process_utils.py:70} INFO - Process psutil.Process(pid=22580, status='terminated', exitcode=0, started='05:32:26') (22580) terminated with exit code 0
