[2022-12-05 04:44:59,683] {taskinstance.py:1032} INFO - Dependencies all met for <TaskInstance: yellow_taxi_2_bq_dag.gcs_2_gcs_task scheduled__2019-03-02T06:00:00+00:00 [queued]>
[2022-12-05 04:44:59,711] {taskinstance.py:1032} INFO - Dependencies all met for <TaskInstance: yellow_taxi_2_bq_dag.gcs_2_gcs_task scheduled__2019-03-02T06:00:00+00:00 [queued]>
[2022-12-05 04:44:59,712] {taskinstance.py:1238} INFO - 
--------------------------------------------------------------------------------
[2022-12-05 04:44:59,712] {taskinstance.py:1239} INFO - Starting attempt 2 of 2
[2022-12-05 04:44:59,713] {taskinstance.py:1240} INFO - 
--------------------------------------------------------------------------------
[2022-12-05 04:44:59,740] {taskinstance.py:1259} INFO - Executing <Task(GCSToGCSOperator): gcs_2_gcs_task> on 2019-03-02 06:00:00+00:00
[2022-12-05 04:44:59,748] {standard_task_runner.py:52} INFO - Started process 16731 to run task
[2022-12-05 04:44:59,754] {standard_task_runner.py:76} INFO - Running: ['***', 'tasks', 'run', 'yellow_taxi_2_bq_dag', 'gcs_2_gcs_task', 'scheduled__2019-03-02T06:00:00+00:00', '--job-id', '547', '--raw', '--subdir', 'DAGS_FOLDER/data_ingestation_gcp.py', '--cfg-path', '/tmp/tmpsh4bjtar', '--error-file', '/tmp/tmpuufh3j87']
[2022-12-05 04:44:59,756] {standard_task_runner.py:77} INFO - Job 547: Subtask gcs_2_gcs_task
[2022-12-05 04:44:59,848] {logging_mixin.py:109} INFO - Running <TaskInstance: yellow_taxi_2_bq_dag.gcs_2_gcs_task scheduled__2019-03-02T06:00:00+00:00 [running]> on host 9b5bfd347476
[2022-12-05 04:44:59,950] {taskinstance.py:1426} INFO - Exporting the following env vars:
AIRFLOW_CTX_DAG_OWNER=***
AIRFLOW_CTX_DAG_ID=yellow_taxi_2_bq_dag
AIRFLOW_CTX_TASK_ID=gcs_2_gcs_task
AIRFLOW_CTX_EXECUTION_DATE=2019-03-02T06:00:00+00:00
AIRFLOW_CTX_DAG_RUN_ID=scheduled__2019-03-02T06:00:00+00:00
[2022-12-05 04:44:59,953] {crypto.py:82} WARNING - empty cryptography key - values will not be stored encrypted.
[2022-12-05 04:44:59,955] {gcs_to_gcs.py:346} INFO - Delimiter ignored because wildcard is in prefix
[2022-12-05 04:45:00,305] {gcs_to_gcs.py:431} INFO - Executing copy of gs://my_nyc_tlc/raw/yellow_tripdata_2019-03.parquet to gs://my_nyc_tlc/yellow/2019-03.parquet
[2022-12-05 04:45:00,417] {gcs.py:251} INFO - Total Bytes: 165611772 | Bytes Written: 165611772
[2022-12-05 04:45:00,418] {gcs.py:264} INFO - Object raw/yellow_tripdata_2019-03.parquet in bucket my_nyc_tlc rewritten to object yellow/2019-03.parquet in bucket my_nyc_tlc
[2022-12-05 04:45:00,504] {gcs.py:645} INFO - Blob raw/yellow_tripdata_2019-03.parquet deleted.
[2022-12-05 04:45:00,531] {taskinstance.py:1277} INFO - Marking task as SUCCESS. dag_id=yellow_taxi_2_bq_dag, task_id=gcs_2_gcs_task, execution_date=20190302T060000, start_date=20221205T044459, end_date=20221205T044500
[2022-12-05 04:45:00,580] {local_task_job.py:154} INFO - Task exited with return code 0
[2022-12-05 04:45:00,654] {local_task_job.py:264} INFO - 1 downstream tasks scheduled from follow-on schedule check
