[2022-12-05 05:10:31,442] {taskinstance.py:1032} INFO - Dependencies all met for <TaskInstance: yellow_taxi_2_bq_dag.remodel_data_type_task scheduled__2020-04-02T06:00:00+00:00 [queued]>
[2022-12-05 05:10:31,470] {taskinstance.py:1032} INFO - Dependencies all met for <TaskInstance: yellow_taxi_2_bq_dag.remodel_data_type_task scheduled__2020-04-02T06:00:00+00:00 [queued]>
[2022-12-05 05:10:31,470] {taskinstance.py:1238} INFO - 
--------------------------------------------------------------------------------
[2022-12-05 05:10:31,471] {taskinstance.py:1239} INFO - Starting attempt 2 of 2
[2022-12-05 05:10:31,471] {taskinstance.py:1240} INFO - 
--------------------------------------------------------------------------------
[2022-12-05 05:10:31,500] {taskinstance.py:1259} INFO - Executing <Task(PythonOperator): remodel_data_type_task> on 2020-04-02 06:00:00+00:00
[2022-12-05 05:10:31,508] {standard_task_runner.py:52} INFO - Started process 20626 to run task
[2022-12-05 05:10:31,515] {standard_task_runner.py:76} INFO - Running: ['***', 'tasks', 'run', 'yellow_taxi_2_bq_dag', 'remodel_data_type_task', 'scheduled__2020-04-02T06:00:00+00:00', '--job-id', '610', '--raw', '--subdir', 'DAGS_FOLDER/data_ingestation_gcp.py', '--cfg-path', '/tmp/tmpp9u37qib', '--error-file', '/tmp/tmpy9hq9zaq']
[2022-12-05 05:10:31,518] {standard_task_runner.py:77} INFO - Job 610: Subtask remodel_data_type_task
[2022-12-05 05:10:31,634] {logging_mixin.py:109} INFO - Running <TaskInstance: yellow_taxi_2_bq_dag.remodel_data_type_task scheduled__2020-04-02T06:00:00+00:00 [running]> on host 9b5bfd347476
[2022-12-05 05:10:31,757] {logging_mixin.py:109} WARNING - /home/***/.local/lib/python3.7/site-packages/***/utils/context.py:152 AirflowContextDeprecationWarning: Accessing 'execution_date' from the template is deprecated and will be removed in a future version. Please use 'data_interval_start' or 'logical_date' instead.
[2022-12-05 05:10:31,794] {taskinstance.py:1426} INFO - Exporting the following env vars:
AIRFLOW_CTX_DAG_OWNER=***
AIRFLOW_CTX_DAG_ID=yellow_taxi_2_bq_dag
AIRFLOW_CTX_TASK_ID=remodel_data_type_task
AIRFLOW_CTX_EXECUTION_DATE=2020-04-02T06:00:00+00:00
AIRFLOW_CTX_DAG_RUN_ID=scheduled__2020-04-02T06:00:00+00:00
[2022-12-05 05:10:34,191] {python.py:175} INFO - Done. Returned value was: None
[2022-12-05 05:10:34,217] {taskinstance.py:1277} INFO - Marking task as SUCCESS. dag_id=yellow_taxi_2_bq_dag, task_id=remodel_data_type_task, execution_date=20200402T060000, start_date=20221205T051031, end_date=20221205T051034
[2022-12-05 05:10:34,293] {local_task_job.py:154} INFO - Task exited with return code 0
[2022-12-05 05:10:34,382] {local_task_job.py:264} INFO - 1 downstream tasks scheduled from follow-on schedule check
