[2022-12-05 03:55:09,649] {taskinstance.py:1032} INFO - Dependencies all met for <TaskInstance: yellow_taxi_2_bq_dag.remodel_data_type_task scheduled__2019-10-02T06:00:00+00:00 [queued]>
[2022-12-05 03:55:09,681] {taskinstance.py:1032} INFO - Dependencies all met for <TaskInstance: yellow_taxi_2_bq_dag.remodel_data_type_task scheduled__2019-10-02T06:00:00+00:00 [queued]>
[2022-12-05 03:55:09,682] {taskinstance.py:1238} INFO - 
--------------------------------------------------------------------------------
[2022-12-05 03:55:09,683] {taskinstance.py:1239} INFO - Starting attempt 1 of 1
[2022-12-05 03:55:09,683] {taskinstance.py:1240} INFO - 
--------------------------------------------------------------------------------
[2022-12-05 03:55:09,720] {taskinstance.py:1259} INFO - Executing <Task(PythonOperator): remodel_data_type_task> on 2019-10-02 06:00:00+00:00
[2022-12-05 03:55:09,729] {standard_task_runner.py:52} INFO - Started process 10296 to run task
[2022-12-05 03:55:09,739] {standard_task_runner.py:76} INFO - Running: ['***', 'tasks', 'run', 'yellow_taxi_2_bq_dag', 'remodel_data_type_task', 'scheduled__2019-10-02T06:00:00+00:00', '--job-id', '455', '--raw', '--subdir', 'DAGS_FOLDER/data_ingestation_gcp.py', '--cfg-path', '/tmp/tmp1t5i5z4g', '--error-file', '/tmp/tmpsmpj3d7j']
[2022-12-05 03:55:09,741] {standard_task_runner.py:77} INFO - Job 455: Subtask remodel_data_type_task
[2022-12-05 03:55:09,867] {logging_mixin.py:109} INFO - Running <TaskInstance: yellow_taxi_2_bq_dag.remodel_data_type_task scheduled__2019-10-02T06:00:00+00:00 [running]> on host 9b5bfd347476
[2022-12-05 03:55:09,991] {logging_mixin.py:109} WARNING - /home/***/.local/lib/python3.7/site-packages/***/utils/context.py:152 AirflowContextDeprecationWarning: Accessing 'execution_date' from the template is deprecated and will be removed in a future version. Please use 'data_interval_start' or 'logical_date' instead.
[2022-12-05 03:55:10,040] {taskinstance.py:1426} INFO - Exporting the following env vars:
AIRFLOW_CTX_DAG_OWNER=***
AIRFLOW_CTX_DAG_ID=yellow_taxi_2_bq_dag
AIRFLOW_CTX_TASK_ID=remodel_data_type_task
AIRFLOW_CTX_EXECUTION_DATE=2019-10-02T06:00:00+00:00
AIRFLOW_CTX_DAG_RUN_ID=scheduled__2019-10-02T06:00:00+00:00
[2022-12-05 03:56:21,940] {python.py:175} INFO - Done. Returned value was: None
[2022-12-05 03:56:22,000] {taskinstance.py:1277} INFO - Marking task as SUCCESS. dag_id=yellow_taxi_2_bq_dag, task_id=remodel_data_type_task, execution_date=20191002T060000, start_date=20221205T035509, end_date=20221205T035621
[2022-12-05 03:56:23,882] {local_task_job.py:154} INFO - Task exited with return code 0
[2022-12-05 03:56:24,092] {local_task_job.py:264} INFO - 0 downstream tasks scheduled from follow-on schedule check
