[2022-11-27 04:58:46,695] {taskinstance.py:1032} INFO - Dependencies all met for <TaskInstance: data_ingestation_gcp_dag.download_dataset_task scheduled__2020-09-02T06:00:00+00:00 [queued]>
[2022-11-27 04:58:46,775] {taskinstance.py:1032} INFO - Dependencies all met for <TaskInstance: data_ingestation_gcp_dag.download_dataset_task scheduled__2020-09-02T06:00:00+00:00 [queued]>
[2022-11-27 04:58:46,778] {taskinstance.py:1238} INFO - 
--------------------------------------------------------------------------------
[2022-11-27 04:58:46,780] {taskinstance.py:1239} INFO - Starting attempt 1 of 1
[2022-11-27 04:58:46,783] {taskinstance.py:1240} INFO - 
--------------------------------------------------------------------------------
[2022-11-27 04:58:46,931] {taskinstance.py:1259} INFO - Executing <Task(BashOperator): download_dataset_task> on 2020-09-02 06:00:00+00:00
[2022-11-27 04:58:46,954] {standard_task_runner.py:52} INFO - Started process 2336 to run task
[2022-11-27 04:58:46,992] {standard_task_runner.py:76} INFO - Running: ['***', 'tasks', 'run', 'data_ingestation_gcp_dag', 'download_dataset_task', 'scheduled__2020-09-02T06:00:00+00:00', '--job-id', '194', '--raw', '--subdir', 'DAGS_FOLDER/data_ingestation_gcp.py', '--cfg-path', '/tmp/tmpk17kbhf5', '--error-file', '/tmp/tmpdzprq90x']
[2022-11-27 04:58:46,997] {standard_task_runner.py:77} INFO - Job 194: Subtask download_dataset_task
[2022-11-27 04:58:47,455] {logging_mixin.py:109} INFO - Running <TaskInstance: data_ingestation_gcp_dag.download_dataset_task scheduled__2020-09-02T06:00:00+00:00 [running]> on host 410f3484ae43
[2022-11-27 04:58:47,835] {logging_mixin.py:109} WARNING - /home/***/.local/lib/python3.7/site-packages/***/utils/context.py:152 AirflowContextDeprecationWarning: Accessing 'execution_date' from the template is deprecated and will be removed in a future version. Please use 'data_interval_start' or 'logical_date' instead.
[2022-11-27 04:58:47,931] {taskinstance.py:1426} INFO - Exporting the following env vars:
AIRFLOW_CTX_DAG_OWNER=***
AIRFLOW_CTX_DAG_ID=data_ingestation_gcp_dag
AIRFLOW_CTX_TASK_ID=download_dataset_task
AIRFLOW_CTX_EXECUTION_DATE=2020-09-02T06:00:00+00:00
AIRFLOW_CTX_DAG_RUN_ID=scheduled__2020-09-02T06:00:00+00:00
[2022-11-27 04:58:47,942] {subprocess.py:62} INFO - Tmp dir root location: 
 /tmp
[2022-11-27 04:58:47,947] {subprocess.py:74} INFO - Running command: ['bash', '-c', 'curl -sSLf https://d37ci6vzurychx.cloudfront.net/trip-data/yellow_tripdata_2020-09.parquet > /opt/***/output_2020-09.parquet']
[2022-11-27 04:58:47,987] {subprocess.py:85} INFO - Output:
[2022-11-27 04:58:57,142] {subprocess.py:93} INFO - Command exited with return code 0
[2022-11-27 04:58:57,232] {taskinstance.py:1277} INFO - Marking task as SUCCESS. dag_id=data_ingestation_gcp_dag, task_id=download_dataset_task, execution_date=20200902T060000, start_date=20221127T045846, end_date=20221127T045857
[2022-11-27 04:58:57,315] {local_task_job.py:154} INFO - Task exited with return code 0
[2022-11-27 04:58:57,455] {local_task_job.py:264} INFO - 1 downstream tasks scheduled from follow-on schedule check
