[2022-12-05 04:54:10,972] {taskinstance.py:1032} INFO - Dependencies all met for <TaskInstance: yellow_taxi_2_bq_dag.download_dataset_task scheduled__2019-08-02T06:00:00+00:00 [queued]>
[2022-12-05 04:54:11,000] {taskinstance.py:1032} INFO - Dependencies all met for <TaskInstance: yellow_taxi_2_bq_dag.download_dataset_task scheduled__2019-08-02T06:00:00+00:00 [queued]>
[2022-12-05 04:54:11,000] {taskinstance.py:1238} INFO - 
--------------------------------------------------------------------------------
[2022-12-05 04:54:11,001] {taskinstance.py:1239} INFO - Starting attempt 2 of 2
[2022-12-05 04:54:11,002] {taskinstance.py:1240} INFO - 
--------------------------------------------------------------------------------
[2022-12-05 04:54:11,029] {taskinstance.py:1259} INFO - Executing <Task(BashOperator): download_dataset_task> on 2019-08-02 06:00:00+00:00
[2022-12-05 04:54:11,037] {standard_task_runner.py:52} INFO - Started process 18110 to run task
[2022-12-05 04:54:11,044] {standard_task_runner.py:76} INFO - Running: ['***', 'tasks', 'run', 'yellow_taxi_2_bq_dag', 'download_dataset_task', 'scheduled__2019-08-02T06:00:00+00:00', '--job-id', '569', '--raw', '--subdir', 'DAGS_FOLDER/data_ingestation_gcp.py', '--cfg-path', '/tmp/tmpjnkd9vo1', '--error-file', '/tmp/tmpqw6jt53r']
[2022-12-05 04:54:11,053] {standard_task_runner.py:77} INFO - Job 569: Subtask download_dataset_task
[2022-12-05 04:54:11,196] {logging_mixin.py:109} INFO - Running <TaskInstance: yellow_taxi_2_bq_dag.download_dataset_task scheduled__2019-08-02T06:00:00+00:00 [running]> on host 9b5bfd347476
[2022-12-05 04:54:11,316] {logging_mixin.py:109} WARNING - /home/***/.local/lib/python3.7/site-packages/***/utils/context.py:152 AirflowContextDeprecationWarning: Accessing 'execution_date' from the template is deprecated and will be removed in a future version. Please use 'data_interval_start' or 'logical_date' instead.
[2022-12-05 04:54:11,344] {taskinstance.py:1426} INFO - Exporting the following env vars:
AIRFLOW_CTX_DAG_OWNER=***
AIRFLOW_CTX_DAG_ID=yellow_taxi_2_bq_dag
AIRFLOW_CTX_TASK_ID=download_dataset_task
AIRFLOW_CTX_EXECUTION_DATE=2019-08-02T06:00:00+00:00
AIRFLOW_CTX_DAG_RUN_ID=scheduled__2019-08-02T06:00:00+00:00
[2022-12-05 04:54:11,347] {subprocess.py:62} INFO - Tmp dir root location: 
 /tmp
[2022-12-05 04:54:11,349] {subprocess.py:74} INFO - Running command: ['bash', '-c', 'curl -sSLf https://d37ci6vzurychx.cloudfront.net/trip-data/yellow_tripdata_2019-08.parquet > /opt/***/output_2019-08.parquet']
[2022-12-05 04:54:11,362] {subprocess.py:85} INFO - Output:
[2022-12-05 04:54:16,400] {subprocess.py:93} INFO - Command exited with return code 0
[2022-12-05 04:54:16,470] {taskinstance.py:1277} INFO - Marking task as SUCCESS. dag_id=yellow_taxi_2_bq_dag, task_id=download_dataset_task, execution_date=20190802T060000, start_date=20221205T045410, end_date=20221205T045416
[2022-12-05 04:54:16,526] {local_task_job.py:154} INFO - Task exited with return code 0
[2022-12-05 04:54:16,631] {dagrun.py:628} WARNING - Failed to get task '<TaskInstance: yellow_taxi_2_bq_dag.bq_ext_2_part_task scheduled__2019-08-02T06:00:00+00:00 [removed]>' for dag 'yellow_taxi_2_bq_dag'. Marking it as removed.
[2022-12-05 04:54:16,666] {local_task_job.py:264} INFO - 1 downstream tasks scheduled from follow-on schedule check
