[2022-11-27 04:45:46,687] {taskinstance.py:1032} INFO - Dependencies all met for <TaskInstance: data_ingestation_gcp_dag.bigquery_external_table_task scheduled__2019-01-02T06:00:00+00:00 [queued]>
[2022-11-27 04:45:46,773] {taskinstance.py:1032} INFO - Dependencies all met for <TaskInstance: data_ingestation_gcp_dag.bigquery_external_table_task scheduled__2019-01-02T06:00:00+00:00 [queued]>
[2022-11-27 04:45:46,776] {taskinstance.py:1238} INFO - 
--------------------------------------------------------------------------------
[2022-11-27 04:45:46,779] {taskinstance.py:1239} INFO - Starting attempt 2 of 2
[2022-11-27 04:45:46,782] {taskinstance.py:1240} INFO - 
--------------------------------------------------------------------------------
[2022-11-27 04:45:46,892] {taskinstance.py:1259} INFO - Executing <Task(BigQueryCreateExternalTableOperator): bigquery_external_table_task> on 2019-01-02 06:00:00+00:00
[2022-11-27 04:45:46,927] {standard_task_runner.py:52} INFO - Started process 781 to run task
[2022-11-27 04:45:46,965] {standard_task_runner.py:76} INFO - Running: ['***', 'tasks', 'run', 'data_ingestation_gcp_dag', 'bigquery_external_table_task', 'scheduled__2019-01-02T06:00:00+00:00', '--job-id', '147', '--raw', '--subdir', 'DAGS_FOLDER/data_ingestation_gcp.py', '--cfg-path', '/tmp/tmpy4ncgzl_', '--error-file', '/tmp/tmpnmgpwsqj']
[2022-11-27 04:45:46,969] {standard_task_runner.py:77} INFO - Job 147: Subtask bigquery_external_table_task
[2022-11-27 04:45:47,258] {logging_mixin.py:109} INFO - Running <TaskInstance: data_ingestation_gcp_dag.bigquery_external_table_task scheduled__2019-01-02T06:00:00+00:00 [running]> on host 410f3484ae43
[2022-11-27 04:45:47,554] {logging_mixin.py:109} WARNING - /home/***/.local/lib/python3.7/site-packages/***/utils/context.py:152 AirflowContextDeprecationWarning: Accessing 'execution_date' from the template is deprecated and will be removed in a future version. Please use 'data_interval_start' or 'logical_date' instead.
[2022-11-27 04:45:47,636] {taskinstance.py:1426} INFO - Exporting the following env vars:
AIRFLOW_CTX_DAG_OWNER=***
AIRFLOW_CTX_DAG_ID=data_ingestation_gcp_dag
AIRFLOW_CTX_TASK_ID=bigquery_external_table_task
AIRFLOW_CTX_EXECUTION_DATE=2019-01-02T06:00:00+00:00
AIRFLOW_CTX_DAG_RUN_ID=scheduled__2019-01-02T06:00:00+00:00
[2022-11-27 04:45:47,644] {crypto.py:82} WARNING - empty cryptography key - values will not be stored encrypted.
[2022-11-27 04:45:48,845] {taskinstance.py:1277} INFO - Marking task as SUCCESS. dag_id=data_ingestation_gcp_dag, task_id=bigquery_external_table_task, execution_date=20190102T060000, start_date=20221127T044546, end_date=20221127T044548
[2022-11-27 04:45:49,002] {local_task_job.py:154} INFO - Task exited with return code 0
[2022-11-27 04:45:49,201] {local_task_job.py:264} INFO - 0 downstream tasks scheduled from follow-on schedule check
[2022-11-27 04:45:49,313] {dagrun.py:545} INFO - Marking run <DagRun data_ingestation_gcp_dag @ 2019-01-02 06:00:00+00:00: scheduled__2019-01-02T06:00:00+00:00, externally triggered: False> successful
[2022-11-27 04:45:49,319] {dagrun.py:605} INFO - DagRun Finished: dag_id=data_ingestation_gcp_dag, execution_date=2019-01-02 06:00:00+00:00, run_id=scheduled__2019-01-02T06:00:00+00:00, run_start_date=2022-11-27 04:43:25.971757+00:00, run_end_date=2022-11-27 04:45:49.319126+00:00, run_duration=143.347369, state=success, external_trigger=False, run_type=scheduled, data_interval_start=2019-01-02 06:00:00+00:00, data_interval_end=2019-02-02 06:00:00+00:00, dag_hash=e0c64013fa98ef354af0de21f539ec52
