[2022-12-05 03:32:37,536] {taskinstance.py:1032} INFO - Dependencies all met for <TaskInstance: yellow_taxi_2_bq_dag.download_dataset_task scheduled__2019-03-02T06:00:00+00:00 [queued]>
[2022-12-05 03:32:37,564] {taskinstance.py:1032} INFO - Dependencies all met for <TaskInstance: yellow_taxi_2_bq_dag.download_dataset_task scheduled__2019-03-02T06:00:00+00:00 [queued]>
[2022-12-05 03:32:37,565] {taskinstance.py:1238} INFO - 
--------------------------------------------------------------------------------
[2022-12-05 03:32:37,566] {taskinstance.py:1239} INFO - Starting attempt 2 of 2
[2022-12-05 03:32:37,566] {taskinstance.py:1240} INFO - 
--------------------------------------------------------------------------------
[2022-12-05 03:32:37,595] {taskinstance.py:1259} INFO - Executing <Task(BashOperator): download_dataset_task> on 2019-03-02 06:00:00+00:00
[2022-12-05 03:32:37,604] {standard_task_runner.py:52} INFO - Started process 6949 to run task
[2022-12-05 03:32:37,610] {standard_task_runner.py:76} INFO - Running: ['***', 'tasks', 'run', 'yellow_taxi_2_bq_dag', 'download_dataset_task', 'scheduled__2019-03-02T06:00:00+00:00', '--job-id', '408', '--raw', '--subdir', 'DAGS_FOLDER/data_ingestation_gcp.py', '--cfg-path', '/tmp/tmpec1ly8uj', '--error-file', '/tmp/tmpucswbx6c']
[2022-12-05 03:32:37,612] {standard_task_runner.py:77} INFO - Job 408: Subtask download_dataset_task
[2022-12-05 03:32:37,706] {logging_mixin.py:109} INFO - Running <TaskInstance: yellow_taxi_2_bq_dag.download_dataset_task scheduled__2019-03-02T06:00:00+00:00 [running]> on host 9b5bfd347476
[2022-12-05 03:32:37,816] {logging_mixin.py:109} WARNING - /home/***/.local/lib/python3.7/site-packages/***/utils/context.py:152 AirflowContextDeprecationWarning: Accessing 'execution_date' from the template is deprecated and will be removed in a future version. Please use 'data_interval_start' or 'logical_date' instead.
[2022-12-05 03:32:37,848] {taskinstance.py:1426} INFO - Exporting the following env vars:
AIRFLOW_CTX_DAG_OWNER=***
AIRFLOW_CTX_DAG_ID=yellow_taxi_2_bq_dag
AIRFLOW_CTX_TASK_ID=download_dataset_task
AIRFLOW_CTX_EXECUTION_DATE=2019-03-02T06:00:00+00:00
AIRFLOW_CTX_DAG_RUN_ID=scheduled__2019-03-02T06:00:00+00:00
[2022-12-05 03:32:37,851] {subprocess.py:62} INFO - Tmp dir root location: 
 /tmp
[2022-12-05 03:32:37,852] {subprocess.py:74} INFO - Running command: ['bash', '-c', 'curl -sSLf https://d37ci6vzurychx.cloudfront.net/trip-data/yellow_tripdata_2019-03.parquet > /opt/***/output_2019-03.parquet']
[2022-12-05 03:32:37,874] {subprocess.py:85} INFO - Output:
[2022-12-05 03:32:43,956] {subprocess.py:93} INFO - Command exited with return code 0
[2022-12-05 03:32:44,045] {taskinstance.py:1277} INFO - Marking task as SUCCESS. dag_id=yellow_taxi_2_bq_dag, task_id=download_dataset_task, execution_date=20190302T060000, start_date=20221205T033237, end_date=20221205T033244
[2022-12-05 03:32:44,102] {local_task_job.py:154} INFO - Task exited with return code 0
[2022-12-05 03:32:44,184] {local_task_job.py:264} INFO - 1 downstream tasks scheduled from follow-on schedule check
