[2022-12-05 04:47:21,796] {taskinstance.py:1032} INFO - Dependencies all met for <TaskInstance: yellow_taxi_2_bq_dag.gcs_2_bq_ext_task scheduled__2019-04-02T06:00:00+00:00 [queued]>
[2022-12-05 04:47:21,835] {taskinstance.py:1032} INFO - Dependencies all met for <TaskInstance: yellow_taxi_2_bq_dag.gcs_2_bq_ext_task scheduled__2019-04-02T06:00:00+00:00 [queued]>
[2022-12-05 04:47:21,836] {taskinstance.py:1238} INFO - 
--------------------------------------------------------------------------------
[2022-12-05 04:47:21,837] {taskinstance.py:1239} INFO - Starting attempt 2 of 3
[2022-12-05 04:47:21,838] {taskinstance.py:1240} INFO - 
--------------------------------------------------------------------------------
[2022-12-05 04:47:21,878] {taskinstance.py:1259} INFO - Executing <Task(BigQueryCreateExternalTableOperator): gcs_2_bq_ext_task> on 2019-04-02 06:00:00+00:00
[2022-12-05 04:47:21,889] {standard_task_runner.py:52} INFO - Started process 17086 to run task
[2022-12-05 04:47:21,897] {standard_task_runner.py:76} INFO - Running: ['***', 'tasks', 'run', 'yellow_taxi_2_bq_dag', 'gcs_2_bq_ext_task', 'scheduled__2019-04-02T06:00:00+00:00', '--job-id', '553', '--raw', '--subdir', 'DAGS_FOLDER/data_ingestation_gcp.py', '--cfg-path', '/tmp/tmp3kijs3b0', '--error-file', '/tmp/tmpzjw8hzx5']
[2022-12-05 04:47:21,900] {standard_task_runner.py:77} INFO - Job 553: Subtask gcs_2_bq_ext_task
[2022-12-05 04:47:22,071] {logging_mixin.py:109} INFO - Running <TaskInstance: yellow_taxi_2_bq_dag.gcs_2_bq_ext_task scheduled__2019-04-02T06:00:00+00:00 [running]> on host 9b5bfd347476
[2022-12-05 04:47:22,254] {taskinstance.py:1426} INFO - Exporting the following env vars:
AIRFLOW_CTX_DAG_OWNER=***
AIRFLOW_CTX_DAG_ID=yellow_taxi_2_bq_dag
AIRFLOW_CTX_TASK_ID=gcs_2_bq_ext_task
AIRFLOW_CTX_EXECUTION_DATE=2019-04-02T06:00:00+00:00
AIRFLOW_CTX_DAG_RUN_ID=scheduled__2019-04-02T06:00:00+00:00
[2022-12-05 04:47:22,260] {crypto.py:82} WARNING - empty cryptography key - values will not be stored encrypted.
[2022-12-05 04:47:23,001] {taskinstance.py:1277} INFO - Marking task as SUCCESS. dag_id=yellow_taxi_2_bq_dag, task_id=gcs_2_bq_ext_task, execution_date=20190402T060000, start_date=20221205T044721, end_date=20221205T044723
[2022-12-05 04:47:23,088] {local_task_job.py:154} INFO - Task exited with return code 0
[2022-12-05 04:47:23,183] {local_task_job.py:264} INFO - 0 downstream tasks scheduled from follow-on schedule check
