[2022-11-24 06:48:58,494] {taskinstance.py:1032} INFO - Dependencies all met for <TaskInstance: LocalIngestationDag.ingestation scheduled__2021-05-02T06:00:00+00:00 [queued]>
[2022-11-24 06:48:58,749] {taskinstance.py:1032} INFO - Dependencies all met for <TaskInstance: LocalIngestationDag.ingestation scheduled__2021-05-02T06:00:00+00:00 [queued]>
[2022-11-24 06:48:58,752] {taskinstance.py:1238} INFO - 
--------------------------------------------------------------------------------
[2022-11-24 06:48:58,753] {taskinstance.py:1239} INFO - Starting attempt 1 of 1
[2022-11-24 06:48:58,754] {taskinstance.py:1240} INFO - 
--------------------------------------------------------------------------------
[2022-11-24 06:48:58,875] {taskinstance.py:1259} INFO - Executing <Task(BashOperator): ingestation> on 2021-05-02 06:00:00+00:00
[2022-11-24 06:48:58,913] {standard_task_runner.py:52} INFO - Started process 1541 to run task
[2022-11-24 06:48:58,923] {standard_task_runner.py:76} INFO - Running: ['***', 'tasks', 'run', 'LocalIngestationDag', 'ingestation', 'scheduled__2021-05-02T06:00:00+00:00', '--job-id', '14', '--raw', '--subdir', 'DAGS_FOLDER/data_ingestation.py', '--cfg-path', '/tmp/tmpyvgwul2s', '--error-file', '/tmp/tmp5jznh3ji']
[2022-11-24 06:48:58,929] {standard_task_runner.py:77} INFO - Job 14: Subtask ingestation
[2022-11-24 06:48:59,359] {logging_mixin.py:109} INFO - Running <TaskInstance: LocalIngestationDag.ingestation scheduled__2021-05-02T06:00:00+00:00 [running]> on host d01293c252ef
[2022-11-24 06:49:00,026] {taskinstance.py:1426} INFO - Exporting the following env vars:
AIRFLOW_CTX_DAG_OWNER=***
AIRFLOW_CTX_DAG_ID=LocalIngestationDag
AIRFLOW_CTX_TASK_ID=ingestation
AIRFLOW_CTX_EXECUTION_DATE=2021-05-02T06:00:00+00:00
AIRFLOW_CTX_DAG_RUN_ID=scheduled__2021-05-02T06:00:00+00:00
[2022-11-24 06:49:00,030] {subprocess.py:62} INFO - Tmp dir root location: 
 /tmp
[2022-11-24 06:49:00,042] {subprocess.py:74} INFO - Running command: ['bash', '-c', 'echo "Ingestation start"']
[2022-11-24 06:49:00,135] {subprocess.py:85} INFO - Output:
[2022-11-24 06:49:00,332] {subprocess.py:89} INFO - Ingestation start
[2022-11-24 06:49:00,351] {subprocess.py:93} INFO - Command exited with return code 0
[2022-11-24 06:49:01,021] {taskinstance.py:1277} INFO - Marking task as SUCCESS. dag_id=LocalIngestationDag, task_id=ingestation, execution_date=20210502T060000, start_date=20221124T064858, end_date=20221124T064901
[2022-11-24 06:49:01,361] {local_task_job.py:154} INFO - Task exited with return code 0
[2022-11-24 06:49:01,639] {local_task_job.py:264} INFO - 0 downstream tasks scheduled from follow-on schedule check
