[2022-11-27 16:29:30,111] {processor.py:163} INFO - Started process (PID=258) to work on /opt/airflow/dags/FHV_ingestation_dag.py
[2022-11-27 16:29:30,121] {processor.py:642} INFO - Processing file /opt/airflow/dags/FHV_ingestation_dag.py for tasks to queue
[2022-11-27 16:29:30,126] {logging_mixin.py:109} INFO - [2022-11-27 16:29:30,125] {dagbag.py:500} INFO - Filling up the DagBag from /opt/airflow/dags/FHV_ingestation_dag.py
[2022-11-27 16:29:32,283] {logging_mixin.py:109} INFO - [2022-11-27 16:29:32,260] {dagbag.py:334} ERROR - Failed to import: /opt/airflow/dags/FHV_ingestation_dag.py
Traceback (most recent call last):
  File "/home/airflow/.local/lib/python3.7/site-packages/airflow/models/dagbag.py", line 331, in _load_modules_from_file
    loader.exec_module(new_module)
  File "<frozen importlib._bootstrap_external>", line 728, in exec_module
  File "<frozen importlib._bootstrap>", line 219, in _call_with_frames_removed
  File "/opt/airflow/dags/FHV_ingestation_dag.py", line 88, in <module>
    bash_command=f'curl -sSLf {ZONE_URL_TEMPLATE} > {ZONE_CSV_TEMPLATE}'
  File "/home/airflow/.local/lib/python3.7/site-packages/airflow/models/baseoperator.py", line 188, in apply_defaults
    result = func(self, *args, **kwargs)
  File "/home/airflow/.local/lib/python3.7/site-packages/airflow/operators/bash.py", line 143, in __init__
    super().__init__(**kwargs)
  File "/home/airflow/.local/lib/python3.7/site-packages/airflow/models/baseoperator.py", line 188, in apply_defaults
    result = func(self, *args, **kwargs)
  File "/home/airflow/.local/lib/python3.7/site-packages/airflow/models/baseoperator.py", line 683, in __init__
    self.dag = dag or DagContext.get_current_dag()
  File "/home/airflow/.local/lib/python3.7/site-packages/airflow/models/baseoperator.py", line 789, in __setattr__
    super().__setattr__(key, value)
  File "/home/airflow/.local/lib/python3.7/site-packages/airflow/models/baseoperator.py", line 840, in dag
    dag.add_task(self)
  File "/home/airflow/.local/lib/python3.7/site-packages/airflow/models/dag.py", line 2139, in add_task
    raise AirflowException("Task is missing the start_date parameter")
airflow.exceptions.AirflowException: Task is missing the start_date parameter
[2022-11-27 16:29:32,339] {processor.py:656} WARNING - No viable dags retrieved from /opt/airflow/dags/FHV_ingestation_dag.py
[2022-11-27 16:29:32,402] {processor.py:171} INFO - Processing /opt/airflow/dags/FHV_ingestation_dag.py took 2.330 seconds
[2022-11-27 16:30:03,253] {processor.py:163} INFO - Started process (PID=304) to work on /opt/airflow/dags/FHV_ingestation_dag.py
[2022-11-27 16:30:03,264] {processor.py:642} INFO - Processing file /opt/airflow/dags/FHV_ingestation_dag.py for tasks to queue
[2022-11-27 16:30:03,269] {logging_mixin.py:109} INFO - [2022-11-27 16:30:03,268] {dagbag.py:500} INFO - Filling up the DagBag from /opt/airflow/dags/FHV_ingestation_dag.py
[2022-11-27 16:30:05,326] {logging_mixin.py:109} INFO - [2022-11-27 16:30:05,308] {dagbag.py:334} ERROR - Failed to import: /opt/airflow/dags/FHV_ingestation_dag.py
Traceback (most recent call last):
  File "/home/airflow/.local/lib/python3.7/site-packages/airflow/models/dagbag.py", line 331, in _load_modules_from_file
    loader.exec_module(new_module)
  File "<frozen importlib._bootstrap_external>", line 728, in exec_module
  File "<frozen importlib._bootstrap>", line 219, in _call_with_frames_removed
  File "/opt/airflow/dags/FHV_ingestation_dag.py", line 88, in <module>
    bash_command=f'curl -sSLf {ZONE_URL_TEMPLATE} > {ZONE_CSV_TEMPLATE}'
  File "/home/airflow/.local/lib/python3.7/site-packages/airflow/models/baseoperator.py", line 188, in apply_defaults
    result = func(self, *args, **kwargs)
  File "/home/airflow/.local/lib/python3.7/site-packages/airflow/operators/bash.py", line 143, in __init__
    super().__init__(**kwargs)
  File "/home/airflow/.local/lib/python3.7/site-packages/airflow/models/baseoperator.py", line 188, in apply_defaults
    result = func(self, *args, **kwargs)
  File "/home/airflow/.local/lib/python3.7/site-packages/airflow/models/baseoperator.py", line 683, in __init__
    self.dag = dag or DagContext.get_current_dag()
  File "/home/airflow/.local/lib/python3.7/site-packages/airflow/models/baseoperator.py", line 789, in __setattr__
    super().__setattr__(key, value)
  File "/home/airflow/.local/lib/python3.7/site-packages/airflow/models/baseoperator.py", line 840, in dag
    dag.add_task(self)
  File "/home/airflow/.local/lib/python3.7/site-packages/airflow/models/dag.py", line 2139, in add_task
    raise AirflowException("Task is missing the start_date parameter")
airflow.exceptions.AirflowException: Task is missing the start_date parameter
[2022-11-27 16:30:05,402] {processor.py:656} WARNING - No viable dags retrieved from /opt/airflow/dags/FHV_ingestation_dag.py
[2022-11-27 16:30:05,455] {processor.py:171} INFO - Processing /opt/airflow/dags/FHV_ingestation_dag.py took 2.221 seconds
[2022-11-27 16:30:36,079] {processor.py:163} INFO - Started process (PID=366) to work on /opt/airflow/dags/FHV_ingestation_dag.py
[2022-11-27 16:30:36,089] {processor.py:642} INFO - Processing file /opt/airflow/dags/FHV_ingestation_dag.py for tasks to queue
[2022-11-27 16:30:36,096] {logging_mixin.py:109} INFO - [2022-11-27 16:30:36,096] {dagbag.py:500} INFO - Filling up the DagBag from /opt/airflow/dags/FHV_ingestation_dag.py
[2022-11-27 16:30:38,726] {logging_mixin.py:109} INFO - [2022-11-27 16:30:38,706] {dagbag.py:334} ERROR - Failed to import: /opt/airflow/dags/FHV_ingestation_dag.py
Traceback (most recent call last):
  File "/home/airflow/.local/lib/python3.7/site-packages/airflow/models/dagbag.py", line 331, in _load_modules_from_file
    loader.exec_module(new_module)
  File "<frozen importlib._bootstrap_external>", line 728, in exec_module
  File "<frozen importlib._bootstrap>", line 219, in _call_with_frames_removed
  File "/opt/airflow/dags/FHV_ingestation_dag.py", line 88, in <module>
    bash_command=f'curl -sSLf {ZONE_URL_TEMPLATE} > {ZONE_CSV_TEMPLATE}'
  File "/home/airflow/.local/lib/python3.7/site-packages/airflow/models/baseoperator.py", line 188, in apply_defaults
    result = func(self, *args, **kwargs)
  File "/home/airflow/.local/lib/python3.7/site-packages/airflow/operators/bash.py", line 143, in __init__
    super().__init__(**kwargs)
  File "/home/airflow/.local/lib/python3.7/site-packages/airflow/models/baseoperator.py", line 188, in apply_defaults
    result = func(self, *args, **kwargs)
  File "/home/airflow/.local/lib/python3.7/site-packages/airflow/models/baseoperator.py", line 683, in __init__
    self.dag = dag or DagContext.get_current_dag()
  File "/home/airflow/.local/lib/python3.7/site-packages/airflow/models/baseoperator.py", line 789, in __setattr__
    super().__setattr__(key, value)
  File "/home/airflow/.local/lib/python3.7/site-packages/airflow/models/baseoperator.py", line 840, in dag
    dag.add_task(self)
  File "/home/airflow/.local/lib/python3.7/site-packages/airflow/models/dag.py", line 2139, in add_task
    raise AirflowException("Task is missing the start_date parameter")
airflow.exceptions.AirflowException: Task is missing the start_date parameter
[2022-11-27 16:30:38,803] {processor.py:656} WARNING - No viable dags retrieved from /opt/airflow/dags/FHV_ingestation_dag.py
[2022-11-27 16:30:38,850] {processor.py:171} INFO - Processing /opt/airflow/dags/FHV_ingestation_dag.py took 2.793 seconds
[2022-11-27 16:31:09,447] {processor.py:163} INFO - Started process (PID=428) to work on /opt/airflow/dags/FHV_ingestation_dag.py
[2022-11-27 16:31:09,461] {processor.py:642} INFO - Processing file /opt/airflow/dags/FHV_ingestation_dag.py for tasks to queue
[2022-11-27 16:31:09,467] {logging_mixin.py:109} INFO - [2022-11-27 16:31:09,467] {dagbag.py:500} INFO - Filling up the DagBag from /opt/airflow/dags/FHV_ingestation_dag.py
[2022-11-27 16:31:11,394] {logging_mixin.py:109} INFO - [2022-11-27 16:31:11,382] {dagbag.py:334} ERROR - Failed to import: /opt/airflow/dags/FHV_ingestation_dag.py
Traceback (most recent call last):
  File "/home/airflow/.local/lib/python3.7/site-packages/airflow/models/dagbag.py", line 331, in _load_modules_from_file
    loader.exec_module(new_module)
  File "<frozen importlib._bootstrap_external>", line 728, in exec_module
  File "<frozen importlib._bootstrap>", line 219, in _call_with_frames_removed
  File "/opt/airflow/dags/FHV_ingestation_dag.py", line 88, in <module>
    bash_command=f'curl -sSLf {ZONE_URL_TEMPLATE} > {ZONE_CSV_TEMPLATE}'
  File "/home/airflow/.local/lib/python3.7/site-packages/airflow/models/baseoperator.py", line 188, in apply_defaults
    result = func(self, *args, **kwargs)
  File "/home/airflow/.local/lib/python3.7/site-packages/airflow/operators/bash.py", line 143, in __init__
    super().__init__(**kwargs)
  File "/home/airflow/.local/lib/python3.7/site-packages/airflow/models/baseoperator.py", line 188, in apply_defaults
    result = func(self, *args, **kwargs)
  File "/home/airflow/.local/lib/python3.7/site-packages/airflow/models/baseoperator.py", line 683, in __init__
    self.dag = dag or DagContext.get_current_dag()
  File "/home/airflow/.local/lib/python3.7/site-packages/airflow/models/baseoperator.py", line 789, in __setattr__
    super().__setattr__(key, value)
  File "/home/airflow/.local/lib/python3.7/site-packages/airflow/models/baseoperator.py", line 840, in dag
    dag.add_task(self)
  File "/home/airflow/.local/lib/python3.7/site-packages/airflow/models/dag.py", line 2139, in add_task
    raise AirflowException("Task is missing the start_date parameter")
airflow.exceptions.AirflowException: Task is missing the start_date parameter
[2022-11-27 16:31:11,438] {processor.py:656} WARNING - No viable dags retrieved from /opt/airflow/dags/FHV_ingestation_dag.py
[2022-11-27 16:31:11,470] {processor.py:171} INFO - Processing /opt/airflow/dags/FHV_ingestation_dag.py took 2.051 seconds
[2022-11-27 16:31:41,773] {processor.py:163} INFO - Started process (PID=474) to work on /opt/airflow/dags/FHV_ingestation_dag.py
[2022-11-27 16:31:41,776] {processor.py:642} INFO - Processing file /opt/airflow/dags/FHV_ingestation_dag.py for tasks to queue
[2022-11-27 16:31:41,779] {logging_mixin.py:109} INFO - [2022-11-27 16:31:41,778] {dagbag.py:500} INFO - Filling up the DagBag from /opt/airflow/dags/FHV_ingestation_dag.py
[2022-11-27 16:31:42,832] {logging_mixin.py:109} INFO - [2022-11-27 16:31:42,822] {dagbag.py:334} ERROR - Failed to import: /opt/airflow/dags/FHV_ingestation_dag.py
Traceback (most recent call last):
  File "/home/airflow/.local/lib/python3.7/site-packages/airflow/models/dagbag.py", line 331, in _load_modules_from_file
    loader.exec_module(new_module)
  File "<frozen importlib._bootstrap_external>", line 728, in exec_module
  File "<frozen importlib._bootstrap>", line 219, in _call_with_frames_removed
  File "/opt/airflow/dags/FHV_ingestation_dag.py", line 88, in <module>
    bash_command=f'curl -sSLf {ZONE_URL_TEMPLATE} > {ZONE_CSV_TEMPLATE}'
  File "/home/airflow/.local/lib/python3.7/site-packages/airflow/models/baseoperator.py", line 188, in apply_defaults
    result = func(self, *args, **kwargs)
  File "/home/airflow/.local/lib/python3.7/site-packages/airflow/operators/bash.py", line 143, in __init__
    super().__init__(**kwargs)
  File "/home/airflow/.local/lib/python3.7/site-packages/airflow/models/baseoperator.py", line 188, in apply_defaults
    result = func(self, *args, **kwargs)
  File "/home/airflow/.local/lib/python3.7/site-packages/airflow/models/baseoperator.py", line 683, in __init__
    self.dag = dag or DagContext.get_current_dag()
  File "/home/airflow/.local/lib/python3.7/site-packages/airflow/models/baseoperator.py", line 789, in __setattr__
    super().__setattr__(key, value)
  File "/home/airflow/.local/lib/python3.7/site-packages/airflow/models/baseoperator.py", line 840, in dag
    dag.add_task(self)
  File "/home/airflow/.local/lib/python3.7/site-packages/airflow/models/dag.py", line 2139, in add_task
    raise AirflowException("Task is missing the start_date parameter")
airflow.exceptions.AirflowException: Task is missing the start_date parameter
[2022-11-27 16:31:42,866] {processor.py:656} WARNING - No viable dags retrieved from /opt/airflow/dags/FHV_ingestation_dag.py
[2022-11-27 16:31:42,890] {processor.py:171} INFO - Processing /opt/airflow/dags/FHV_ingestation_dag.py took 1.125 seconds
[2022-11-27 16:32:13,593] {processor.py:163} INFO - Started process (PID=536) to work on /opt/airflow/dags/FHV_ingestation_dag.py
[2022-11-27 16:32:13,597] {processor.py:642} INFO - Processing file /opt/airflow/dags/FHV_ingestation_dag.py for tasks to queue
[2022-11-27 16:32:13,599] {logging_mixin.py:109} INFO - [2022-11-27 16:32:13,599] {dagbag.py:500} INFO - Filling up the DagBag from /opt/airflow/dags/FHV_ingestation_dag.py
[2022-11-27 16:32:14,666] {logging_mixin.py:109} INFO - [2022-11-27 16:32:14,656] {dagbag.py:334} ERROR - Failed to import: /opt/airflow/dags/FHV_ingestation_dag.py
Traceback (most recent call last):
  File "/home/airflow/.local/lib/python3.7/site-packages/airflow/models/dagbag.py", line 331, in _load_modules_from_file
    loader.exec_module(new_module)
  File "<frozen importlib._bootstrap_external>", line 728, in exec_module
  File "<frozen importlib._bootstrap>", line 219, in _call_with_frames_removed
  File "/opt/airflow/dags/FHV_ingestation_dag.py", line 88, in <module>
    bash_command=f'curl -sSLf {ZONE_URL_TEMPLATE} > {ZONE_CSV_TEMPLATE}'
  File "/home/airflow/.local/lib/python3.7/site-packages/airflow/models/baseoperator.py", line 188, in apply_defaults
    result = func(self, *args, **kwargs)
  File "/home/airflow/.local/lib/python3.7/site-packages/airflow/operators/bash.py", line 143, in __init__
    super().__init__(**kwargs)
  File "/home/airflow/.local/lib/python3.7/site-packages/airflow/models/baseoperator.py", line 188, in apply_defaults
    result = func(self, *args, **kwargs)
  File "/home/airflow/.local/lib/python3.7/site-packages/airflow/models/baseoperator.py", line 683, in __init__
    self.dag = dag or DagContext.get_current_dag()
  File "/home/airflow/.local/lib/python3.7/site-packages/airflow/models/baseoperator.py", line 789, in __setattr__
    super().__setattr__(key, value)
  File "/home/airflow/.local/lib/python3.7/site-packages/airflow/models/baseoperator.py", line 840, in dag
    dag.add_task(self)
  File "/home/airflow/.local/lib/python3.7/site-packages/airflow/models/dag.py", line 2139, in add_task
    raise AirflowException("Task is missing the start_date parameter")
airflow.exceptions.AirflowException: Task is missing the start_date parameter
[2022-11-27 16:32:14,702] {processor.py:656} WARNING - No viable dags retrieved from /opt/airflow/dags/FHV_ingestation_dag.py
[2022-11-27 16:32:14,726] {processor.py:171} INFO - Processing /opt/airflow/dags/FHV_ingestation_dag.py took 1.141 seconds
[2022-11-27 16:32:45,146] {processor.py:163} INFO - Started process (PID=582) to work on /opt/airflow/dags/FHV_ingestation_dag.py
[2022-11-27 16:32:45,150] {processor.py:642} INFO - Processing file /opt/airflow/dags/FHV_ingestation_dag.py for tasks to queue
[2022-11-27 16:32:45,153] {logging_mixin.py:109} INFO - [2022-11-27 16:32:45,152] {dagbag.py:500} INFO - Filling up the DagBag from /opt/airflow/dags/FHV_ingestation_dag.py
[2022-11-27 16:32:46,174] {logging_mixin.py:109} INFO - [2022-11-27 16:32:46,164] {dagbag.py:334} ERROR - Failed to import: /opt/airflow/dags/FHV_ingestation_dag.py
Traceback (most recent call last):
  File "/home/airflow/.local/lib/python3.7/site-packages/airflow/models/dagbag.py", line 331, in _load_modules_from_file
    loader.exec_module(new_module)
  File "<frozen importlib._bootstrap_external>", line 728, in exec_module
  File "<frozen importlib._bootstrap>", line 219, in _call_with_frames_removed
  File "/opt/airflow/dags/FHV_ingestation_dag.py", line 88, in <module>
    bash_command=f'curl -sSLf {ZONE_URL_TEMPLATE} > {ZONE_CSV_TEMPLATE}'
  File "/home/airflow/.local/lib/python3.7/site-packages/airflow/models/baseoperator.py", line 188, in apply_defaults
    result = func(self, *args, **kwargs)
  File "/home/airflow/.local/lib/python3.7/site-packages/airflow/operators/bash.py", line 143, in __init__
    super().__init__(**kwargs)
  File "/home/airflow/.local/lib/python3.7/site-packages/airflow/models/baseoperator.py", line 188, in apply_defaults
    result = func(self, *args, **kwargs)
  File "/home/airflow/.local/lib/python3.7/site-packages/airflow/models/baseoperator.py", line 683, in __init__
    self.dag = dag or DagContext.get_current_dag()
  File "/home/airflow/.local/lib/python3.7/site-packages/airflow/models/baseoperator.py", line 789, in __setattr__
    super().__setattr__(key, value)
  File "/home/airflow/.local/lib/python3.7/site-packages/airflow/models/baseoperator.py", line 840, in dag
    dag.add_task(self)
  File "/home/airflow/.local/lib/python3.7/site-packages/airflow/models/dag.py", line 2139, in add_task
    raise AirflowException("Task is missing the start_date parameter")
airflow.exceptions.AirflowException: Task is missing the start_date parameter
[2022-11-27 16:32:46,207] {processor.py:656} WARNING - No viable dags retrieved from /opt/airflow/dags/FHV_ingestation_dag.py
[2022-11-27 16:32:46,230] {processor.py:171} INFO - Processing /opt/airflow/dags/FHV_ingestation_dag.py took 1.094 seconds
[2022-11-27 16:33:16,509] {processor.py:163} INFO - Started process (PID=644) to work on /opt/airflow/dags/FHV_ingestation_dag.py
[2022-11-27 16:33:16,513] {processor.py:642} INFO - Processing file /opt/airflow/dags/FHV_ingestation_dag.py for tasks to queue
[2022-11-27 16:33:16,516] {logging_mixin.py:109} INFO - [2022-11-27 16:33:16,515] {dagbag.py:500} INFO - Filling up the DagBag from /opt/airflow/dags/FHV_ingestation_dag.py
[2022-11-27 16:33:17,634] {logging_mixin.py:109} INFO - [2022-11-27 16:33:17,625] {dagbag.py:334} ERROR - Failed to import: /opt/airflow/dags/FHV_ingestation_dag.py
Traceback (most recent call last):
  File "/home/airflow/.local/lib/python3.7/site-packages/airflow/models/dagbag.py", line 331, in _load_modules_from_file
    loader.exec_module(new_module)
  File "<frozen importlib._bootstrap_external>", line 728, in exec_module
  File "<frozen importlib._bootstrap>", line 219, in _call_with_frames_removed
  File "/opt/airflow/dags/FHV_ingestation_dag.py", line 88, in <module>
    bash_command=f'curl -sSLf {ZONE_URL_TEMPLATE} > {ZONE_CSV_TEMPLATE}'
  File "/home/airflow/.local/lib/python3.7/site-packages/airflow/models/baseoperator.py", line 188, in apply_defaults
    result = func(self, *args, **kwargs)
  File "/home/airflow/.local/lib/python3.7/site-packages/airflow/operators/bash.py", line 143, in __init__
    super().__init__(**kwargs)
  File "/home/airflow/.local/lib/python3.7/site-packages/airflow/models/baseoperator.py", line 188, in apply_defaults
    result = func(self, *args, **kwargs)
  File "/home/airflow/.local/lib/python3.7/site-packages/airflow/models/baseoperator.py", line 683, in __init__
    self.dag = dag or DagContext.get_current_dag()
  File "/home/airflow/.local/lib/python3.7/site-packages/airflow/models/baseoperator.py", line 789, in __setattr__
    super().__setattr__(key, value)
  File "/home/airflow/.local/lib/python3.7/site-packages/airflow/models/baseoperator.py", line 840, in dag
    dag.add_task(self)
  File "/home/airflow/.local/lib/python3.7/site-packages/airflow/models/dag.py", line 2139, in add_task
    raise AirflowException("Task is missing the start_date parameter")
airflow.exceptions.AirflowException: Task is missing the start_date parameter
[2022-11-27 16:33:17,667] {processor.py:656} WARNING - No viable dags retrieved from /opt/airflow/dags/FHV_ingestation_dag.py
[2022-11-27 16:33:17,690] {processor.py:171} INFO - Processing /opt/airflow/dags/FHV_ingestation_dag.py took 1.189 seconds
[2022-11-27 16:33:48,163] {processor.py:163} INFO - Started process (PID=704) to work on /opt/airflow/dags/FHV_ingestation_dag.py
[2022-11-27 16:33:48,168] {processor.py:642} INFO - Processing file /opt/airflow/dags/FHV_ingestation_dag.py for tasks to queue
[2022-11-27 16:33:48,170] {logging_mixin.py:109} INFO - [2022-11-27 16:33:48,170] {dagbag.py:500} INFO - Filling up the DagBag from /opt/airflow/dags/FHV_ingestation_dag.py
[2022-11-27 16:33:49,443] {logging_mixin.py:109} INFO - [2022-11-27 16:33:49,428] {dagbag.py:334} ERROR - Failed to import: /opt/airflow/dags/FHV_ingestation_dag.py
Traceback (most recent call last):
  File "/home/airflow/.local/lib/python3.7/site-packages/airflow/models/dagbag.py", line 331, in _load_modules_from_file
    loader.exec_module(new_module)
  File "<frozen importlib._bootstrap_external>", line 728, in exec_module
  File "<frozen importlib._bootstrap>", line 219, in _call_with_frames_removed
  File "/opt/airflow/dags/FHV_ingestation_dag.py", line 88, in <module>
    bash_command=f'curl -sSLf {ZONE_URL_TEMPLATE} > {ZONE_CSV_TEMPLATE}'
  File "/home/airflow/.local/lib/python3.7/site-packages/airflow/models/baseoperator.py", line 188, in apply_defaults
    result = func(self, *args, **kwargs)
  File "/home/airflow/.local/lib/python3.7/site-packages/airflow/operators/bash.py", line 143, in __init__
    super().__init__(**kwargs)
  File "/home/airflow/.local/lib/python3.7/site-packages/airflow/models/baseoperator.py", line 188, in apply_defaults
    result = func(self, *args, **kwargs)
  File "/home/airflow/.local/lib/python3.7/site-packages/airflow/models/baseoperator.py", line 683, in __init__
    self.dag = dag or DagContext.get_current_dag()
  File "/home/airflow/.local/lib/python3.7/site-packages/airflow/models/baseoperator.py", line 789, in __setattr__
    super().__setattr__(key, value)
  File "/home/airflow/.local/lib/python3.7/site-packages/airflow/models/baseoperator.py", line 840, in dag
    dag.add_task(self)
  File "/home/airflow/.local/lib/python3.7/site-packages/airflow/models/dag.py", line 2139, in add_task
    raise AirflowException("Task is missing the start_date parameter")
airflow.exceptions.AirflowException: Task is missing the start_date parameter
[2022-11-27 16:33:49,506] {processor.py:656} WARNING - No viable dags retrieved from /opt/airflow/dags/FHV_ingestation_dag.py
[2022-11-27 16:33:49,542] {processor.py:171} INFO - Processing /opt/airflow/dags/FHV_ingestation_dag.py took 1.388 seconds
[2022-11-27 16:34:19,830] {processor.py:163} INFO - Started process (PID=742) to work on /opt/airflow/dags/FHV_ingestation_dag.py
[2022-11-27 16:34:19,834] {processor.py:642} INFO - Processing file /opt/airflow/dags/FHV_ingestation_dag.py for tasks to queue
[2022-11-27 16:34:19,837] {logging_mixin.py:109} INFO - [2022-11-27 16:34:19,836] {dagbag.py:500} INFO - Filling up the DagBag from /opt/airflow/dags/FHV_ingestation_dag.py
[2022-11-27 16:34:20,898] {logging_mixin.py:109} INFO - [2022-11-27 16:34:20,888] {dagbag.py:334} ERROR - Failed to import: /opt/airflow/dags/FHV_ingestation_dag.py
Traceback (most recent call last):
  File "/home/airflow/.local/lib/python3.7/site-packages/airflow/models/dagbag.py", line 331, in _load_modules_from_file
    loader.exec_module(new_module)
  File "<frozen importlib._bootstrap_external>", line 728, in exec_module
  File "<frozen importlib._bootstrap>", line 219, in _call_with_frames_removed
  File "/opt/airflow/dags/FHV_ingestation_dag.py", line 88, in <module>
    bash_command=f'curl -sSLf {ZONE_URL_TEMPLATE} > {ZONE_CSV_TEMPLATE}'
  File "/home/airflow/.local/lib/python3.7/site-packages/airflow/models/baseoperator.py", line 188, in apply_defaults
    result = func(self, *args, **kwargs)
  File "/home/airflow/.local/lib/python3.7/site-packages/airflow/operators/bash.py", line 143, in __init__
    super().__init__(**kwargs)
  File "/home/airflow/.local/lib/python3.7/site-packages/airflow/models/baseoperator.py", line 188, in apply_defaults
    result = func(self, *args, **kwargs)
  File "/home/airflow/.local/lib/python3.7/site-packages/airflow/models/baseoperator.py", line 683, in __init__
    self.dag = dag or DagContext.get_current_dag()
  File "/home/airflow/.local/lib/python3.7/site-packages/airflow/models/baseoperator.py", line 789, in __setattr__
    super().__setattr__(key, value)
  File "/home/airflow/.local/lib/python3.7/site-packages/airflow/models/baseoperator.py", line 840, in dag
    dag.add_task(self)
  File "/home/airflow/.local/lib/python3.7/site-packages/airflow/models/dag.py", line 2139, in add_task
    raise AirflowException("Task is missing the start_date parameter")
airflow.exceptions.AirflowException: Task is missing the start_date parameter
[2022-11-27 16:34:20,932] {processor.py:656} WARNING - No viable dags retrieved from /opt/airflow/dags/FHV_ingestation_dag.py
[2022-11-27 16:34:20,955] {processor.py:171} INFO - Processing /opt/airflow/dags/FHV_ingestation_dag.py took 1.133 seconds
[2022-11-27 16:34:39,335] {processor.py:163} INFO - Started process (PID=778) to work on /opt/airflow/dags/FHV_ingestation_dag.py
[2022-11-27 16:34:39,339] {processor.py:642} INFO - Processing file /opt/airflow/dags/FHV_ingestation_dag.py for tasks to queue
[2022-11-27 16:34:39,342] {logging_mixin.py:109} INFO - [2022-11-27 16:34:39,341] {dagbag.py:500} INFO - Filling up the DagBag from /opt/airflow/dags/FHV_ingestation_dag.py
[2022-11-27 16:34:40,867] {processor.py:654} INFO - DAG(s) dict_keys(['zone_data_to_gcp_dag']) retrieved from /opt/airflow/dags/FHV_ingestation_dag.py
[2022-11-27 16:34:49,674] {logging_mixin.py:109} INFO - [2022-11-27 16:34:49,673] {manager.py:496} INFO - Created Permission View: can edit on DAG:zone_data_to_gcp_dag
[2022-11-27 16:34:49,704] {logging_mixin.py:109} INFO - [2022-11-27 16:34:49,703] {manager.py:496} INFO - Created Permission View: can read on DAG:zone_data_to_gcp_dag
[2022-11-27 16:34:49,707] {logging_mixin.py:109} INFO - [2022-11-27 16:34:49,705] {dag.py:2396} INFO - Sync 1 DAGs
[2022-11-27 16:34:49,742] {logging_mixin.py:109} INFO - [2022-11-27 16:34:49,740] {dag.py:2415} INFO - Creating ORM DAG for zone_data_to_gcp_dag
[2022-11-27 16:34:49,782] {logging_mixin.py:109} INFO - [2022-11-27 16:34:49,781] {dag.py:2935} INFO - Setting next_dagrun for zone_data_to_gcp_dag to 2019-01-01T00:00:00+00:00
[2022-11-27 16:34:49,817] {processor.py:171} INFO - Processing /opt/airflow/dags/FHV_ingestation_dag.py took 10.491 seconds
[2022-11-27 16:35:20,021] {processor.py:163} INFO - Started process (PID=841) to work on /opt/airflow/dags/FHV_ingestation_dag.py
[2022-11-27 16:35:20,027] {processor.py:642} INFO - Processing file /opt/airflow/dags/FHV_ingestation_dag.py for tasks to queue
[2022-11-27 16:35:20,030] {logging_mixin.py:109} INFO - [2022-11-27 16:35:20,029] {dagbag.py:500} INFO - Filling up the DagBag from /opt/airflow/dags/FHV_ingestation_dag.py
[2022-11-27 16:35:21,208] {processor.py:654} INFO - DAG(s) dict_keys(['zone_data_to_gcp_dag']) retrieved from /opt/airflow/dags/FHV_ingestation_dag.py
[2022-11-27 16:35:21,251] {logging_mixin.py:109} INFO - [2022-11-27 16:35:21,250] {dag.py:2396} INFO - Sync 1 DAGs
[2022-11-27 16:35:21,339] {logging_mixin.py:109} INFO - [2022-11-27 16:35:21,338] {dag.py:2935} INFO - Setting next_dagrun for zone_data_to_gcp_dag to 2019-01-01T00:00:00+00:00
[2022-11-27 16:35:21,373] {processor.py:171} INFO - Processing /opt/airflow/dags/FHV_ingestation_dag.py took 1.361 seconds
[2022-11-27 16:35:51,790] {processor.py:163} INFO - Started process (PID=904) to work on /opt/airflow/dags/FHV_ingestation_dag.py
[2022-11-27 16:35:51,794] {processor.py:642} INFO - Processing file /opt/airflow/dags/FHV_ingestation_dag.py for tasks to queue
[2022-11-27 16:35:51,797] {logging_mixin.py:109} INFO - [2022-11-27 16:35:51,796] {dagbag.py:500} INFO - Filling up the DagBag from /opt/airflow/dags/FHV_ingestation_dag.py
[2022-11-27 16:35:52,936] {processor.py:654} INFO - DAG(s) dict_keys(['zone_data_to_gcp_dag']) retrieved from /opt/airflow/dags/FHV_ingestation_dag.py
[2022-11-27 16:35:52,983] {logging_mixin.py:109} INFO - [2022-11-27 16:35:52,982] {dag.py:2396} INFO - Sync 1 DAGs
[2022-11-27 16:35:53,047] {logging_mixin.py:109} INFO - [2022-11-27 16:35:53,046] {dag.py:2935} INFO - Setting next_dagrun for zone_data_to_gcp_dag to 2019-01-01T00:00:00+00:00
[2022-11-27 16:35:53,091] {processor.py:171} INFO - Processing /opt/airflow/dags/FHV_ingestation_dag.py took 1.311 seconds
[2022-11-27 16:36:23,195] {processor.py:163} INFO - Started process (PID=951) to work on /opt/airflow/dags/FHV_ingestation_dag.py
[2022-11-27 16:36:23,199] {processor.py:642} INFO - Processing file /opt/airflow/dags/FHV_ingestation_dag.py for tasks to queue
[2022-11-27 16:36:23,202] {logging_mixin.py:109} INFO - [2022-11-27 16:36:23,201] {dagbag.py:500} INFO - Filling up the DagBag from /opt/airflow/dags/FHV_ingestation_dag.py
[2022-11-27 16:36:24,496] {processor.py:654} INFO - DAG(s) dict_keys(['zone_data_to_gcp_dag']) retrieved from /opt/airflow/dags/FHV_ingestation_dag.py
[2022-11-27 16:36:24,538] {logging_mixin.py:109} INFO - [2022-11-27 16:36:24,536] {dag.py:2396} INFO - Sync 1 DAGs
[2022-11-27 16:36:24,598] {logging_mixin.py:109} INFO - [2022-11-27 16:36:24,597] {dag.py:2935} INFO - Setting next_dagrun for zone_data_to_gcp_dag to 2019-01-01T00:00:00+00:00
[2022-11-27 16:36:24,621] {processor.py:171} INFO - Processing /opt/airflow/dags/FHV_ingestation_dag.py took 1.433 seconds
[2022-11-27 16:36:54,950] {processor.py:163} INFO - Started process (PID=1014) to work on /opt/airflow/dags/FHV_ingestation_dag.py
[2022-11-27 16:36:54,954] {processor.py:642} INFO - Processing file /opt/airflow/dags/FHV_ingestation_dag.py for tasks to queue
[2022-11-27 16:36:54,957] {logging_mixin.py:109} INFO - [2022-11-27 16:36:54,956] {dagbag.py:500} INFO - Filling up the DagBag from /opt/airflow/dags/FHV_ingestation_dag.py
[2022-11-27 16:36:56,146] {processor.py:654} INFO - DAG(s) dict_keys(['zone_data_to_gcp_dag']) retrieved from /opt/airflow/dags/FHV_ingestation_dag.py
[2022-11-27 16:36:56,185] {logging_mixin.py:109} INFO - [2022-11-27 16:36:56,184] {dag.py:2396} INFO - Sync 1 DAGs
[2022-11-27 16:36:56,243] {logging_mixin.py:109} INFO - [2022-11-27 16:36:56,242] {dag.py:2935} INFO - Setting next_dagrun for zone_data_to_gcp_dag to 2019-01-01T00:00:00+00:00
[2022-11-27 16:36:56,267] {processor.py:171} INFO - Processing /opt/airflow/dags/FHV_ingestation_dag.py took 1.324 seconds
[2022-11-27 16:37:26,768] {processor.py:163} INFO - Started process (PID=1060) to work on /opt/airflow/dags/FHV_ingestation_dag.py
[2022-11-27 16:37:26,772] {processor.py:642} INFO - Processing file /opt/airflow/dags/FHV_ingestation_dag.py for tasks to queue
[2022-11-27 16:37:26,775] {logging_mixin.py:109} INFO - [2022-11-27 16:37:26,775] {dagbag.py:500} INFO - Filling up the DagBag from /opt/airflow/dags/FHV_ingestation_dag.py
[2022-11-27 16:37:27,929] {processor.py:654} INFO - DAG(s) dict_keys(['zone_data_to_gcp_dag']) retrieved from /opt/airflow/dags/FHV_ingestation_dag.py
[2022-11-27 16:37:27,968] {logging_mixin.py:109} INFO - [2022-11-27 16:37:27,967] {dag.py:2396} INFO - Sync 1 DAGs
[2022-11-27 16:37:28,026] {logging_mixin.py:109} INFO - [2022-11-27 16:37:28,025] {dag.py:2935} INFO - Setting next_dagrun for zone_data_to_gcp_dag to 2019-01-01T00:00:00+00:00
[2022-11-27 16:37:28,050] {processor.py:171} INFO - Processing /opt/airflow/dags/FHV_ingestation_dag.py took 1.289 seconds
[2022-11-27 16:37:58,728] {processor.py:163} INFO - Started process (PID=1122) to work on /opt/airflow/dags/FHV_ingestation_dag.py
[2022-11-27 16:37:58,732] {processor.py:642} INFO - Processing file /opt/airflow/dags/FHV_ingestation_dag.py for tasks to queue
[2022-11-27 16:37:58,735] {logging_mixin.py:109} INFO - [2022-11-27 16:37:58,734] {dagbag.py:500} INFO - Filling up the DagBag from /opt/airflow/dags/FHV_ingestation_dag.py
[2022-11-27 16:37:59,895] {processor.py:654} INFO - DAG(s) dict_keys(['zone_data_to_gcp_dag']) retrieved from /opt/airflow/dags/FHV_ingestation_dag.py
[2022-11-27 16:37:59,935] {logging_mixin.py:109} INFO - [2022-11-27 16:37:59,934] {dag.py:2396} INFO - Sync 1 DAGs
[2022-11-27 16:37:59,994] {logging_mixin.py:109} INFO - [2022-11-27 16:37:59,993] {dag.py:2935} INFO - Setting next_dagrun for zone_data_to_gcp_dag to 2019-01-01T00:00:00+00:00
[2022-11-27 16:38:00,018] {processor.py:171} INFO - Processing /opt/airflow/dags/FHV_ingestation_dag.py took 1.300 seconds
[2022-11-27 16:38:22,352] {processor.py:163} INFO - Started process (PID=1158) to work on /opt/airflow/dags/FHV_ingestation_dag.py
[2022-11-27 16:38:22,356] {processor.py:642} INFO - Processing file /opt/airflow/dags/FHV_ingestation_dag.py for tasks to queue
[2022-11-27 16:38:22,358] {logging_mixin.py:109} INFO - [2022-11-27 16:38:22,358] {dagbag.py:500} INFO - Filling up the DagBag from /opt/airflow/dags/FHV_ingestation_dag.py
[2022-11-27 16:38:23,982] {processor.py:690} INFO - Deactivated 1 DAGs which are no longer present in /opt/airflow/dags/FHV_ingestation_dag.py
[2022-11-27 16:38:23,987] {processor.py:654} INFO - DAG(s) dict_keys(['FHV_data_to_gcp_dag']) retrieved from /opt/airflow/dags/FHV_ingestation_dag.py
[2022-11-27 16:38:32,166] {logging_mixin.py:109} INFO - [2022-11-27 16:38:32,165] {manager.py:496} INFO - Created Permission View: can edit on DAG:FHV_data_to_gcp_dag
[2022-11-27 16:38:32,190] {logging_mixin.py:109} INFO - [2022-11-27 16:38:32,190] {manager.py:496} INFO - Created Permission View: can read on DAG:FHV_data_to_gcp_dag
[2022-11-27 16:38:32,192] {logging_mixin.py:109} INFO - [2022-11-27 16:38:32,191] {dag.py:2396} INFO - Sync 1 DAGs
[2022-11-27 16:38:32,223] {logging_mixin.py:109} INFO - [2022-11-27 16:38:32,222] {dag.py:2415} INFO - Creating ORM DAG for FHV_data_to_gcp_dag
[2022-11-27 16:38:32,261] {logging_mixin.py:109} INFO - [2022-11-27 16:38:32,261] {dag.py:2935} INFO - Setting next_dagrun for FHV_data_to_gcp_dag to 2019-01-02 06:00:00+00:00
[2022-11-27 16:38:32,294] {processor.py:171} INFO - Processing /opt/airflow/dags/FHV_ingestation_dag.py took 9.952 seconds
[2022-11-27 16:39:02,902] {processor.py:163} INFO - Started process (PID=1230) to work on /opt/airflow/dags/FHV_ingestation_dag.py
[2022-11-27 16:39:02,906] {processor.py:642} INFO - Processing file /opt/airflow/dags/FHV_ingestation_dag.py for tasks to queue
[2022-11-27 16:39:02,909] {logging_mixin.py:109} INFO - [2022-11-27 16:39:02,908] {dagbag.py:500} INFO - Filling up the DagBag from /opt/airflow/dags/FHV_ingestation_dag.py
[2022-11-27 16:39:03,995] {processor.py:654} INFO - DAG(s) dict_keys(['FHV_data_to_gcp_dag']) retrieved from /opt/airflow/dags/FHV_ingestation_dag.py
[2022-11-27 16:39:04,034] {logging_mixin.py:109} INFO - [2022-11-27 16:39:04,032] {dag.py:2396} INFO - Sync 1 DAGs
[2022-11-27 16:39:04,104] {logging_mixin.py:109} INFO - [2022-11-27 16:39:04,103] {dag.py:2935} INFO - Setting next_dagrun for FHV_data_to_gcp_dag to 2019-01-02 06:00:00+00:00
[2022-11-27 16:39:04,128] {processor.py:171} INFO - Processing /opt/airflow/dags/FHV_ingestation_dag.py took 1.234 seconds
[2022-11-27 16:40:13,967] {processor.py:163} INFO - Started process (PID=274) to work on /opt/airflow/dags/FHV_ingestation_dag.py
[2022-11-27 16:40:13,980] {processor.py:642} INFO - Processing file /opt/airflow/dags/FHV_ingestation_dag.py for tasks to queue
[2022-11-27 16:40:13,984] {logging_mixin.py:109} INFO - [2022-11-27 16:40:13,983] {dagbag.py:500} INFO - Filling up the DagBag from /opt/airflow/dags/FHV_ingestation_dag.py
[2022-11-27 16:40:17,269] {processor.py:654} INFO - DAG(s) dict_keys(['FHV_data_to_gcp_dag']) retrieved from /opt/airflow/dags/FHV_ingestation_dag.py
[2022-11-27 16:40:17,403] {logging_mixin.py:109} INFO - [2022-11-27 16:40:17,399] {dag.py:2396} INFO - Sync 1 DAGs
[2022-11-27 16:40:17,643] {logging_mixin.py:109} INFO - [2022-11-27 16:40:17,632] {dag.py:2935} INFO - Setting next_dagrun for FHV_data_to_gcp_dag to 2019-01-02 06:00:00+00:00
[2022-11-27 16:40:17,724] {processor.py:171} INFO - Processing /opt/airflow/dags/FHV_ingestation_dag.py took 3.782 seconds
[2022-11-27 16:40:48,025] {processor.py:163} INFO - Started process (PID=339) to work on /opt/airflow/dags/FHV_ingestation_dag.py
[2022-11-27 16:40:48,031] {processor.py:642} INFO - Processing file /opt/airflow/dags/FHV_ingestation_dag.py for tasks to queue
[2022-11-27 16:40:48,044] {logging_mixin.py:109} INFO - [2022-11-27 16:40:48,043] {dagbag.py:500} INFO - Filling up the DagBag from /opt/airflow/dags/FHV_ingestation_dag.py
[2022-11-27 16:40:50,752] {processor.py:654} INFO - DAG(s) dict_keys(['FHV_data_to_gcp_dag']) retrieved from /opt/airflow/dags/FHV_ingestation_dag.py
[2022-11-27 16:40:50,881] {logging_mixin.py:109} INFO - [2022-11-27 16:40:50,879] {dag.py:2396} INFO - Sync 1 DAGs
[2022-11-27 16:40:51,120] {logging_mixin.py:109} INFO - [2022-11-27 16:40:51,118] {dag.py:2935} INFO - Setting next_dagrun for FHV_data_to_gcp_dag to 2019-01-02 06:00:00+00:00
[2022-11-27 16:40:51,246] {processor.py:171} INFO - Processing /opt/airflow/dags/FHV_ingestation_dag.py took 3.244 seconds
[2022-11-27 16:41:21,782] {processor.py:163} INFO - Started process (PID=401) to work on /opt/airflow/dags/FHV_ingestation_dag.py
[2022-11-27 16:41:21,795] {processor.py:642} INFO - Processing file /opt/airflow/dags/FHV_ingestation_dag.py for tasks to queue
[2022-11-27 16:41:21,809] {logging_mixin.py:109} INFO - [2022-11-27 16:41:21,808] {dagbag.py:500} INFO - Filling up the DagBag from /opt/airflow/dags/FHV_ingestation_dag.py
[2022-11-27 16:41:24,851] {processor.py:654} INFO - DAG(s) dict_keys(['FHV_data_to_gcp_dag']) retrieved from /opt/airflow/dags/FHV_ingestation_dag.py
[2022-11-27 16:41:24,971] {logging_mixin.py:109} INFO - [2022-11-27 16:41:24,966] {dag.py:2396} INFO - Sync 1 DAGs
[2022-11-27 16:41:25,117] {logging_mixin.py:109} INFO - [2022-11-27 16:41:25,117] {dag.py:2935} INFO - Setting next_dagrun for FHV_data_to_gcp_dag to 2019-01-02 06:00:00+00:00
[2022-11-27 16:41:25,172] {processor.py:171} INFO - Processing /opt/airflow/dags/FHV_ingestation_dag.py took 3.413 seconds
[2022-11-27 16:41:55,877] {processor.py:163} INFO - Started process (PID=472) to work on /opt/airflow/dags/FHV_ingestation_dag.py
[2022-11-27 16:41:55,884] {processor.py:642} INFO - Processing file /opt/airflow/dags/FHV_ingestation_dag.py for tasks to queue
[2022-11-27 16:41:55,890] {logging_mixin.py:109} INFO - [2022-11-27 16:41:55,889] {dagbag.py:500} INFO - Filling up the DagBag from /opt/airflow/dags/FHV_ingestation_dag.py
[2022-11-27 16:41:57,904] {processor.py:654} INFO - DAG(s) dict_keys(['FHV_data_to_gcp_dag']) retrieved from /opt/airflow/dags/FHV_ingestation_dag.py
[2022-11-27 16:41:57,958] {logging_mixin.py:109} INFO - [2022-11-27 16:41:57,957] {dag.py:2396} INFO - Sync 1 DAGs
[2022-11-27 16:41:58,079] {logging_mixin.py:109} INFO - [2022-11-27 16:41:58,079] {dag.py:2935} INFO - Setting next_dagrun for FHV_data_to_gcp_dag to 2019-01-02 06:00:00+00:00
[2022-11-27 16:41:58,115] {processor.py:171} INFO - Processing /opt/airflow/dags/FHV_ingestation_dag.py took 2.255 seconds
[2022-11-27 16:42:28,264] {processor.py:163} INFO - Started process (PID=538) to work on /opt/airflow/dags/FHV_ingestation_dag.py
[2022-11-27 16:42:28,268] {processor.py:642} INFO - Processing file /opt/airflow/dags/FHV_ingestation_dag.py for tasks to queue
[2022-11-27 16:42:28,271] {logging_mixin.py:109} INFO - [2022-11-27 16:42:28,270] {dagbag.py:500} INFO - Filling up the DagBag from /opt/airflow/dags/FHV_ingestation_dag.py
[2022-11-27 16:42:29,455] {processor.py:654} INFO - DAG(s) dict_keys(['FHV_data_to_gcp_dag']) retrieved from /opt/airflow/dags/FHV_ingestation_dag.py
[2022-11-27 16:42:29,492] {logging_mixin.py:109} INFO - [2022-11-27 16:42:29,491] {dag.py:2396} INFO - Sync 1 DAGs
[2022-11-27 16:42:29,558] {logging_mixin.py:109} INFO - [2022-11-27 16:42:29,558] {dag.py:2935} INFO - Setting next_dagrun for FHV_data_to_gcp_dag to 2019-01-02 06:00:00+00:00
[2022-11-27 16:42:29,583] {processor.py:171} INFO - Processing /opt/airflow/dags/FHV_ingestation_dag.py took 1.327 seconds
[2022-11-27 16:43:00,371] {processor.py:163} INFO - Started process (PID=600) to work on /opt/airflow/dags/FHV_ingestation_dag.py
[2022-11-27 16:43:00,375] {processor.py:642} INFO - Processing file /opt/airflow/dags/FHV_ingestation_dag.py for tasks to queue
[2022-11-27 16:43:00,378] {logging_mixin.py:109} INFO - [2022-11-27 16:43:00,378] {dagbag.py:500} INFO - Filling up the DagBag from /opt/airflow/dags/FHV_ingestation_dag.py
[2022-11-27 16:43:01,489] {processor.py:654} INFO - DAG(s) dict_keys(['FHV_data_to_gcp_dag']) retrieved from /opt/airflow/dags/FHV_ingestation_dag.py
[2022-11-27 16:43:01,524] {logging_mixin.py:109} INFO - [2022-11-27 16:43:01,523] {dag.py:2396} INFO - Sync 1 DAGs
[2022-11-27 16:43:01,590] {logging_mixin.py:109} INFO - [2022-11-27 16:43:01,589] {dag.py:2935} INFO - Setting next_dagrun for FHV_data_to_gcp_dag to 2019-01-02 06:00:00+00:00
[2022-11-27 16:43:01,612] {processor.py:171} INFO - Processing /opt/airflow/dags/FHV_ingestation_dag.py took 1.249 seconds
[2022-11-27 16:43:41,429] {processor.py:163} INFO - Started process (PID=767) to work on /opt/airflow/dags/FHV_ingestation_dag.py
[2022-11-27 16:43:41,447] {processor.py:642} INFO - Processing file /opt/airflow/dags/FHV_ingestation_dag.py for tasks to queue
[2022-11-27 16:43:41,468] {logging_mixin.py:109} INFO - [2022-11-27 16:43:41,467] {dagbag.py:500} INFO - Filling up the DagBag from /opt/airflow/dags/FHV_ingestation_dag.py
[2022-11-27 16:43:48,881] {processor.py:654} INFO - DAG(s) dict_keys(['FHV_data_to_gcp_dag']) retrieved from /opt/airflow/dags/FHV_ingestation_dag.py
[2022-11-27 16:43:49,307] {logging_mixin.py:109} INFO - [2022-11-27 16:43:49,295] {dag.py:2396} INFO - Sync 1 DAGs
[2022-11-27 16:43:50,476] {processor.py:171} INFO - Processing /opt/airflow/dags/FHV_ingestation_dag.py took 9.087 seconds
[2022-11-27 16:44:21,903] {processor.py:163} INFO - Started process (PID=910) to work on /opt/airflow/dags/FHV_ingestation_dag.py
[2022-11-27 16:44:21,931] {processor.py:642} INFO - Processing file /opt/airflow/dags/FHV_ingestation_dag.py for tasks to queue
[2022-11-27 16:44:21,937] {logging_mixin.py:109} INFO - [2022-11-27 16:44:21,936] {dagbag.py:500} INFO - Filling up the DagBag from /opt/airflow/dags/FHV_ingestation_dag.py
[2022-11-27 16:44:25,798] {processor.py:654} INFO - DAG(s) dict_keys(['FHV_data_to_gcp_dag']) retrieved from /opt/airflow/dags/FHV_ingestation_dag.py
[2022-11-27 16:44:25,985] {logging_mixin.py:109} INFO - [2022-11-27 16:44:25,982] {dag.py:2396} INFO - Sync 1 DAGs
[2022-11-27 16:44:26,226] {logging_mixin.py:109} INFO - [2022-11-27 16:44:26,224] {dag.py:2935} INFO - Setting next_dagrun for FHV_data_to_gcp_dag to 2019-04-02T06:00:00+00:00
[2022-11-27 16:44:26,416] {processor.py:171} INFO - Processing /opt/airflow/dags/FHV_ingestation_dag.py took 4.593 seconds
[2022-11-27 16:44:57,181] {processor.py:163} INFO - Started process (PID=1008) to work on /opt/airflow/dags/FHV_ingestation_dag.py
[2022-11-27 16:44:57,195] {processor.py:642} INFO - Processing file /opt/airflow/dags/FHV_ingestation_dag.py for tasks to queue
[2022-11-27 16:44:57,215] {logging_mixin.py:109} INFO - [2022-11-27 16:44:57,207] {dagbag.py:500} INFO - Filling up the DagBag from /opt/airflow/dags/FHV_ingestation_dag.py
[2022-11-27 16:45:05,624] {processor.py:654} INFO - DAG(s) dict_keys(['FHV_data_to_gcp_dag']) retrieved from /opt/airflow/dags/FHV_ingestation_dag.py
[2022-11-27 16:45:05,775] {logging_mixin.py:109} INFO - [2022-11-27 16:45:05,772] {dag.py:2396} INFO - Sync 1 DAGs
[2022-11-27 16:45:06,249] {processor.py:171} INFO - Processing /opt/airflow/dags/FHV_ingestation_dag.py took 9.109 seconds
[2022-11-27 16:45:37,366] {processor.py:163} INFO - Started process (PID=1078) to work on /opt/airflow/dags/FHV_ingestation_dag.py
[2022-11-27 16:45:37,382] {processor.py:642} INFO - Processing file /opt/airflow/dags/FHV_ingestation_dag.py for tasks to queue
[2022-11-27 16:45:37,387] {logging_mixin.py:109} INFO - [2022-11-27 16:45:37,387] {dagbag.py:500} INFO - Filling up the DagBag from /opt/airflow/dags/FHV_ingestation_dag.py
[2022-11-27 16:45:40,820] {processor.py:654} INFO - DAG(s) dict_keys(['FHV_data_to_gcp_dag']) retrieved from /opt/airflow/dags/FHV_ingestation_dag.py
[2022-11-27 16:45:40,964] {logging_mixin.py:109} INFO - [2022-11-27 16:45:40,962] {dag.py:2396} INFO - Sync 1 DAGs
[2022-11-27 16:45:41,155] {processor.py:171} INFO - Processing /opt/airflow/dags/FHV_ingestation_dag.py took 3.833 seconds
[2022-11-27 16:46:11,854] {processor.py:163} INFO - Started process (PID=1149) to work on /opt/airflow/dags/FHV_ingestation_dag.py
[2022-11-27 16:46:11,862] {processor.py:642} INFO - Processing file /opt/airflow/dags/FHV_ingestation_dag.py for tasks to queue
[2022-11-27 16:46:11,872] {logging_mixin.py:109} INFO - [2022-11-27 16:46:11,871] {dagbag.py:500} INFO - Filling up the DagBag from /opt/airflow/dags/FHV_ingestation_dag.py
[2022-11-27 16:46:13,453] {processor.py:654} INFO - DAG(s) dict_keys(['FHV_data_to_gcp_dag']) retrieved from /opt/airflow/dags/FHV_ingestation_dag.py
[2022-11-27 16:46:13,499] {logging_mixin.py:109} INFO - [2022-11-27 16:46:13,498] {dag.py:2396} INFO - Sync 1 DAGs
[2022-11-27 16:46:13,621] {logging_mixin.py:109} INFO - [2022-11-27 16:46:13,620] {dag.py:2935} INFO - Setting next_dagrun for FHV_data_to_gcp_dag to 2019-06-02T06:00:00+00:00
[2022-11-27 16:46:13,654] {processor.py:171} INFO - Processing /opt/airflow/dags/FHV_ingestation_dag.py took 1.819 seconds
[2022-11-27 16:46:44,460] {processor.py:163} INFO - Started process (PID=1220) to work on /opt/airflow/dags/FHV_ingestation_dag.py
[2022-11-27 16:46:44,467] {processor.py:642} INFO - Processing file /opt/airflow/dags/FHV_ingestation_dag.py for tasks to queue
[2022-11-27 16:46:44,470] {logging_mixin.py:109} INFO - [2022-11-27 16:46:44,470] {dagbag.py:500} INFO - Filling up the DagBag from /opt/airflow/dags/FHV_ingestation_dag.py
[2022-11-27 16:46:46,090] {processor.py:654} INFO - DAG(s) dict_keys(['FHV_data_to_gcp_dag']) retrieved from /opt/airflow/dags/FHV_ingestation_dag.py
[2022-11-27 16:46:46,144] {logging_mixin.py:109} INFO - [2022-11-27 16:46:46,143] {dag.py:2396} INFO - Sync 1 DAGs
[2022-11-27 16:46:46,232] {logging_mixin.py:109} INFO - [2022-11-27 16:46:46,231] {dag.py:2935} INFO - Setting next_dagrun for FHV_data_to_gcp_dag to 2019-07-02T06:00:00+00:00
[2022-11-27 16:46:46,262] {processor.py:171} INFO - Processing /opt/airflow/dags/FHV_ingestation_dag.py took 1.819 seconds
[2022-11-27 16:47:16,596] {processor.py:163} INFO - Started process (PID=1314) to work on /opt/airflow/dags/FHV_ingestation_dag.py
[2022-11-27 16:47:16,601] {processor.py:642} INFO - Processing file /opt/airflow/dags/FHV_ingestation_dag.py for tasks to queue
[2022-11-27 16:47:16,604] {logging_mixin.py:109} INFO - [2022-11-27 16:47:16,603] {dagbag.py:500} INFO - Filling up the DagBag from /opt/airflow/dags/FHV_ingestation_dag.py
[2022-11-27 16:47:17,954] {processor.py:654} INFO - DAG(s) dict_keys(['FHV_data_to_gcp_dag']) retrieved from /opt/airflow/dags/FHV_ingestation_dag.py
[2022-11-27 16:47:17,994] {logging_mixin.py:109} INFO - [2022-11-27 16:47:17,993] {dag.py:2396} INFO - Sync 1 DAGs
[2022-11-27 16:47:18,066] {logging_mixin.py:109} INFO - [2022-11-27 16:47:18,065] {dag.py:2935} INFO - Setting next_dagrun for FHV_data_to_gcp_dag to 2019-08-02T06:00:00+00:00
[2022-11-27 16:47:18,094] {processor.py:171} INFO - Processing /opt/airflow/dags/FHV_ingestation_dag.py took 1.507 seconds
[2022-11-27 16:47:48,400] {processor.py:163} INFO - Started process (PID=1403) to work on /opt/airflow/dags/FHV_ingestation_dag.py
[2022-11-27 16:47:48,406] {processor.py:642} INFO - Processing file /opt/airflow/dags/FHV_ingestation_dag.py for tasks to queue
[2022-11-27 16:47:48,410] {logging_mixin.py:109} INFO - [2022-11-27 16:47:48,410] {dagbag.py:500} INFO - Filling up the DagBag from /opt/airflow/dags/FHV_ingestation_dag.py
[2022-11-27 16:47:49,843] {processor.py:654} INFO - DAG(s) dict_keys(['FHV_data_to_gcp_dag']) retrieved from /opt/airflow/dags/FHV_ingestation_dag.py
[2022-11-27 16:47:49,892] {logging_mixin.py:109} INFO - [2022-11-27 16:47:49,890] {dag.py:2396} INFO - Sync 1 DAGs
[2022-11-27 16:47:49,972] {logging_mixin.py:109} INFO - [2022-11-27 16:47:49,972] {dag.py:2935} INFO - Setting next_dagrun for FHV_data_to_gcp_dag to 2019-09-02T06:00:00+00:00
[2022-11-27 16:47:50,001] {processor.py:171} INFO - Processing /opt/airflow/dags/FHV_ingestation_dag.py took 1.613 seconds
[2022-11-27 16:48:20,930] {processor.py:163} INFO - Started process (PID=1490) to work on /opt/airflow/dags/FHV_ingestation_dag.py
[2022-11-27 16:48:20,935] {processor.py:642} INFO - Processing file /opt/airflow/dags/FHV_ingestation_dag.py for tasks to queue
[2022-11-27 16:48:20,938] {logging_mixin.py:109} INFO - [2022-11-27 16:48:20,937] {dagbag.py:500} INFO - Filling up the DagBag from /opt/airflow/dags/FHV_ingestation_dag.py
[2022-11-27 16:48:22,281] {processor.py:654} INFO - DAG(s) dict_keys(['FHV_data_to_gcp_dag']) retrieved from /opt/airflow/dags/FHV_ingestation_dag.py
[2022-11-27 16:48:22,320] {logging_mixin.py:109} INFO - [2022-11-27 16:48:22,319] {dag.py:2396} INFO - Sync 1 DAGs
[2022-11-27 16:48:22,408] {processor.py:171} INFO - Processing /opt/airflow/dags/FHV_ingestation_dag.py took 1.489 seconds
[2022-11-27 16:48:52,709] {processor.py:163} INFO - Started process (PID=1562) to work on /opt/airflow/dags/FHV_ingestation_dag.py
[2022-11-27 16:48:52,713] {processor.py:642} INFO - Processing file /opt/airflow/dags/FHV_ingestation_dag.py for tasks to queue
[2022-11-27 16:48:52,716] {logging_mixin.py:109} INFO - [2022-11-27 16:48:52,715] {dagbag.py:500} INFO - Filling up the DagBag from /opt/airflow/dags/FHV_ingestation_dag.py
[2022-11-27 16:48:54,017] {processor.py:654} INFO - DAG(s) dict_keys(['FHV_data_to_gcp_dag']) retrieved from /opt/airflow/dags/FHV_ingestation_dag.py
[2022-11-27 16:48:54,075] {logging_mixin.py:109} INFO - [2022-11-27 16:48:54,073] {dag.py:2396} INFO - Sync 1 DAGs
[2022-11-27 16:48:54,180] {processor.py:171} INFO - Processing /opt/airflow/dags/FHV_ingestation_dag.py took 1.478 seconds
[2022-11-27 16:49:24,428] {processor.py:163} INFO - Started process (PID=1626) to work on /opt/airflow/dags/FHV_ingestation_dag.py
[2022-11-27 16:49:24,433] {processor.py:642} INFO - Processing file /opt/airflow/dags/FHV_ingestation_dag.py for tasks to queue
[2022-11-27 16:49:24,435] {logging_mixin.py:109} INFO - [2022-11-27 16:49:24,435] {dagbag.py:500} INFO - Filling up the DagBag from /opt/airflow/dags/FHV_ingestation_dag.py
[2022-11-27 16:49:25,630] {processor.py:654} INFO - DAG(s) dict_keys(['FHV_data_to_gcp_dag']) retrieved from /opt/airflow/dags/FHV_ingestation_dag.py
[2022-11-27 16:49:25,670] {logging_mixin.py:109} INFO - [2022-11-27 16:49:25,669] {dag.py:2396} INFO - Sync 1 DAGs
[2022-11-27 16:49:25,757] {processor.py:171} INFO - Processing /opt/airflow/dags/FHV_ingestation_dag.py took 1.343 seconds
[2022-11-27 16:49:56,262] {processor.py:163} INFO - Started process (PID=1737) to work on /opt/airflow/dags/FHV_ingestation_dag.py
[2022-11-27 16:49:56,268] {processor.py:642} INFO - Processing file /opt/airflow/dags/FHV_ingestation_dag.py for tasks to queue
[2022-11-27 16:49:56,271] {logging_mixin.py:109} INFO - [2022-11-27 16:49:56,270] {dagbag.py:500} INFO - Filling up the DagBag from /opt/airflow/dags/FHV_ingestation_dag.py
[2022-11-27 16:49:57,477] {processor.py:654} INFO - DAG(s) dict_keys(['FHV_data_to_gcp_dag']) retrieved from /opt/airflow/dags/FHV_ingestation_dag.py
[2022-11-27 16:49:57,520] {logging_mixin.py:109} INFO - [2022-11-27 16:49:57,519] {dag.py:2396} INFO - Sync 1 DAGs
[2022-11-27 16:49:57,605] {processor.py:171} INFO - Processing /opt/airflow/dags/FHV_ingestation_dag.py took 1.353 seconds
[2022-11-27 16:50:28,177] {processor.py:163} INFO - Started process (PID=1802) to work on /opt/airflow/dags/FHV_ingestation_dag.py
[2022-11-27 16:50:28,182] {processor.py:642} INFO - Processing file /opt/airflow/dags/FHV_ingestation_dag.py for tasks to queue
[2022-11-27 16:50:28,185] {logging_mixin.py:109} INFO - [2022-11-27 16:50:28,184] {dagbag.py:500} INFO - Filling up the DagBag from /opt/airflow/dags/FHV_ingestation_dag.py
[2022-11-27 16:50:29,493] {processor.py:654} INFO - DAG(s) dict_keys(['FHV_data_to_gcp_dag']) retrieved from /opt/airflow/dags/FHV_ingestation_dag.py
[2022-11-27 16:50:29,536] {logging_mixin.py:109} INFO - [2022-11-27 16:50:29,534] {dag.py:2396} INFO - Sync 1 DAGs
[2022-11-27 16:50:29,642] {processor.py:171} INFO - Processing /opt/airflow/dags/FHV_ingestation_dag.py took 1.475 seconds
[2022-11-27 16:51:00,436] {processor.py:163} INFO - Started process (PID=1874) to work on /opt/airflow/dags/FHV_ingestation_dag.py
[2022-11-27 16:51:00,440] {processor.py:642} INFO - Processing file /opt/airflow/dags/FHV_ingestation_dag.py for tasks to queue
[2022-11-27 16:51:00,443] {logging_mixin.py:109} INFO - [2022-11-27 16:51:00,443] {dagbag.py:500} INFO - Filling up the DagBag from /opt/airflow/dags/FHV_ingestation_dag.py
[2022-11-27 16:51:02,519] {processor.py:654} INFO - DAG(s) dict_keys(['FHV_data_to_gcp_dag']) retrieved from /opt/airflow/dags/FHV_ingestation_dag.py
[2022-11-27 16:51:02,567] {logging_mixin.py:109} INFO - [2022-11-27 16:51:02,565] {dag.py:2396} INFO - Sync 1 DAGs
[2022-11-27 16:51:02,750] {processor.py:171} INFO - Processing /opt/airflow/dags/FHV_ingestation_dag.py took 2.322 seconds
[2022-11-27 16:51:33,359] {processor.py:163} INFO - Started process (PID=1946) to work on /opt/airflow/dags/FHV_ingestation_dag.py
[2022-11-27 16:51:33,364] {processor.py:642} INFO - Processing file /opt/airflow/dags/FHV_ingestation_dag.py for tasks to queue
[2022-11-27 16:51:33,367] {logging_mixin.py:109} INFO - [2022-11-27 16:51:33,366] {dagbag.py:500} INFO - Filling up the DagBag from /opt/airflow/dags/FHV_ingestation_dag.py
[2022-11-27 16:51:34,617] {processor.py:654} INFO - DAG(s) dict_keys(['FHV_data_to_gcp_dag']) retrieved from /opt/airflow/dags/FHV_ingestation_dag.py
[2022-11-27 16:51:34,653] {logging_mixin.py:109} INFO - [2022-11-27 16:51:34,652] {dag.py:2396} INFO - Sync 1 DAGs
[2022-11-27 16:51:34,720] {logging_mixin.py:109} INFO - [2022-11-27 16:51:34,719] {dag.py:2935} INFO - Setting next_dagrun for FHV_data_to_gcp_dag to 2019-12-02T06:00:00+00:00
[2022-11-27 16:51:34,749] {processor.py:171} INFO - Processing /opt/airflow/dags/FHV_ingestation_dag.py took 1.397 seconds
[2022-11-27 16:52:05,530] {processor.py:163} INFO - Started process (PID=2017) to work on /opt/airflow/dags/FHV_ingestation_dag.py
[2022-11-27 16:52:05,534] {processor.py:642} INFO - Processing file /opt/airflow/dags/FHV_ingestation_dag.py for tasks to queue
[2022-11-27 16:52:05,537] {logging_mixin.py:109} INFO - [2022-11-27 16:52:05,536] {dagbag.py:500} INFO - Filling up the DagBag from /opt/airflow/dags/FHV_ingestation_dag.py
[2022-11-27 16:52:06,638] {processor.py:654} INFO - DAG(s) dict_keys(['FHV_data_to_gcp_dag']) retrieved from /opt/airflow/dags/FHV_ingestation_dag.py
[2022-11-27 16:52:06,674] {logging_mixin.py:109} INFO - [2022-11-27 16:52:06,673] {dag.py:2396} INFO - Sync 1 DAGs
[2022-11-27 16:52:06,753] {processor.py:171} INFO - Processing /opt/airflow/dags/FHV_ingestation_dag.py took 1.232 seconds
[2022-11-27 16:52:37,304] {processor.py:163} INFO - Started process (PID=2095) to work on /opt/airflow/dags/FHV_ingestation_dag.py
[2022-11-27 16:52:37,309] {processor.py:642} INFO - Processing file /opt/airflow/dags/FHV_ingestation_dag.py for tasks to queue
[2022-11-27 16:52:37,312] {logging_mixin.py:109} INFO - [2022-11-27 16:52:37,312] {dagbag.py:500} INFO - Filling up the DagBag from /opt/airflow/dags/FHV_ingestation_dag.py
[2022-11-27 16:52:40,429] {processor.py:654} INFO - DAG(s) dict_keys(['FHV_data_to_gcp_dag']) retrieved from /opt/airflow/dags/FHV_ingestation_dag.py
[2022-11-27 16:52:40,497] {logging_mixin.py:109} INFO - [2022-11-27 16:52:40,496] {dag.py:2396} INFO - Sync 1 DAGs
[2022-11-27 16:52:40,625] {processor.py:171} INFO - Processing /opt/airflow/dags/FHV_ingestation_dag.py took 3.330 seconds
[2022-11-27 16:53:10,849] {processor.py:163} INFO - Started process (PID=2177) to work on /opt/airflow/dags/FHV_ingestation_dag.py
[2022-11-27 16:53:10,856] {processor.py:642} INFO - Processing file /opt/airflow/dags/FHV_ingestation_dag.py for tasks to queue
[2022-11-27 16:53:10,859] {logging_mixin.py:109} INFO - [2022-11-27 16:53:10,859] {dagbag.py:500} INFO - Filling up the DagBag from /opt/airflow/dags/FHV_ingestation_dag.py
[2022-11-27 16:53:12,551] {processor.py:654} INFO - DAG(s) dict_keys(['FHV_data_to_gcp_dag']) retrieved from /opt/airflow/dags/FHV_ingestation_dag.py
[2022-11-27 16:53:12,599] {logging_mixin.py:109} INFO - [2022-11-27 16:53:12,597] {dag.py:2396} INFO - Sync 1 DAGs
[2022-11-27 16:53:12,688] {logging_mixin.py:109} INFO - [2022-11-27 16:53:12,688] {dag.py:2935} INFO - Setting next_dagrun for FHV_data_to_gcp_dag to None
[2022-11-27 16:53:12,718] {processor.py:171} INFO - Processing /opt/airflow/dags/FHV_ingestation_dag.py took 1.878 seconds
[2022-11-27 16:53:43,154] {processor.py:163} INFO - Started process (PID=2231) to work on /opt/airflow/dags/FHV_ingestation_dag.py
[2022-11-27 16:53:43,158] {processor.py:642} INFO - Processing file /opt/airflow/dags/FHV_ingestation_dag.py for tasks to queue
[2022-11-27 16:53:43,161] {logging_mixin.py:109} INFO - [2022-11-27 16:53:43,161] {dagbag.py:500} INFO - Filling up the DagBag from /opt/airflow/dags/FHV_ingestation_dag.py
[2022-11-27 16:53:44,348] {processor.py:654} INFO - DAG(s) dict_keys(['FHV_data_to_gcp_dag']) retrieved from /opt/airflow/dags/FHV_ingestation_dag.py
[2022-11-27 16:53:44,385] {logging_mixin.py:109} INFO - [2022-11-27 16:53:44,384] {dag.py:2396} INFO - Sync 1 DAGs
[2022-11-27 16:53:44,457] {logging_mixin.py:109} INFO - [2022-11-27 16:53:44,457] {dag.py:2935} INFO - Setting next_dagrun for FHV_data_to_gcp_dag to None
[2022-11-27 16:53:44,481] {processor.py:171} INFO - Processing /opt/airflow/dags/FHV_ingestation_dag.py took 1.334 seconds
[2022-11-27 16:54:15,171] {processor.py:163} INFO - Started process (PID=2295) to work on /opt/airflow/dags/FHV_ingestation_dag.py
[2022-11-27 16:54:15,175] {processor.py:642} INFO - Processing file /opt/airflow/dags/FHV_ingestation_dag.py for tasks to queue
[2022-11-27 16:54:15,178] {logging_mixin.py:109} INFO - [2022-11-27 16:54:15,177] {dagbag.py:500} INFO - Filling up the DagBag from /opt/airflow/dags/FHV_ingestation_dag.py
[2022-11-27 16:54:16,710] {processor.py:654} INFO - DAG(s) dict_keys(['FHV_data_to_gcp_dag']) retrieved from /opt/airflow/dags/FHV_ingestation_dag.py
[2022-11-27 16:54:16,758] {logging_mixin.py:109} INFO - [2022-11-27 16:54:16,756] {dag.py:2396} INFO - Sync 1 DAGs
[2022-11-27 16:54:16,857] {logging_mixin.py:109} INFO - [2022-11-27 16:54:16,857] {dag.py:2935} INFO - Setting next_dagrun for FHV_data_to_gcp_dag to None
[2022-11-27 16:54:16,895] {processor.py:171} INFO - Processing /opt/airflow/dags/FHV_ingestation_dag.py took 1.732 seconds
[2022-11-27 16:54:47,140] {processor.py:163} INFO - Started process (PID=2357) to work on /opt/airflow/dags/FHV_ingestation_dag.py
[2022-11-27 16:54:47,144] {processor.py:642} INFO - Processing file /opt/airflow/dags/FHV_ingestation_dag.py for tasks to queue
[2022-11-27 16:54:47,147] {logging_mixin.py:109} INFO - [2022-11-27 16:54:47,146] {dagbag.py:500} INFO - Filling up the DagBag from /opt/airflow/dags/FHV_ingestation_dag.py
[2022-11-27 16:54:48,212] {processor.py:654} INFO - DAG(s) dict_keys(['FHV_data_to_gcp_dag']) retrieved from /opt/airflow/dags/FHV_ingestation_dag.py
[2022-11-27 16:54:48,248] {logging_mixin.py:109} INFO - [2022-11-27 16:54:48,247] {dag.py:2396} INFO - Sync 1 DAGs
[2022-11-27 16:54:48,323] {logging_mixin.py:109} INFO - [2022-11-27 16:54:48,322] {dag.py:2935} INFO - Setting next_dagrun for FHV_data_to_gcp_dag to None
[2022-11-27 16:54:48,348] {processor.py:171} INFO - Processing /opt/airflow/dags/FHV_ingestation_dag.py took 1.216 seconds
[2022-11-27 16:55:18,769] {processor.py:163} INFO - Started process (PID=2429) to work on /opt/airflow/dags/FHV_ingestation_dag.py
[2022-11-27 16:55:18,777] {processor.py:642} INFO - Processing file /opt/airflow/dags/FHV_ingestation_dag.py for tasks to queue
[2022-11-27 16:55:18,783] {logging_mixin.py:109} INFO - [2022-11-27 16:55:18,782] {dagbag.py:500} INFO - Filling up the DagBag from /opt/airflow/dags/FHV_ingestation_dag.py
[2022-11-27 16:55:20,587] {processor.py:654} INFO - DAG(s) dict_keys(['FHV_data_to_gcp_dag']) retrieved from /opt/airflow/dags/FHV_ingestation_dag.py
[2022-11-27 16:55:20,633] {logging_mixin.py:109} INFO - [2022-11-27 16:55:20,631] {dag.py:2396} INFO - Sync 1 DAGs
[2022-11-27 16:55:20,718] {logging_mixin.py:109} INFO - [2022-11-27 16:55:20,718] {dag.py:2935} INFO - Setting next_dagrun for FHV_data_to_gcp_dag to None
[2022-11-27 16:55:20,753] {processor.py:171} INFO - Processing /opt/airflow/dags/FHV_ingestation_dag.py took 1.999 seconds
