[2022-12-05 05:11:59,982] {taskinstance.py:1032} INFO - Dependencies all met for <TaskInstance: yellow_taxi_2_bq_dag.download_dataset_task scheduled__2020-07-02T06:00:00+00:00 [queued]>
[2022-12-05 05:12:00,017] {taskinstance.py:1032} INFO - Dependencies all met for <TaskInstance: yellow_taxi_2_bq_dag.download_dataset_task scheduled__2020-07-02T06:00:00+00:00 [queued]>
[2022-12-05 05:12:00,018] {taskinstance.py:1238} INFO - 
--------------------------------------------------------------------------------
[2022-12-05 05:12:00,019] {taskinstance.py:1239} INFO - Starting attempt 2 of 2
[2022-12-05 05:12:00,020] {taskinstance.py:1240} INFO - 
--------------------------------------------------------------------------------
[2022-12-05 05:12:00,056] {taskinstance.py:1259} INFO - Executing <Task(BashOperator): download_dataset_task> on 2020-07-02 06:00:00+00:00
[2022-12-05 05:12:00,066] {standard_task_runner.py:52} INFO - Started process 20980 to run task
[2022-12-05 05:12:00,073] {standard_task_runner.py:76} INFO - Running: ['***', 'tasks', 'run', 'yellow_taxi_2_bq_dag', 'download_dataset_task', 'scheduled__2020-07-02T06:00:00+00:00', '--job-id', '624', '--raw', '--subdir', 'DAGS_FOLDER/data_ingestation_gcp.py', '--cfg-path', '/tmp/tmpoytnq42n', '--error-file', '/tmp/tmpp3u7qahu']
[2022-12-05 05:12:00,076] {standard_task_runner.py:77} INFO - Job 624: Subtask download_dataset_task
[2022-12-05 05:12:00,230] {logging_mixin.py:109} INFO - Running <TaskInstance: yellow_taxi_2_bq_dag.download_dataset_task scheduled__2020-07-02T06:00:00+00:00 [running]> on host 9b5bfd347476
[2022-12-05 05:12:00,399] {logging_mixin.py:109} WARNING - /home/***/.local/lib/python3.7/site-packages/***/utils/context.py:152 AirflowContextDeprecationWarning: Accessing 'execution_date' from the template is deprecated and will be removed in a future version. Please use 'data_interval_start' or 'logical_date' instead.
[2022-12-05 05:12:00,436] {taskinstance.py:1426} INFO - Exporting the following env vars:
AIRFLOW_CTX_DAG_OWNER=***
AIRFLOW_CTX_DAG_ID=yellow_taxi_2_bq_dag
AIRFLOW_CTX_TASK_ID=download_dataset_task
AIRFLOW_CTX_EXECUTION_DATE=2020-07-02T06:00:00+00:00
AIRFLOW_CTX_DAG_RUN_ID=scheduled__2020-07-02T06:00:00+00:00
[2022-12-05 05:12:00,440] {subprocess.py:62} INFO - Tmp dir root location: 
 /tmp
[2022-12-05 05:12:00,442] {subprocess.py:74} INFO - Running command: ['bash', '-c', 'curl -sSLf https://d37ci6vzurychx.cloudfront.net/trip-data/yellow_tripdata_2020-07.parquet > /opt/***/output_2020-07.parquet']
[2022-12-05 05:12:00,459] {subprocess.py:85} INFO - Output:
[2022-12-05 05:12:03,062] {subprocess.py:93} INFO - Command exited with return code 0
[2022-12-05 05:12:03,124] {taskinstance.py:1277} INFO - Marking task as SUCCESS. dag_id=yellow_taxi_2_bq_dag, task_id=download_dataset_task, execution_date=20200702T060000, start_date=20221205T051159, end_date=20221205T051203
[2022-12-05 05:12:03,191] {local_task_job.py:154} INFO - Task exited with return code 0
[2022-12-05 05:12:03,279] {dagrun.py:628} WARNING - Failed to get task '<TaskInstance: yellow_taxi_2_bq_dag.bq_ext_2_part_task scheduled__2020-07-02T06:00:00+00:00 [removed]>' for dag 'yellow_taxi_2_bq_dag'. Marking it as removed.
[2022-12-05 05:12:03,324] {local_task_job.py:264} INFO - 1 downstream tasks scheduled from follow-on schedule check
