[2022-11-27 05:05:55,303] {taskinstance.py:1032} INFO - Dependencies all met for <TaskInstance: data_ingestation_gcp_dag.local_to_gcp_task scheduled__2019-07-02T06:00:00+00:00 [queued]>
[2022-11-27 05:05:55,390] {taskinstance.py:1032} INFO - Dependencies all met for <TaskInstance: data_ingestation_gcp_dag.local_to_gcp_task scheduled__2019-07-02T06:00:00+00:00 [queued]>
[2022-11-27 05:05:55,392] {taskinstance.py:1238} INFO - 
--------------------------------------------------------------------------------
[2022-11-27 05:05:55,394] {taskinstance.py:1239} INFO - Starting attempt 2 of 2
[2022-11-27 05:05:55,396] {taskinstance.py:1240} INFO - 
--------------------------------------------------------------------------------
[2022-11-27 05:05:55,472] {taskinstance.py:1259} INFO - Executing <Task(PythonOperator): local_to_gcp_task> on 2019-07-02 06:00:00+00:00
[2022-11-27 05:05:55,496] {standard_task_runner.py:52} INFO - Started process 3137 to run task
[2022-11-27 05:05:55,516] {standard_task_runner.py:76} INFO - Running: ['***', 'tasks', 'run', 'data_ingestation_gcp_dag', 'local_to_gcp_task', 'scheduled__2019-07-02T06:00:00+00:00', '--job-id', '215', '--raw', '--subdir', 'DAGS_FOLDER/data_ingestation_gcp.py', '--cfg-path', '/tmp/tmpi75kn7p9', '--error-file', '/tmp/tmpuvz0dsd5']
[2022-11-27 05:05:55,523] {standard_task_runner.py:77} INFO - Job 215: Subtask local_to_gcp_task
[2022-11-27 05:05:55,814] {logging_mixin.py:109} INFO - Running <TaskInstance: data_ingestation_gcp_dag.local_to_gcp_task scheduled__2019-07-02T06:00:00+00:00 [running]> on host 410f3484ae43
[2022-11-27 05:05:56,074] {logging_mixin.py:109} WARNING - /home/***/.local/lib/python3.7/site-packages/***/utils/context.py:152 AirflowContextDeprecationWarning: Accessing 'execution_date' from the template is deprecated and will be removed in a future version. Please use 'data_interval_start' or 'logical_date' instead.
[2022-11-27 05:05:56,141] {taskinstance.py:1426} INFO - Exporting the following env vars:
AIRFLOW_CTX_DAG_OWNER=***
AIRFLOW_CTX_DAG_ID=data_ingestation_gcp_dag
AIRFLOW_CTX_TASK_ID=local_to_gcp_task
AIRFLOW_CTX_EXECUTION_DATE=2019-07-02T06:00:00+00:00
AIRFLOW_CTX_DAG_RUN_ID=scheduled__2019-07-02T06:00:00+00:00
[2022-11-27 05:06:30,596] {python.py:175} INFO - Done. Returned value was: None
[2022-11-27 05:06:30,648] {taskinstance.py:1277} INFO - Marking task as SUCCESS. dag_id=data_ingestation_gcp_dag, task_id=local_to_gcp_task, execution_date=20190702T060000, start_date=20221127T050555, end_date=20221127T050630
[2022-11-27 05:06:30,769] {local_task_job.py:154} INFO - Task exited with return code 0
[2022-11-27 05:06:30,867] {local_task_job.py:264} INFO - 0 downstream tasks scheduled from follow-on schedule check
