[2022-12-05 04:07:26,109] {taskinstance.py:1032} INFO - Dependencies all met for <TaskInstance: yellow_taxi_2_bq_dag.download_dataset_task scheduled__2020-03-02T06:00:00+00:00 [queued]>
[2022-12-05 04:07:26,139] {taskinstance.py:1032} INFO - Dependencies all met for <TaskInstance: yellow_taxi_2_bq_dag.download_dataset_task scheduled__2020-03-02T06:00:00+00:00 [queued]>
[2022-12-05 04:07:26,140] {taskinstance.py:1238} INFO - 
--------------------------------------------------------------------------------
[2022-12-05 04:07:26,141] {taskinstance.py:1239} INFO - Starting attempt 1 of 1
[2022-12-05 04:07:26,141] {taskinstance.py:1240} INFO - 
--------------------------------------------------------------------------------
[2022-12-05 04:07:26,170] {taskinstance.py:1259} INFO - Executing <Task(BashOperator): download_dataset_task> on 2020-03-02 06:00:00+00:00
[2022-12-05 04:07:26,178] {standard_task_runner.py:52} INFO - Started process 12196 to run task
[2022-12-05 04:07:26,185] {standard_task_runner.py:76} INFO - Running: ['***', 'tasks', 'run', 'yellow_taxi_2_bq_dag', 'download_dataset_task', 'scheduled__2020-03-02T06:00:00+00:00', '--job-id', '484', '--raw', '--subdir', 'DAGS_FOLDER/data_ingestation_gcp.py', '--cfg-path', '/tmp/tmp7r87yhh9', '--error-file', '/tmp/tmpi4_ahqxk']
[2022-12-05 04:07:26,187] {standard_task_runner.py:77} INFO - Job 484: Subtask download_dataset_task
[2022-12-05 04:07:26,281] {logging_mixin.py:109} INFO - Running <TaskInstance: yellow_taxi_2_bq_dag.download_dataset_task scheduled__2020-03-02T06:00:00+00:00 [running]> on host 9b5bfd347476
[2022-12-05 04:07:26,387] {logging_mixin.py:109} WARNING - /home/***/.local/lib/python3.7/site-packages/***/utils/context.py:152 AirflowContextDeprecationWarning: Accessing 'execution_date' from the template is deprecated and will be removed in a future version. Please use 'data_interval_start' or 'logical_date' instead.
[2022-12-05 04:07:26,419] {taskinstance.py:1426} INFO - Exporting the following env vars:
AIRFLOW_CTX_DAG_OWNER=***
AIRFLOW_CTX_DAG_ID=yellow_taxi_2_bq_dag
AIRFLOW_CTX_TASK_ID=download_dataset_task
AIRFLOW_CTX_EXECUTION_DATE=2020-03-02T06:00:00+00:00
AIRFLOW_CTX_DAG_RUN_ID=scheduled__2020-03-02T06:00:00+00:00
[2022-12-05 04:07:26,423] {subprocess.py:62} INFO - Tmp dir root location: 
 /tmp
[2022-12-05 04:07:26,424] {subprocess.py:74} INFO - Running command: ['bash', '-c', 'curl -sSLf https://d37ci6vzurychx.cloudfront.net/trip-data/yellow_tripdata_2020-03.parquet > /opt/***/output_2020-03.parquet']
[2022-12-05 04:07:26,439] {subprocess.py:85} INFO - Output:
[2022-12-05 04:07:30,377] {subprocess.py:93} INFO - Command exited with return code 0
[2022-12-05 04:07:30,443] {taskinstance.py:1277} INFO - Marking task as SUCCESS. dag_id=yellow_taxi_2_bq_dag, task_id=download_dataset_task, execution_date=20200302T060000, start_date=20221205T040726, end_date=20221205T040730
[2022-12-05 04:07:30,489] {local_task_job.py:154} INFO - Task exited with return code 0
[2022-12-05 04:07:30,588] {local_task_job.py:264} INFO - 1 downstream tasks scheduled from follow-on schedule check
