[2022-12-02 06:02:20,642] {taskinstance.py:1032} INFO - Dependencies all met for <TaskInstance: FHV_data_upload_dag.local_to_gcp_task scheduled__2019-04-02T06:00:00+00:00 [queued]>
[2022-12-02 06:02:21,104] {taskinstance.py:1032} INFO - Dependencies all met for <TaskInstance: FHV_data_upload_dag.local_to_gcp_task scheduled__2019-04-02T06:00:00+00:00 [queued]>
[2022-12-02 06:02:21,116] {taskinstance.py:1238} INFO - 
--------------------------------------------------------------------------------
[2022-12-02 06:02:21,124] {taskinstance.py:1239} INFO - Starting attempt 1 of 2
[2022-12-02 06:02:21,130] {taskinstance.py:1240} INFO - 
--------------------------------------------------------------------------------
[2022-12-02 06:02:21,389] {taskinstance.py:1259} INFO - Executing <Task(PythonOperator): local_to_gcp_task> on 2019-04-02 06:00:00+00:00
[2022-12-02 06:02:21,467] {standard_task_runner.py:52} INFO - Started process 8368 to run task
[2022-12-02 06:02:21,557] {standard_task_runner.py:76} INFO - Running: ['***', 'tasks', 'run', 'FHV_data_upload_dag', 'local_to_gcp_task', 'scheduled__2019-04-02T06:00:00+00:00', '--job-id', '338', '--raw', '--subdir', 'DAGS_FOLDER/FHV_data_upload_dag.py', '--cfg-path', '/tmp/tmptsjgchqh', '--error-file', '/tmp/tmp9qbm5qof']
[2022-12-02 06:02:21,591] {standard_task_runner.py:77} INFO - Job 338: Subtask local_to_gcp_task
[2022-12-02 06:02:22,598] {logging_mixin.py:109} INFO - Running <TaskInstance: FHV_data_upload_dag.local_to_gcp_task scheduled__2019-04-02T06:00:00+00:00 [running]> on host abdcba3d233e
[2022-12-02 06:02:23,693] {logging_mixin.py:109} WARNING - /home/***/.local/lib/python3.7/site-packages/***/utils/context.py:152 AirflowContextDeprecationWarning: Accessing 'execution_date' from the template is deprecated and will be removed in a future version. Please use 'data_interval_start' or 'logical_date' instead.
[2022-12-02 06:02:24,062] {taskinstance.py:1426} INFO - Exporting the following env vars:
AIRFLOW_CTX_DAG_OWNER=***
AIRFLOW_CTX_DAG_ID=FHV_data_upload_dag
AIRFLOW_CTX_TASK_ID=local_to_gcp_task
AIRFLOW_CTX_EXECUTION_DATE=2019-04-02T06:00:00+00:00
AIRFLOW_CTX_DAG_RUN_ID=scheduled__2019-04-02T06:00:00+00:00
[2022-12-02 06:02:35,159] {python.py:175} INFO - Done. Returned value was: None
[2022-12-02 06:02:35,329] {taskinstance.py:1277} INFO - Marking task as SUCCESS. dag_id=FHV_data_upload_dag, task_id=local_to_gcp_task, execution_date=20190402T060000, start_date=20221202T060220, end_date=20221202T060235
[2022-12-02 06:02:35,517] {local_task_job.py:154} INFO - Task exited with return code 0
[2022-12-02 06:02:35,680] {local_task_job.py:264} INFO - 0 downstream tasks scheduled from follow-on schedule check
