[2022-11-27 04:16:39,147] {taskinstance.py:1032} INFO - Dependencies all met for <TaskInstance: data_ingestation_gcp_dag.local_to_gcp_task scheduled__2019-02-02T06:00:00+00:00 [queued]>
[2022-11-27 04:16:39,204] {taskinstance.py:1032} INFO - Dependencies all met for <TaskInstance: data_ingestation_gcp_dag.local_to_gcp_task scheduled__2019-02-02T06:00:00+00:00 [queued]>
[2022-11-27 04:16:39,205] {taskinstance.py:1238} INFO - 
--------------------------------------------------------------------------------
[2022-11-27 04:16:39,206] {taskinstance.py:1239} INFO - Starting attempt 3 of 3
[2022-11-27 04:16:39,207] {taskinstance.py:1240} INFO - 
--------------------------------------------------------------------------------
[2022-11-27 04:16:39,260] {taskinstance.py:1259} INFO - Executing <Task(PythonOperator): local_to_gcp_task> on 2019-02-02 06:00:00+00:00
[2022-11-27 04:16:39,272] {standard_task_runner.py:52} INFO - Started process 3042 to run task
[2022-11-27 04:16:39,282] {standard_task_runner.py:76} INFO - Running: ['***', 'tasks', 'run', 'data_ingestation_gcp_dag', 'local_to_gcp_task', 'scheduled__2019-02-02T06:00:00+00:00', '--job-id', '134', '--raw', '--subdir', 'DAGS_FOLDER/data_ingestation_gcp.py', '--cfg-path', '/tmp/tmpi566y0jz', '--error-file', '/tmp/tmp8ho3whht']
[2022-11-27 04:16:39,285] {standard_task_runner.py:77} INFO - Job 134: Subtask local_to_gcp_task
[2022-11-27 04:16:39,435] {logging_mixin.py:109} INFO - Running <TaskInstance: data_ingestation_gcp_dag.local_to_gcp_task scheduled__2019-02-02T06:00:00+00:00 [running]> on host 410f3484ae43
[2022-11-27 04:16:39,620] {logging_mixin.py:109} WARNING - /home/***/.local/lib/python3.7/site-packages/***/utils/context.py:152 AirflowContextDeprecationWarning: Accessing 'execution_date' from the template is deprecated and will be removed in a future version. Please use 'data_interval_start' or 'logical_date' instead.
[2022-11-27 04:16:39,674] {taskinstance.py:1426} INFO - Exporting the following env vars:
AIRFLOW_CTX_DAG_OWNER=***
AIRFLOW_CTX_DAG_ID=data_ingestation_gcp_dag
AIRFLOW_CTX_TASK_ID=local_to_gcp_task
AIRFLOW_CTX_EXECUTION_DATE=2019-02-02T06:00:00+00:00
AIRFLOW_CTX_DAG_RUN_ID=scheduled__2019-02-02T06:00:00+00:00
[2022-11-27 04:17:22,182] {python.py:175} INFO - Done. Returned value was: None
[2022-11-27 04:17:22,235] {taskinstance.py:1277} INFO - Marking task as SUCCESS. dag_id=data_ingestation_gcp_dag, task_id=local_to_gcp_task, execution_date=20190202T060000, start_date=20221127T041639, end_date=20221127T041722
[2022-11-27 04:17:22,348] {local_task_job.py:154} INFO - Task exited with return code 0
[2022-11-27 04:17:22,607] {local_task_job.py:264} INFO - 0 downstream tasks scheduled from follow-on schedule check
