[2022-12-05 03:51:59,993] {taskinstance.py:1032} INFO - Dependencies all met for <TaskInstance: yellow_taxi_2_bq_dag.gcs_2_gcs_task scheduled__2019-08-02T06:00:00+00:00 [queued]>
[2022-12-05 03:52:00,024] {taskinstance.py:1032} INFO - Dependencies all met for <TaskInstance: yellow_taxi_2_bq_dag.gcs_2_gcs_task scheduled__2019-08-02T06:00:00+00:00 [queued]>
[2022-12-05 03:52:00,025] {taskinstance.py:1238} INFO - 
--------------------------------------------------------------------------------
[2022-12-05 03:52:00,026] {taskinstance.py:1239} INFO - Starting attempt 1 of 1
[2022-12-05 03:52:00,027] {taskinstance.py:1240} INFO - 
--------------------------------------------------------------------------------
[2022-12-05 03:52:00,059] {taskinstance.py:1259} INFO - Executing <Task(GCSToGCSOperator): gcs_2_gcs_task> on 2019-08-02 06:00:00+00:00
[2022-12-05 03:52:00,068] {standard_task_runner.py:52} INFO - Started process 9790 to run task
[2022-12-05 03:52:00,075] {standard_task_runner.py:76} INFO - Running: ['***', 'tasks', 'run', 'yellow_taxi_2_bq_dag', 'gcs_2_gcs_task', 'scheduled__2019-08-02T06:00:00+00:00', '--job-id', '445', '--raw', '--subdir', 'DAGS_FOLDER/data_ingestation_gcp.py', '--cfg-path', '/tmp/tmpam6frp7j', '--error-file', '/tmp/tmpa7b09dkq']
[2022-12-05 03:52:00,078] {standard_task_runner.py:77} INFO - Job 445: Subtask gcs_2_gcs_task
[2022-12-05 03:52:00,180] {logging_mixin.py:109} INFO - Running <TaskInstance: yellow_taxi_2_bq_dag.gcs_2_gcs_task scheduled__2019-08-02T06:00:00+00:00 [running]> on host 9b5bfd347476
[2022-12-05 03:52:00,303] {taskinstance.py:1426} INFO - Exporting the following env vars:
AIRFLOW_CTX_DAG_OWNER=***
AIRFLOW_CTX_DAG_ID=yellow_taxi_2_bq_dag
AIRFLOW_CTX_TASK_ID=gcs_2_gcs_task
AIRFLOW_CTX_EXECUTION_DATE=2019-08-02T06:00:00+00:00
AIRFLOW_CTX_DAG_RUN_ID=scheduled__2019-08-02T06:00:00+00:00
[2022-12-05 03:52:00,306] {crypto.py:82} WARNING - empty cryptography key - values will not be stored encrypted.
[2022-12-05 03:52:00,308] {gcs_to_gcs.py:346} INFO - Delimiter ignored because wildcard is in prefix
[2022-12-05 03:52:00,769] {gcs_to_gcs.py:431} INFO - Executing copy of gs://my_nyc_tlc/raw/yellow_tripdata_2019-08.parquet to gs://my_nyc_tlc/yellow/2019-08.parquet
[2022-12-05 03:52:00,968] {gcs.py:251} INFO - Total Bytes: 127586911 | Bytes Written: 127586911
[2022-12-05 03:52:00,969] {gcs.py:264} INFO - Object raw/yellow_tripdata_2019-08.parquet in bucket my_nyc_tlc rewritten to object yellow/2019-08.parquet in bucket my_nyc_tlc
[2022-12-05 03:52:01,057] {gcs.py:645} INFO - Blob raw/yellow_tripdata_2019-08.parquet deleted.
[2022-12-05 03:52:01,102] {taskinstance.py:1277} INFO - Marking task as SUCCESS. dag_id=yellow_taxi_2_bq_dag, task_id=gcs_2_gcs_task, execution_date=20190802T060000, start_date=20221205T035159, end_date=20221205T035201
[2022-12-05 03:52:01,179] {local_task_job.py:154} INFO - Task exited with return code 0
[2022-12-05 03:52:01,310] {local_task_job.py:264} INFO - 1 downstream tasks scheduled from follow-on schedule check
