[2022-12-02 03:42:59,962] {taskinstance.py:1032} INFO - Dependencies all met for <TaskInstance: FHV_data_upload_dag.download_dataset_task scheduled__2019-01-02T06:00:00+00:00 [queued]>
[2022-12-02 03:42:59,994] {taskinstance.py:1032} INFO - Dependencies all met for <TaskInstance: FHV_data_upload_dag.download_dataset_task scheduled__2019-01-02T06:00:00+00:00 [queued]>
[2022-12-02 03:42:59,995] {taskinstance.py:1238} INFO - 
--------------------------------------------------------------------------------
[2022-12-02 03:42:59,996] {taskinstance.py:1239} INFO - Starting attempt 1 of 2
[2022-12-02 03:42:59,996] {taskinstance.py:1240} INFO - 
--------------------------------------------------------------------------------
[2022-12-02 03:43:00,031] {taskinstance.py:1259} INFO - Executing <Task(BashOperator): download_dataset_task> on 2019-01-02 06:00:00+00:00
[2022-12-02 03:43:00,041] {standard_task_runner.py:52} INFO - Started process 980 to run task
[2022-12-02 03:43:00,061] {standard_task_runner.py:76} INFO - Running: ['***', 'tasks', 'run', 'FHV_data_upload_dag', 'download_dataset_task', 'scheduled__2019-01-02T06:00:00+00:00', '--job-id', '280', '--raw', '--subdir', 'DAGS_FOLDER/FHV_data_upload_dag.py', '--cfg-path', '/tmp/tmp2s4q4nrv', '--error-file', '/tmp/tmp8tfzczxl']
[2022-12-02 03:43:00,063] {standard_task_runner.py:77} INFO - Job 280: Subtask download_dataset_task
[2022-12-02 03:43:00,184] {logging_mixin.py:109} INFO - Running <TaskInstance: FHV_data_upload_dag.download_dataset_task scheduled__2019-01-02T06:00:00+00:00 [running]> on host abdcba3d233e
[2022-12-02 03:43:00,335] {logging_mixin.py:109} WARNING - /home/***/.local/lib/python3.7/site-packages/***/utils/context.py:152 AirflowContextDeprecationWarning: Accessing 'execution_date' from the template is deprecated and will be removed in a future version. Please use 'data_interval_start' or 'logical_date' instead.
[2022-12-02 03:43:00,406] {taskinstance.py:1426} INFO - Exporting the following env vars:
AIRFLOW_CTX_DAG_OWNER=***
AIRFLOW_CTX_DAG_ID=FHV_data_upload_dag
AIRFLOW_CTX_TASK_ID=download_dataset_task
AIRFLOW_CTX_EXECUTION_DATE=2019-01-02T06:00:00+00:00
AIRFLOW_CTX_DAG_RUN_ID=scheduled__2019-01-02T06:00:00+00:00
[2022-12-02 03:43:00,419] {subprocess.py:62} INFO - Tmp dir root location: 
 /tmp
[2022-12-02 03:43:00,455] {subprocess.py:74} INFO - Running command: ['bash', '-c', 'curl -sSLf https://d37ci6vzurychx.cloudfront.net/trip-data/fhv_tripdata_2019-01.parquet > /opt/***/output_2019-01.parquet']
[2022-12-02 03:43:00,496] {subprocess.py:85} INFO - Output:
[2022-12-02 03:43:14,021] {subprocess.py:93} INFO - Command exited with return code 0
[2022-12-02 03:43:14,087] {taskinstance.py:1277} INFO - Marking task as SUCCESS. dag_id=FHV_data_upload_dag, task_id=download_dataset_task, execution_date=20190102T060000, start_date=20221202T034259, end_date=20221202T034314
[2022-12-02 03:43:14,183] {local_task_job.py:154} INFO - Task exited with return code 0
[2022-12-02 03:43:14,276] {local_task_job.py:264} INFO - 1 downstream tasks scheduled from follow-on schedule check
