[2022-11-27 04:59:27,022] {taskinstance.py:1032} INFO - Dependencies all met for <TaskInstance: data_ingestation_gcp_dag.local_to_gcp_task scheduled__2020-11-02T06:00:00+00:00 [queued]>
[2022-11-27 04:59:27,079] {taskinstance.py:1032} INFO - Dependencies all met for <TaskInstance: data_ingestation_gcp_dag.local_to_gcp_task scheduled__2020-11-02T06:00:00+00:00 [queued]>
[2022-11-27 04:59:27,080] {taskinstance.py:1238} INFO - 
--------------------------------------------------------------------------------
[2022-11-27 04:59:27,082] {taskinstance.py:1239} INFO - Starting attempt 1 of 1
[2022-11-27 04:59:27,083] {taskinstance.py:1240} INFO - 
--------------------------------------------------------------------------------
[2022-11-27 04:59:27,139] {taskinstance.py:1259} INFO - Executing <Task(PythonOperator): local_to_gcp_task> on 2020-11-02 06:00:00+00:00
[2022-11-27 04:59:27,163] {standard_task_runner.py:52} INFO - Started process 2451 to run task
[2022-11-27 04:59:27,177] {standard_task_runner.py:76} INFO - Running: ['***', 'tasks', 'run', 'data_ingestation_gcp_dag', 'local_to_gcp_task', 'scheduled__2020-11-02T06:00:00+00:00', '--job-id', '200', '--raw', '--subdir', 'DAGS_FOLDER/data_ingestation_gcp.py', '--cfg-path', '/tmp/tmp2bsw9t1i', '--error-file', '/tmp/tmp9biormbj']
[2022-11-27 04:59:27,181] {standard_task_runner.py:77} INFO - Job 200: Subtask local_to_gcp_task
[2022-11-27 04:59:27,420] {logging_mixin.py:109} INFO - Running <TaskInstance: data_ingestation_gcp_dag.local_to_gcp_task scheduled__2020-11-02T06:00:00+00:00 [running]> on host 410f3484ae43
[2022-11-27 04:59:27,690] {logging_mixin.py:109} WARNING - /home/***/.local/lib/python3.7/site-packages/***/utils/context.py:152 AirflowContextDeprecationWarning: Accessing 'execution_date' from the template is deprecated and will be removed in a future version. Please use 'data_interval_start' or 'logical_date' instead.
[2022-11-27 04:59:27,777] {taskinstance.py:1426} INFO - Exporting the following env vars:
AIRFLOW_CTX_DAG_OWNER=***
AIRFLOW_CTX_DAG_ID=data_ingestation_gcp_dag
AIRFLOW_CTX_TASK_ID=local_to_gcp_task
AIRFLOW_CTX_EXECUTION_DATE=2020-11-02T06:00:00+00:00
AIRFLOW_CTX_DAG_RUN_ID=scheduled__2020-11-02T06:00:00+00:00
[2022-11-27 04:59:35,024] {python.py:175} INFO - Done. Returned value was: None
[2022-11-27 04:59:35,109] {taskinstance.py:1277} INFO - Marking task as SUCCESS. dag_id=data_ingestation_gcp_dag, task_id=local_to_gcp_task, execution_date=20201102T060000, start_date=20221127T045927, end_date=20221127T045935
[2022-11-27 04:59:35,277] {local_task_job.py:154} INFO - Task exited with return code 0
[2022-11-27 04:59:35,458] {local_task_job.py:264} INFO - 1 downstream tasks scheduled from follow-on schedule check
