[2022-12-05 05:15:51,197] {taskinstance.py:1032} INFO - Dependencies all met for <TaskInstance: yellow_taxi_2_bq_dag.remodel_data_type_task scheduled__2020-12-02T06:00:00+00:00 [queued]>
[2022-12-05 05:15:51,228] {taskinstance.py:1032} INFO - Dependencies all met for <TaskInstance: yellow_taxi_2_bq_dag.remodel_data_type_task scheduled__2020-12-02T06:00:00+00:00 [queued]>
[2022-12-05 05:15:51,229] {taskinstance.py:1238} INFO - 
--------------------------------------------------------------------------------
[2022-12-05 05:15:51,230] {taskinstance.py:1239} INFO - Starting attempt 2 of 2
[2022-12-05 05:15:51,230] {taskinstance.py:1240} INFO - 
--------------------------------------------------------------------------------
[2022-12-05 05:15:51,262] {taskinstance.py:1259} INFO - Executing <Task(PythonOperator): remodel_data_type_task> on 2020-12-02 06:00:00+00:00
[2022-12-05 05:15:51,271] {standard_task_runner.py:52} INFO - Started process 21745 to run task
[2022-12-05 05:15:51,278] {standard_task_runner.py:76} INFO - Running: ['***', 'tasks', 'run', 'yellow_taxi_2_bq_dag', 'remodel_data_type_task', 'scheduled__2020-12-02T06:00:00+00:00', '--job-id', '650', '--raw', '--subdir', 'DAGS_FOLDER/data_ingestation_gcp.py', '--cfg-path', '/tmp/tmpa3zr2m4q', '--error-file', '/tmp/tmpaen_8avg']
[2022-12-05 05:15:51,280] {standard_task_runner.py:77} INFO - Job 650: Subtask remodel_data_type_task
[2022-12-05 05:15:51,405] {logging_mixin.py:109} INFO - Running <TaskInstance: yellow_taxi_2_bq_dag.remodel_data_type_task scheduled__2020-12-02T06:00:00+00:00 [running]> on host 9b5bfd347476
[2022-12-05 05:15:51,543] {logging_mixin.py:109} WARNING - /home/***/.local/lib/python3.7/site-packages/***/utils/context.py:152 AirflowContextDeprecationWarning: Accessing 'execution_date' from the template is deprecated and will be removed in a future version. Please use 'data_interval_start' or 'logical_date' instead.
[2022-12-05 05:15:51,581] {taskinstance.py:1426} INFO - Exporting the following env vars:
AIRFLOW_CTX_DAG_OWNER=***
AIRFLOW_CTX_DAG_ID=yellow_taxi_2_bq_dag
AIRFLOW_CTX_TASK_ID=remodel_data_type_task
AIRFLOW_CTX_EXECUTION_DATE=2020-12-02T06:00:00+00:00
AIRFLOW_CTX_DAG_RUN_ID=scheduled__2020-12-02T06:00:00+00:00
[2022-12-05 05:16:06,294] {python.py:175} INFO - Done. Returned value was: None
[2022-12-05 05:16:06,328] {taskinstance.py:1277} INFO - Marking task as SUCCESS. dag_id=yellow_taxi_2_bq_dag, task_id=remodel_data_type_task, execution_date=20201202T060000, start_date=20221205T051551, end_date=20221205T051606
[2022-12-05 05:16:06,507] {local_task_job.py:212} WARNING - State of this instance has been externally set to success. Terminating instance.
[2022-12-05 05:16:06,516] {process_utils.py:124} INFO - Sending Signals.SIGTERM to group 21745. PIDs of all processes in the group: [21745]
[2022-12-05 05:16:06,517] {process_utils.py:75} INFO - Sending the signal Signals.SIGTERM to group 21745
[2022-12-05 05:16:06,653] {process_utils.py:70} INFO - Process psutil.Process(pid=21745, status='terminated', exitcode=0, started='05:15:50') (21745) terminated with exit code 0
