[2022-12-05 04:09:23,773] {taskinstance.py:1032} INFO - Dependencies all met for <TaskInstance: yellow_taxi_2_bq_dag.gcs_2_bq_ext_task scheduled__2020-04-02T06:00:00+00:00 [queued]>
[2022-12-05 04:09:23,800] {taskinstance.py:1032} INFO - Dependencies all met for <TaskInstance: yellow_taxi_2_bq_dag.gcs_2_bq_ext_task scheduled__2020-04-02T06:00:00+00:00 [queued]>
[2022-12-05 04:09:23,801] {taskinstance.py:1238} INFO - 
--------------------------------------------------------------------------------
[2022-12-05 04:09:23,802] {taskinstance.py:1239} INFO - Starting attempt 1 of 2
[2022-12-05 04:09:23,802] {taskinstance.py:1240} INFO - 
--------------------------------------------------------------------------------
[2022-12-05 04:09:23,831] {taskinstance.py:1259} INFO - Executing <Task(BigQueryCreateExternalTableOperator): gcs_2_bq_ext_task> on 2020-04-02 06:00:00+00:00
[2022-12-05 04:09:23,839] {standard_task_runner.py:52} INFO - Started process 12545 to run task
[2022-12-05 04:09:23,846] {standard_task_runner.py:76} INFO - Running: ['***', 'tasks', 'run', 'yellow_taxi_2_bq_dag', 'gcs_2_bq_ext_task', 'scheduled__2020-04-02T06:00:00+00:00', '--job-id', '494', '--raw', '--subdir', 'DAGS_FOLDER/data_ingestation_gcp.py', '--cfg-path', '/tmp/tmpy_i55wg7', '--error-file', '/tmp/tmp00tjedca']
[2022-12-05 04:09:23,848] {standard_task_runner.py:77} INFO - Job 494: Subtask gcs_2_bq_ext_task
[2022-12-05 04:09:23,937] {logging_mixin.py:109} INFO - Running <TaskInstance: yellow_taxi_2_bq_dag.gcs_2_bq_ext_task scheduled__2020-04-02T06:00:00+00:00 [running]> on host 9b5bfd347476
[2022-12-05 04:09:24,058] {taskinstance.py:1426} INFO - Exporting the following env vars:
AIRFLOW_CTX_DAG_OWNER=***
AIRFLOW_CTX_DAG_ID=yellow_taxi_2_bq_dag
AIRFLOW_CTX_TASK_ID=gcs_2_bq_ext_task
AIRFLOW_CTX_EXECUTION_DATE=2020-04-02T06:00:00+00:00
AIRFLOW_CTX_DAG_RUN_ID=scheduled__2020-04-02T06:00:00+00:00
[2022-12-05 04:09:24,061] {crypto.py:82} WARNING - empty cryptography key - values will not be stored encrypted.
[2022-12-05 04:09:24,656] {taskinstance.py:1277} INFO - Marking task as SUCCESS. dag_id=yellow_taxi_2_bq_dag, task_id=gcs_2_bq_ext_task, execution_date=20200402T060000, start_date=20221205T040923, end_date=20221205T040924
[2022-12-05 04:09:24,753] {local_task_job.py:154} INFO - Task exited with return code 0
[2022-12-05 04:09:24,816] {local_task_job.py:264} INFO - 1 downstream tasks scheduled from follow-on schedule check
