[2022-12-05 04:13:19,575] {taskinstance.py:1032} INFO - Dependencies all met for <TaskInstance: yellow_taxi_2_bq_dag.gcs_2_gcs_task scheduled__2020-08-02T06:00:00+00:00 [queued]>
[2022-12-05 04:13:19,602] {taskinstance.py:1032} INFO - Dependencies all met for <TaskInstance: yellow_taxi_2_bq_dag.gcs_2_gcs_task scheduled__2020-08-02T06:00:00+00:00 [queued]>
[2022-12-05 04:13:19,603] {taskinstance.py:1238} INFO - 
--------------------------------------------------------------------------------
[2022-12-05 04:13:19,604] {taskinstance.py:1239} INFO - Starting attempt 1 of 1
[2022-12-05 04:13:19,604] {taskinstance.py:1240} INFO - 
--------------------------------------------------------------------------------
[2022-12-05 04:13:19,632] {taskinstance.py:1259} INFO - Executing <Task(GCSToGCSOperator): gcs_2_gcs_task> on 2020-08-02 06:00:00+00:00
[2022-12-05 04:13:19,640] {standard_task_runner.py:52} INFO - Started process 13307 to run task
[2022-12-05 04:13:19,646] {standard_task_runner.py:76} INFO - Running: ['***', 'tasks', 'run', 'yellow_taxi_2_bq_dag', 'gcs_2_gcs_task', 'scheduled__2020-08-02T06:00:00+00:00', '--job-id', '517', '--raw', '--subdir', 'DAGS_FOLDER/data_ingestation_gcp.py', '--cfg-path', '/tmp/tmp_wj4x0kc', '--error-file', '/tmp/tmp9rp08bjc']
[2022-12-05 04:13:19,648] {standard_task_runner.py:77} INFO - Job 517: Subtask gcs_2_gcs_task
[2022-12-05 04:13:19,737] {logging_mixin.py:109} INFO - Running <TaskInstance: yellow_taxi_2_bq_dag.gcs_2_gcs_task scheduled__2020-08-02T06:00:00+00:00 [running]> on host 9b5bfd347476
[2022-12-05 04:13:19,842] {taskinstance.py:1426} INFO - Exporting the following env vars:
AIRFLOW_CTX_DAG_OWNER=***
AIRFLOW_CTX_DAG_ID=yellow_taxi_2_bq_dag
AIRFLOW_CTX_TASK_ID=gcs_2_gcs_task
AIRFLOW_CTX_EXECUTION_DATE=2020-08-02T06:00:00+00:00
AIRFLOW_CTX_DAG_RUN_ID=scheduled__2020-08-02T06:00:00+00:00
[2022-12-05 04:13:19,845] {crypto.py:82} WARNING - empty cryptography key - values will not be stored encrypted.
[2022-12-05 04:13:19,846] {gcs_to_gcs.py:346} INFO - Delimiter ignored because wildcard is in prefix
[2022-12-05 04:13:20,239] {gcs_to_gcs.py:431} INFO - Executing copy of gs://my_nyc_tlc/raw/yellow_tripdata_2020-08.parquet to gs://my_nyc_tlc/yellow/2020-08.parquet
[2022-12-05 04:13:20,360] {gcs.py:251} INFO - Total Bytes: 22550697 | Bytes Written: 22550697
[2022-12-05 04:13:20,361] {gcs.py:264} INFO - Object raw/yellow_tripdata_2020-08.parquet in bucket my_nyc_tlc rewritten to object yellow/2020-08.parquet in bucket my_nyc_tlc
[2022-12-05 04:13:20,437] {gcs.py:645} INFO - Blob raw/yellow_tripdata_2020-08.parquet deleted.
[2022-12-05 04:13:20,466] {taskinstance.py:1277} INFO - Marking task as SUCCESS. dag_id=yellow_taxi_2_bq_dag, task_id=gcs_2_gcs_task, execution_date=20200802T060000, start_date=20221205T041319, end_date=20221205T041320
[2022-12-05 04:13:20,522] {local_task_job.py:154} INFO - Task exited with return code 0
[2022-12-05 04:13:20,669] {local_task_job.py:264} INFO - 0 downstream tasks scheduled from follow-on schedule check
