[2022-12-05 14:24:54,939] {taskinstance.py:1032} INFO - Dependencies all met for <TaskInstance: green_taxi_2_bq_dag.gcs_2_gcs_task scheduled__2019-10-02T06:00:00+00:00 [queued]>
[2022-12-05 14:24:54,971] {taskinstance.py:1032} INFO - Dependencies all met for <TaskInstance: green_taxi_2_bq_dag.gcs_2_gcs_task scheduled__2019-10-02T06:00:00+00:00 [queued]>
[2022-12-05 14:24:54,972] {taskinstance.py:1238} INFO - 
--------------------------------------------------------------------------------
[2022-12-05 14:24:54,973] {taskinstance.py:1239} INFO - Starting attempt 1 of 2
[2022-12-05 14:24:54,974] {taskinstance.py:1240} INFO - 
--------------------------------------------------------------------------------
[2022-12-05 14:24:55,007] {taskinstance.py:1259} INFO - Executing <Task(GCSToGCSOperator): gcs_2_gcs_task> on 2019-10-02 06:00:00+00:00
[2022-12-05 14:24:55,019] {standard_task_runner.py:52} INFO - Started process 79198 to run task
[2022-12-05 14:24:55,024] {standard_task_runner.py:76} INFO - Running: ['***', 'tasks', 'run', 'green_taxi_2_bq_dag', 'gcs_2_gcs_task', 'scheduled__2019-10-02T06:00:00+00:00', '--job-id', '709', '--raw', '--subdir', 'DAGS_FOLDER/green_taxi_data_2_bigq_dag.py', '--cfg-path', '/tmp/tmpatvhxn_f', '--error-file', '/tmp/tmpq2zatv1v']
[2022-12-05 14:24:55,026] {standard_task_runner.py:77} INFO - Job 709: Subtask gcs_2_gcs_task
[2022-12-05 14:24:55,150] {logging_mixin.py:109} INFO - Running <TaskInstance: green_taxi_2_bq_dag.gcs_2_gcs_task scheduled__2019-10-02T06:00:00+00:00 [running]> on host 9b5bfd347476
[2022-12-05 14:24:55,299] {taskinstance.py:1426} INFO - Exporting the following env vars:
AIRFLOW_CTX_DAG_OWNER=***
AIRFLOW_CTX_DAG_ID=green_taxi_2_bq_dag
AIRFLOW_CTX_TASK_ID=gcs_2_gcs_task
AIRFLOW_CTX_EXECUTION_DATE=2019-10-02T06:00:00+00:00
AIRFLOW_CTX_DAG_RUN_ID=scheduled__2019-10-02T06:00:00+00:00
[2022-12-05 14:24:55,305] {crypto.py:82} WARNING - empty cryptography key - values will not be stored encrypted.
[2022-12-05 14:24:55,306] {gcs_to_gcs.py:346} INFO - Delimiter ignored because wildcard is in prefix
[2022-12-05 14:24:55,714] {gcs_to_gcs.py:431} INFO - Executing copy of gs://my_nyc_tlc/raw/green_tripdata_2019-09.parquet to gs://my_nyc_tlc/green/2019-09.parquet
[2022-12-05 14:24:55,821] {gcs.py:251} INFO - Total Bytes: 10232793 | Bytes Written: 10232793
[2022-12-05 14:24:55,822] {gcs.py:264} INFO - Object raw/green_tripdata_2019-09.parquet in bucket my_nyc_tlc rewritten to object green/2019-09.parquet in bucket my_nyc_tlc
[2022-12-05 14:24:55,903] {gcs.py:645} INFO - Blob raw/green_tripdata_2019-09.parquet deleted.
[2022-12-05 14:24:55,904] {gcs_to_gcs.py:431} INFO - Executing copy of gs://my_nyc_tlc/raw/green_tripdata_2019-10.parquet to gs://my_nyc_tlc/green/2019-10.parquet
[2022-12-05 14:24:56,009] {gcs.py:251} INFO - Total Bytes: 10547759 | Bytes Written: 10547759
[2022-12-05 14:24:56,010] {gcs.py:264} INFO - Object raw/green_tripdata_2019-10.parquet in bucket my_nyc_tlc rewritten to object green/2019-10.parquet in bucket my_nyc_tlc
[2022-12-05 14:24:56,086] {gcs.py:645} INFO - Blob raw/green_tripdata_2019-10.parquet deleted.
[2022-12-05 14:24:56,165] {taskinstance.py:1277} INFO - Marking task as SUCCESS. dag_id=green_taxi_2_bq_dag, task_id=gcs_2_gcs_task, execution_date=20191002T060000, start_date=20221205T142454, end_date=20221205T142456
[2022-12-05 14:24:56,210] {local_task_job.py:154} INFO - Task exited with return code 0
[2022-12-05 14:24:56,279] {local_task_job.py:264} INFO - 1 downstream tasks scheduled from follow-on schedule check
