[2022-11-27 04:45:08,481] {taskinstance.py:1032} INFO - Dependencies all met for <TaskInstance: data_ingestation_gcp_dag.bigquery_external_table_task scheduled__2019-02-02T06:00:00+00:00 [queued]>
[2022-11-27 04:45:08,576] {taskinstance.py:1032} INFO - Dependencies all met for <TaskInstance: data_ingestation_gcp_dag.bigquery_external_table_task scheduled__2019-02-02T06:00:00+00:00 [queued]>
[2022-11-27 04:45:08,577] {taskinstance.py:1238} INFO - 
--------------------------------------------------------------------------------
[2022-11-27 04:45:08,579] {taskinstance.py:1239} INFO - Starting attempt 2 of 2
[2022-11-27 04:45:08,580] {taskinstance.py:1240} INFO - 
--------------------------------------------------------------------------------
[2022-11-27 04:45:08,656] {taskinstance.py:1259} INFO - Executing <Task(BigQueryCreateExternalTableOperator): bigquery_external_table_task> on 2019-02-02 06:00:00+00:00
[2022-11-27 04:45:08,668] {standard_task_runner.py:52} INFO - Started process 700 to run task
[2022-11-27 04:45:08,682] {standard_task_runner.py:76} INFO - Running: ['***', 'tasks', 'run', 'data_ingestation_gcp_dag', 'bigquery_external_table_task', 'scheduled__2019-02-02T06:00:00+00:00', '--job-id', '145', '--raw', '--subdir', 'DAGS_FOLDER/data_ingestation_gcp.py', '--cfg-path', '/tmp/tmp85_f3xwz', '--error-file', '/tmp/tmpfusj16nk']
[2022-11-27 04:45:08,685] {standard_task_runner.py:77} INFO - Job 145: Subtask bigquery_external_table_task
[2022-11-27 04:45:08,933] {logging_mixin.py:109} INFO - Running <TaskInstance: data_ingestation_gcp_dag.bigquery_external_table_task scheduled__2019-02-02T06:00:00+00:00 [running]> on host 410f3484ae43
[2022-11-27 04:45:09,119] {logging_mixin.py:109} WARNING - /home/***/.local/lib/python3.7/site-packages/***/utils/context.py:152 AirflowContextDeprecationWarning: Accessing 'execution_date' from the template is deprecated and will be removed in a future version. Please use 'data_interval_start' or 'logical_date' instead.
[2022-11-27 04:45:09,166] {taskinstance.py:1426} INFO - Exporting the following env vars:
AIRFLOW_CTX_DAG_OWNER=***
AIRFLOW_CTX_DAG_ID=data_ingestation_gcp_dag
AIRFLOW_CTX_TASK_ID=bigquery_external_table_task
AIRFLOW_CTX_EXECUTION_DATE=2019-02-02T06:00:00+00:00
AIRFLOW_CTX_DAG_RUN_ID=scheduled__2019-02-02T06:00:00+00:00
[2022-11-27 04:45:09,174] {crypto.py:82} WARNING - empty cryptography key - values will not be stored encrypted.
[2022-11-27 04:45:12,333] {taskinstance.py:1277} INFO - Marking task as SUCCESS. dag_id=data_ingestation_gcp_dag, task_id=bigquery_external_table_task, execution_date=20190202T060000, start_date=20221127T044508, end_date=20221127T044512
[2022-11-27 04:45:12,455] {local_task_job.py:154} INFO - Task exited with return code 0
[2022-11-27 04:45:12,561] {local_task_job.py:264} INFO - 0 downstream tasks scheduled from follow-on schedule check
