[2022-11-24 06:48:58,480] {taskinstance.py:1032} INFO - Dependencies all met for <TaskInstance: LocalIngestationDag.ingestation scheduled__2021-06-02T06:00:00+00:00 [queued]>
[2022-11-24 06:48:58,789] {taskinstance.py:1032} INFO - Dependencies all met for <TaskInstance: LocalIngestationDag.ingestation scheduled__2021-06-02T06:00:00+00:00 [queued]>
[2022-11-24 06:48:58,798] {taskinstance.py:1238} INFO - 
--------------------------------------------------------------------------------
[2022-11-24 06:48:58,799] {taskinstance.py:1239} INFO - Starting attempt 1 of 1
[2022-11-24 06:48:58,801] {taskinstance.py:1240} INFO - 
--------------------------------------------------------------------------------
[2022-11-24 06:48:59,090] {taskinstance.py:1259} INFO - Executing <Task(BashOperator): ingestation> on 2021-06-02 06:00:00+00:00
[2022-11-24 06:48:59,167] {standard_task_runner.py:52} INFO - Started process 1547 to run task
[2022-11-24 06:48:59,246] {standard_task_runner.py:76} INFO - Running: ['***', 'tasks', 'run', 'LocalIngestationDag', 'ingestation', 'scheduled__2021-06-02T06:00:00+00:00', '--job-id', '15', '--raw', '--subdir', 'DAGS_FOLDER/data_ingestation.py', '--cfg-path', '/tmp/tmp60wie6un', '--error-file', '/tmp/tmpo85e91wv']
[2022-11-24 06:48:59,249] {standard_task_runner.py:77} INFO - Job 15: Subtask ingestation
[2022-11-24 06:48:59,885] {logging_mixin.py:109} INFO - Running <TaskInstance: LocalIngestationDag.ingestation scheduled__2021-06-02T06:00:00+00:00 [running]> on host d01293c252ef
[2022-11-24 06:49:00,684] {taskinstance.py:1426} INFO - Exporting the following env vars:
AIRFLOW_CTX_DAG_OWNER=***
AIRFLOW_CTX_DAG_ID=LocalIngestationDag
AIRFLOW_CTX_TASK_ID=ingestation
AIRFLOW_CTX_EXECUTION_DATE=2021-06-02T06:00:00+00:00
AIRFLOW_CTX_DAG_RUN_ID=scheduled__2021-06-02T06:00:00+00:00
[2022-11-24 06:49:00,688] {subprocess.py:62} INFO - Tmp dir root location: 
 /tmp
[2022-11-24 06:49:00,691] {subprocess.py:74} INFO - Running command: ['bash', '-c', 'echo "Ingestation start"']
[2022-11-24 06:49:00,781] {subprocess.py:85} INFO - Output:
[2022-11-24 06:49:00,926] {subprocess.py:89} INFO - Ingestation start
[2022-11-24 06:49:00,944] {subprocess.py:93} INFO - Command exited with return code 0
[2022-11-24 06:49:01,187] {taskinstance.py:1277} INFO - Marking task as SUCCESS. dag_id=LocalIngestationDag, task_id=ingestation, execution_date=20210602T060000, start_date=20221124T064858, end_date=20221124T064901
[2022-11-24 06:49:01,538] {local_task_job.py:154} INFO - Task exited with return code 0
[2022-11-24 06:49:01,915] {local_task_job.py:264} INFO - 0 downstream tasks scheduled from follow-on schedule check
