[2022-11-24 06:49:09,212] {taskinstance.py:1032} INFO - Dependencies all met for <TaskInstance: LocalIngestationDag.wget scheduled__2022-01-02T06:00:00+00:00 [queued]>
[2022-11-24 06:49:09,462] {taskinstance.py:1032} INFO - Dependencies all met for <TaskInstance: LocalIngestationDag.wget scheduled__2022-01-02T06:00:00+00:00 [queued]>
[2022-11-24 06:49:09,464] {taskinstance.py:1238} INFO - 
--------------------------------------------------------------------------------
[2022-11-24 06:49:09,466] {taskinstance.py:1239} INFO - Starting attempt 1 of 1
[2022-11-24 06:49:09,468] {taskinstance.py:1240} INFO - 
--------------------------------------------------------------------------------
[2022-11-24 06:49:09,665] {taskinstance.py:1259} INFO - Executing <Task(BashOperator): wget> on 2022-01-02 06:00:00+00:00
[2022-11-24 06:49:09,704] {standard_task_runner.py:52} INFO - Started process 1629 to run task
[2022-11-24 06:49:09,798] {standard_task_runner.py:76} INFO - Running: ['***', 'tasks', 'run', 'LocalIngestationDag', 'wget', 'scheduled__2022-01-02T06:00:00+00:00', '--job-id', '21', '--raw', '--subdir', 'DAGS_FOLDER/data_ingestation.py', '--cfg-path', '/tmp/tmp8c6ghgh0', '--error-file', '/tmp/tmp496vd7zj']
[2022-11-24 06:49:09,817] {standard_task_runner.py:77} INFO - Job 21: Subtask wget
[2022-11-24 06:49:10,409] {logging_mixin.py:109} INFO - Running <TaskInstance: LocalIngestationDag.wget scheduled__2022-01-02T06:00:00+00:00 [running]> on host d01293c252ef
[2022-11-24 06:49:11,070] {taskinstance.py:1426} INFO - Exporting the following env vars:
AIRFLOW_CTX_DAG_OWNER=***
AIRFLOW_CTX_DAG_ID=LocalIngestationDag
AIRFLOW_CTX_TASK_ID=wget
AIRFLOW_CTX_EXECUTION_DATE=2022-01-02T06:00:00+00:00
AIRFLOW_CTX_DAG_RUN_ID=scheduled__2022-01-02T06:00:00+00:00
[2022-11-24 06:49:11,077] {subprocess.py:62} INFO - Tmp dir root location: 
 /tmp
[2022-11-24 06:49:11,080] {subprocess.py:74} INFO - Running command: ['bash', '-c', 'echo "Hello World"']
[2022-11-24 06:49:11,165] {subprocess.py:85} INFO - Output:
[2022-11-24 06:49:11,257] {subprocess.py:89} INFO - Hello World
[2022-11-24 06:49:11,267] {subprocess.py:93} INFO - Command exited with return code 0
[2022-11-24 06:49:12,015] {taskinstance.py:1277} INFO - Marking task as SUCCESS. dag_id=LocalIngestationDag, task_id=wget, execution_date=20220102T060000, start_date=20221124T064909, end_date=20221124T064912
[2022-11-24 06:49:12,274] {local_task_job.py:154} INFO - Task exited with return code 0
[2022-11-24 06:49:12,597] {local_task_job.py:264} INFO - 1 downstream tasks scheduled from follow-on schedule check
