[2022-11-24 06:49:12,994] {taskinstance.py:1032} INFO - Dependencies all met for <TaskInstance: LocalIngestationDag.ingestation scheduled__2021-11-02T06:00:00+00:00 [queued]>
[2022-11-24 06:49:13,072] {taskinstance.py:1032} INFO - Dependencies all met for <TaskInstance: LocalIngestationDag.ingestation scheduled__2021-11-02T06:00:00+00:00 [queued]>
[2022-11-24 06:49:13,079] {taskinstance.py:1238} INFO - 
--------------------------------------------------------------------------------
[2022-11-24 06:49:13,086] {taskinstance.py:1239} INFO - Starting attempt 1 of 1
[2022-11-24 06:49:13,087] {taskinstance.py:1240} INFO - 
--------------------------------------------------------------------------------
[2022-11-24 06:49:13,172] {taskinstance.py:1259} INFO - Executing <Task(BashOperator): ingestation> on 2021-11-02 06:00:00+00:00
[2022-11-24 06:49:13,195] {standard_task_runner.py:52} INFO - Started process 1650 to run task
[2022-11-24 06:49:13,240] {standard_task_runner.py:76} INFO - Running: ['***', 'tasks', 'run', 'LocalIngestationDag', 'ingestation', 'scheduled__2021-11-02T06:00:00+00:00', '--job-id', '25', '--raw', '--subdir', 'DAGS_FOLDER/data_ingestation.py', '--cfg-path', '/tmp/tmpzccc17e_', '--error-file', '/tmp/tmpm5_3jcs0']
[2022-11-24 06:49:13,256] {standard_task_runner.py:77} INFO - Job 25: Subtask ingestation
[2022-11-24 06:49:13,665] {logging_mixin.py:109} INFO - Running <TaskInstance: LocalIngestationDag.ingestation scheduled__2021-11-02T06:00:00+00:00 [running]> on host d01293c252ef
[2022-11-24 06:49:14,053] {taskinstance.py:1426} INFO - Exporting the following env vars:
AIRFLOW_CTX_DAG_OWNER=***
AIRFLOW_CTX_DAG_ID=LocalIngestationDag
AIRFLOW_CTX_TASK_ID=ingestation
AIRFLOW_CTX_EXECUTION_DATE=2021-11-02T06:00:00+00:00
AIRFLOW_CTX_DAG_RUN_ID=scheduled__2021-11-02T06:00:00+00:00
[2022-11-24 06:49:14,057] {subprocess.py:62} INFO - Tmp dir root location: 
 /tmp
[2022-11-24 06:49:14,059] {subprocess.py:74} INFO - Running command: ['bash', '-c', 'echo "Ingestation start"']
[2022-11-24 06:49:14,103] {subprocess.py:85} INFO - Output:
[2022-11-24 06:49:14,205] {subprocess.py:89} INFO - Ingestation start
[2022-11-24 06:49:14,216] {subprocess.py:93} INFO - Command exited with return code 0
[2022-11-24 06:49:14,308] {taskinstance.py:1277} INFO - Marking task as SUCCESS. dag_id=LocalIngestationDag, task_id=ingestation, execution_date=20211102T060000, start_date=20221124T064912, end_date=20221124T064914
[2022-11-24 06:49:14,489] {local_task_job.py:154} INFO - Task exited with return code 0
[2022-11-24 06:49:14,640] {local_task_job.py:264} INFO - 0 downstream tasks scheduled from follow-on schedule check
