[2022-11-24 06:48:58,488] {taskinstance.py:1032} INFO - Dependencies all met for <TaskInstance: LocalIngestationDag.wget scheduled__2021-11-02T06:00:00+00:00 [queued]>
[2022-11-24 06:48:58,705] {taskinstance.py:1032} INFO - Dependencies all met for <TaskInstance: LocalIngestationDag.wget scheduled__2021-11-02T06:00:00+00:00 [queued]>
[2022-11-24 06:48:58,706] {taskinstance.py:1238} INFO - 
--------------------------------------------------------------------------------
[2022-11-24 06:48:58,707] {taskinstance.py:1239} INFO - Starting attempt 1 of 1
[2022-11-24 06:48:58,709] {taskinstance.py:1240} INFO - 
--------------------------------------------------------------------------------
[2022-11-24 06:48:58,996] {taskinstance.py:1259} INFO - Executing <Task(BashOperator): wget> on 2021-11-02 06:00:00+00:00
[2022-11-24 06:48:59,045] {standard_task_runner.py:52} INFO - Started process 1545 to run task
[2022-11-24 06:48:59,082] {standard_task_runner.py:76} INFO - Running: ['***', 'tasks', 'run', 'LocalIngestationDag', 'wget', 'scheduled__2021-11-02T06:00:00+00:00', '--job-id', '18', '--raw', '--subdir', 'DAGS_FOLDER/data_ingestation.py', '--cfg-path', '/tmp/tmpuw8l_6ib', '--error-file', '/tmp/tmpk5t1ks_n']
[2022-11-24 06:48:59,089] {standard_task_runner.py:77} INFO - Job 18: Subtask wget
[2022-11-24 06:48:59,563] {logging_mixin.py:109} INFO - Running <TaskInstance: LocalIngestationDag.wget scheduled__2021-11-02T06:00:00+00:00 [running]> on host d01293c252ef
[2022-11-24 06:49:00,209] {taskinstance.py:1426} INFO - Exporting the following env vars:
AIRFLOW_CTX_DAG_OWNER=***
AIRFLOW_CTX_DAG_ID=LocalIngestationDag
AIRFLOW_CTX_TASK_ID=wget
AIRFLOW_CTX_EXECUTION_DATE=2021-11-02T06:00:00+00:00
AIRFLOW_CTX_DAG_RUN_ID=scheduled__2021-11-02T06:00:00+00:00
[2022-11-24 06:49:00,255] {subprocess.py:62} INFO - Tmp dir root location: 
 /tmp
[2022-11-24 06:49:00,271] {subprocess.py:74} INFO - Running command: ['bash', '-c', 'echo "Hello World"']
[2022-11-24 06:49:00,376] {subprocess.py:85} INFO - Output:
[2022-11-24 06:49:00,725] {subprocess.py:89} INFO - Hello World
[2022-11-24 06:49:00,750] {subprocess.py:93} INFO - Command exited with return code 0
[2022-11-24 06:49:01,016] {taskinstance.py:1277} INFO - Marking task as SUCCESS. dag_id=LocalIngestationDag, task_id=wget, execution_date=20211102T060000, start_date=20221124T064858, end_date=20221124T064901
[2022-11-24 06:49:01,337] {local_task_job.py:154} INFO - Task exited with return code 0
[2022-11-24 06:49:01,706] {local_task_job.py:264} INFO - 1 downstream tasks scheduled from follow-on schedule check
