[2022-11-27 16:46:16,763] {taskinstance.py:1032} INFO - Dependencies all met for <TaskInstance: FHV_data_to_gcp_dag.download_dataset_task scheduled__2019-06-02T06:00:00+00:00 [queued]>
[2022-11-27 16:46:16,831] {taskinstance.py:1032} INFO - Dependencies all met for <TaskInstance: FHV_data_to_gcp_dag.download_dataset_task scheduled__2019-06-02T06:00:00+00:00 [queued]>
[2022-11-27 16:46:16,833] {taskinstance.py:1238} INFO - 
--------------------------------------------------------------------------------
[2022-11-27 16:46:16,834] {taskinstance.py:1239} INFO - Starting attempt 1 of 2
[2022-11-27 16:46:16,836] {taskinstance.py:1240} INFO - 
--------------------------------------------------------------------------------
[2022-11-27 16:46:16,890] {taskinstance.py:1259} INFO - Executing <Task(BashOperator): download_dataset_task> on 2019-06-02 06:00:00+00:00
[2022-11-27 16:46:16,903] {standard_task_runner.py:52} INFO - Started process 1167 to run task
[2022-11-27 16:46:16,914] {standard_task_runner.py:76} INFO - Running: ['***', 'tasks', 'run', 'FHV_data_to_gcp_dag', 'download_dataset_task', 'scheduled__2019-06-02T06:00:00+00:00', '--job-id', '252', '--raw', '--subdir', 'DAGS_FOLDER/FHV_ingestation_dag.py', '--cfg-path', '/tmp/tmpgkhj7xsw', '--error-file', '/tmp/tmpiky00g77']
[2022-11-27 16:46:16,917] {standard_task_runner.py:77} INFO - Job 252: Subtask download_dataset_task
[2022-11-27 16:46:17,108] {logging_mixin.py:109} INFO - Running <TaskInstance: FHV_data_to_gcp_dag.download_dataset_task scheduled__2019-06-02T06:00:00+00:00 [running]> on host 410f3484ae43
[2022-11-27 16:46:17,666] {logging_mixin.py:109} WARNING - /home/***/.local/lib/python3.7/site-packages/***/utils/context.py:152 AirflowContextDeprecationWarning: Accessing 'execution_date' from the template is deprecated and will be removed in a future version. Please use 'data_interval_start' or 'logical_date' instead.
[2022-11-27 16:46:17,928] {taskinstance.py:1426} INFO - Exporting the following env vars:
AIRFLOW_CTX_DAG_OWNER=***
AIRFLOW_CTX_DAG_ID=FHV_data_to_gcp_dag
AIRFLOW_CTX_TASK_ID=download_dataset_task
AIRFLOW_CTX_EXECUTION_DATE=2019-06-02T06:00:00+00:00
AIRFLOW_CTX_DAG_RUN_ID=scheduled__2019-06-02T06:00:00+00:00
[2022-11-27 16:46:18,003] {subprocess.py:62} INFO - Tmp dir root location: 
 /tmp
[2022-11-27 16:46:18,058] {subprocess.py:74} INFO - Running command: ['bash', '-c', 'curl -sSLf https://d37ci6vzurychx.cloudfront.net/trip-data/fhv_tripdata_2019-06.parquet > /opt/***/output_2019-06.parquet']
[2022-11-27 16:46:18,131] {subprocess.py:85} INFO - Output:
[2022-11-27 16:46:22,651] {subprocess.py:93} INFO - Command exited with return code 0
[2022-11-27 16:46:22,780] {taskinstance.py:1277} INFO - Marking task as SUCCESS. dag_id=FHV_data_to_gcp_dag, task_id=download_dataset_task, execution_date=20190602T060000, start_date=20221127T164616, end_date=20221127T164622
[2022-11-27 16:46:22,931] {local_task_job.py:154} INFO - Task exited with return code 0
[2022-11-27 16:46:23,122] {local_task_job.py:264} INFO - 1 downstream tasks scheduled from follow-on schedule check
