[2022-12-05 05:11:06,866] {taskinstance.py:1032} INFO - Dependencies all met for <TaskInstance: yellow_taxi_2_bq_dag.local_to_gcp_task scheduled__2020-05-02T06:00:00+00:00 [queued]>
[2022-12-05 05:11:06,893] {taskinstance.py:1032} INFO - Dependencies all met for <TaskInstance: yellow_taxi_2_bq_dag.local_to_gcp_task scheduled__2020-05-02T06:00:00+00:00 [queued]>
[2022-12-05 05:11:06,894] {taskinstance.py:1238} INFO - 
--------------------------------------------------------------------------------
[2022-12-05 05:11:06,895] {taskinstance.py:1239} INFO - Starting attempt 2 of 2
[2022-12-05 05:11:06,895] {taskinstance.py:1240} INFO - 
--------------------------------------------------------------------------------
[2022-12-05 05:11:06,925] {taskinstance.py:1259} INFO - Executing <Task(PythonOperator): local_to_gcp_task> on 2020-05-02 06:00:00+00:00
[2022-12-05 05:11:06,933] {standard_task_runner.py:52} INFO - Started process 20772 to run task
[2022-12-05 05:11:06,940] {standard_task_runner.py:76} INFO - Running: ['***', 'tasks', 'run', 'yellow_taxi_2_bq_dag', 'local_to_gcp_task', 'scheduled__2020-05-02T06:00:00+00:00', '--job-id', '616', '--raw', '--subdir', 'DAGS_FOLDER/data_ingestation_gcp.py', '--cfg-path', '/tmp/tmp7lxntz7v', '--error-file', '/tmp/tmpkq4275r5']
[2022-12-05 05:11:06,941] {standard_task_runner.py:77} INFO - Job 616: Subtask local_to_gcp_task
[2022-12-05 05:11:07,049] {logging_mixin.py:109} INFO - Running <TaskInstance: yellow_taxi_2_bq_dag.local_to_gcp_task scheduled__2020-05-02T06:00:00+00:00 [running]> on host 9b5bfd347476
[2022-12-05 05:11:07,164] {logging_mixin.py:109} WARNING - /home/***/.local/lib/python3.7/site-packages/***/utils/context.py:152 AirflowContextDeprecationWarning: Accessing 'execution_date' from the template is deprecated and will be removed in a future version. Please use 'data_interval_start' or 'logical_date' instead.
[2022-12-05 05:11:07,196] {taskinstance.py:1426} INFO - Exporting the following env vars:
AIRFLOW_CTX_DAG_OWNER=***
AIRFLOW_CTX_DAG_ID=yellow_taxi_2_bq_dag
AIRFLOW_CTX_TASK_ID=local_to_gcp_task
AIRFLOW_CTX_EXECUTION_DATE=2020-05-02T06:00:00+00:00
AIRFLOW_CTX_DAG_RUN_ID=scheduled__2020-05-02T06:00:00+00:00
[2022-12-05 05:11:09,310] {python.py:175} INFO - Done. Returned value was: None
[2022-12-05 05:11:09,343] {taskinstance.py:1277} INFO - Marking task as SUCCESS. dag_id=yellow_taxi_2_bq_dag, task_id=local_to_gcp_task, execution_date=20200502T060000, start_date=20221205T051106, end_date=20221205T051109
[2022-12-05 05:11:09,406] {local_task_job.py:154} INFO - Task exited with return code 0
[2022-12-05 05:11:09,484] {local_task_job.py:264} INFO - 1 downstream tasks scheduled from follow-on schedule check
