[2022-11-24 06:48:43,242] {taskinstance.py:1032} INFO - Dependencies all met for <TaskInstance: LocalIngestationDag.wget scheduled__2021-06-02T06:00:00+00:00 [queued]>
[2022-11-24 06:48:43,324] {taskinstance.py:1032} INFO - Dependencies all met for <TaskInstance: LocalIngestationDag.wget scheduled__2021-06-02T06:00:00+00:00 [queued]>
[2022-11-24 06:48:43,325] {taskinstance.py:1238} INFO - 
--------------------------------------------------------------------------------
[2022-11-24 06:48:43,330] {taskinstance.py:1239} INFO - Starting attempt 1 of 1
[2022-11-24 06:48:43,331] {taskinstance.py:1240} INFO - 
--------------------------------------------------------------------------------
[2022-11-24 06:48:43,398] {taskinstance.py:1259} INFO - Executing <Task(BashOperator): wget> on 2021-06-02 06:00:00+00:00
[2022-11-24 06:48:43,408] {standard_task_runner.py:52} INFO - Started process 1431 to run task
[2022-11-24 06:48:43,450] {standard_task_runner.py:76} INFO - Running: ['***', 'tasks', 'run', 'LocalIngestationDag', 'wget', 'scheduled__2021-06-02T06:00:00+00:00', '--job-id', '7', '--raw', '--subdir', 'DAGS_FOLDER/data_ingestation.py', '--cfg-path', '/tmp/tmpqg4byy4l', '--error-file', '/tmp/tmpbds_4cu0']
[2022-11-24 06:48:43,460] {standard_task_runner.py:77} INFO - Job 7: Subtask wget
[2022-11-24 06:48:43,925] {logging_mixin.py:109} INFO - Running <TaskInstance: LocalIngestationDag.wget scheduled__2021-06-02T06:00:00+00:00 [running]> on host d01293c252ef
[2022-11-24 06:48:44,730] {taskinstance.py:1426} INFO - Exporting the following env vars:
AIRFLOW_CTX_DAG_OWNER=***
AIRFLOW_CTX_DAG_ID=LocalIngestationDag
AIRFLOW_CTX_TASK_ID=wget
AIRFLOW_CTX_EXECUTION_DATE=2021-06-02T06:00:00+00:00
AIRFLOW_CTX_DAG_RUN_ID=scheduled__2021-06-02T06:00:00+00:00
[2022-11-24 06:48:44,744] {subprocess.py:62} INFO - Tmp dir root location: 
 /tmp
[2022-11-24 06:48:44,746] {subprocess.py:74} INFO - Running command: ['bash', '-c', 'echo "Hello World"']
[2022-11-24 06:48:44,854] {subprocess.py:85} INFO - Output:
[2022-11-24 06:48:44,958] {subprocess.py:89} INFO - Hello World
[2022-11-24 06:48:44,983] {subprocess.py:93} INFO - Command exited with return code 0
[2022-11-24 06:48:45,158] {taskinstance.py:1277} INFO - Marking task as SUCCESS. dag_id=LocalIngestationDag, task_id=wget, execution_date=20210602T060000, start_date=20221124T064843, end_date=20221124T064845
[2022-11-24 06:48:45,451] {local_task_job.py:154} INFO - Task exited with return code 0
[2022-11-24 06:48:45,770] {local_task_job.py:264} INFO - 1 downstream tasks scheduled from follow-on schedule check
