[2022-12-05 03:49:25,918] {taskinstance.py:1032} INFO - Dependencies all met for <TaskInstance: yellow_taxi_2_bq_dag.gcs_2_gcs_task scheduled__2019-07-02T06:00:00+00:00 [queued]>
[2022-12-05 03:49:25,946] {taskinstance.py:1032} INFO - Dependencies all met for <TaskInstance: yellow_taxi_2_bq_dag.gcs_2_gcs_task scheduled__2019-07-02T06:00:00+00:00 [queued]>
[2022-12-05 03:49:25,947] {taskinstance.py:1238} INFO - 
--------------------------------------------------------------------------------
[2022-12-05 03:49:25,947] {taskinstance.py:1239} INFO - Starting attempt 1 of 1
[2022-12-05 03:49:25,948] {taskinstance.py:1240} INFO - 
--------------------------------------------------------------------------------
[2022-12-05 03:49:25,979] {taskinstance.py:1259} INFO - Executing <Task(GCSToGCSOperator): gcs_2_gcs_task> on 2019-07-02 06:00:00+00:00
[2022-12-05 03:49:25,987] {standard_task_runner.py:52} INFO - Started process 9435 to run task
[2022-12-05 03:49:25,993] {standard_task_runner.py:76} INFO - Running: ['***', 'tasks', 'run', 'yellow_taxi_2_bq_dag', 'gcs_2_gcs_task', 'scheduled__2019-07-02T06:00:00+00:00', '--job-id', '439', '--raw', '--subdir', 'DAGS_FOLDER/data_ingestation_gcp.py', '--cfg-path', '/tmp/tmpb2skih7p', '--error-file', '/tmp/tmpcs1hbg0f']
[2022-12-05 03:49:25,995] {standard_task_runner.py:77} INFO - Job 439: Subtask gcs_2_gcs_task
[2022-12-05 03:49:26,095] {logging_mixin.py:109} INFO - Running <TaskInstance: yellow_taxi_2_bq_dag.gcs_2_gcs_task scheduled__2019-07-02T06:00:00+00:00 [running]> on host 9b5bfd347476
[2022-12-05 03:49:26,212] {taskinstance.py:1426} INFO - Exporting the following env vars:
AIRFLOW_CTX_DAG_OWNER=***
AIRFLOW_CTX_DAG_ID=yellow_taxi_2_bq_dag
AIRFLOW_CTX_TASK_ID=gcs_2_gcs_task
AIRFLOW_CTX_EXECUTION_DATE=2019-07-02T06:00:00+00:00
AIRFLOW_CTX_DAG_RUN_ID=scheduled__2019-07-02T06:00:00+00:00
[2022-12-05 03:49:26,215] {crypto.py:82} WARNING - empty cryptography key - values will not be stored encrypted.
[2022-12-05 03:49:26,217] {gcs_to_gcs.py:346} INFO - Delimiter ignored because wildcard is in prefix
[2022-12-05 03:49:26,653] {gcs_to_gcs.py:431} INFO - Executing copy of gs://my_nyc_tlc/raw/yellow_tripdata_2019-07.parquet to gs://my_nyc_tlc/yellow/2019-07.parquet
[2022-12-05 03:49:26,768] {gcs.py:251} INFO - Total Bytes: 132633353 | Bytes Written: 132633353
[2022-12-05 03:49:26,769] {gcs.py:264} INFO - Object raw/yellow_tripdata_2019-07.parquet in bucket my_nyc_tlc rewritten to object yellow/2019-07.parquet in bucket my_nyc_tlc
[2022-12-05 03:49:26,845] {gcs.py:645} INFO - Blob raw/yellow_tripdata_2019-07.parquet deleted.
[2022-12-05 03:49:26,881] {taskinstance.py:1277} INFO - Marking task as SUCCESS. dag_id=yellow_taxi_2_bq_dag, task_id=gcs_2_gcs_task, execution_date=20190702T060000, start_date=20221205T034925, end_date=20221205T034926
[2022-12-05 03:49:26,942] {local_task_job.py:154} INFO - Task exited with return code 0
[2022-12-05 03:49:27,032] {local_task_job.py:264} INFO - 0 downstream tasks scheduled from follow-on schedule check
