[2022-12-02 03:43:01,237] {taskinstance.py:1032} INFO - Dependencies all met for <TaskInstance: FHV_data_upload_dag.download_dataset_task scheduled__2019-03-02T06:00:00+00:00 [queued]>
[2022-12-02 03:43:01,303] {taskinstance.py:1032} INFO - Dependencies all met for <TaskInstance: FHV_data_upload_dag.download_dataset_task scheduled__2019-03-02T06:00:00+00:00 [queued]>
[2022-12-02 03:43:01,306] {taskinstance.py:1238} INFO - 
--------------------------------------------------------------------------------
[2022-12-02 03:43:01,311] {taskinstance.py:1239} INFO - Starting attempt 1 of 2
[2022-12-02 03:43:01,313] {taskinstance.py:1240} INFO - 
--------------------------------------------------------------------------------
[2022-12-02 03:43:01,384] {taskinstance.py:1259} INFO - Executing <Task(BashOperator): download_dataset_task> on 2019-03-02 06:00:00+00:00
[2022-12-02 03:43:01,408] {standard_task_runner.py:52} INFO - Started process 991 to run task
[2022-12-02 03:43:01,416] {standard_task_runner.py:76} INFO - Running: ['***', 'tasks', 'run', 'FHV_data_upload_dag', 'download_dataset_task', 'scheduled__2019-03-02T06:00:00+00:00', '--job-id', '282', '--raw', '--subdir', 'DAGS_FOLDER/FHV_data_upload_dag.py', '--cfg-path', '/tmp/tmpancrm0sj', '--error-file', '/tmp/tmpu15fa6mj']
[2022-12-02 03:43:01,432] {standard_task_runner.py:77} INFO - Job 282: Subtask download_dataset_task
[2022-12-02 03:43:01,655] {logging_mixin.py:109} INFO - Running <TaskInstance: FHV_data_upload_dag.download_dataset_task scheduled__2019-03-02T06:00:00+00:00 [running]> on host abdcba3d233e
[2022-12-02 03:43:01,919] {logging_mixin.py:109} WARNING - /home/***/.local/lib/python3.7/site-packages/***/utils/context.py:152 AirflowContextDeprecationWarning: Accessing 'execution_date' from the template is deprecated and will be removed in a future version. Please use 'data_interval_start' or 'logical_date' instead.
[2022-12-02 03:43:02,034] {taskinstance.py:1426} INFO - Exporting the following env vars:
AIRFLOW_CTX_DAG_OWNER=***
AIRFLOW_CTX_DAG_ID=FHV_data_upload_dag
AIRFLOW_CTX_TASK_ID=download_dataset_task
AIRFLOW_CTX_EXECUTION_DATE=2019-03-02T06:00:00+00:00
AIRFLOW_CTX_DAG_RUN_ID=scheduled__2019-03-02T06:00:00+00:00
[2022-12-02 03:43:02,039] {subprocess.py:62} INFO - Tmp dir root location: 
 /tmp
[2022-12-02 03:43:02,041] {subprocess.py:74} INFO - Running command: ['bash', '-c', 'curl -sSLf https://d37ci6vzurychx.cloudfront.net/trip-data/fhv_tripdata_2019-03.parquet > /opt/***/output_2019-03.parquet']
[2022-12-02 03:43:02,064] {subprocess.py:85} INFO - Output:
[2022-12-02 03:43:04,756] {subprocess.py:93} INFO - Command exited with return code 0
[2022-12-02 03:43:04,826] {taskinstance.py:1277} INFO - Marking task as SUCCESS. dag_id=FHV_data_upload_dag, task_id=download_dataset_task, execution_date=20190302T060000, start_date=20221202T034301, end_date=20221202T034304
[2022-12-02 03:43:04,898] {local_task_job.py:154} INFO - Task exited with return code 0
[2022-12-02 03:43:05,012] {local_task_job.py:264} INFO - 1 downstream tasks scheduled from follow-on schedule check
