[2022-11-27 05:03:59,895] {taskinstance.py:1032} INFO - Dependencies all met for <TaskInstance: data_ingestation_gcp_dag.download_dataset_task scheduled__2019-06-02T06:00:00+00:00 [queued]>
[2022-11-27 05:03:59,960] {taskinstance.py:1032} INFO - Dependencies all met for <TaskInstance: data_ingestation_gcp_dag.download_dataset_task scheduled__2019-06-02T06:00:00+00:00 [queued]>
[2022-11-27 05:03:59,962] {taskinstance.py:1238} INFO - 
--------------------------------------------------------------------------------
[2022-11-27 05:03:59,965] {taskinstance.py:1239} INFO - Starting attempt 3 of 3
[2022-11-27 05:03:59,966] {taskinstance.py:1240} INFO - 
--------------------------------------------------------------------------------
[2022-11-27 05:04:00,048] {taskinstance.py:1259} INFO - Executing <Task(BashOperator): download_dataset_task> on 2019-06-02 06:00:00+00:00
[2022-11-27 05:04:00,064] {standard_task_runner.py:52} INFO - Started process 2935 to run task
[2022-11-27 05:04:00,076] {standard_task_runner.py:76} INFO - Running: ['***', 'tasks', 'run', 'data_ingestation_gcp_dag', 'download_dataset_task', 'scheduled__2019-06-02T06:00:00+00:00', '--job-id', '211', '--raw', '--subdir', 'DAGS_FOLDER/data_ingestation_gcp.py', '--cfg-path', '/tmp/tmp_i8qm8p8', '--error-file', '/tmp/tmpc179w94a']
[2022-11-27 05:04:00,080] {standard_task_runner.py:77} INFO - Job 211: Subtask download_dataset_task
[2022-11-27 05:04:00,297] {logging_mixin.py:109} INFO - Running <TaskInstance: data_ingestation_gcp_dag.download_dataset_task scheduled__2019-06-02T06:00:00+00:00 [running]> on host 410f3484ae43
[2022-11-27 05:04:00,679] {logging_mixin.py:109} WARNING - /home/***/.local/lib/python3.7/site-packages/***/utils/context.py:152 AirflowContextDeprecationWarning: Accessing 'execution_date' from the template is deprecated and will be removed in a future version. Please use 'data_interval_start' or 'logical_date' instead.
[2022-11-27 05:04:00,768] {taskinstance.py:1426} INFO - Exporting the following env vars:
AIRFLOW_CTX_DAG_OWNER=***
AIRFLOW_CTX_DAG_ID=data_ingestation_gcp_dag
AIRFLOW_CTX_TASK_ID=download_dataset_task
AIRFLOW_CTX_EXECUTION_DATE=2019-06-02T06:00:00+00:00
AIRFLOW_CTX_DAG_RUN_ID=scheduled__2019-06-02T06:00:00+00:00
[2022-11-27 05:04:00,791] {subprocess.py:62} INFO - Tmp dir root location: 
 /tmp
[2022-11-27 05:04:00,796] {subprocess.py:74} INFO - Running command: ['bash', '-c', 'curl -sSLf https://d37ci6vzurychx.cloudfront.net/trip-data/yellow_tripdata_2019-06.parquet > /opt/***/output_2019-06.parquet']
[2022-11-27 05:04:00,840] {subprocess.py:85} INFO - Output:
[2022-11-27 05:04:43,469] {subprocess.py:93} INFO - Command exited with return code 0
[2022-11-27 05:04:43,669] {taskinstance.py:1277} INFO - Marking task as SUCCESS. dag_id=data_ingestation_gcp_dag, task_id=download_dataset_task, execution_date=20190602T060000, start_date=20221127T050359, end_date=20221127T050443
[2022-11-27 05:04:43,837] {local_task_job.py:154} INFO - Task exited with return code 0
[2022-11-27 05:04:44,030] {local_task_job.py:264} INFO - 1 downstream tasks scheduled from follow-on schedule check
