[2022-11-27 16:52:38,312] {taskinstance.py:1032} INFO - Dependencies all met for <TaskInstance: FHV_data_to_gcp_dag.local_to_gcp_task scheduled__2019-10-02T06:00:00+00:00 [queued]>
[2022-11-27 16:52:38,384] {taskinstance.py:1032} INFO - Dependencies all met for <TaskInstance: FHV_data_to_gcp_dag.local_to_gcp_task scheduled__2019-10-02T06:00:00+00:00 [queued]>
[2022-11-27 16:52:38,386] {taskinstance.py:1238} INFO - 
--------------------------------------------------------------------------------
[2022-11-27 16:52:38,388] {taskinstance.py:1239} INFO - Starting attempt 1 of 2
[2022-11-27 16:52:38,389] {taskinstance.py:1240} INFO - 
--------------------------------------------------------------------------------
[2022-11-27 16:52:38,457] {taskinstance.py:1259} INFO - Executing <Task(PythonOperator): local_to_gcp_task> on 2019-10-02 06:00:00+00:00
[2022-11-27 16:52:38,473] {standard_task_runner.py:52} INFO - Started process 2103 to run task
[2022-11-27 16:52:38,486] {standard_task_runner.py:76} INFO - Running: ['***', 'tasks', 'run', 'FHV_data_to_gcp_dag', 'local_to_gcp_task', 'scheduled__2019-10-02T06:00:00+00:00', '--job-id', '265', '--raw', '--subdir', 'DAGS_FOLDER/FHV_ingestation_dag.py', '--cfg-path', '/tmp/tmp2in39c4d', '--error-file', '/tmp/tmp5v5ltzj3']
[2022-11-27 16:52:38,490] {standard_task_runner.py:77} INFO - Job 265: Subtask local_to_gcp_task
[2022-11-27 16:52:39,446] {logging_mixin.py:109} INFO - Running <TaskInstance: FHV_data_to_gcp_dag.local_to_gcp_task scheduled__2019-10-02T06:00:00+00:00 [running]> on host 410f3484ae43
[2022-11-27 16:52:40,246] {logging_mixin.py:109} WARNING - /home/***/.local/lib/python3.7/site-packages/***/utils/context.py:152 AirflowContextDeprecationWarning: Accessing 'execution_date' from the template is deprecated and will be removed in a future version. Please use 'data_interval_start' or 'logical_date' instead.
[2022-11-27 16:52:40,414] {taskinstance.py:1426} INFO - Exporting the following env vars:
AIRFLOW_CTX_DAG_OWNER=***
AIRFLOW_CTX_DAG_ID=FHV_data_to_gcp_dag
AIRFLOW_CTX_TASK_ID=local_to_gcp_task
AIRFLOW_CTX_EXECUTION_DATE=2019-10-02T06:00:00+00:00
AIRFLOW_CTX_DAG_RUN_ID=scheduled__2019-10-02T06:00:00+00:00
[2022-11-27 16:52:44,671] {python.py:175} INFO - Done. Returned value was: None
[2022-11-27 16:52:44,721] {taskinstance.py:1277} INFO - Marking task as SUCCESS. dag_id=FHV_data_to_gcp_dag, task_id=local_to_gcp_task, execution_date=20191002T060000, start_date=20221127T165238, end_date=20221127T165244
[2022-11-27 16:52:44,829] {local_task_job.py:154} INFO - Task exited with return code 0
[2022-11-27 16:52:44,937] {local_task_job.py:264} INFO - 0 downstream tasks scheduled from follow-on schedule check
