[2022-12-05 03:42:37,542] {taskinstance.py:1032} INFO - Dependencies all met for <TaskInstance: yellow_taxi_2_bq_dag.local_to_gcp_task scheduled__2019-05-02T06:00:00+00:00 [queued]>
[2022-12-05 03:42:37,578] {taskinstance.py:1032} INFO - Dependencies all met for <TaskInstance: yellow_taxi_2_bq_dag.local_to_gcp_task scheduled__2019-05-02T06:00:00+00:00 [queued]>
[2022-12-05 03:42:37,579] {taskinstance.py:1238} INFO - 
--------------------------------------------------------------------------------
[2022-12-05 03:42:37,580] {taskinstance.py:1239} INFO - Starting attempt 1 of 1
[2022-12-05 03:42:37,581] {taskinstance.py:1240} INFO - 
--------------------------------------------------------------------------------
[2022-12-05 03:42:37,618] {taskinstance.py:1259} INFO - Executing <Task(PythonOperator): local_to_gcp_task> on 2019-05-02 06:00:00+00:00
[2022-12-05 03:42:37,628] {standard_task_runner.py:52} INFO - Started process 8435 to run task
[2022-12-05 03:42:37,637] {standard_task_runner.py:76} INFO - Running: ['***', 'tasks', 'run', 'yellow_taxi_2_bq_dag', 'local_to_gcp_task', 'scheduled__2019-05-02T06:00:00+00:00', '--job-id', '427', '--raw', '--subdir', 'DAGS_FOLDER/data_ingestation_gcp.py', '--cfg-path', '/tmp/tmp7s3ssx9j', '--error-file', '/tmp/tmpsh7h1knz']
[2022-12-05 03:42:37,641] {standard_task_runner.py:77} INFO - Job 427: Subtask local_to_gcp_task
[2022-12-05 03:42:37,762] {logging_mixin.py:109} INFO - Running <TaskInstance: yellow_taxi_2_bq_dag.local_to_gcp_task scheduled__2019-05-02T06:00:00+00:00 [running]> on host 9b5bfd347476
[2022-12-05 03:42:37,915] {logging_mixin.py:109} WARNING - /home/***/.local/lib/python3.7/site-packages/***/utils/context.py:152 AirflowContextDeprecationWarning: Accessing 'execution_date' from the template is deprecated and will be removed in a future version. Please use 'data_interval_start' or 'logical_date' instead.
[2022-12-05 03:42:37,992] {taskinstance.py:1426} INFO - Exporting the following env vars:
AIRFLOW_CTX_DAG_OWNER=***
AIRFLOW_CTX_DAG_ID=yellow_taxi_2_bq_dag
AIRFLOW_CTX_TASK_ID=local_to_gcp_task
AIRFLOW_CTX_EXECUTION_DATE=2019-05-02T06:00:00+00:00
AIRFLOW_CTX_DAG_RUN_ID=scheduled__2019-05-02T06:00:00+00:00
[2022-12-05 03:43:08,906] {python.py:175} INFO - Done. Returned value was: None
[2022-12-05 03:43:08,949] {taskinstance.py:1277} INFO - Marking task as SUCCESS. dag_id=yellow_taxi_2_bq_dag, task_id=local_to_gcp_task, execution_date=20190502T060000, start_date=20221205T034237, end_date=20221205T034308
[2022-12-05 03:43:09,050] {local_task_job.py:154} INFO - Task exited with return code 0
[2022-12-05 03:43:09,169] {local_task_job.py:264} INFO - 1 downstream tasks scheduled from follow-on schedule check
