[2022-12-05 03:25:49,333] {taskinstance.py:1032} INFO - Dependencies all met for <TaskInstance: yellow_taxi_to_bq_dag.local_to_gcp_task scheduled__2019-07-02T06:00:00+00:00 [queued]>
[2022-12-05 03:25:49,368] {taskinstance.py:1032} INFO - Dependencies all met for <TaskInstance: yellow_taxi_to_bq_dag.local_to_gcp_task scheduled__2019-07-02T06:00:00+00:00 [queued]>
[2022-12-05 03:25:49,369] {taskinstance.py:1238} INFO - 
--------------------------------------------------------------------------------
[2022-12-05 03:25:49,370] {taskinstance.py:1239} INFO - Starting attempt 1 of 1
[2022-12-05 03:25:49,371] {taskinstance.py:1240} INFO - 
--------------------------------------------------------------------------------
[2022-12-05 03:25:49,407] {taskinstance.py:1259} INFO - Executing <Task(PythonOperator): local_to_gcp_task> on 2019-07-02 06:00:00+00:00
[2022-12-05 03:25:49,417] {standard_task_runner.py:52} INFO - Started process 5966 to run task
[2022-12-05 03:25:49,427] {standard_task_runner.py:76} INFO - Running: ['***', 'tasks', 'run', 'yellow_taxi_to_bq_dag', 'local_to_gcp_task', 'scheduled__2019-07-02T06:00:00+00:00', '--job-id', '398', '--raw', '--subdir', 'DAGS_FOLDER/data_ingestation_gcp.py', '--cfg-path', '/tmp/tmpldcdtuqh', '--error-file', '/tmp/tmp6iyxkrr4']
[2022-12-05 03:25:49,431] {standard_task_runner.py:77} INFO - Job 398: Subtask local_to_gcp_task
[2022-12-05 03:25:49,559] {logging_mixin.py:109} INFO - Running <TaskInstance: yellow_taxi_to_bq_dag.local_to_gcp_task scheduled__2019-07-02T06:00:00+00:00 [running]> on host 9b5bfd347476
[2022-12-05 03:25:49,734] {logging_mixin.py:109} WARNING - /home/***/.local/lib/python3.7/site-packages/***/utils/context.py:152 AirflowContextDeprecationWarning: Accessing 'execution_date' from the template is deprecated and will be removed in a future version. Please use 'data_interval_start' or 'logical_date' instead.
[2022-12-05 03:25:49,825] {taskinstance.py:1426} INFO - Exporting the following env vars:
AIRFLOW_CTX_DAG_OWNER=***
AIRFLOW_CTX_DAG_ID=yellow_taxi_to_bq_dag
AIRFLOW_CTX_TASK_ID=local_to_gcp_task
AIRFLOW_CTX_EXECUTION_DATE=2019-07-02T06:00:00+00:00
AIRFLOW_CTX_DAG_RUN_ID=scheduled__2019-07-02T06:00:00+00:00
[2022-12-05 03:26:15,801] {python.py:175} INFO - Done. Returned value was: None
[2022-12-05 03:26:15,835] {taskinstance.py:1277} INFO - Marking task as SUCCESS. dag_id=yellow_taxi_to_bq_dag, task_id=local_to_gcp_task, execution_date=20190702T060000, start_date=20221205T032549, end_date=20221205T032615
[2022-12-05 03:26:15,928] {local_task_job.py:154} INFO - Task exited with return code 0
[2022-12-05 03:26:16,065] {local_task_job.py:264} INFO - 1 downstream tasks scheduled from follow-on schedule check
