[2022-12-05 05:11:48,538] {taskinstance.py:1032} INFO - Dependencies all met for <TaskInstance: yellow_taxi_2_bq_dag.gcs_2_gcs_task scheduled__2020-06-02T06:00:00+00:00 [queued]>
[2022-12-05 05:11:48,569] {taskinstance.py:1032} INFO - Dependencies all met for <TaskInstance: yellow_taxi_2_bq_dag.gcs_2_gcs_task scheduled__2020-06-02T06:00:00+00:00 [queued]>
[2022-12-05 05:11:48,570] {taskinstance.py:1238} INFO - 
--------------------------------------------------------------------------------
[2022-12-05 05:11:48,570] {taskinstance.py:1239} INFO - Starting attempt 2 of 2
[2022-12-05 05:11:48,571] {taskinstance.py:1240} INFO - 
--------------------------------------------------------------------------------
[2022-12-05 05:11:48,604] {taskinstance.py:1259} INFO - Executing <Task(GCSToGCSOperator): gcs_2_gcs_task> on 2020-06-02 06:00:00+00:00
[2022-12-05 05:11:48,614] {standard_task_runner.py:52} INFO - Started process 20918 to run task
[2022-12-05 05:11:48,622] {standard_task_runner.py:76} INFO - Running: ['***', 'tasks', 'run', 'yellow_taxi_2_bq_dag', 'gcs_2_gcs_task', 'scheduled__2020-06-02T06:00:00+00:00', '--job-id', '622', '--raw', '--subdir', 'DAGS_FOLDER/data_ingestation_gcp.py', '--cfg-path', '/tmp/tmp_3hyfrqr', '--error-file', '/tmp/tmpeonzp7av']
[2022-12-05 05:11:48,624] {standard_task_runner.py:77} INFO - Job 622: Subtask gcs_2_gcs_task
[2022-12-05 05:11:48,774] {logging_mixin.py:109} INFO - Running <TaskInstance: yellow_taxi_2_bq_dag.gcs_2_gcs_task scheduled__2020-06-02T06:00:00+00:00 [running]> on host 9b5bfd347476
[2022-12-05 05:11:48,915] {taskinstance.py:1426} INFO - Exporting the following env vars:
AIRFLOW_CTX_DAG_OWNER=***
AIRFLOW_CTX_DAG_ID=yellow_taxi_2_bq_dag
AIRFLOW_CTX_TASK_ID=gcs_2_gcs_task
AIRFLOW_CTX_EXECUTION_DATE=2020-06-02T06:00:00+00:00
AIRFLOW_CTX_DAG_RUN_ID=scheduled__2020-06-02T06:00:00+00:00
[2022-12-05 05:11:48,918] {crypto.py:82} WARNING - empty cryptography key - values will not be stored encrypted.
[2022-12-05 05:11:48,920] {gcs_to_gcs.py:346} INFO - Delimiter ignored because wildcard is in prefix
[2022-12-05 05:11:49,301] {gcs_to_gcs.py:431} INFO - Executing copy of gs://my_nyc_tlc/raw/yellow_tripdata_2020-06.parquet to gs://my_nyc_tlc/yellow/2020-06.parquet
[2022-12-05 05:11:49,421] {gcs.py:251} INFO - Total Bytes: 12892988 | Bytes Written: 12892988
[2022-12-05 05:11:49,422] {gcs.py:264} INFO - Object raw/yellow_tripdata_2020-06.parquet in bucket my_nyc_tlc rewritten to object yellow/2020-06.parquet in bucket my_nyc_tlc
[2022-12-05 05:11:49,502] {gcs.py:645} INFO - Blob raw/yellow_tripdata_2020-06.parquet deleted.
[2022-12-05 05:11:49,537] {taskinstance.py:1277} INFO - Marking task as SUCCESS. dag_id=yellow_taxi_2_bq_dag, task_id=gcs_2_gcs_task, execution_date=20200602T060000, start_date=20221205T051148, end_date=20221205T051149
[2022-12-05 05:11:49,581] {local_task_job.py:154} INFO - Task exited with return code 0
[2022-12-05 05:11:49,645] {local_task_job.py:264} INFO - 1 downstream tasks scheduled from follow-on schedule check
