[2022-12-05 04:54:00,591] {taskinstance.py:1032} INFO - Dependencies all met for <TaskInstance: yellow_taxi_2_bq_dag.gcs_2_gcs_task scheduled__2019-07-02T06:00:00+00:00 [queued]>
[2022-12-05 04:54:00,630] {taskinstance.py:1032} INFO - Dependencies all met for <TaskInstance: yellow_taxi_2_bq_dag.gcs_2_gcs_task scheduled__2019-07-02T06:00:00+00:00 [queued]>
[2022-12-05 04:54:00,631] {taskinstance.py:1238} INFO - 
--------------------------------------------------------------------------------
[2022-12-05 04:54:00,632] {taskinstance.py:1239} INFO - Starting attempt 2 of 2
[2022-12-05 04:54:00,633] {taskinstance.py:1240} INFO - 
--------------------------------------------------------------------------------
[2022-12-05 04:54:00,675] {taskinstance.py:1259} INFO - Executing <Task(GCSToGCSOperator): gcs_2_gcs_task> on 2019-07-02 06:00:00+00:00
[2022-12-05 04:54:00,688] {standard_task_runner.py:52} INFO - Started process 18092 to run task
[2022-12-05 04:54:00,708] {standard_task_runner.py:76} INFO - Running: ['***', 'tasks', 'run', 'yellow_taxi_2_bq_dag', 'gcs_2_gcs_task', 'scheduled__2019-07-02T06:00:00+00:00', '--job-id', '567', '--raw', '--subdir', 'DAGS_FOLDER/data_ingestation_gcp.py', '--cfg-path', '/tmp/tmp6a6k8zib', '--error-file', '/tmp/tmphgtmla2o']
[2022-12-05 04:54:00,711] {standard_task_runner.py:77} INFO - Job 567: Subtask gcs_2_gcs_task
[2022-12-05 04:54:00,893] {logging_mixin.py:109} INFO - Running <TaskInstance: yellow_taxi_2_bq_dag.gcs_2_gcs_task scheduled__2019-07-02T06:00:00+00:00 [running]> on host 9b5bfd347476
[2022-12-05 04:54:01,068] {taskinstance.py:1426} INFO - Exporting the following env vars:
AIRFLOW_CTX_DAG_OWNER=***
AIRFLOW_CTX_DAG_ID=yellow_taxi_2_bq_dag
AIRFLOW_CTX_TASK_ID=gcs_2_gcs_task
AIRFLOW_CTX_EXECUTION_DATE=2019-07-02T06:00:00+00:00
AIRFLOW_CTX_DAG_RUN_ID=scheduled__2019-07-02T06:00:00+00:00
[2022-12-05 04:54:01,072] {crypto.py:82} WARNING - empty cryptography key - values will not be stored encrypted.
[2022-12-05 04:54:01,074] {gcs_to_gcs.py:346} INFO - Delimiter ignored because wildcard is in prefix
[2022-12-05 04:54:01,536] {gcs_to_gcs.py:431} INFO - Executing copy of gs://my_nyc_tlc/raw/yellow_tripdata_2019-07.parquet to gs://my_nyc_tlc/yellow/2019-07.parquet
[2022-12-05 04:54:01,649] {gcs.py:251} INFO - Total Bytes: 132633353 | Bytes Written: 132633353
[2022-12-05 04:54:01,650] {gcs.py:264} INFO - Object raw/yellow_tripdata_2019-07.parquet in bucket my_nyc_tlc rewritten to object yellow/2019-07.parquet in bucket my_nyc_tlc
[2022-12-05 04:54:01,725] {gcs.py:645} INFO - Blob raw/yellow_tripdata_2019-07.parquet deleted.
[2022-12-05 04:54:01,752] {taskinstance.py:1277} INFO - Marking task as SUCCESS. dag_id=yellow_taxi_2_bq_dag, task_id=gcs_2_gcs_task, execution_date=20190702T060000, start_date=20221205T045400, end_date=20221205T045401
[2022-12-05 04:54:01,820] {local_task_job.py:154} INFO - Task exited with return code 0
[2022-12-05 04:54:01,895] {local_task_job.py:264} INFO - 1 downstream tasks scheduled from follow-on schedule check
