[2022-12-05 05:16:20,144] {taskinstance.py:1032} INFO - Dependencies all met for <TaskInstance: yellow_taxi_2_bq_dag.gcs_2_gcs_task scheduled__2020-12-02T06:00:00+00:00 [queued]>
[2022-12-05 05:16:20,171] {taskinstance.py:1032} INFO - Dependencies all met for <TaskInstance: yellow_taxi_2_bq_dag.gcs_2_gcs_task scheduled__2020-12-02T06:00:00+00:00 [queued]>
[2022-12-05 05:16:20,172] {taskinstance.py:1238} INFO - 
--------------------------------------------------------------------------------
[2022-12-05 05:16:20,173] {taskinstance.py:1239} INFO - Starting attempt 2 of 2
[2022-12-05 05:16:20,173] {taskinstance.py:1240} INFO - 
--------------------------------------------------------------------------------
[2022-12-05 05:16:20,201] {taskinstance.py:1259} INFO - Executing <Task(GCSToGCSOperator): gcs_2_gcs_task> on 2020-12-02 06:00:00+00:00
[2022-12-05 05:16:20,209] {standard_task_runner.py:52} INFO - Started process 21826 to run task
[2022-12-05 05:16:20,216] {standard_task_runner.py:76} INFO - Running: ['***', 'tasks', 'run', 'yellow_taxi_2_bq_dag', 'gcs_2_gcs_task', 'scheduled__2020-12-02T06:00:00+00:00', '--job-id', '652', '--raw', '--subdir', 'DAGS_FOLDER/data_ingestation_gcp.py', '--cfg-path', '/tmp/tmp3gnqlaw5', '--error-file', '/tmp/tmp1jwbl3vb']
[2022-12-05 05:16:20,218] {standard_task_runner.py:77} INFO - Job 652: Subtask gcs_2_gcs_task
[2022-12-05 05:16:20,326] {logging_mixin.py:109} INFO - Running <TaskInstance: yellow_taxi_2_bq_dag.gcs_2_gcs_task scheduled__2020-12-02T06:00:00+00:00 [running]> on host 9b5bfd347476
[2022-12-05 05:16:20,446] {taskinstance.py:1426} INFO - Exporting the following env vars:
AIRFLOW_CTX_DAG_OWNER=***
AIRFLOW_CTX_DAG_ID=yellow_taxi_2_bq_dag
AIRFLOW_CTX_TASK_ID=gcs_2_gcs_task
AIRFLOW_CTX_EXECUTION_DATE=2020-12-02T06:00:00+00:00
AIRFLOW_CTX_DAG_RUN_ID=scheduled__2020-12-02T06:00:00+00:00
[2022-12-05 05:16:20,450] {crypto.py:82} WARNING - empty cryptography key - values will not be stored encrypted.
[2022-12-05 05:16:20,451] {gcs_to_gcs.py:346} INFO - Delimiter ignored because wildcard is in prefix
[2022-12-05 05:16:20,804] {gcs_to_gcs.py:431} INFO - Executing copy of gs://my_nyc_tlc/raw/yellow_tripdata_2020-12.parquet to gs://my_nyc_tlc/yellow/2020-12.parquet
[2022-12-05 05:16:20,903] {gcs.py:251} INFO - Total Bytes: 31745424 | Bytes Written: 31745424
[2022-12-05 05:16:20,904] {gcs.py:264} INFO - Object raw/yellow_tripdata_2020-12.parquet in bucket my_nyc_tlc rewritten to object yellow/2020-12.parquet in bucket my_nyc_tlc
[2022-12-05 05:16:20,980] {gcs.py:645} INFO - Blob raw/yellow_tripdata_2020-12.parquet deleted.
[2022-12-05 05:16:21,008] {taskinstance.py:1277} INFO - Marking task as SUCCESS. dag_id=yellow_taxi_2_bq_dag, task_id=gcs_2_gcs_task, execution_date=20201202T060000, start_date=20221205T051620, end_date=20221205T051621
[2022-12-05 05:16:21,053] {local_task_job.py:154} INFO - Task exited with return code 0
[2022-12-05 05:16:21,117] {local_task_job.py:264} INFO - 1 downstream tasks scheduled from follow-on schedule check
