[2022-12-05 04:04:55,798] {taskinstance.py:1032} INFO - Dependencies all met for <TaskInstance: yellow_taxi_2_bq_dag.gcs_2_gcs_task scheduled__2020-01-02T06:00:00+00:00 [queued]>
[2022-12-05 04:04:55,826] {taskinstance.py:1032} INFO - Dependencies all met for <TaskInstance: yellow_taxi_2_bq_dag.gcs_2_gcs_task scheduled__2020-01-02T06:00:00+00:00 [queued]>
[2022-12-05 04:04:55,827] {taskinstance.py:1238} INFO - 
--------------------------------------------------------------------------------
[2022-12-05 04:04:55,828] {taskinstance.py:1239} INFO - Starting attempt 1 of 1
[2022-12-05 04:04:55,828] {taskinstance.py:1240} INFO - 
--------------------------------------------------------------------------------
[2022-12-05 04:04:55,858] {taskinstance.py:1259} INFO - Executing <Task(GCSToGCSOperator): gcs_2_gcs_task> on 2020-01-02 06:00:00+00:00
[2022-12-05 04:04:55,867] {standard_task_runner.py:52} INFO - Started process 11776 to run task
[2022-12-05 04:04:55,874] {standard_task_runner.py:76} INFO - Running: ['***', 'tasks', 'run', 'yellow_taxi_2_bq_dag', 'gcs_2_gcs_task', 'scheduled__2020-01-02T06:00:00+00:00', '--job-id', '475', '--raw', '--subdir', 'DAGS_FOLDER/data_ingestation_gcp.py', '--cfg-path', '/tmp/tmp17huds88', '--error-file', '/tmp/tmp9b8039lz']
[2022-12-05 04:04:55,877] {standard_task_runner.py:77} INFO - Job 475: Subtask gcs_2_gcs_task
[2022-12-05 04:04:55,986] {logging_mixin.py:109} INFO - Running <TaskInstance: yellow_taxi_2_bq_dag.gcs_2_gcs_task scheduled__2020-01-02T06:00:00+00:00 [running]> on host 9b5bfd347476
[2022-12-05 04:04:56,099] {taskinstance.py:1426} INFO - Exporting the following env vars:
AIRFLOW_CTX_DAG_OWNER=***
AIRFLOW_CTX_DAG_ID=yellow_taxi_2_bq_dag
AIRFLOW_CTX_TASK_ID=gcs_2_gcs_task
AIRFLOW_CTX_EXECUTION_DATE=2020-01-02T06:00:00+00:00
AIRFLOW_CTX_DAG_RUN_ID=scheduled__2020-01-02T06:00:00+00:00
[2022-12-05 04:04:56,103] {crypto.py:82} WARNING - empty cryptography key - values will not be stored encrypted.
[2022-12-05 04:04:56,104] {gcs_to_gcs.py:346} INFO - Delimiter ignored because wildcard is in prefix
[2022-12-05 04:04:56,520] {gcs_to_gcs.py:431} INFO - Executing copy of gs://my_nyc_tlc/raw/yellow_tripdata_2020-01.parquet to gs://my_nyc_tlc/yellow/2020-01.parquet
[2022-12-05 04:04:56,638] {gcs.py:251} INFO - Total Bytes: 133599607 | Bytes Written: 133599607
[2022-12-05 04:04:56,639] {gcs.py:264} INFO - Object raw/yellow_tripdata_2020-01.parquet in bucket my_nyc_tlc rewritten to object yellow/2020-01.parquet in bucket my_nyc_tlc
[2022-12-05 04:04:56,714] {gcs.py:645} INFO - Blob raw/yellow_tripdata_2020-01.parquet deleted.
[2022-12-05 04:04:56,740] {taskinstance.py:1277} INFO - Marking task as SUCCESS. dag_id=yellow_taxi_2_bq_dag, task_id=gcs_2_gcs_task, execution_date=20200102T060000, start_date=20221205T040455, end_date=20221205T040456
[2022-12-05 04:04:56,823] {local_task_job.py:154} INFO - Task exited with return code 0
[2022-12-05 04:04:56,931] {local_task_job.py:264} INFO - 1 downstream tasks scheduled from follow-on schedule check
