[2022-12-05 05:07:03,195] {taskinstance.py:1032} INFO - Dependencies all met for <TaskInstance: yellow_taxi_2_bq_dag.gcs_2_gcs_task scheduled__2020-01-02T06:00:00+00:00 [queued]>
[2022-12-05 05:07:03,237] {taskinstance.py:1032} INFO - Dependencies all met for <TaskInstance: yellow_taxi_2_bq_dag.gcs_2_gcs_task scheduled__2020-01-02T06:00:00+00:00 [queued]>
[2022-12-05 05:07:03,238] {taskinstance.py:1238} INFO - 
--------------------------------------------------------------------------------
[2022-12-05 05:07:03,239] {taskinstance.py:1239} INFO - Starting attempt 2 of 2
[2022-12-05 05:07:03,240] {taskinstance.py:1240} INFO - 
--------------------------------------------------------------------------------
[2022-12-05 05:07:03,274] {taskinstance.py:1259} INFO - Executing <Task(GCSToGCSOperator): gcs_2_gcs_task> on 2020-01-02 06:00:00+00:00
[2022-12-05 05:07:03,283] {standard_task_runner.py:52} INFO - Started process 20042 to run task
[2022-12-05 05:07:03,290] {standard_task_runner.py:76} INFO - Running: ['***', 'tasks', 'run', 'yellow_taxi_2_bq_dag', 'gcs_2_gcs_task', 'scheduled__2020-01-02T06:00:00+00:00', '--job-id', '597', '--raw', '--subdir', 'DAGS_FOLDER/data_ingestation_gcp.py', '--cfg-path', '/tmp/tmp3anf0tx0', '--error-file', '/tmp/tmp5k_6fx4n']
[2022-12-05 05:07:03,292] {standard_task_runner.py:77} INFO - Job 597: Subtask gcs_2_gcs_task
[2022-12-05 05:07:03,418] {logging_mixin.py:109} INFO - Running <TaskInstance: yellow_taxi_2_bq_dag.gcs_2_gcs_task scheduled__2020-01-02T06:00:00+00:00 [running]> on host 9b5bfd347476
[2022-12-05 05:07:03,557] {taskinstance.py:1426} INFO - Exporting the following env vars:
AIRFLOW_CTX_DAG_OWNER=***
AIRFLOW_CTX_DAG_ID=yellow_taxi_2_bq_dag
AIRFLOW_CTX_TASK_ID=gcs_2_gcs_task
AIRFLOW_CTX_EXECUTION_DATE=2020-01-02T06:00:00+00:00
AIRFLOW_CTX_DAG_RUN_ID=scheduled__2020-01-02T06:00:00+00:00
[2022-12-05 05:07:03,560] {crypto.py:82} WARNING - empty cryptography key - values will not be stored encrypted.
[2022-12-05 05:07:03,561] {gcs_to_gcs.py:346} INFO - Delimiter ignored because wildcard is in prefix
[2022-12-05 05:07:03,930] {gcs_to_gcs.py:431} INFO - Executing copy of gs://my_nyc_tlc/raw/yellow_tripdata_2020-01.parquet to gs://my_nyc_tlc/yellow/2020-01.parquet
[2022-12-05 05:07:04,054] {gcs.py:251} INFO - Total Bytes: 133599607 | Bytes Written: 133599607
[2022-12-05 05:07:04,055] {gcs.py:264} INFO - Object raw/yellow_tripdata_2020-01.parquet in bucket my_nyc_tlc rewritten to object yellow/2020-01.parquet in bucket my_nyc_tlc
[2022-12-05 05:07:04,141] {gcs.py:645} INFO - Blob raw/yellow_tripdata_2020-01.parquet deleted.
[2022-12-05 05:07:04,177] {taskinstance.py:1277} INFO - Marking task as SUCCESS. dag_id=yellow_taxi_2_bq_dag, task_id=gcs_2_gcs_task, execution_date=20200102T060000, start_date=20221205T050703, end_date=20221205T050704
[2022-12-05 05:07:04,248] {local_task_job.py:154} INFO - Task exited with return code 0
[2022-12-05 05:07:04,333] {local_task_job.py:264} INFO - 0 downstream tasks scheduled from follow-on schedule check
