[2022-12-02 06:01:24,423] {taskinstance.py:1032} INFO - Dependencies all met for <TaskInstance: FHV_data_upload_dag.remodel_data_type_task scheduled__2019-02-02T06:00:00+00:00 [queued]>
[2022-12-02 06:01:24,468] {taskinstance.py:1032} INFO - Dependencies all met for <TaskInstance: FHV_data_upload_dag.remodel_data_type_task scheduled__2019-02-02T06:00:00+00:00 [queued]>
[2022-12-02 06:01:24,469] {taskinstance.py:1238} INFO - 
--------------------------------------------------------------------------------
[2022-12-02 06:01:24,470] {taskinstance.py:1239} INFO - Starting attempt 15 of 16
[2022-12-02 06:01:24,470] {taskinstance.py:1240} INFO - 
--------------------------------------------------------------------------------
[2022-12-02 06:01:24,515] {taskinstance.py:1259} INFO - Executing <Task(PythonOperator): remodel_data_type_task> on 2019-02-02 06:00:00+00:00
[2022-12-02 06:01:24,527] {standard_task_runner.py:52} INFO - Started process 8201 to run task
[2022-12-02 06:01:24,536] {standard_task_runner.py:76} INFO - Running: ['***', 'tasks', 'run', 'FHV_data_upload_dag', 'remodel_data_type_task', 'scheduled__2019-02-02T06:00:00+00:00', '--job-id', '332', '--raw', '--subdir', 'DAGS_FOLDER/FHV_data_upload_dag.py', '--cfg-path', '/tmp/tmpci9fb8ko', '--error-file', '/tmp/tmpib8vp48d']
[2022-12-02 06:01:24,539] {standard_task_runner.py:77} INFO - Job 332: Subtask remodel_data_type_task
[2022-12-02 06:01:24,715] {logging_mixin.py:109} INFO - Running <TaskInstance: FHV_data_upload_dag.remodel_data_type_task scheduled__2019-02-02T06:00:00+00:00 [running]> on host abdcba3d233e
[2022-12-02 06:01:24,906] {logging_mixin.py:109} WARNING - /home/***/.local/lib/python3.7/site-packages/***/utils/context.py:152 AirflowContextDeprecationWarning: Accessing 'execution_date' from the template is deprecated and will be removed in a future version. Please use 'data_interval_start' or 'logical_date' instead.
[2022-12-02 06:01:24,973] {taskinstance.py:1426} INFO - Exporting the following env vars:
AIRFLOW_CTX_DAG_OWNER=***
AIRFLOW_CTX_DAG_ID=FHV_data_upload_dag
AIRFLOW_CTX_TASK_ID=remodel_data_type_task
AIRFLOW_CTX_EXECUTION_DATE=2019-02-02T06:00:00+00:00
AIRFLOW_CTX_DAG_RUN_ID=scheduled__2019-02-02T06:00:00+00:00
[2022-12-02 06:01:30,440] {python.py:175} INFO - Done. Returned value was: None
[2022-12-02 06:01:30,485] {taskinstance.py:1277} INFO - Marking task as SUCCESS. dag_id=FHV_data_upload_dag, task_id=remodel_data_type_task, execution_date=20190202T060000, start_date=20221202T060124, end_date=20221202T060130
[2022-12-02 06:01:30,626] {local_task_job.py:154} INFO - Task exited with return code 0
[2022-12-02 06:01:30,728] {local_task_job.py:264} INFO - 1 downstream tasks scheduled from follow-on schedule check
