[2022-12-05 04:49:55,575] {taskinstance.py:1032} INFO - Dependencies all met for <TaskInstance: yellow_taxi_2_bq_dag.download_dataset_task scheduled__2019-06-02T06:00:00+00:00 [queued]>
[2022-12-05 04:49:55,608] {taskinstance.py:1032} INFO - Dependencies all met for <TaskInstance: yellow_taxi_2_bq_dag.download_dataset_task scheduled__2019-06-02T06:00:00+00:00 [queued]>
[2022-12-05 04:49:55,609] {taskinstance.py:1238} INFO - 
--------------------------------------------------------------------------------
[2022-12-05 04:49:55,609] {taskinstance.py:1239} INFO - Starting attempt 3 of 3
[2022-12-05 04:49:55,610] {taskinstance.py:1240} INFO - 
--------------------------------------------------------------------------------
[2022-12-05 04:49:55,642] {taskinstance.py:1259} INFO - Executing <Task(BashOperator): download_dataset_task> on 2019-06-02 06:00:00+00:00
[2022-12-05 04:49:55,651] {standard_task_runner.py:52} INFO - Started process 17473 to run task
[2022-12-05 04:49:55,659] {standard_task_runner.py:76} INFO - Running: ['***', 'tasks', 'run', 'yellow_taxi_2_bq_dag', 'download_dataset_task', 'scheduled__2019-06-02T06:00:00+00:00', '--job-id', '559', '--raw', '--subdir', 'DAGS_FOLDER/data_ingestation_gcp.py', '--cfg-path', '/tmp/tmpdd9fgjtb', '--error-file', '/tmp/tmpgb668qfz']
[2022-12-05 04:49:55,661] {standard_task_runner.py:77} INFO - Job 559: Subtask download_dataset_task
[2022-12-05 04:49:55,789] {logging_mixin.py:109} INFO - Running <TaskInstance: yellow_taxi_2_bq_dag.download_dataset_task scheduled__2019-06-02T06:00:00+00:00 [running]> on host 9b5bfd347476
[2022-12-05 04:49:55,935] {logging_mixin.py:109} WARNING - /home/***/.local/lib/python3.7/site-packages/***/utils/context.py:152 AirflowContextDeprecationWarning: Accessing 'execution_date' from the template is deprecated and will be removed in a future version. Please use 'data_interval_start' or 'logical_date' instead.
[2022-12-05 04:49:55,973] {taskinstance.py:1426} INFO - Exporting the following env vars:
AIRFLOW_CTX_DAG_OWNER=***
AIRFLOW_CTX_DAG_ID=yellow_taxi_2_bq_dag
AIRFLOW_CTX_TASK_ID=download_dataset_task
AIRFLOW_CTX_EXECUTION_DATE=2019-06-02T06:00:00+00:00
AIRFLOW_CTX_DAG_RUN_ID=scheduled__2019-06-02T06:00:00+00:00
[2022-12-05 04:49:55,976] {subprocess.py:62} INFO - Tmp dir root location: 
 /tmp
[2022-12-05 04:49:55,978] {subprocess.py:74} INFO - Running command: ['bash', '-c', 'curl -sSLf https://d37ci6vzurychx.cloudfront.net/trip-data/yellow_tripdata_2019-06.parquet > /opt/***/output_2019-06.parquet']
[2022-12-05 04:49:55,994] {subprocess.py:85} INFO - Output:
[2022-12-05 04:50:01,819] {subprocess.py:93} INFO - Command exited with return code 0
[2022-12-05 04:50:01,901] {taskinstance.py:1277} INFO - Marking task as SUCCESS. dag_id=yellow_taxi_2_bq_dag, task_id=download_dataset_task, execution_date=20190602T060000, start_date=20221205T044955, end_date=20221205T045001
[2022-12-05 04:50:01,992] {local_task_job.py:154} INFO - Task exited with return code 0
[2022-12-05 04:50:02,075] {dagrun.py:628} WARNING - Failed to get task '<TaskInstance: yellow_taxi_2_bq_dag.bq_ext_2_part_task scheduled__2019-06-02T06:00:00+00:00 [removed]>' for dag 'yellow_taxi_2_bq_dag'. Marking it as removed.
[2022-12-05 04:50:02,106] {local_task_job.py:264} INFO - 1 downstream tasks scheduled from follow-on schedule check
