[2022-12-05 02:56:18,147] {taskinstance.py:1032} INFO - Dependencies all met for <TaskInstance: yellow_taxi_to_bq_dag.remodel_data_type_task scheduled__2019-01-02T06:00:00+00:00 [queued]>
[2022-12-05 02:56:18,175] {taskinstance.py:1032} INFO - Dependencies all met for <TaskInstance: yellow_taxi_to_bq_dag.remodel_data_type_task scheduled__2019-01-02T06:00:00+00:00 [queued]>
[2022-12-05 02:56:18,176] {taskinstance.py:1238} INFO - 
--------------------------------------------------------------------------------
[2022-12-05 02:56:18,177] {taskinstance.py:1239} INFO - Starting attempt 1 of 2
[2022-12-05 02:56:18,177] {taskinstance.py:1240} INFO - 
--------------------------------------------------------------------------------
[2022-12-05 02:56:18,209] {taskinstance.py:1259} INFO - Executing <Task(PythonOperator): remodel_data_type_task> on 2019-01-02 06:00:00+00:00
[2022-12-05 02:56:18,219] {standard_task_runner.py:52} INFO - Started process 1692 to run task
[2022-12-05 02:56:18,239] {standard_task_runner.py:76} INFO - Running: ['***', 'tasks', 'run', 'yellow_taxi_to_bq_dag', 'remodel_data_type_task', 'scheduled__2019-01-02T06:00:00+00:00', '--job-id', '358', '--raw', '--subdir', 'DAGS_FOLDER/data_ingestation_gcp.py', '--cfg-path', '/tmp/tmph7fnuhzy', '--error-file', '/tmp/tmpd08knkew']
[2022-12-05 02:56:18,241] {standard_task_runner.py:77} INFO - Job 358: Subtask remodel_data_type_task
[2022-12-05 02:56:18,343] {logging_mixin.py:109} INFO - Running <TaskInstance: yellow_taxi_to_bq_dag.remodel_data_type_task scheduled__2019-01-02T06:00:00+00:00 [running]> on host 9b5bfd347476
[2022-12-05 02:56:18,473] {logging_mixin.py:109} WARNING - /home/***/.local/lib/python3.7/site-packages/***/utils/context.py:152 AirflowContextDeprecationWarning: Accessing 'execution_date' from the template is deprecated and will be removed in a future version. Please use 'data_interval_start' or 'logical_date' instead.
[2022-12-05 02:56:18,546] {taskinstance.py:1426} INFO - Exporting the following env vars:
AIRFLOW_CTX_DAG_OWNER=***
AIRFLOW_CTX_DAG_ID=yellow_taxi_to_bq_dag
AIRFLOW_CTX_TASK_ID=remodel_data_type_task
AIRFLOW_CTX_EXECUTION_DATE=2019-01-02T06:00:00+00:00
AIRFLOW_CTX_DAG_RUN_ID=scheduled__2019-01-02T06:00:00+00:00
[2022-12-05 02:56:32,020] {local_task_job.py:154} INFO - Task exited with return code Negsignal.SIGKILL
[2022-12-05 02:56:32,241] {taskinstance.py:1277} INFO - Marking task as UP_FOR_RETRY. dag_id=yellow_taxi_to_bq_dag, task_id=remodel_data_type_task, execution_date=20190102T060000, start_date=20221205T025618, end_date=20221205T025632
[2022-12-05 02:56:32,735] {local_task_job.py:264} INFO - 0 downstream tasks scheduled from follow-on schedule check
