[2022-12-05 03:26:51,911] {taskinstance.py:1032} INFO - Dependencies all met for <TaskInstance: yellow_taxi_to_bq_dag.remodel_data_type_task scheduled__2019-08-02T06:00:00+00:00 [queued]>
[2022-12-05 03:26:51,951] {taskinstance.py:1032} INFO - Dependencies all met for <TaskInstance: yellow_taxi_to_bq_dag.remodel_data_type_task scheduled__2019-08-02T06:00:00+00:00 [queued]>
[2022-12-05 03:26:51,952] {taskinstance.py:1238} INFO - 
--------------------------------------------------------------------------------
[2022-12-05 03:26:51,953] {taskinstance.py:1239} INFO - Starting attempt 1 of 1
[2022-12-05 03:26:51,954] {taskinstance.py:1240} INFO - 
--------------------------------------------------------------------------------
[2022-12-05 03:26:51,993] {taskinstance.py:1259} INFO - Executing <Task(PythonOperator): remodel_data_type_task> on 2019-08-02 06:00:00+00:00
[2022-12-05 03:26:52,005] {standard_task_runner.py:52} INFO - Started process 6152 to run task
[2022-12-05 03:26:52,013] {standard_task_runner.py:76} INFO - Running: ['***', 'tasks', 'run', 'yellow_taxi_to_bq_dag', 'remodel_data_type_task', 'scheduled__2019-08-02T06:00:00+00:00', '--job-id', '403', '--raw', '--subdir', 'DAGS_FOLDER/data_ingestation_gcp.py', '--cfg-path', '/tmp/tmp84_vd4ih', '--error-file', '/tmp/tmp3pax06c8']
[2022-12-05 03:26:52,017] {standard_task_runner.py:77} INFO - Job 403: Subtask remodel_data_type_task
[2022-12-05 03:26:52,150] {logging_mixin.py:109} INFO - Running <TaskInstance: yellow_taxi_to_bq_dag.remodel_data_type_task scheduled__2019-08-02T06:00:00+00:00 [running]> on host 9b5bfd347476
[2022-12-05 03:26:52,274] {logging_mixin.py:109} WARNING - /home/***/.local/lib/python3.7/site-packages/***/utils/context.py:152 AirflowContextDeprecationWarning: Accessing 'execution_date' from the template is deprecated and will be removed in a future version. Please use 'data_interval_start' or 'logical_date' instead.
[2022-12-05 03:26:52,376] {taskinstance.py:1426} INFO - Exporting the following env vars:
AIRFLOW_CTX_DAG_OWNER=***
AIRFLOW_CTX_DAG_ID=yellow_taxi_to_bq_dag
AIRFLOW_CTX_TASK_ID=remodel_data_type_task
AIRFLOW_CTX_EXECUTION_DATE=2019-08-02T06:00:00+00:00
AIRFLOW_CTX_DAG_RUN_ID=scheduled__2019-08-02T06:00:00+00:00
[2022-12-05 03:28:02,820] {python.py:175} INFO - Done. Returned value was: None
[2022-12-05 03:28:02,865] {taskinstance.py:1277} INFO - Marking task as SUCCESS. dag_id=yellow_taxi_to_bq_dag, task_id=remodel_data_type_task, execution_date=20190802T060000, start_date=20221205T032651, end_date=20221205T032802
[2022-12-05 03:28:03,667] {local_task_job.py:212} WARNING - State of this instance has been externally set to success. Terminating instance.
[2022-12-05 03:28:03,686] {process_utils.py:124} INFO - Sending Signals.SIGTERM to group 6152. PIDs of all processes in the group: [6152]
[2022-12-05 03:28:03,688] {process_utils.py:75} INFO - Sending the signal Signals.SIGTERM to group 6152
[2022-12-05 03:28:04,276] {process_utils.py:70} INFO - Process psutil.Process(pid=6152, status='terminated', exitcode=0, started='03:26:51') (6152) terminated with exit code 0
