[2022-11-27 15:24:09,657] {taskinstance.py:1032} INFO - Dependencies all met for <TaskInstance: data_ingestation_gcp_dag.local_to_gcp_task scheduled__2019-06-02T06:00:00+00:00 [queued]>
[2022-11-27 15:24:09,703] {taskinstance.py:1032} INFO - Dependencies all met for <TaskInstance: data_ingestation_gcp_dag.local_to_gcp_task scheduled__2019-06-02T06:00:00+00:00 [queued]>
[2022-11-27 15:24:09,704] {taskinstance.py:1238} INFO - 
--------------------------------------------------------------------------------
[2022-11-27 15:24:09,705] {taskinstance.py:1239} INFO - Starting attempt 4 of 4
[2022-11-27 15:24:09,706] {taskinstance.py:1240} INFO - 
--------------------------------------------------------------------------------
[2022-11-27 15:24:09,751] {taskinstance.py:1259} INFO - Executing <Task(PythonOperator): local_to_gcp_task> on 2019-06-02 06:00:00+00:00
[2022-11-27 15:24:09,763] {standard_task_runner.py:52} INFO - Started process 4842 to run task
[2022-11-27 15:24:09,773] {standard_task_runner.py:76} INFO - Running: ['***', 'tasks', 'run', 'data_ingestation_gcp_dag', 'local_to_gcp_task', 'scheduled__2019-06-02T06:00:00+00:00', '--job-id', '223', '--raw', '--subdir', 'DAGS_FOLDER/data_ingestation_gcp.py', '--cfg-path', '/tmp/tmpij96gz2s', '--error-file', '/tmp/tmp2haaltdl']
[2022-11-27 15:24:09,776] {standard_task_runner.py:77} INFO - Job 223: Subtask local_to_gcp_task
[2022-11-27 15:24:09,948] {logging_mixin.py:109} INFO - Running <TaskInstance: data_ingestation_gcp_dag.local_to_gcp_task scheduled__2019-06-02T06:00:00+00:00 [running]> on host 410f3484ae43
[2022-11-27 15:24:10,150] {logging_mixin.py:109} WARNING - /home/***/.local/lib/python3.7/site-packages/***/utils/context.py:152 AirflowContextDeprecationWarning: Accessing 'execution_date' from the template is deprecated and will be removed in a future version. Please use 'data_interval_start' or 'logical_date' instead.
[2022-11-27 15:24:10,215] {taskinstance.py:1426} INFO - Exporting the following env vars:
AIRFLOW_CTX_DAG_OWNER=***
AIRFLOW_CTX_DAG_ID=data_ingestation_gcp_dag
AIRFLOW_CTX_TASK_ID=local_to_gcp_task
AIRFLOW_CTX_EXECUTION_DATE=2019-06-02T06:00:00+00:00
AIRFLOW_CTX_DAG_RUN_ID=scheduled__2019-06-02T06:00:00+00:00
[2022-11-27 15:24:30,242] {python.py:175} INFO - Done. Returned value was: None
[2022-11-27 15:24:30,368] {taskinstance.py:1277} INFO - Marking task as SUCCESS. dag_id=data_ingestation_gcp_dag, task_id=local_to_gcp_task, execution_date=20190602T060000, start_date=20221127T152409, end_date=20221127T152430
[2022-11-27 15:24:30,533] {local_task_job.py:154} INFO - Task exited with return code 0
[2022-11-27 15:24:30,654] {local_task_job.py:264} INFO - 1 downstream tasks scheduled from follow-on schedule check
