[2022-11-30 15:18:06,788] {taskinstance.py:1032} INFO - Dependencies all met for <TaskInstance: gcs_2_bq_dag.gcs_2_gcs_task scheduled__2022-11-29T00:00:00+00:00 [queued]>
[2022-11-30 15:18:06,843] {taskinstance.py:1032} INFO - Dependencies all met for <TaskInstance: gcs_2_bq_dag.gcs_2_gcs_task scheduled__2022-11-29T00:00:00+00:00 [queued]>
[2022-11-30 15:18:06,844] {taskinstance.py:1238} INFO - 
--------------------------------------------------------------------------------
[2022-11-30 15:18:06,845] {taskinstance.py:1239} INFO - Starting attempt 1 of 2
[2022-11-30 15:18:06,846] {taskinstance.py:1240} INFO - 
--------------------------------------------------------------------------------
[2022-11-30 15:18:06,904] {taskinstance.py:1259} INFO - Executing <Task(GCSToGCSOperator): gcs_2_gcs_task> on 2022-11-29 00:00:00+00:00
[2022-11-30 15:18:06,916] {standard_task_runner.py:52} INFO - Started process 1011 to run task
[2022-11-30 15:18:06,929] {standard_task_runner.py:76} INFO - Running: ['***', 'tasks', 'run', 'gcs_2_bq_dag', 'gcs_2_gcs_task', 'scheduled__2022-11-29T00:00:00+00:00', '--job-id', '270', '--raw', '--subdir', 'DAGS_FOLDER/gcs_to_bq_yellow_dag.py', '--cfg-path', '/tmp/tmp7lciabp5', '--error-file', '/tmp/tmpktr08_p0']
[2022-11-30 15:18:06,932] {standard_task_runner.py:77} INFO - Job 270: Subtask gcs_2_gcs_task
[2022-11-30 15:18:07,129] {logging_mixin.py:109} INFO - Running <TaskInstance: gcs_2_bq_dag.gcs_2_gcs_task scheduled__2022-11-29T00:00:00+00:00 [running]> on host abdcba3d233e
[2022-11-30 15:18:07,909] {taskinstance.py:1426} INFO - Exporting the following env vars:
AIRFLOW_CTX_DAG_OWNER=***
AIRFLOW_CTX_DAG_ID=gcs_2_bq_dag
AIRFLOW_CTX_TASK_ID=gcs_2_gcs_task
AIRFLOW_CTX_EXECUTION_DATE=2022-11-29T00:00:00+00:00
AIRFLOW_CTX_DAG_RUN_ID=scheduled__2022-11-29T00:00:00+00:00
[2022-11-30 15:18:07,930] {crypto.py:82} WARNING - empty cryptography key - values will not be stored encrypted.
[2022-11-30 15:18:07,945] {gcs_to_gcs.py:346} INFO - Delimiter ignored because wildcard is in prefix
[2022-11-30 15:18:09,254] {gcs_to_gcs.py:431} INFO - Executing copy of gs://my_nyc_tlc/raw/yellow_tripdata_2020-07.parquet to gs://my_nyc_tlc/yellow/2020-07.parquet
[2022-11-30 15:18:09,438] {gcs.py:251} INFO - Total Bytes: 13387778 | Bytes Written: 13387778
[2022-11-30 15:18:09,440] {gcs.py:264} INFO - Object raw/yellow_tripdata_2020-07.parquet in bucket my_nyc_tlc rewritten to object yellow/2020-07.parquet in bucket my_nyc_tlc
[2022-11-30 15:18:09,537] {gcs.py:645} INFO - Blob raw/yellow_tripdata_2020-07.parquet deleted.
[2022-11-30 15:18:09,539] {gcs_to_gcs.py:431} INFO - Executing copy of gs://my_nyc_tlc/raw/yellow_tripdata_2019-03.parquet to gs://my_nyc_tlc/yellow/2019-03.parquet
[2022-11-30 15:18:09,686] {gcs.py:251} INFO - Total Bytes: 116017372 | Bytes Written: 116017372
[2022-11-30 15:18:09,688] {gcs.py:264} INFO - Object raw/yellow_tripdata_2019-03.parquet in bucket my_nyc_tlc rewritten to object yellow/2019-03.parquet in bucket my_nyc_tlc
[2022-11-30 15:18:09,776] {gcs.py:645} INFO - Blob raw/yellow_tripdata_2019-03.parquet deleted.
[2022-11-30 15:18:09,777] {gcs_to_gcs.py:431} INFO - Executing copy of gs://my_nyc_tlc/raw/yellow_tripdata_2019-12.parquet to gs://my_nyc_tlc/yellow/2019-12.parquet
[2022-11-30 15:18:09,906] {gcs.py:251} INFO - Total Bytes: 101044777 | Bytes Written: 101044777
[2022-11-30 15:18:09,908] {gcs.py:264} INFO - Object raw/yellow_tripdata_2019-12.parquet in bucket my_nyc_tlc rewritten to object yellow/2019-12.parquet in bucket my_nyc_tlc
[2022-11-30 15:18:09,997] {gcs.py:645} INFO - Blob raw/yellow_tripdata_2019-12.parquet deleted.
[2022-11-30 15:18:09,999] {gcs_to_gcs.py:431} INFO - Executing copy of gs://my_nyc_tlc/raw/yellow_tripdata_2019-10.parquet to gs://my_nyc_tlc/yellow/2019-10.parquet
[2022-11-30 15:18:10,122] {gcs.py:251} INFO - Total Bytes: 106293373 | Bytes Written: 106293373
[2022-11-30 15:18:10,123] {gcs.py:264} INFO - Object raw/yellow_tripdata_2019-10.parquet in bucket my_nyc_tlc rewritten to object yellow/2019-10.parquet in bucket my_nyc_tlc
[2022-11-30 15:18:10,211] {gcs.py:645} INFO - Blob raw/yellow_tripdata_2019-10.parquet deleted.
[2022-11-30 15:18:10,213] {gcs_to_gcs.py:431} INFO - Executing copy of gs://my_nyc_tlc/raw/yellow_tripdata_2019-07.parquet to gs://my_nyc_tlc/yellow/2019-07.parquet
[2022-11-30 15:18:10,339] {gcs.py:251} INFO - Total Bytes: 93877343 | Bytes Written: 93877343
[2022-11-30 15:18:10,341] {gcs.py:264} INFO - Object raw/yellow_tripdata_2019-07.parquet in bucket my_nyc_tlc rewritten to object yellow/2019-07.parquet in bucket my_nyc_tlc
[2022-11-30 15:18:10,434] {gcs.py:645} INFO - Blob raw/yellow_tripdata_2019-07.parquet deleted.
[2022-11-30 15:18:10,435] {gcs_to_gcs.py:431} INFO - Executing copy of gs://my_nyc_tlc/raw/yellow_tripdata_2019-04.parquet to gs://my_nyc_tlc/yellow/2019-04.parquet
[2022-11-30 15:18:10,556] {gcs.py:251} INFO - Total Bytes: 110139137 | Bytes Written: 110139137
[2022-11-30 15:18:10,558] {gcs.py:264} INFO - Object raw/yellow_tripdata_2019-04.parquet in bucket my_nyc_tlc rewritten to object yellow/2019-04.parquet in bucket my_nyc_tlc
[2022-11-30 15:18:10,646] {gcs.py:645} INFO - Blob raw/yellow_tripdata_2019-04.parquet deleted.
[2022-11-30 15:18:10,647] {gcs_to_gcs.py:431} INFO - Executing copy of gs://my_nyc_tlc/raw/yellow_tripdata_2020-03.parquet to gs://my_nyc_tlc/yellow/2020-03.parquet
[2022-11-30 15:18:10,786] {gcs.py:251} INFO - Total Bytes: 44442590 | Bytes Written: 44442590
[2022-11-30 15:18:10,787] {gcs.py:264} INFO - Object raw/yellow_tripdata_2020-03.parquet in bucket my_nyc_tlc rewritten to object yellow/2020-03.parquet in bucket my_nyc_tlc
[2022-11-30 15:18:10,883] {gcs.py:645} INFO - Blob raw/yellow_tripdata_2020-03.parquet deleted.
[2022-11-30 15:18:10,885] {gcs_to_gcs.py:431} INFO - Executing copy of gs://my_nyc_tlc/raw/yellow_tripdata_2020-01.parquet to gs://my_nyc_tlc/yellow/2020-01.parquet
[2022-11-30 15:18:11,011] {gcs.py:251} INFO - Total Bytes: 93562858 | Bytes Written: 93562858
[2022-11-30 15:18:11,013] {gcs.py:264} INFO - Object raw/yellow_tripdata_2020-01.parquet in bucket my_nyc_tlc rewritten to object yellow/2020-01.parquet in bucket my_nyc_tlc
[2022-11-30 15:18:11,105] {gcs.py:645} INFO - Blob raw/yellow_tripdata_2020-01.parquet deleted.
[2022-11-30 15:18:11,106] {gcs_to_gcs.py:431} INFO - Executing copy of gs://my_nyc_tlc/raw/yellow_tripdata_2020-02.parquet to gs://my_nyc_tlc/yellow/2020-02.parquet
[2022-11-30 15:18:11,226] {gcs.py:251} INFO - Total Bytes: 92134881 | Bytes Written: 92134881
[2022-11-30 15:18:11,228] {gcs.py:264} INFO - Object raw/yellow_tripdata_2020-02.parquet in bucket my_nyc_tlc rewritten to object yellow/2020-02.parquet in bucket my_nyc_tlc
[2022-11-30 15:18:11,328] {gcs.py:645} INFO - Blob raw/yellow_tripdata_2020-02.parquet deleted.
[2022-11-30 15:18:11,330] {gcs_to_gcs.py:431} INFO - Executing copy of gs://my_nyc_tlc/raw/yellow_tripdata_2020-09.parquet to gs://my_nyc_tlc/yellow/2020-09.parquet
[2022-11-30 15:18:11,507] {gcs.py:251} INFO - Total Bytes: 21381938 | Bytes Written: 21381938
[2022-11-30 15:18:11,509] {gcs.py:264} INFO - Object raw/yellow_tripdata_2020-09.parquet in bucket my_nyc_tlc rewritten to object yellow/2020-09.parquet in bucket my_nyc_tlc
[2022-11-30 15:18:11,609] {gcs.py:645} INFO - Blob raw/yellow_tripdata_2020-09.parquet deleted.
[2022-11-30 15:18:11,611] {gcs_to_gcs.py:431} INFO - Executing copy of gs://my_nyc_tlc/raw/yellow_tripdata_2019-06.parquet to gs://my_nyc_tlc/yellow/2019-06.parquet
[2022-11-30 15:18:11,742] {gcs.py:251} INFO - Total Bytes: 102903344 | Bytes Written: 102903344
[2022-11-30 15:18:11,743] {gcs.py:264} INFO - Object raw/yellow_tripdata_2019-06.parquet in bucket my_nyc_tlc rewritten to object yellow/2019-06.parquet in bucket my_nyc_tlc
[2022-11-30 15:18:11,838] {gcs.py:645} INFO - Blob raw/yellow_tripdata_2019-06.parquet deleted.
[2022-11-30 15:18:11,839] {gcs_to_gcs.py:431} INFO - Executing copy of gs://my_nyc_tlc/raw/yellow_tripdata_2019-11.parquet to gs://my_nyc_tlc/yellow/2019-11.parquet
[2022-11-30 15:18:11,967] {gcs.py:251} INFO - Total Bytes: 100872983 | Bytes Written: 100872983
[2022-11-30 15:18:11,969] {gcs.py:264} INFO - Object raw/yellow_tripdata_2019-11.parquet in bucket my_nyc_tlc rewritten to object yellow/2019-11.parquet in bucket my_nyc_tlc
[2022-11-30 15:18:12,080] {gcs.py:645} INFO - Blob raw/yellow_tripdata_2019-11.parquet deleted.
[2022-11-30 15:18:12,081] {gcs_to_gcs.py:431} INFO - Executing copy of gs://my_nyc_tlc/raw/yellow_tripdata_2020-05.parquet to gs://my_nyc_tlc/yellow/2020-05.parquet
[2022-11-30 15:18:12,192] {gcs.py:251} INFO - Total Bytes: 6229864 | Bytes Written: 6229864
[2022-11-30 15:18:12,193] {gcs.py:264} INFO - Object raw/yellow_tripdata_2020-05.parquet in bucket my_nyc_tlc rewritten to object yellow/2020-05.parquet in bucket my_nyc_tlc
[2022-11-30 15:18:12,295] {gcs.py:645} INFO - Blob raw/yellow_tripdata_2020-05.parquet deleted.
[2022-11-30 15:18:12,297] {gcs_to_gcs.py:431} INFO - Executing copy of gs://my_nyc_tlc/raw/yellow_tripdata_2019-08.parquet to gs://my_nyc_tlc/yellow/2019-08.parquet
[2022-11-30 15:18:12,424] {gcs.py:251} INFO - Total Bytes: 89999675 | Bytes Written: 89999675
[2022-11-30 15:18:12,426] {gcs.py:264} INFO - Object raw/yellow_tripdata_2019-08.parquet in bucket my_nyc_tlc rewritten to object yellow/2019-08.parquet in bucket my_nyc_tlc
[2022-11-30 15:18:12,509] {gcs.py:645} INFO - Blob raw/yellow_tripdata_2019-08.parquet deleted.
[2022-11-30 15:18:12,510] {gcs_to_gcs.py:431} INFO - Executing copy of gs://my_nyc_tlc/raw/yellow_tripdata_2019-05.parquet to gs://my_nyc_tlc/yellow/2019-05.parquet
[2022-11-30 15:18:12,631] {gcs.py:251} INFO - Total Bytes: 111478943 | Bytes Written: 111478943
[2022-11-30 15:18:12,633] {gcs.py:264} INFO - Object raw/yellow_tripdata_2019-05.parquet in bucket my_nyc_tlc rewritten to object yellow/2019-05.parquet in bucket my_nyc_tlc
[2022-11-30 15:18:12,745] {gcs.py:645} INFO - Blob raw/yellow_tripdata_2019-05.parquet deleted.
[2022-11-30 15:18:12,746] {gcs_to_gcs.py:431} INFO - Executing copy of gs://my_nyc_tlc/raw/yellow_tripdata_2019-02.parquet to gs://my_nyc_tlc/yellow/2019-02.parquet
[2022-11-30 15:18:12,894] {gcs.py:251} INFO - Total Bytes: 103356025 | Bytes Written: 103356025
[2022-11-30 15:18:12,896] {gcs.py:264} INFO - Object raw/yellow_tripdata_2019-02.parquet in bucket my_nyc_tlc rewritten to object yellow/2019-02.parquet in bucket my_nyc_tlc
[2022-11-30 15:18:13,015] {gcs.py:645} INFO - Blob raw/yellow_tripdata_2019-02.parquet deleted.
[2022-11-30 15:18:13,017] {gcs_to_gcs.py:431} INFO - Executing copy of gs://my_nyc_tlc/raw/yellow_tripdata_2020-08.parquet to gs://my_nyc_tlc/yellow/2020-08.parquet
[2022-11-30 15:18:13,143] {gcs.py:251} INFO - Total Bytes: 16601463 | Bytes Written: 16601463
[2022-11-30 15:18:13,145] {gcs.py:264} INFO - Object raw/yellow_tripdata_2020-08.parquet in bucket my_nyc_tlc rewritten to object yellow/2020-08.parquet in bucket my_nyc_tlc
[2022-11-30 15:18:13,256] {gcs.py:645} INFO - Blob raw/yellow_tripdata_2020-08.parquet deleted.
[2022-11-30 15:18:13,258] {gcs_to_gcs.py:431} INFO - Executing copy of gs://my_nyc_tlc/raw/yellow_tripdata_2020-11.parquet to gs://my_nyc_tlc/yellow/2020-11.parquet
[2022-11-30 15:18:13,389] {gcs.py:251} INFO - Total Bytes: 23583368 | Bytes Written: 23583368
[2022-11-30 15:18:13,391] {gcs.py:264} INFO - Object raw/yellow_tripdata_2020-11.parquet in bucket my_nyc_tlc rewritten to object yellow/2020-11.parquet in bucket my_nyc_tlc
[2022-11-30 15:18:13,536] {gcs.py:645} INFO - Blob raw/yellow_tripdata_2020-11.parquet deleted.
[2022-11-30 15:18:13,538] {gcs_to_gcs.py:431} INFO - Executing copy of gs://my_nyc_tlc/raw/yellow_tripdata_2020-04.parquet to gs://my_nyc_tlc/yellow/2020-04.parquet
[2022-11-30 15:18:13,708] {gcs.py:251} INFO - Total Bytes: 4442620 | Bytes Written: 4442620
[2022-11-30 15:18:13,710] {gcs.py:264} INFO - Object raw/yellow_tripdata_2020-04.parquet in bucket my_nyc_tlc rewritten to object yellow/2020-04.parquet in bucket my_nyc_tlc
[2022-11-30 15:18:13,831] {gcs.py:645} INFO - Blob raw/yellow_tripdata_2020-04.parquet deleted.
[2022-11-30 15:18:13,843] {gcs_to_gcs.py:431} INFO - Executing copy of gs://my_nyc_tlc/raw/yellow_tripdata_2019-01.parquet to gs://my_nyc_tlc/yellow/2019-01.parquet
[2022-11-30 15:18:14,004] {gcs.py:251} INFO - Total Bytes: 110439634 | Bytes Written: 110439634
[2022-11-30 15:18:14,006] {gcs.py:264} INFO - Object raw/yellow_tripdata_2019-01.parquet in bucket my_nyc_tlc rewritten to object yellow/2019-01.parquet in bucket my_nyc_tlc
[2022-11-30 15:18:14,125] {gcs.py:645} INFO - Blob raw/yellow_tripdata_2019-01.parquet deleted.
[2022-11-30 15:18:14,127] {gcs_to_gcs.py:431} INFO - Executing copy of gs://my_nyc_tlc/raw/yellow_tripdata_2020-06.parquet to gs://my_nyc_tlc/yellow/2020-06.parquet
[2022-11-30 15:18:14,268] {gcs.py:251} INFO - Total Bytes: 9505358 | Bytes Written: 9505358
[2022-11-30 15:18:14,276] {gcs.py:264} INFO - Object raw/yellow_tripdata_2020-06.parquet in bucket my_nyc_tlc rewritten to object yellow/2020-06.parquet in bucket my_nyc_tlc
[2022-11-30 15:18:14,477] {gcs.py:645} INFO - Blob raw/yellow_tripdata_2020-06.parquet deleted.
[2022-11-30 15:18:14,479] {gcs_to_gcs.py:431} INFO - Executing copy of gs://my_nyc_tlc/raw/yellow_tripdata_2019-09.parquet to gs://my_nyc_tlc/yellow/2019-09.parquet
[2022-11-30 15:18:14,620] {gcs.py:251} INFO - Total Bytes: 97110325 | Bytes Written: 97110325
[2022-11-30 15:18:14,622] {gcs.py:264} INFO - Object raw/yellow_tripdata_2019-09.parquet in bucket my_nyc_tlc rewritten to object yellow/2019-09.parquet in bucket my_nyc_tlc
[2022-11-30 15:18:14,730] {gcs.py:645} INFO - Blob raw/yellow_tripdata_2019-09.parquet deleted.
[2022-11-30 15:18:14,731] {gcs_to_gcs.py:431} INFO - Executing copy of gs://my_nyc_tlc/raw/yellow_tripdata_2020-12.parquet to gs://my_nyc_tlc/yellow/2020-12.parquet
[2022-11-30 15:18:14,859] {gcs.py:251} INFO - Total Bytes: 23020036 | Bytes Written: 23020036
[2022-11-30 15:18:14,861] {gcs.py:264} INFO - Object raw/yellow_tripdata_2020-12.parquet in bucket my_nyc_tlc rewritten to object yellow/2020-12.parquet in bucket my_nyc_tlc
[2022-11-30 15:18:14,962] {gcs.py:645} INFO - Blob raw/yellow_tripdata_2020-12.parquet deleted.
[2022-11-30 15:18:14,964] {gcs_to_gcs.py:431} INFO - Executing copy of gs://my_nyc_tlc/raw/yellow_tripdata_2020-10.parquet to gs://my_nyc_tlc/yellow/2020-10.parquet
[2022-11-30 15:18:15,088] {gcs.py:251} INFO - Total Bytes: 26306876 | Bytes Written: 26306876
[2022-11-30 15:18:15,090] {gcs.py:264} INFO - Object raw/yellow_tripdata_2020-10.parquet in bucket my_nyc_tlc rewritten to object yellow/2020-10.parquet in bucket my_nyc_tlc
[2022-11-30 15:18:15,185] {gcs.py:645} INFO - Blob raw/yellow_tripdata_2020-10.parquet deleted.
[2022-11-30 15:18:15,240] {taskinstance.py:1277} INFO - Marking task as SUCCESS. dag_id=gcs_2_bq_dag, task_id=gcs_2_gcs_task, execution_date=20221129T000000, start_date=20221130T151806, end_date=20221130T151815
[2022-11-30 15:18:15,398] {local_task_job.py:154} INFO - Task exited with return code 0
[2022-11-30 15:18:15,746] {local_task_job.py:264} INFO - 1 downstream tasks scheduled from follow-on schedule check
