[2022-11-24 06:48:54,849] {taskinstance.py:1032} INFO - Dependencies all met for <TaskInstance: LocalIngestationDag.ingestation scheduled__2021-03-02T06:00:00+00:00 [queued]>
[2022-11-24 06:48:55,053] {taskinstance.py:1032} INFO - Dependencies all met for <TaskInstance: LocalIngestationDag.ingestation scheduled__2021-03-02T06:00:00+00:00 [queued]>
[2022-11-24 06:48:55,058] {taskinstance.py:1238} INFO - 
--------------------------------------------------------------------------------
[2022-11-24 06:48:55,059] {taskinstance.py:1239} INFO - Starting attempt 1 of 1
[2022-11-24 06:48:55,060] {taskinstance.py:1240} INFO - 
--------------------------------------------------------------------------------
[2022-11-24 06:48:55,276] {taskinstance.py:1259} INFO - Executing <Task(BashOperator): ingestation> on 2021-03-02 06:00:00+00:00
[2022-11-24 06:48:55,309] {standard_task_runner.py:76} INFO - Running: ['***', 'tasks', 'run', 'LocalIngestationDag', 'ingestation', 'scheduled__2021-03-02T06:00:00+00:00', '--job-id', '11', '--raw', '--subdir', 'DAGS_FOLDER/data_ingestation.py', '--cfg-path', '/tmp/tmpobyxbofl', '--error-file', '/tmp/tmpv7jhngvt']
[2022-11-24 06:48:55,313] {standard_task_runner.py:77} INFO - Job 11: Subtask ingestation
[2022-11-24 06:48:55,315] {standard_task_runner.py:52} INFO - Started process 1511 to run task
[2022-11-24 06:48:55,782] {logging_mixin.py:109} INFO - Running <TaskInstance: LocalIngestationDag.ingestation scheduled__2021-03-02T06:00:00+00:00 [running]> on host d01293c252ef
[2022-11-24 06:48:56,320] {taskinstance.py:1426} INFO - Exporting the following env vars:
AIRFLOW_CTX_DAG_OWNER=***
AIRFLOW_CTX_DAG_ID=LocalIngestationDag
AIRFLOW_CTX_TASK_ID=ingestation
AIRFLOW_CTX_EXECUTION_DATE=2021-03-02T06:00:00+00:00
AIRFLOW_CTX_DAG_RUN_ID=scheduled__2021-03-02T06:00:00+00:00
[2022-11-24 06:48:56,326] {subprocess.py:62} INFO - Tmp dir root location: 
 /tmp
[2022-11-24 06:48:56,331] {subprocess.py:74} INFO - Running command: ['bash', '-c', 'echo "Ingestation start"']
[2022-11-24 06:48:56,452] {subprocess.py:85} INFO - Output:
[2022-11-24 06:48:56,631] {subprocess.py:89} INFO - Ingestation start
[2022-11-24 06:48:56,655] {subprocess.py:93} INFO - Command exited with return code 0
[2022-11-24 06:48:58,398] {taskinstance.py:1277} INFO - Marking task as SUCCESS. dag_id=LocalIngestationDag, task_id=ingestation, execution_date=20210302T060000, start_date=20221124T064854, end_date=20221124T064858
[2022-11-24 06:48:58,657] {local_task_job.py:154} INFO - Task exited with return code 0
[2022-11-24 06:48:59,024] {local_task_job.py:264} INFO - 0 downstream tasks scheduled from follow-on schedule check
