[2022-11-24 06:49:15,882] {taskinstance.py:1032} INFO - Dependencies all met for <TaskInstance: LocalIngestationDag.ingestation scheduled__2021-12-02T06:00:00+00:00 [queued]>
[2022-11-24 06:49:16,076] {taskinstance.py:1032} INFO - Dependencies all met for <TaskInstance: LocalIngestationDag.ingestation scheduled__2021-12-02T06:00:00+00:00 [queued]>
[2022-11-24 06:49:16,079] {taskinstance.py:1238} INFO - 
--------------------------------------------------------------------------------
[2022-11-24 06:49:16,081] {taskinstance.py:1239} INFO - Starting attempt 1 of 1
[2022-11-24 06:49:16,083] {taskinstance.py:1240} INFO - 
--------------------------------------------------------------------------------
[2022-11-24 06:49:16,265] {taskinstance.py:1259} INFO - Executing <Task(BashOperator): ingestation> on 2021-12-02 06:00:00+00:00
[2022-11-24 06:49:16,314] {standard_task_runner.py:52} INFO - Started process 1673 to run task
[2022-11-24 06:49:16,357] {standard_task_runner.py:76} INFO - Running: ['***', 'tasks', 'run', 'LocalIngestationDag', 'ingestation', 'scheduled__2021-12-02T06:00:00+00:00', '--job-id', '27', '--raw', '--subdir', 'DAGS_FOLDER/data_ingestation.py', '--cfg-path', '/tmp/tmp9hzas3in', '--error-file', '/tmp/tmpqgjk7m2u']
[2022-11-24 06:49:16,362] {standard_task_runner.py:77} INFO - Job 27: Subtask ingestation
[2022-11-24 06:49:16,582] {logging_mixin.py:109} INFO - Running <TaskInstance: LocalIngestationDag.ingestation scheduled__2021-12-02T06:00:00+00:00 [running]> on host d01293c252ef
[2022-11-24 06:49:16,943] {taskinstance.py:1426} INFO - Exporting the following env vars:
AIRFLOW_CTX_DAG_OWNER=***
AIRFLOW_CTX_DAG_ID=LocalIngestationDag
AIRFLOW_CTX_TASK_ID=ingestation
AIRFLOW_CTX_EXECUTION_DATE=2021-12-02T06:00:00+00:00
AIRFLOW_CTX_DAG_RUN_ID=scheduled__2021-12-02T06:00:00+00:00
[2022-11-24 06:49:16,953] {subprocess.py:62} INFO - Tmp dir root location: 
 /tmp
[2022-11-24 06:49:16,960] {subprocess.py:74} INFO - Running command: ['bash', '-c', 'echo "Ingestation start"']
[2022-11-24 06:49:17,007] {subprocess.py:85} INFO - Output:
[2022-11-24 06:49:17,086] {subprocess.py:89} INFO - Ingestation start
[2022-11-24 06:49:17,089] {subprocess.py:93} INFO - Command exited with return code 0
[2022-11-24 06:49:17,179] {taskinstance.py:1277} INFO - Marking task as SUCCESS. dag_id=LocalIngestationDag, task_id=ingestation, execution_date=20211202T060000, start_date=20221124T064915, end_date=20221124T064917
[2022-11-24 06:49:17,279] {local_task_job.py:154} INFO - Task exited with return code 0
[2022-11-24 06:49:17,414] {local_task_job.py:264} INFO - 0 downstream tasks scheduled from follow-on schedule check
