[2022-12-05 03:43:12,674] {taskinstance.py:1032} INFO - Dependencies all met for <TaskInstance: yellow_taxi_2_bq_dag.gcs_2_gcs_task scheduled__2019-05-02T06:00:00+00:00 [queued]>
[2022-12-05 03:43:12,709] {taskinstance.py:1032} INFO - Dependencies all met for <TaskInstance: yellow_taxi_2_bq_dag.gcs_2_gcs_task scheduled__2019-05-02T06:00:00+00:00 [queued]>
[2022-12-05 03:43:12,710] {taskinstance.py:1238} INFO - 
--------------------------------------------------------------------------------
[2022-12-05 03:43:12,711] {taskinstance.py:1239} INFO - Starting attempt 1 of 1
[2022-12-05 03:43:12,712] {taskinstance.py:1240} INFO - 
--------------------------------------------------------------------------------
[2022-12-05 03:43:12,748] {taskinstance.py:1259} INFO - Executing <Task(GCSToGCSOperator): gcs_2_gcs_task> on 2019-05-02 06:00:00+00:00
[2022-12-05 03:43:12,758] {standard_task_runner.py:52} INFO - Started process 8499 to run task
[2022-12-05 03:43:12,766] {standard_task_runner.py:76} INFO - Running: ['***', 'tasks', 'run', 'yellow_taxi_2_bq_dag', 'gcs_2_gcs_task', 'scheduled__2019-05-02T06:00:00+00:00', '--job-id', '428', '--raw', '--subdir', 'DAGS_FOLDER/data_ingestation_gcp.py', '--cfg-path', '/tmp/tmpbppsoru1', '--error-file', '/tmp/tmpkdv5p2_q']
[2022-12-05 03:43:12,768] {standard_task_runner.py:77} INFO - Job 428: Subtask gcs_2_gcs_task
[2022-12-05 03:43:12,896] {logging_mixin.py:109} INFO - Running <TaskInstance: yellow_taxi_2_bq_dag.gcs_2_gcs_task scheduled__2019-05-02T06:00:00+00:00 [running]> on host 9b5bfd347476
[2022-12-05 03:43:13,053] {taskinstance.py:1426} INFO - Exporting the following env vars:
AIRFLOW_CTX_DAG_OWNER=***
AIRFLOW_CTX_DAG_ID=yellow_taxi_2_bq_dag
AIRFLOW_CTX_TASK_ID=gcs_2_gcs_task
AIRFLOW_CTX_EXECUTION_DATE=2019-05-02T06:00:00+00:00
AIRFLOW_CTX_DAG_RUN_ID=scheduled__2019-05-02T06:00:00+00:00
[2022-12-05 03:43:13,059] {crypto.py:82} WARNING - empty cryptography key - values will not be stored encrypted.
[2022-12-05 03:43:13,062] {gcs_to_gcs.py:346} INFO - Delimiter ignored because wildcard is in prefix
[2022-12-05 03:43:13,635] {gcs_to_gcs.py:431} INFO - Executing copy of gs://my_nyc_tlc/raw/yellow_tripdata_2019-05.parquet to gs://my_nyc_tlc/yellow/2019-05.parquet
[2022-12-05 03:43:13,767] {gcs.py:251} INFO - Total Bytes: 158487381 | Bytes Written: 158487381
[2022-12-05 03:43:13,769] {gcs.py:264} INFO - Object raw/yellow_tripdata_2019-05.parquet in bucket my_nyc_tlc rewritten to object yellow/2019-05.parquet in bucket my_nyc_tlc
[2022-12-05 03:43:13,862] {gcs.py:645} INFO - Blob raw/yellow_tripdata_2019-05.parquet deleted.
[2022-12-05 03:43:13,917] {taskinstance.py:1277} INFO - Marking task as SUCCESS. dag_id=yellow_taxi_2_bq_dag, task_id=gcs_2_gcs_task, execution_date=20190502T060000, start_date=20221205T034312, end_date=20221205T034313
[2022-12-05 03:43:14,046] {local_task_job.py:154} INFO - Task exited with return code 0
[2022-12-05 03:43:14,198] {local_task_job.py:264} INFO - 1 downstream tasks scheduled from follow-on schedule check
