[2022-11-26 07:31:58,823] {taskinstance.py:1032} INFO - Dependencies all met for <TaskInstance: LocalIngestationDag_new.wget scheduled__2021-01-02T06:00:00+00:00 [queued]>
[2022-11-26 07:31:58,887] {taskinstance.py:1032} INFO - Dependencies all met for <TaskInstance: LocalIngestationDag_new.wget scheduled__2021-01-02T06:00:00+00:00 [queued]>
[2022-11-26 07:31:58,890] {taskinstance.py:1238} INFO - 
--------------------------------------------------------------------------------
[2022-11-26 07:31:58,891] {taskinstance.py:1239} INFO - Starting attempt 5 of 5
[2022-11-26 07:31:58,892] {taskinstance.py:1240} INFO - 
--------------------------------------------------------------------------------
[2022-11-26 07:31:58,942] {taskinstance.py:1259} INFO - Executing <Task(BashOperator): wget> on 2021-01-02 06:00:00+00:00
[2022-11-26 07:31:58,958] {standard_task_runner.py:52} INFO - Started process 2860 to run task
[2022-11-26 07:31:58,970] {standard_task_runner.py:76} INFO - Running: ['***', 'tasks', 'run', 'LocalIngestationDag_new', 'wget', 'scheduled__2021-01-02T06:00:00+00:00', '--job-id', '97', '--raw', '--subdir', 'DAGS_FOLDER/data_ingestation.py', '--cfg-path', '/tmp/tmp0zz539kf', '--error-file', '/tmp/tmpy4n7mn3t']
[2022-11-26 07:31:58,973] {standard_task_runner.py:77} INFO - Job 97: Subtask wget
[2022-11-26 07:31:59,167] {logging_mixin.py:109} INFO - Running <TaskInstance: LocalIngestationDag_new.wget scheduled__2021-01-02T06:00:00+00:00 [running]> on host 951f10ff76c7
[2022-11-26 07:31:59,346] {logging_mixin.py:109} WARNING - /home/***/.local/lib/python3.7/site-packages/***/utils/context.py:152 AirflowContextDeprecationWarning: Accessing 'execution_date' from the template is deprecated and will be removed in a future version. Please use 'data_interval_start' or 'logical_date' instead.
[2022-11-26 07:31:59,392] {taskinstance.py:1426} INFO - Exporting the following env vars:
AIRFLOW_CTX_DAG_OWNER=***
AIRFLOW_CTX_DAG_ID=LocalIngestationDag_new
AIRFLOW_CTX_TASK_ID=wget
AIRFLOW_CTX_EXECUTION_DATE=2021-01-02T06:00:00+00:00
AIRFLOW_CTX_DAG_RUN_ID=scheduled__2021-01-02T06:00:00+00:00
[2022-11-26 07:31:59,396] {subprocess.py:62} INFO - Tmp dir root location: 
 /tmp
[2022-11-26 07:31:59,398] {subprocess.py:74} INFO - Running command: ['bash', '-c', 'curl -sS https://d37ci6vzurychx.cloudfront.net/trip-data//yellow_tripdate_2021-01.parquet > /opt/***/output_2021-01.parquet']
[2022-11-26 07:31:59,417] {subprocess.py:85} INFO - Output:
[2022-11-26 07:32:00,648] {subprocess.py:93} INFO - Command exited with return code 0
[2022-11-26 07:32:00,724] {taskinstance.py:1277} INFO - Marking task as SUCCESS. dag_id=LocalIngestationDag_new, task_id=wget, execution_date=20210102T060000, start_date=20221126T073158, end_date=20221126T073200
[2022-11-26 07:32:00,796] {local_task_job.py:154} INFO - Task exited with return code 0
[2022-11-26 07:32:00,946] {local_task_job.py:264} INFO - 0 downstream tasks scheduled from follow-on schedule check
