[2022-11-27 16:50:26,659] {taskinstance.py:1032} INFO - Dependencies all met for <TaskInstance: FHV_data_to_gcp_dag.local_to_gcp_task scheduled__2019-01-02T06:00:00+00:00 [queued]>
[2022-11-27 16:50:26,703] {taskinstance.py:1032} INFO - Dependencies all met for <TaskInstance: FHV_data_to_gcp_dag.local_to_gcp_task scheduled__2019-01-02T06:00:00+00:00 [queued]>
[2022-11-27 16:50:26,705] {taskinstance.py:1238} INFO - 
--------------------------------------------------------------------------------
[2022-11-27 16:50:26,705] {taskinstance.py:1239} INFO - Starting attempt 2 of 2
[2022-11-27 16:50:26,706] {taskinstance.py:1240} INFO - 
--------------------------------------------------------------------------------
[2022-11-27 16:50:26,754] {taskinstance.py:1259} INFO - Executing <Task(PythonOperator): local_to_gcp_task> on 2019-01-02 06:00:00+00:00
[2022-11-27 16:50:26,765] {standard_task_runner.py:52} INFO - Started process 1800 to run task
[2022-11-27 16:50:26,775] {standard_task_runner.py:76} INFO - Running: ['***', 'tasks', 'run', 'FHV_data_to_gcp_dag', 'local_to_gcp_task', 'scheduled__2019-01-02T06:00:00+00:00', '--job-id', '263', '--raw', '--subdir', 'DAGS_FOLDER/FHV_ingestation_dag.py', '--cfg-path', '/tmp/tmp3f2obtmu', '--error-file', '/tmp/tmpk8p_7bpc']
[2022-11-27 16:50:26,778] {standard_task_runner.py:77} INFO - Job 263: Subtask local_to_gcp_task
[2022-11-27 16:50:26,928] {logging_mixin.py:109} INFO - Running <TaskInstance: FHV_data_to_gcp_dag.local_to_gcp_task scheduled__2019-01-02T06:00:00+00:00 [running]> on host 410f3484ae43
[2022-11-27 16:50:27,129] {logging_mixin.py:109} WARNING - /home/***/.local/lib/python3.7/site-packages/***/utils/context.py:152 AirflowContextDeprecationWarning: Accessing 'execution_date' from the template is deprecated and will be removed in a future version. Please use 'data_interval_start' or 'logical_date' instead.
[2022-11-27 16:50:27,189] {taskinstance.py:1426} INFO - Exporting the following env vars:
AIRFLOW_CTX_DAG_OWNER=***
AIRFLOW_CTX_DAG_ID=FHV_data_to_gcp_dag
AIRFLOW_CTX_TASK_ID=local_to_gcp_task
AIRFLOW_CTX_EXECUTION_DATE=2019-01-02T06:00:00+00:00
AIRFLOW_CTX_DAG_RUN_ID=scheduled__2019-01-02T06:00:00+00:00
[2022-11-27 16:51:04,912] {python.py:175} INFO - Done. Returned value was: None
[2022-11-27 16:51:04,972] {taskinstance.py:1277} INFO - Marking task as SUCCESS. dag_id=FHV_data_to_gcp_dag, task_id=local_to_gcp_task, execution_date=20190102T060000, start_date=20221127T165026, end_date=20221127T165104
[2022-11-27 16:51:05,075] {local_task_job.py:154} INFO - Task exited with return code 0
[2022-11-27 16:51:05,172] {local_task_job.py:264} INFO - 0 downstream tasks scheduled from follow-on schedule check
