[2022-12-05 03:20:51,240] {taskinstance.py:1032} INFO - Dependencies all met for <TaskInstance: yellow_taxi_to_bq_dag.gcs_2_gcs_task scheduled__2019-05-02T06:00:00+00:00 [queued]>
[2022-12-05 03:20:51,273] {taskinstance.py:1032} INFO - Dependencies all met for <TaskInstance: yellow_taxi_to_bq_dag.gcs_2_gcs_task scheduled__2019-05-02T06:00:00+00:00 [queued]>
[2022-12-05 03:20:51,274] {taskinstance.py:1238} INFO - 
--------------------------------------------------------------------------------
[2022-12-05 03:20:51,275] {taskinstance.py:1239} INFO - Starting attempt 1 of 1
[2022-12-05 03:20:51,276] {taskinstance.py:1240} INFO - 
--------------------------------------------------------------------------------
[2022-12-05 03:20:51,313] {taskinstance.py:1259} INFO - Executing <Task(GCSToGCSOperator): gcs_2_gcs_task> on 2019-05-02 06:00:00+00:00
[2022-12-05 03:20:51,322] {standard_task_runner.py:52} INFO - Started process 5221 to run task
[2022-12-05 03:20:51,329] {standard_task_runner.py:76} INFO - Running: ['***', 'tasks', 'run', 'yellow_taxi_to_bq_dag', 'gcs_2_gcs_task', 'scheduled__2019-05-02T06:00:00+00:00', '--job-id', '387', '--raw', '--subdir', 'DAGS_FOLDER/data_ingestation_gcp.py', '--cfg-path', '/tmp/tmp7gmn_8du', '--error-file', '/tmp/tmpx01t3gjy']
[2022-12-05 03:20:51,331] {standard_task_runner.py:77} INFO - Job 387: Subtask gcs_2_gcs_task
[2022-12-05 03:20:51,450] {logging_mixin.py:109} INFO - Running <TaskInstance: yellow_taxi_to_bq_dag.gcs_2_gcs_task scheduled__2019-05-02T06:00:00+00:00 [running]> on host 9b5bfd347476
[2022-12-05 03:20:51,611] {taskinstance.py:1426} INFO - Exporting the following env vars:
AIRFLOW_CTX_DAG_OWNER=***
AIRFLOW_CTX_DAG_ID=yellow_taxi_to_bq_dag
AIRFLOW_CTX_TASK_ID=gcs_2_gcs_task
AIRFLOW_CTX_EXECUTION_DATE=2019-05-02T06:00:00+00:00
AIRFLOW_CTX_DAG_RUN_ID=scheduled__2019-05-02T06:00:00+00:00
[2022-12-05 03:20:51,618] {crypto.py:82} WARNING - empty cryptography key - values will not be stored encrypted.
[2022-12-05 03:20:51,621] {gcs_to_gcs.py:346} INFO - Delimiter ignored because wildcard is in prefix
[2022-12-05 03:20:52,326] {gcs_to_gcs.py:431} INFO - Executing copy of gs://my_nyc_tlc/raw/yellow_tripdata_2019-05.parquet to gs://my_nyc_tlc/yellow/2019-05.parquet
[2022-12-05 03:20:52,464] {gcs.py:251} INFO - Total Bytes: 158487355 | Bytes Written: 158487355
[2022-12-05 03:20:52,473] {gcs.py:264} INFO - Object raw/yellow_tripdata_2019-05.parquet in bucket my_nyc_tlc rewritten to object yellow/2019-05.parquet in bucket my_nyc_tlc
[2022-12-05 03:20:52,596] {gcs.py:645} INFO - Blob raw/yellow_tripdata_2019-05.parquet deleted.
[2022-12-05 03:20:52,642] {taskinstance.py:1277} INFO - Marking task as SUCCESS. dag_id=yellow_taxi_to_bq_dag, task_id=gcs_2_gcs_task, execution_date=20190502T060000, start_date=20221205T032051, end_date=20221205T032052
[2022-12-05 03:20:52,756] {local_task_job.py:154} INFO - Task exited with return code 0
[2022-12-05 03:20:52,929] {local_task_job.py:264} INFO - 1 downstream tasks scheduled from follow-on schedule check
