[2022-11-24 06:49:04,468] {taskinstance.py:1032} INFO - Dependencies all met for <TaskInstance: LocalIngestationDag.wget scheduled__2021-12-02T06:00:00+00:00 [queued]>
[2022-11-24 06:49:04,629] {taskinstance.py:1032} INFO - Dependencies all met for <TaskInstance: LocalIngestationDag.wget scheduled__2021-12-02T06:00:00+00:00 [queued]>
[2022-11-24 06:49:04,632] {taskinstance.py:1238} INFO - 
--------------------------------------------------------------------------------
[2022-11-24 06:49:04,634] {taskinstance.py:1239} INFO - Starting attempt 1 of 1
[2022-11-24 06:49:04,635] {taskinstance.py:1240} INFO - 
--------------------------------------------------------------------------------
[2022-11-24 06:49:04,850] {taskinstance.py:1259} INFO - Executing <Task(BashOperator): wget> on 2021-12-02 06:00:00+00:00
[2022-11-24 06:49:04,896] {standard_task_runner.py:52} INFO - Started process 1611 to run task
[2022-11-24 06:49:04,945] {standard_task_runner.py:76} INFO - Running: ['***', 'tasks', 'run', 'LocalIngestationDag', 'wget', 'scheduled__2021-12-02T06:00:00+00:00', '--job-id', '19', '--raw', '--subdir', 'DAGS_FOLDER/data_ingestation.py', '--cfg-path', '/tmp/tmpu_6xly02', '--error-file', '/tmp/tmp8jwimy8r']
[2022-11-24 06:49:04,966] {standard_task_runner.py:77} INFO - Job 19: Subtask wget
[2022-11-24 06:49:05,480] {logging_mixin.py:109} INFO - Running <TaskInstance: LocalIngestationDag.wget scheduled__2021-12-02T06:00:00+00:00 [running]> on host d01293c252ef
[2022-11-24 06:49:06,361] {taskinstance.py:1426} INFO - Exporting the following env vars:
AIRFLOW_CTX_DAG_OWNER=***
AIRFLOW_CTX_DAG_ID=LocalIngestationDag
AIRFLOW_CTX_TASK_ID=wget
AIRFLOW_CTX_EXECUTION_DATE=2021-12-02T06:00:00+00:00
AIRFLOW_CTX_DAG_RUN_ID=scheduled__2021-12-02T06:00:00+00:00
[2022-11-24 06:49:06,365] {subprocess.py:62} INFO - Tmp dir root location: 
 /tmp
[2022-11-24 06:49:06,367] {subprocess.py:74} INFO - Running command: ['bash', '-c', 'echo "Hello World"']
[2022-11-24 06:49:06,436] {subprocess.py:85} INFO - Output:
[2022-11-24 06:49:06,635] {subprocess.py:89} INFO - Hello World
[2022-11-24 06:49:06,650] {subprocess.py:93} INFO - Command exited with return code 0
[2022-11-24 06:49:06,809] {taskinstance.py:1277} INFO - Marking task as SUCCESS. dag_id=LocalIngestationDag, task_id=wget, execution_date=20211202T060000, start_date=20221124T064904, end_date=20221124T064906
[2022-11-24 06:49:06,984] {local_task_job.py:154} INFO - Task exited with return code 0
[2022-11-24 06:49:09,139] {local_task_job.py:264} INFO - 0 downstream tasks scheduled from follow-on schedule check
