[2022-12-05 03:57:43,630] {taskinstance.py:1032} INFO - Dependencies all met for <TaskInstance: yellow_taxi_2_bq_dag.download_dataset_task scheduled__2019-11-02T06:00:00+00:00 [queued]>
[2022-12-05 03:57:43,658] {taskinstance.py:1032} INFO - Dependencies all met for <TaskInstance: yellow_taxi_2_bq_dag.download_dataset_task scheduled__2019-11-02T06:00:00+00:00 [queued]>
[2022-12-05 03:57:43,659] {taskinstance.py:1238} INFO - 
--------------------------------------------------------------------------------
[2022-12-05 03:57:43,659] {taskinstance.py:1239} INFO - Starting attempt 1 of 1
[2022-12-05 03:57:43,660] {taskinstance.py:1240} INFO - 
--------------------------------------------------------------------------------
[2022-12-05 03:57:43,689] {taskinstance.py:1259} INFO - Executing <Task(BashOperator): download_dataset_task> on 2019-11-02 06:00:00+00:00
[2022-12-05 03:57:43,710] {standard_task_runner.py:52} INFO - Started process 10675 to run task
[2022-12-05 03:57:43,717] {standard_task_runner.py:76} INFO - Running: ['***', 'tasks', 'run', 'yellow_taxi_2_bq_dag', 'download_dataset_task', 'scheduled__2019-11-02T06:00:00+00:00', '--job-id', '460', '--raw', '--subdir', 'DAGS_FOLDER/data_ingestation_gcp.py', '--cfg-path', '/tmp/tmpz7wnmbpy', '--error-file', '/tmp/tmpdij1a5rd']
[2022-12-05 03:57:43,720] {standard_task_runner.py:77} INFO - Job 460: Subtask download_dataset_task
[2022-12-05 03:57:43,814] {logging_mixin.py:109} INFO - Running <TaskInstance: yellow_taxi_2_bq_dag.download_dataset_task scheduled__2019-11-02T06:00:00+00:00 [running]> on host 9b5bfd347476
[2022-12-05 03:57:43,911] {logging_mixin.py:109} WARNING - /home/***/.local/lib/python3.7/site-packages/***/utils/context.py:152 AirflowContextDeprecationWarning: Accessing 'execution_date' from the template is deprecated and will be removed in a future version. Please use 'data_interval_start' or 'logical_date' instead.
[2022-12-05 03:57:43,940] {taskinstance.py:1426} INFO - Exporting the following env vars:
AIRFLOW_CTX_DAG_OWNER=***
AIRFLOW_CTX_DAG_ID=yellow_taxi_2_bq_dag
AIRFLOW_CTX_TASK_ID=download_dataset_task
AIRFLOW_CTX_EXECUTION_DATE=2019-11-02T06:00:00+00:00
AIRFLOW_CTX_DAG_RUN_ID=scheduled__2019-11-02T06:00:00+00:00
[2022-12-05 03:57:43,943] {subprocess.py:62} INFO - Tmp dir root location: 
 /tmp
[2022-12-05 03:57:43,944] {subprocess.py:74} INFO - Running command: ['bash', '-c', 'curl -sSLf https://d37ci6vzurychx.cloudfront.net/trip-data/yellow_tripdata_2019-11.parquet > /opt/***/output_2019-11.parquet']
[2022-12-05 03:57:43,959] {subprocess.py:85} INFO - Output:
[2022-12-05 03:57:49,821] {subprocess.py:93} INFO - Command exited with return code 0
[2022-12-05 03:57:49,892] {taskinstance.py:1277} INFO - Marking task as SUCCESS. dag_id=yellow_taxi_2_bq_dag, task_id=download_dataset_task, execution_date=20191102T060000, start_date=20221205T035743, end_date=20221205T035749
[2022-12-05 03:57:49,954] {local_task_job.py:154} INFO - Task exited with return code 0
[2022-12-05 03:57:50,034] {local_task_job.py:264} INFO - 1 downstream tasks scheduled from follow-on schedule check
