[2022-11-26 06:56:53,797] {taskinstance.py:1032} INFO - Dependencies all met for <TaskInstance: LocalIngestationDag.wget manual__2022-11-26T06:56:48.773933+00:00 [queued]>
[2022-11-26 06:56:53,847] {taskinstance.py:1032} INFO - Dependencies all met for <TaskInstance: LocalIngestationDag.wget manual__2022-11-26T06:56:48.773933+00:00 [queued]>
[2022-11-26 06:56:53,849] {taskinstance.py:1238} INFO - 
--------------------------------------------------------------------------------
[2022-11-26 06:56:53,850] {taskinstance.py:1239} INFO - Starting attempt 1 of 1
[2022-11-26 06:56:53,851] {taskinstance.py:1240} INFO - 
--------------------------------------------------------------------------------
[2022-11-26 06:56:53,904] {taskinstance.py:1259} INFO - Executing <Task(BashOperator): wget> on 2022-11-26 06:56:48.773933+00:00
[2022-11-26 06:56:53,917] {standard_task_runner.py:52} INFO - Started process 677 to run task
[2022-11-26 06:56:53,928] {standard_task_runner.py:76} INFO - Running: ['***', 'tasks', 'run', 'LocalIngestationDag', 'wget', 'manual__2022-11-26T06:56:48.773933+00:00', '--job-id', '44', '--raw', '--subdir', 'DAGS_FOLDER/data_ingestation.py', '--cfg-path', '/tmp/tmpqg12fh3j', '--error-file', '/tmp/tmpawr5tzmw']
[2022-11-26 06:56:53,931] {standard_task_runner.py:77} INFO - Job 44: Subtask wget
[2022-11-26 06:56:54,138] {logging_mixin.py:109} INFO - Running <TaskInstance: LocalIngestationDag.wget manual__2022-11-26T06:56:48.773933+00:00 [running]> on host 951f10ff76c7
[2022-11-26 06:56:54,736] {logging_mixin.py:109} WARNING - /home/***/.local/lib/python3.7/site-packages/***/utils/context.py:152 AirflowContextDeprecationWarning: Accessing 'execution_date' from the template is deprecated and will be removed in a future version. Please use 'data_interval_start' or 'logical_date' instead.
[2022-11-26 06:56:54,843] {taskinstance.py:1426} INFO - Exporting the following env vars:
AIRFLOW_CTX_DAG_OWNER=***
AIRFLOW_CTX_DAG_ID=LocalIngestationDag
AIRFLOW_CTX_TASK_ID=wget
AIRFLOW_CTX_EXECUTION_DATE=2022-11-26T06:56:48.773933+00:00
AIRFLOW_CTX_DAG_RUN_ID=manual__2022-11-26T06:56:48.773933+00:00
[2022-11-26 06:56:54,851] {subprocess.py:62} INFO - Tmp dir root location: 
 /tmp
[2022-11-26 06:56:54,855] {subprocess.py:74} INFO - Running command: ['bash', '-c', 'curl -sS https://d37ci6vzurychx.cloudfront.net/trip-data//yellow_tripdate_2022-11.parquet > /opt/***/output_2022-11.parquet']
[2022-11-26 06:56:54,896] {subprocess.py:85} INFO - Output:
[2022-11-26 06:56:56,444] {subprocess.py:93} INFO - Command exited with return code 0
[2022-11-26 06:56:56,516] {taskinstance.py:1277} INFO - Marking task as SUCCESS. dag_id=LocalIngestationDag, task_id=wget, execution_date=20221126T065648, start_date=20221126T065653, end_date=20221126T065656
[2022-11-26 06:56:56,611] {local_task_job.py:154} INFO - Task exited with return code 0
[2022-11-26 06:56:56,718] {local_task_job.py:264} INFO - 1 downstream tasks scheduled from follow-on schedule check
