[2022-11-27 04:50:06,504] {taskinstance.py:1032} INFO - Dependencies all met for <TaskInstance: data_ingestation_gcp_dag.download_dataset_task scheduled__2019-08-02T06:00:00+00:00 [queued]>
[2022-11-27 04:50:06,559] {taskinstance.py:1032} INFO - Dependencies all met for <TaskInstance: data_ingestation_gcp_dag.download_dataset_task scheduled__2019-08-02T06:00:00+00:00 [queued]>
[2022-11-27 04:50:06,561] {taskinstance.py:1238} INFO - 
--------------------------------------------------------------------------------
[2022-11-27 04:50:06,562] {taskinstance.py:1239} INFO - Starting attempt 2 of 2
[2022-11-27 04:50:06,563] {taskinstance.py:1240} INFO - 
--------------------------------------------------------------------------------
[2022-11-27 04:50:06,611] {taskinstance.py:1259} INFO - Executing <Task(BashOperator): download_dataset_task> on 2019-08-02 06:00:00+00:00
[2022-11-27 04:50:06,624] {standard_task_runner.py:52} INFO - Started process 1202 to run task
[2022-11-27 04:50:06,637] {standard_task_runner.py:76} INFO - Running: ['***', 'tasks', 'run', 'data_ingestation_gcp_dag', 'download_dataset_task', 'scheduled__2019-08-02T06:00:00+00:00', '--job-id', '154', '--raw', '--subdir', 'DAGS_FOLDER/data_ingestation_gcp.py', '--cfg-path', '/tmp/tmpawoe3yo5', '--error-file', '/tmp/tmp0ubz_5ab']
[2022-11-27 04:50:06,640] {standard_task_runner.py:77} INFO - Job 154: Subtask download_dataset_task
[2022-11-27 04:50:06,859] {logging_mixin.py:109} INFO - Running <TaskInstance: data_ingestation_gcp_dag.download_dataset_task scheduled__2019-08-02T06:00:00+00:00 [running]> on host 410f3484ae43
[2022-11-27 04:50:07,132] {logging_mixin.py:109} WARNING - /home/***/.local/lib/python3.7/site-packages/***/utils/context.py:152 AirflowContextDeprecationWarning: Accessing 'execution_date' from the template is deprecated and will be removed in a future version. Please use 'data_interval_start' or 'logical_date' instead.
[2022-11-27 04:50:07,197] {taskinstance.py:1426} INFO - Exporting the following env vars:
AIRFLOW_CTX_DAG_OWNER=***
AIRFLOW_CTX_DAG_ID=data_ingestation_gcp_dag
AIRFLOW_CTX_TASK_ID=download_dataset_task
AIRFLOW_CTX_EXECUTION_DATE=2019-08-02T06:00:00+00:00
AIRFLOW_CTX_DAG_RUN_ID=scheduled__2019-08-02T06:00:00+00:00
[2022-11-27 04:50:07,203] {subprocess.py:62} INFO - Tmp dir root location: 
 /tmp
[2022-11-27 04:50:07,206] {subprocess.py:74} INFO - Running command: ['bash', '-c', 'curl -sSLf https://d37ci6vzurychx.cloudfront.net/trip-data/yellow_tripdata_2019-08.parquet > /opt/***/output_2019-08.parquet']
[2022-11-27 04:50:07,233] {subprocess.py:85} INFO - Output:
[2022-11-27 04:50:52,399] {subprocess.py:93} INFO - Command exited with return code 0
[2022-11-27 04:50:52,645] {taskinstance.py:1277} INFO - Marking task as SUCCESS. dag_id=data_ingestation_gcp_dag, task_id=download_dataset_task, execution_date=20190802T060000, start_date=20221127T045006, end_date=20221127T045052
[2022-11-27 04:50:53,128] {local_task_job.py:154} INFO - Task exited with return code 0
[2022-11-27 04:50:53,378] {local_task_job.py:264} INFO - 1 downstream tasks scheduled from follow-on schedule check
