[2022-11-27 04:54:54,627] {taskinstance.py:1032} INFO - Dependencies all met for <TaskInstance: data_ingestation_gcp_dag.local_to_gcp_task scheduled__2019-11-02T06:00:00+00:00 [queued]>
[2022-11-27 04:54:54,709] {taskinstance.py:1032} INFO - Dependencies all met for <TaskInstance: data_ingestation_gcp_dag.local_to_gcp_task scheduled__2019-11-02T06:00:00+00:00 [queued]>
[2022-11-27 04:54:54,712] {taskinstance.py:1238} INFO - 
--------------------------------------------------------------------------------
[2022-11-27 04:54:54,714] {taskinstance.py:1239} INFO - Starting attempt 1 of 1
[2022-11-27 04:54:54,717] {taskinstance.py:1240} INFO - 
--------------------------------------------------------------------------------
[2022-11-27 04:54:54,799] {taskinstance.py:1259} INFO - Executing <Task(PythonOperator): local_to_gcp_task> on 2019-11-02 06:00:00+00:00
[2022-11-27 04:54:54,818] {standard_task_runner.py:52} INFO - Started process 1756 to run task
[2022-11-27 04:54:54,840] {standard_task_runner.py:76} INFO - Running: ['***', 'tasks', 'run', 'data_ingestation_gcp_dag', 'local_to_gcp_task', 'scheduled__2019-11-02T06:00:00+00:00', '--job-id', '168', '--raw', '--subdir', 'DAGS_FOLDER/data_ingestation_gcp.py', '--cfg-path', '/tmp/tmp22yp8q4t', '--error-file', '/tmp/tmpcyi4flva']
[2022-11-27 04:54:54,844] {standard_task_runner.py:77} INFO - Job 168: Subtask local_to_gcp_task
[2022-11-27 04:54:55,130] {logging_mixin.py:109} INFO - Running <TaskInstance: data_ingestation_gcp_dag.local_to_gcp_task scheduled__2019-11-02T06:00:00+00:00 [running]> on host 410f3484ae43
[2022-11-27 04:54:55,510] {logging_mixin.py:109} WARNING - /home/***/.local/lib/python3.7/site-packages/***/utils/context.py:152 AirflowContextDeprecationWarning: Accessing 'execution_date' from the template is deprecated and will be removed in a future version. Please use 'data_interval_start' or 'logical_date' instead.
[2022-11-27 04:54:55,613] {taskinstance.py:1426} INFO - Exporting the following env vars:
AIRFLOW_CTX_DAG_OWNER=***
AIRFLOW_CTX_DAG_ID=data_ingestation_gcp_dag
AIRFLOW_CTX_TASK_ID=local_to_gcp_task
AIRFLOW_CTX_EXECUTION_DATE=2019-11-02T06:00:00+00:00
AIRFLOW_CTX_DAG_RUN_ID=scheduled__2019-11-02T06:00:00+00:00
[2022-11-27 04:56:00,488] {python.py:175} INFO - Done. Returned value was: None
[2022-11-27 04:56:00,559] {taskinstance.py:1277} INFO - Marking task as SUCCESS. dag_id=data_ingestation_gcp_dag, task_id=local_to_gcp_task, execution_date=20191102T060000, start_date=20221127T045454, end_date=20221127T045600
[2022-11-27 04:56:00,675] {local_task_job.py:154} INFO - Task exited with return code 0
[2022-11-27 04:56:00,794] {local_task_job.py:264} INFO - 1 downstream tasks scheduled from follow-on schedule check
