[2022-12-05 04:11:07,834] {taskinstance.py:1032} INFO - Dependencies all met for <TaskInstance: yellow_taxi_2_bq_dag.gcs_2_bq_ext_task scheduled__2020-06-02T06:00:00+00:00 [queued]>
[2022-12-05 04:11:07,861] {taskinstance.py:1032} INFO - Dependencies all met for <TaskInstance: yellow_taxi_2_bq_dag.gcs_2_bq_ext_task scheduled__2020-06-02T06:00:00+00:00 [queued]>
[2022-12-05 04:11:07,862] {taskinstance.py:1238} INFO - 
--------------------------------------------------------------------------------
[2022-12-05 04:11:07,863] {taskinstance.py:1239} INFO - Starting attempt 1 of 2
[2022-12-05 04:11:07,864] {taskinstance.py:1240} INFO - 
--------------------------------------------------------------------------------
[2022-12-05 04:11:07,890] {taskinstance.py:1259} INFO - Executing <Task(BigQueryCreateExternalTableOperator): gcs_2_bq_ext_task> on 2020-06-02 06:00:00+00:00
[2022-12-05 04:11:07,898] {standard_task_runner.py:52} INFO - Started process 12898 to run task
[2022-12-05 04:11:07,904] {standard_task_runner.py:76} INFO - Running: ['***', 'tasks', 'run', 'yellow_taxi_2_bq_dag', 'gcs_2_bq_ext_task', 'scheduled__2020-06-02T06:00:00+00:00', '--job-id', '506', '--raw', '--subdir', 'DAGS_FOLDER/data_ingestation_gcp.py', '--cfg-path', '/tmp/tmpx0dd31gc', '--error-file', '/tmp/tmpe9vvddar']
[2022-12-05 04:11:07,906] {standard_task_runner.py:77} INFO - Job 506: Subtask gcs_2_bq_ext_task
[2022-12-05 04:11:08,000] {logging_mixin.py:109} INFO - Running <TaskInstance: yellow_taxi_2_bq_dag.gcs_2_bq_ext_task scheduled__2020-06-02T06:00:00+00:00 [running]> on host 9b5bfd347476
[2022-12-05 04:11:08,108] {taskinstance.py:1426} INFO - Exporting the following env vars:
AIRFLOW_CTX_DAG_OWNER=***
AIRFLOW_CTX_DAG_ID=yellow_taxi_2_bq_dag
AIRFLOW_CTX_TASK_ID=gcs_2_bq_ext_task
AIRFLOW_CTX_EXECUTION_DATE=2020-06-02T06:00:00+00:00
AIRFLOW_CTX_DAG_RUN_ID=scheduled__2020-06-02T06:00:00+00:00
[2022-12-05 04:11:08,111] {crypto.py:82} WARNING - empty cryptography key - values will not be stored encrypted.
[2022-12-05 04:11:08,732] {taskinstance.py:1277} INFO - Marking task as SUCCESS. dag_id=yellow_taxi_2_bq_dag, task_id=gcs_2_bq_ext_task, execution_date=20200602T060000, start_date=20221205T041107, end_date=20221205T041108
[2022-12-05 04:11:08,811] {local_task_job.py:154} INFO - Task exited with return code 0
[2022-12-05 04:11:08,901] {local_task_job.py:264} INFO - 1 downstream tasks scheduled from follow-on schedule check
