[2022-12-05 14:31:04,753] {taskinstance.py:1032} INFO - Dependencies all met for <TaskInstance: green_taxi_2_bq_dag.gcs_2_gcs_task scheduled__2020-09-02T06:00:00+00:00 [queued]>
[2022-12-05 14:31:04,791] {taskinstance.py:1032} INFO - Dependencies all met for <TaskInstance: green_taxi_2_bq_dag.gcs_2_gcs_task scheduled__2020-09-02T06:00:00+00:00 [queued]>
[2022-12-05 14:31:04,792] {taskinstance.py:1238} INFO - 
--------------------------------------------------------------------------------
[2022-12-05 14:31:04,792] {taskinstance.py:1239} INFO - Starting attempt 1 of 2
[2022-12-05 14:31:04,793] {taskinstance.py:1240} INFO - 
--------------------------------------------------------------------------------
[2022-12-05 14:31:04,846] {taskinstance.py:1259} INFO - Executing <Task(GCSToGCSOperator): gcs_2_gcs_task> on 2020-09-02 06:00:00+00:00
[2022-12-05 14:31:04,859] {standard_task_runner.py:52} INFO - Started process 80727 to run task
[2022-12-05 14:31:04,869] {standard_task_runner.py:76} INFO - Running: ['***', 'tasks', 'run', 'green_taxi_2_bq_dag', 'gcs_2_gcs_task', 'scheduled__2020-09-02T06:00:00+00:00', '--job-id', '767', '--raw', '--subdir', 'DAGS_FOLDER/green_taxi_data_2_bigq_dag.py', '--cfg-path', '/tmp/tmpq7ed_uy_', '--error-file', '/tmp/tmpfou7ptz_']
[2022-12-05 14:31:04,872] {standard_task_runner.py:77} INFO - Job 767: Subtask gcs_2_gcs_task
[2022-12-05 14:31:05,020] {logging_mixin.py:109} INFO - Running <TaskInstance: green_taxi_2_bq_dag.gcs_2_gcs_task scheduled__2020-09-02T06:00:00+00:00 [running]> on host 9b5bfd347476
[2022-12-05 14:31:05,261] {taskinstance.py:1426} INFO - Exporting the following env vars:
AIRFLOW_CTX_DAG_OWNER=***
AIRFLOW_CTX_DAG_ID=green_taxi_2_bq_dag
AIRFLOW_CTX_TASK_ID=gcs_2_gcs_task
AIRFLOW_CTX_EXECUTION_DATE=2020-09-02T06:00:00+00:00
AIRFLOW_CTX_DAG_RUN_ID=scheduled__2020-09-02T06:00:00+00:00
[2022-12-05 14:31:05,272] {crypto.py:82} WARNING - empty cryptography key - values will not be stored encrypted.
[2022-12-05 14:31:05,275] {gcs_to_gcs.py:346} INFO - Delimiter ignored because wildcard is in prefix
[2022-12-05 14:31:05,792] {gcs_to_gcs.py:431} INFO - Executing copy of gs://my_nyc_tlc/raw/green_tripdata_2020-09.parquet to gs://my_nyc_tlc/green/2020-09.parquet
[2022-12-05 14:31:05,932] {gcs.py:251} INFO - Total Bytes: 2065698 | Bytes Written: 2065698
[2022-12-05 14:31:05,935] {gcs.py:264} INFO - Object raw/green_tripdata_2020-09.parquet in bucket my_nyc_tlc rewritten to object green/2020-09.parquet in bucket my_nyc_tlc
[2022-12-05 14:31:06,022] {gcs.py:645} INFO - Blob raw/green_tripdata_2020-09.parquet deleted.
[2022-12-05 14:31:06,023] {gcs_to_gcs.py:431} INFO - Executing copy of gs://my_nyc_tlc/raw/green_tripdata_2020-08.parquet to gs://my_nyc_tlc/green/2020-08.parquet
[2022-12-05 14:31:06,119] {gcs.py:251} INFO - Total Bytes: 1969087 | Bytes Written: 1969087
[2022-12-05 14:31:06,120] {gcs.py:264} INFO - Object raw/green_tripdata_2020-08.parquet in bucket my_nyc_tlc rewritten to object green/2020-08.parquet in bucket my_nyc_tlc
[2022-12-05 14:31:06,200] {gcs.py:645} INFO - Blob raw/green_tripdata_2020-08.parquet deleted.
[2022-12-05 14:31:06,238] {taskinstance.py:1277} INFO - Marking task as SUCCESS. dag_id=green_taxi_2_bq_dag, task_id=gcs_2_gcs_task, execution_date=20200902T060000, start_date=20221205T143104, end_date=20221205T143106
[2022-12-05 14:31:06,337] {local_task_job.py:154} INFO - Task exited with return code 0
[2022-12-05 14:31:06,485] {local_task_job.py:264} INFO - 1 downstream tasks scheduled from follow-on schedule check
