[2022-12-05 14:24:01,686] {taskinstance.py:1032} INFO - Dependencies all met for <TaskInstance: green_taxi_2_bq_dag.remodel_data_type_task scheduled__2019-07-02T06:00:00+00:00 [queued]>
[2022-12-05 14:24:01,713] {taskinstance.py:1032} INFO - Dependencies all met for <TaskInstance: green_taxi_2_bq_dag.remodel_data_type_task scheduled__2019-07-02T06:00:00+00:00 [queued]>
[2022-12-05 14:24:01,714] {taskinstance.py:1238} INFO - 
--------------------------------------------------------------------------------
[2022-12-05 14:24:01,715] {taskinstance.py:1239} INFO - Starting attempt 1 of 2
[2022-12-05 14:24:01,716] {taskinstance.py:1240} INFO - 
--------------------------------------------------------------------------------
[2022-12-05 14:24:01,744] {taskinstance.py:1259} INFO - Executing <Task(PythonOperator): remodel_data_type_task> on 2019-07-02 06:00:00+00:00
[2022-12-05 14:24:01,753] {standard_task_runner.py:52} INFO - Started process 78919 to run task
[2022-12-05 14:24:01,760] {standard_task_runner.py:76} INFO - Running: ['***', 'tasks', 'run', 'green_taxi_2_bq_dag', 'remodel_data_type_task', 'scheduled__2019-07-02T06:00:00+00:00', '--job-id', '695', '--raw', '--subdir', 'DAGS_FOLDER/green_taxi_data_2_bigq_dag.py', '--cfg-path', '/tmp/tmpwp6k6ib0', '--error-file', '/tmp/tmpqw9qvxfx']
[2022-12-05 14:24:01,765] {standard_task_runner.py:77} INFO - Job 695: Subtask remodel_data_type_task
[2022-12-05 14:24:01,874] {logging_mixin.py:109} INFO - Running <TaskInstance: green_taxi_2_bq_dag.remodel_data_type_task scheduled__2019-07-02T06:00:00+00:00 [running]> on host 9b5bfd347476
[2022-12-05 14:24:01,992] {logging_mixin.py:109} WARNING - /home/***/.local/lib/python3.7/site-packages/***/utils/context.py:152 AirflowContextDeprecationWarning: Accessing 'execution_date' from the template is deprecated and will be removed in a future version. Please use 'data_interval_start' or 'logical_date' instead.
[2022-12-05 14:24:02,030] {taskinstance.py:1426} INFO - Exporting the following env vars:
AIRFLOW_CTX_DAG_OWNER=***
AIRFLOW_CTX_DAG_ID=green_taxi_2_bq_dag
AIRFLOW_CTX_TASK_ID=remodel_data_type_task
AIRFLOW_CTX_EXECUTION_DATE=2019-07-02T06:00:00+00:00
AIRFLOW_CTX_DAG_RUN_ID=scheduled__2019-07-02T06:00:00+00:00
[2022-12-05 14:24:05,793] {python.py:175} INFO - Done. Returned value was: None
[2022-12-05 14:24:05,825] {taskinstance.py:1277} INFO - Marking task as SUCCESS. dag_id=green_taxi_2_bq_dag, task_id=remodel_data_type_task, execution_date=20190702T060000, start_date=20221205T142401, end_date=20221205T142405
[2022-12-05 14:24:05,941] {local_task_job.py:154} INFO - Task exited with return code 0
[2022-12-05 14:24:06,036] {local_task_job.py:264} INFO - 1 downstream tasks scheduled from follow-on schedule check
