[2022-12-05 04:10:01,162] {taskinstance.py:1032} INFO - Dependencies all met for <TaskInstance: yellow_taxi_2_bq_dag.gcs_2_bq_ext_task scheduled__2020-05-02T06:00:00+00:00 [queued]>
[2022-12-05 04:10:01,188] {taskinstance.py:1032} INFO - Dependencies all met for <TaskInstance: yellow_taxi_2_bq_dag.gcs_2_bq_ext_task scheduled__2020-05-02T06:00:00+00:00 [queued]>
[2022-12-05 04:10:01,189] {taskinstance.py:1238} INFO - 
--------------------------------------------------------------------------------
[2022-12-05 04:10:01,189] {taskinstance.py:1239} INFO - Starting attempt 1 of 2
[2022-12-05 04:10:01,190] {taskinstance.py:1240} INFO - 
--------------------------------------------------------------------------------
[2022-12-05 04:10:01,217] {taskinstance.py:1259} INFO - Executing <Task(BigQueryCreateExternalTableOperator): gcs_2_bq_ext_task> on 2020-05-02 06:00:00+00:00
[2022-12-05 04:10:01,225] {standard_task_runner.py:52} INFO - Started process 12691 to run task
[2022-12-05 04:10:01,231] {standard_task_runner.py:76} INFO - Running: ['***', 'tasks', 'run', 'yellow_taxi_2_bq_dag', 'gcs_2_bq_ext_task', 'scheduled__2020-05-02T06:00:00+00:00', '--job-id', '500', '--raw', '--subdir', 'DAGS_FOLDER/data_ingestation_gcp.py', '--cfg-path', '/tmp/tmp2mz1ptjs', '--error-file', '/tmp/tmp9oayh9uw']
[2022-12-05 04:10:01,233] {standard_task_runner.py:77} INFO - Job 500: Subtask gcs_2_bq_ext_task
[2022-12-05 04:10:01,322] {logging_mixin.py:109} INFO - Running <TaskInstance: yellow_taxi_2_bq_dag.gcs_2_bq_ext_task scheduled__2020-05-02T06:00:00+00:00 [running]> on host 9b5bfd347476
[2022-12-05 04:10:01,435] {taskinstance.py:1426} INFO - Exporting the following env vars:
AIRFLOW_CTX_DAG_OWNER=***
AIRFLOW_CTX_DAG_ID=yellow_taxi_2_bq_dag
AIRFLOW_CTX_TASK_ID=gcs_2_bq_ext_task
AIRFLOW_CTX_EXECUTION_DATE=2020-05-02T06:00:00+00:00
AIRFLOW_CTX_DAG_RUN_ID=scheduled__2020-05-02T06:00:00+00:00
[2022-12-05 04:10:01,438] {crypto.py:82} WARNING - empty cryptography key - values will not be stored encrypted.
[2022-12-05 04:10:02,055] {taskinstance.py:1277} INFO - Marking task as SUCCESS. dag_id=yellow_taxi_2_bq_dag, task_id=gcs_2_bq_ext_task, execution_date=20200502T060000, start_date=20221205T041001, end_date=20221205T041002
[2022-12-05 04:10:02,148] {local_task_job.py:154} INFO - Task exited with return code 0
[2022-12-05 04:10:02,235] {local_task_job.py:264} INFO - 1 downstream tasks scheduled from follow-on schedule check
