[2022-12-05 05:11:17,145] {taskinstance.py:1032} INFO - Dependencies all met for <TaskInstance: yellow_taxi_2_bq_dag.gcs_2_bq_ext_task scheduled__2020-05-02T06:00:00+00:00 [queued]>
[2022-12-05 05:11:17,183] {taskinstance.py:1032} INFO - Dependencies all met for <TaskInstance: yellow_taxi_2_bq_dag.gcs_2_bq_ext_task scheduled__2020-05-02T06:00:00+00:00 [queued]>
[2022-12-05 05:11:17,184] {taskinstance.py:1238} INFO - 
--------------------------------------------------------------------------------
[2022-12-05 05:11:17,185] {taskinstance.py:1239} INFO - Starting attempt 2 of 3
[2022-12-05 05:11:17,186] {taskinstance.py:1240} INFO - 
--------------------------------------------------------------------------------
[2022-12-05 05:11:17,230] {taskinstance.py:1259} INFO - Executing <Task(BigQueryCreateExternalTableOperator): gcs_2_bq_ext_task> on 2020-05-02 06:00:00+00:00
[2022-12-05 05:11:17,244] {standard_task_runner.py:52} INFO - Started process 20818 to run task
[2022-12-05 05:11:17,250] {standard_task_runner.py:76} INFO - Running: ['***', 'tasks', 'run', 'yellow_taxi_2_bq_dag', 'gcs_2_bq_ext_task', 'scheduled__2020-05-02T06:00:00+00:00', '--job-id', '618', '--raw', '--subdir', 'DAGS_FOLDER/data_ingestation_gcp.py', '--cfg-path', '/tmp/tmpuqcpbucf', '--error-file', '/tmp/tmp2ztm8wlp']
[2022-12-05 05:11:17,253] {standard_task_runner.py:77} INFO - Job 618: Subtask gcs_2_bq_ext_task
[2022-12-05 05:11:17,399] {logging_mixin.py:109} INFO - Running <TaskInstance: yellow_taxi_2_bq_dag.gcs_2_bq_ext_task scheduled__2020-05-02T06:00:00+00:00 [running]> on host 9b5bfd347476
[2022-12-05 05:11:17,586] {taskinstance.py:1426} INFO - Exporting the following env vars:
AIRFLOW_CTX_DAG_OWNER=***
AIRFLOW_CTX_DAG_ID=yellow_taxi_2_bq_dag
AIRFLOW_CTX_TASK_ID=gcs_2_bq_ext_task
AIRFLOW_CTX_EXECUTION_DATE=2020-05-02T06:00:00+00:00
AIRFLOW_CTX_DAG_RUN_ID=scheduled__2020-05-02T06:00:00+00:00
[2022-12-05 05:11:17,590] {crypto.py:82} WARNING - empty cryptography key - values will not be stored encrypted.
[2022-12-05 05:11:18,335] {taskinstance.py:1277} INFO - Marking task as SUCCESS. dag_id=yellow_taxi_2_bq_dag, task_id=gcs_2_bq_ext_task, execution_date=20200502T060000, start_date=20221205T051117, end_date=20221205T051118
[2022-12-05 05:11:18,438] {local_task_job.py:154} INFO - Task exited with return code 0
[2022-12-05 05:11:18,525] {local_task_job.py:264} INFO - 0 downstream tasks scheduled from follow-on schedule check
