[2022-11-27 05:03:14,133] {taskinstance.py:1032} INFO - Dependencies all met for <TaskInstance: data_ingestation_gcp_dag.local_to_gcp_task scheduled__2019-05-02T06:00:00+00:00 [queued]>
[2022-11-27 05:03:14,240] {taskinstance.py:1032} INFO - Dependencies all met for <TaskInstance: data_ingestation_gcp_dag.local_to_gcp_task scheduled__2019-05-02T06:00:00+00:00 [queued]>
[2022-11-27 05:03:14,243] {taskinstance.py:1238} INFO - 
--------------------------------------------------------------------------------
[2022-11-27 05:03:14,244] {taskinstance.py:1239} INFO - Starting attempt 3 of 3
[2022-11-27 05:03:14,246] {taskinstance.py:1240} INFO - 
--------------------------------------------------------------------------------
[2022-11-27 05:03:14,327] {taskinstance.py:1259} INFO - Executing <Task(PythonOperator): local_to_gcp_task> on 2019-05-02 06:00:00+00:00
[2022-11-27 05:03:14,344] {standard_task_runner.py:52} INFO - Started process 2866 to run task
[2022-11-27 05:03:14,357] {standard_task_runner.py:76} INFO - Running: ['***', 'tasks', 'run', 'data_ingestation_gcp_dag', 'local_to_gcp_task', 'scheduled__2019-05-02T06:00:00+00:00', '--job-id', '210', '--raw', '--subdir', 'DAGS_FOLDER/data_ingestation_gcp.py', '--cfg-path', '/tmp/tmptb07yr1z', '--error-file', '/tmp/tmprx4xzrxd']
[2022-11-27 05:03:14,361] {standard_task_runner.py:77} INFO - Job 210: Subtask local_to_gcp_task
[2022-11-27 05:03:14,571] {logging_mixin.py:109} INFO - Running <TaskInstance: data_ingestation_gcp_dag.local_to_gcp_task scheduled__2019-05-02T06:00:00+00:00 [running]> on host 410f3484ae43
[2022-11-27 05:03:14,824] {logging_mixin.py:109} WARNING - /home/***/.local/lib/python3.7/site-packages/***/utils/context.py:152 AirflowContextDeprecationWarning: Accessing 'execution_date' from the template is deprecated and will be removed in a future version. Please use 'data_interval_start' or 'logical_date' instead.
[2022-11-27 05:03:14,883] {taskinstance.py:1426} INFO - Exporting the following env vars:
AIRFLOW_CTX_DAG_OWNER=***
AIRFLOW_CTX_DAG_ID=data_ingestation_gcp_dag
AIRFLOW_CTX_TASK_ID=local_to_gcp_task
AIRFLOW_CTX_EXECUTION_DATE=2019-05-02T06:00:00+00:00
AIRFLOW_CTX_DAG_RUN_ID=scheduled__2019-05-02T06:00:00+00:00
[2022-11-27 05:04:11,769] {python.py:175} INFO - Done. Returned value was: None
[2022-11-27 05:04:11,834] {taskinstance.py:1277} INFO - Marking task as SUCCESS. dag_id=data_ingestation_gcp_dag, task_id=local_to_gcp_task, execution_date=20190502T060000, start_date=20221127T050314, end_date=20221127T050411
[2022-11-27 05:04:11,973] {local_task_job.py:154} INFO - Task exited with return code 0
[2022-11-27 05:04:12,076] {local_task_job.py:264} INFO - 0 downstream tasks scheduled from follow-on schedule check
