[2022-12-05 14:32:07,178] {taskinstance.py:1032} INFO - Dependencies all met for <TaskInstance: green_taxi_2_bq_dag.gcs_2_gcs_task scheduled__2020-10-02T06:00:00+00:00 [queued]>
[2022-12-05 14:32:07,210] {taskinstance.py:1032} INFO - Dependencies all met for <TaskInstance: green_taxi_2_bq_dag.gcs_2_gcs_task scheduled__2020-10-02T06:00:00+00:00 [queued]>
[2022-12-05 14:32:07,211] {taskinstance.py:1238} INFO - 
--------------------------------------------------------------------------------
[2022-12-05 14:32:07,211] {taskinstance.py:1239} INFO - Starting attempt 1 of 2
[2022-12-05 14:32:07,212] {taskinstance.py:1240} INFO - 
--------------------------------------------------------------------------------
[2022-12-05 14:32:07,245] {taskinstance.py:1259} INFO - Executing <Task(GCSToGCSOperator): gcs_2_gcs_task> on 2020-10-02 06:00:00+00:00
[2022-12-05 14:32:07,254] {standard_task_runner.py:52} INFO - Started process 80930 to run task
[2022-12-05 14:32:07,272] {standard_task_runner.py:76} INFO - Running: ['***', 'tasks', 'run', 'green_taxi_2_bq_dag', 'gcs_2_gcs_task', 'scheduled__2020-10-02T06:00:00+00:00', '--job-id', '772', '--raw', '--subdir', 'DAGS_FOLDER/green_taxi_data_2_bigq_dag.py', '--cfg-path', '/tmp/tmp0mtcjimb', '--error-file', '/tmp/tmpumnwk5mj']
[2022-12-05 14:32:07,277] {standard_task_runner.py:77} INFO - Job 772: Subtask gcs_2_gcs_task
[2022-12-05 14:32:07,415] {logging_mixin.py:109} INFO - Running <TaskInstance: green_taxi_2_bq_dag.gcs_2_gcs_task scheduled__2020-10-02T06:00:00+00:00 [running]> on host 9b5bfd347476
[2022-12-05 14:32:07,581] {taskinstance.py:1426} INFO - Exporting the following env vars:
AIRFLOW_CTX_DAG_OWNER=***
AIRFLOW_CTX_DAG_ID=green_taxi_2_bq_dag
AIRFLOW_CTX_TASK_ID=gcs_2_gcs_task
AIRFLOW_CTX_EXECUTION_DATE=2020-10-02T06:00:00+00:00
AIRFLOW_CTX_DAG_RUN_ID=scheduled__2020-10-02T06:00:00+00:00
[2022-12-05 14:32:07,586] {crypto.py:82} WARNING - empty cryptography key - values will not be stored encrypted.
[2022-12-05 14:32:07,588] {gcs_to_gcs.py:346} INFO - Delimiter ignored because wildcard is in prefix
[2022-12-05 14:32:08,084] {gcs_to_gcs.py:431} INFO - Executing copy of gs://my_nyc_tlc/raw/green_tripdata_2020-10.parquet to gs://my_nyc_tlc/green/2020-10.parquet
[2022-12-05 14:32:08,191] {gcs.py:251} INFO - Total Bytes: 2248755 | Bytes Written: 2248755
[2022-12-05 14:32:08,193] {gcs.py:264} INFO - Object raw/green_tripdata_2020-10.parquet in bucket my_nyc_tlc rewritten to object green/2020-10.parquet in bucket my_nyc_tlc
[2022-12-05 14:32:08,281] {gcs.py:645} INFO - Blob raw/green_tripdata_2020-10.parquet deleted.
[2022-12-05 14:32:08,309] {taskinstance.py:1277} INFO - Marking task as SUCCESS. dag_id=green_taxi_2_bq_dag, task_id=gcs_2_gcs_task, execution_date=20201002T060000, start_date=20221205T143207, end_date=20221205T143208
[2022-12-05 14:32:08,385] {local_task_job.py:154} INFO - Task exited with return code 0
[2022-12-05 14:32:08,456] {local_task_job.py:264} INFO - 1 downstream tasks scheduled from follow-on schedule check
