[2022-11-24 06:48:58,506] {taskinstance.py:1032} INFO - Dependencies all met for <TaskInstance: LocalIngestationDag.ingestation scheduled__2021-04-02T06:00:00+00:00 [queued]>
[2022-11-24 06:48:58,812] {taskinstance.py:1032} INFO - Dependencies all met for <TaskInstance: LocalIngestationDag.ingestation scheduled__2021-04-02T06:00:00+00:00 [queued]>
[2022-11-24 06:48:58,830] {taskinstance.py:1238} INFO - 
--------------------------------------------------------------------------------
[2022-11-24 06:48:58,836] {taskinstance.py:1239} INFO - Starting attempt 1 of 1
[2022-11-24 06:48:58,837] {taskinstance.py:1240} INFO - 
--------------------------------------------------------------------------------
[2022-11-24 06:48:59,151] {taskinstance.py:1259} INFO - Executing <Task(BashOperator): ingestation> on 2021-04-02 06:00:00+00:00
[2022-11-24 06:48:59,203] {standard_task_runner.py:52} INFO - Started process 1549 to run task
[2022-11-24 06:48:59,270] {standard_task_runner.py:76} INFO - Running: ['***', 'tasks', 'run', 'LocalIngestationDag', 'ingestation', 'scheduled__2021-04-02T06:00:00+00:00', '--job-id', '16', '--raw', '--subdir', 'DAGS_FOLDER/data_ingestation.py', '--cfg-path', '/tmp/tmph7e8ilx3', '--error-file', '/tmp/tmpwy5k8mv0']
[2022-11-24 06:48:59,293] {standard_task_runner.py:77} INFO - Job 16: Subtask ingestation
[2022-11-24 06:48:59,831] {logging_mixin.py:109} INFO - Running <TaskInstance: LocalIngestationDag.ingestation scheduled__2021-04-02T06:00:00+00:00 [running]> on host d01293c252ef
[2022-11-24 06:49:00,668] {taskinstance.py:1426} INFO - Exporting the following env vars:
AIRFLOW_CTX_DAG_OWNER=***
AIRFLOW_CTX_DAG_ID=LocalIngestationDag
AIRFLOW_CTX_TASK_ID=ingestation
AIRFLOW_CTX_EXECUTION_DATE=2021-04-02T06:00:00+00:00
AIRFLOW_CTX_DAG_RUN_ID=scheduled__2021-04-02T06:00:00+00:00
[2022-11-24 06:49:00,684] {subprocess.py:62} INFO - Tmp dir root location: 
 /tmp
[2022-11-24 06:49:00,699] {subprocess.py:74} INFO - Running command: ['bash', '-c', 'echo "Ingestation start"']
[2022-11-24 06:49:00,767] {subprocess.py:85} INFO - Output:
[2022-11-24 06:49:00,920] {subprocess.py:89} INFO - Ingestation start
[2022-11-24 06:49:00,945] {subprocess.py:93} INFO - Command exited with return code 0
[2022-11-24 06:49:01,184] {taskinstance.py:1277} INFO - Marking task as SUCCESS. dag_id=LocalIngestationDag, task_id=ingestation, execution_date=20210402T060000, start_date=20221124T064858, end_date=20221124T064901
[2022-11-24 06:49:01,560] {local_task_job.py:154} INFO - Task exited with return code 0
[2022-11-24 06:49:01,924] {local_task_job.py:264} INFO - 0 downstream tasks scheduled from follow-on schedule check
