[2022-12-05 05:11:13,134] {taskinstance.py:1032} INFO - Dependencies all met for <TaskInstance: yellow_taxi_2_bq_dag.gcs_2_gcs_task scheduled__2020-05-02T06:00:00+00:00 [queued]>
[2022-12-05 05:11:13,161] {taskinstance.py:1032} INFO - Dependencies all met for <TaskInstance: yellow_taxi_2_bq_dag.gcs_2_gcs_task scheduled__2020-05-02T06:00:00+00:00 [queued]>
[2022-12-05 05:11:13,162] {taskinstance.py:1238} INFO - 
--------------------------------------------------------------------------------
[2022-12-05 05:11:13,162] {taskinstance.py:1239} INFO - Starting attempt 2 of 2
[2022-12-05 05:11:13,163] {taskinstance.py:1240} INFO - 
--------------------------------------------------------------------------------
[2022-12-05 05:11:13,193] {taskinstance.py:1259} INFO - Executing <Task(GCSToGCSOperator): gcs_2_gcs_task> on 2020-05-02 06:00:00+00:00
[2022-12-05 05:11:13,202] {standard_task_runner.py:52} INFO - Started process 20790 to run task
[2022-12-05 05:11:13,209] {standard_task_runner.py:76} INFO - Running: ['***', 'tasks', 'run', 'yellow_taxi_2_bq_dag', 'gcs_2_gcs_task', 'scheduled__2020-05-02T06:00:00+00:00', '--job-id', '617', '--raw', '--subdir', 'DAGS_FOLDER/data_ingestation_gcp.py', '--cfg-path', '/tmp/tmpo70bfpe3', '--error-file', '/tmp/tmp0hnypc_6']
[2022-12-05 05:11:13,211] {standard_task_runner.py:77} INFO - Job 617: Subtask gcs_2_gcs_task
[2022-12-05 05:11:13,318] {logging_mixin.py:109} INFO - Running <TaskInstance: yellow_taxi_2_bq_dag.gcs_2_gcs_task scheduled__2020-05-02T06:00:00+00:00 [running]> on host 9b5bfd347476
[2022-12-05 05:11:13,452] {taskinstance.py:1426} INFO - Exporting the following env vars:
AIRFLOW_CTX_DAG_OWNER=***
AIRFLOW_CTX_DAG_ID=yellow_taxi_2_bq_dag
AIRFLOW_CTX_TASK_ID=gcs_2_gcs_task
AIRFLOW_CTX_EXECUTION_DATE=2020-05-02T06:00:00+00:00
AIRFLOW_CTX_DAG_RUN_ID=scheduled__2020-05-02T06:00:00+00:00
[2022-12-05 05:11:13,456] {crypto.py:82} WARNING - empty cryptography key - values will not be stored encrypted.
[2022-12-05 05:11:13,457] {gcs_to_gcs.py:346} INFO - Delimiter ignored because wildcard is in prefix
[2022-12-05 05:11:13,803] {gcs_to_gcs.py:431} INFO - Executing copy of gs://my_nyc_tlc/raw/yellow_tripdata_2020-05.parquet to gs://my_nyc_tlc/yellow/2020-05.parquet
[2022-12-05 05:11:13,912] {gcs.py:251} INFO - Total Bytes: 8337131 | Bytes Written: 8337131
[2022-12-05 05:11:13,913] {gcs.py:264} INFO - Object raw/yellow_tripdata_2020-05.parquet in bucket my_nyc_tlc rewritten to object yellow/2020-05.parquet in bucket my_nyc_tlc
[2022-12-05 05:11:13,991] {gcs.py:645} INFO - Blob raw/yellow_tripdata_2020-05.parquet deleted.
[2022-12-05 05:11:14,024] {taskinstance.py:1277} INFO - Marking task as SUCCESS. dag_id=yellow_taxi_2_bq_dag, task_id=gcs_2_gcs_task, execution_date=20200502T060000, start_date=20221205T051113, end_date=20221205T051114
[2022-12-05 05:11:14,079] {local_task_job.py:154} INFO - Task exited with return code 0
[2022-12-05 05:11:14,150] {local_task_job.py:264} INFO - 1 downstream tasks scheduled from follow-on schedule check
