[2022-12-05 05:40:52,141] {taskinstance.py:1032} INFO - Dependencies all met for <TaskInstance: yellow_taxi_2_bq_edited_dag.gcs_2_bq_ext_task scheduled__2019-02-02T06:00:00+00:00 [queued]>
[2022-12-05 05:40:52,192] {taskinstance.py:1032} INFO - Dependencies all met for <TaskInstance: yellow_taxi_2_bq_edited_dag.gcs_2_bq_ext_task scheduled__2019-02-02T06:00:00+00:00 [queued]>
[2022-12-05 05:40:52,193] {taskinstance.py:1238} INFO - 
--------------------------------------------------------------------------------
[2022-12-05 05:40:52,194] {taskinstance.py:1239} INFO - Starting attempt 1 of 2
[2022-12-05 05:40:52,195] {taskinstance.py:1240} INFO - 
--------------------------------------------------------------------------------
[2022-12-05 05:40:52,251] {taskinstance.py:1259} INFO - Executing <Task(BigQueryCreateExternalTableOperator): gcs_2_bq_ext_task> on 2019-02-02 06:00:00+00:00
[2022-12-05 05:40:52,264] {standard_task_runner.py:52} INFO - Started process 23663 to run task
[2022-12-05 05:40:52,274] {standard_task_runner.py:76} INFO - Running: ['***', 'tasks', 'run', 'yellow_taxi_2_bq_edited_dag', 'gcs_2_bq_ext_task', 'scheduled__2019-02-02T06:00:00+00:00', '--job-id', '663', '--raw', '--subdir', 'DAGS_FOLDER/data_ingestation_gcp.py', '--cfg-path', '/tmp/tmpebgtn12h', '--error-file', '/tmp/tmptmfh75_r']
[2022-12-05 05:40:52,276] {standard_task_runner.py:77} INFO - Job 663: Subtask gcs_2_bq_ext_task
[2022-12-05 05:40:52,448] {logging_mixin.py:109} INFO - Running <TaskInstance: yellow_taxi_2_bq_edited_dag.gcs_2_bq_ext_task scheduled__2019-02-02T06:00:00+00:00 [running]> on host 9b5bfd347476
[2022-12-05 05:40:52,696] {taskinstance.py:1426} INFO - Exporting the following env vars:
AIRFLOW_CTX_DAG_OWNER=***
AIRFLOW_CTX_DAG_ID=yellow_taxi_2_bq_edited_dag
AIRFLOW_CTX_TASK_ID=gcs_2_bq_ext_task
AIRFLOW_CTX_EXECUTION_DATE=2019-02-02T06:00:00+00:00
AIRFLOW_CTX_DAG_RUN_ID=scheduled__2019-02-02T06:00:00+00:00
[2022-12-05 05:40:52,704] {crypto.py:82} WARNING - empty cryptography key - values will not be stored encrypted.
[2022-12-05 05:40:53,729] {taskinstance.py:1277} INFO - Marking task as SUCCESS. dag_id=yellow_taxi_2_bq_edited_dag, task_id=gcs_2_bq_ext_task, execution_date=20190202T060000, start_date=20221205T054052, end_date=20221205T054053
[2022-12-05 05:40:53,809] {local_task_job.py:154} INFO - Task exited with return code 0
[2022-12-05 05:40:53,900] {local_task_job.py:264} INFO - 0 downstream tasks scheduled from follow-on schedule check
