[2022-11-27 16:43:54,268] {taskinstance.py:1032} INFO - Dependencies all met for <TaskInstance: FHV_data_to_gcp_dag.local_to_gcp_task scheduled__2019-02-02T06:00:00+00:00 [queued]>
[2022-11-27 16:43:54,672] {taskinstance.py:1032} INFO - Dependencies all met for <TaskInstance: FHV_data_to_gcp_dag.local_to_gcp_task scheduled__2019-02-02T06:00:00+00:00 [queued]>
[2022-11-27 16:43:54,681] {taskinstance.py:1238} INFO - 
--------------------------------------------------------------------------------
[2022-11-27 16:43:54,692] {taskinstance.py:1239} INFO - Starting attempt 1 of 2
[2022-11-27 16:43:54,698] {taskinstance.py:1240} INFO - 
--------------------------------------------------------------------------------
[2022-11-27 16:43:54,999] {taskinstance.py:1259} INFO - Executing <Task(PythonOperator): local_to_gcp_task> on 2019-02-02 06:00:00+00:00
[2022-11-27 16:43:55,038] {standard_task_runner.py:52} INFO - Started process 815 to run task
[2022-11-27 16:43:55,136] {standard_task_runner.py:76} INFO - Running: ['***', 'tasks', 'run', 'FHV_data_to_gcp_dag', 'local_to_gcp_task', 'scheduled__2019-02-02T06:00:00+00:00', '--job-id', '242', '--raw', '--subdir', 'DAGS_FOLDER/FHV_ingestation_dag.py', '--cfg-path', '/tmp/tmpw6n0nzj8', '--error-file', '/tmp/tmpg_ydu3zb']
[2022-11-27 16:43:55,159] {standard_task_runner.py:77} INFO - Job 242: Subtask local_to_gcp_task
[2022-11-27 16:43:56,445] {logging_mixin.py:109} INFO - Running <TaskInstance: FHV_data_to_gcp_dag.local_to_gcp_task scheduled__2019-02-02T06:00:00+00:00 [running]> on host 410f3484ae43
[2022-11-27 16:43:57,636] {logging_mixin.py:109} WARNING - /home/***/.local/lib/python3.7/site-packages/***/utils/context.py:152 AirflowContextDeprecationWarning: Accessing 'execution_date' from the template is deprecated and will be removed in a future version. Please use 'data_interval_start' or 'logical_date' instead.
[2022-11-27 16:43:57,901] {taskinstance.py:1426} INFO - Exporting the following env vars:
AIRFLOW_CTX_DAG_OWNER=***
AIRFLOW_CTX_DAG_ID=FHV_data_to_gcp_dag
AIRFLOW_CTX_TASK_ID=local_to_gcp_task
AIRFLOW_CTX_EXECUTION_DATE=2019-02-02T06:00:00+00:00
AIRFLOW_CTX_DAG_RUN_ID=scheduled__2019-02-02T06:00:00+00:00
[2022-11-27 16:44:06,929] {python.py:175} INFO - Done. Returned value was: None
[2022-11-27 16:44:07,405] {taskinstance.py:1277} INFO - Marking task as SUCCESS. dag_id=FHV_data_to_gcp_dag, task_id=local_to_gcp_task, execution_date=20190202T060000, start_date=20221127T164354, end_date=20221127T164407
[2022-11-27 16:44:07,733] {local_task_job.py:154} INFO - Task exited with return code 0
[2022-11-27 16:44:08,013] {local_task_job.py:264} INFO - 0 downstream tasks scheduled from follow-on schedule check
