[2022-11-24 06:48:49,796] {taskinstance.py:1032} INFO - Dependencies all met for <TaskInstance: LocalIngestationDag.wget scheduled__2021-07-02T06:00:00+00:00 [queued]>
[2022-11-24 06:48:50,001] {taskinstance.py:1032} INFO - Dependencies all met for <TaskInstance: LocalIngestationDag.wget scheduled__2021-07-02T06:00:00+00:00 [queued]>
[2022-11-24 06:48:50,004] {taskinstance.py:1238} INFO - 
--------------------------------------------------------------------------------
[2022-11-24 06:48:50,007] {taskinstance.py:1239} INFO - Starting attempt 1 of 1
[2022-11-24 06:48:50,012] {taskinstance.py:1240} INFO - 
--------------------------------------------------------------------------------
[2022-11-24 06:48:50,272] {taskinstance.py:1259} INFO - Executing <Task(BashOperator): wget> on 2021-07-02 06:00:00+00:00
[2022-11-24 06:48:50,323] {standard_task_runner.py:52} INFO - Started process 1483 to run task
[2022-11-24 06:48:50,397] {standard_task_runner.py:76} INFO - Running: ['***', 'tasks', 'run', 'LocalIngestationDag', 'wget', 'scheduled__2021-07-02T06:00:00+00:00', '--job-id', '8', '--raw', '--subdir', 'DAGS_FOLDER/data_ingestation.py', '--cfg-path', '/tmp/tmp0ueoz14p', '--error-file', '/tmp/tmplixuhm9f']
[2022-11-24 06:48:50,419] {standard_task_runner.py:77} INFO - Job 8: Subtask wget
[2022-11-24 06:48:50,880] {logging_mixin.py:109} INFO - Running <TaskInstance: LocalIngestationDag.wget scheduled__2021-07-02T06:00:00+00:00 [running]> on host d01293c252ef
[2022-11-24 06:48:51,479] {taskinstance.py:1426} INFO - Exporting the following env vars:
AIRFLOW_CTX_DAG_OWNER=***
AIRFLOW_CTX_DAG_ID=LocalIngestationDag
AIRFLOW_CTX_TASK_ID=wget
AIRFLOW_CTX_EXECUTION_DATE=2021-07-02T06:00:00+00:00
AIRFLOW_CTX_DAG_RUN_ID=scheduled__2021-07-02T06:00:00+00:00
[2022-11-24 06:48:51,484] {subprocess.py:62} INFO - Tmp dir root location: 
 /tmp
[2022-11-24 06:48:51,486] {subprocess.py:74} INFO - Running command: ['bash', '-c', 'echo "Hello World"']
[2022-11-24 06:48:51,538] {subprocess.py:85} INFO - Output:
[2022-11-24 06:48:51,620] {subprocess.py:89} INFO - Hello World
[2022-11-24 06:48:51,624] {subprocess.py:93} INFO - Command exited with return code 0
[2022-11-24 06:48:54,769] {taskinstance.py:1277} INFO - Marking task as SUCCESS. dag_id=LocalIngestationDag, task_id=wget, execution_date=20210702T060000, start_date=20221124T064849, end_date=20221124T064854
[2022-11-24 06:48:55,060] {local_task_job.py:154} INFO - Task exited with return code 0
[2022-11-24 06:48:55,385] {local_task_job.py:264} INFO - 1 downstream tasks scheduled from follow-on schedule check
