[2022-12-05 14:27:10,228] {taskinstance.py:1032} INFO - Dependencies all met for <TaskInstance: green_taxi_2_bq_dag.gcs_2_gcs_task scheduled__2020-01-02T06:00:00+00:00 [queued]>
[2022-12-05 14:27:10,259] {taskinstance.py:1032} INFO - Dependencies all met for <TaskInstance: green_taxi_2_bq_dag.gcs_2_gcs_task scheduled__2020-01-02T06:00:00+00:00 [queued]>
[2022-12-05 14:27:10,260] {taskinstance.py:1238} INFO - 
--------------------------------------------------------------------------------
[2022-12-05 14:27:10,260] {taskinstance.py:1239} INFO - Starting attempt 1 of 2
[2022-12-05 14:27:10,261] {taskinstance.py:1240} INFO - 
--------------------------------------------------------------------------------
[2022-12-05 14:27:10,292] {taskinstance.py:1259} INFO - Executing <Task(GCSToGCSOperator): gcs_2_gcs_task> on 2020-01-02 06:00:00+00:00
[2022-12-05 14:27:10,301] {standard_task_runner.py:52} INFO - Started process 79719 to run task
[2022-12-05 14:27:10,308] {standard_task_runner.py:76} INFO - Running: ['***', 'tasks', 'run', 'green_taxi_2_bq_dag', 'gcs_2_gcs_task', 'scheduled__2020-01-02T06:00:00+00:00', '--job-id', '725', '--raw', '--subdir', 'DAGS_FOLDER/green_taxi_data_2_bigq_dag.py', '--cfg-path', '/tmp/tmpjeiaj4rz', '--error-file', '/tmp/tmpsbd0e_be']
[2022-12-05 14:27:10,310] {standard_task_runner.py:77} INFO - Job 725: Subtask gcs_2_gcs_task
[2022-12-05 14:27:10,435] {logging_mixin.py:109} INFO - Running <TaskInstance: green_taxi_2_bq_dag.gcs_2_gcs_task scheduled__2020-01-02T06:00:00+00:00 [running]> on host 9b5bfd347476
[2022-12-05 14:27:10,592] {taskinstance.py:1426} INFO - Exporting the following env vars:
AIRFLOW_CTX_DAG_OWNER=***
AIRFLOW_CTX_DAG_ID=green_taxi_2_bq_dag
AIRFLOW_CTX_TASK_ID=gcs_2_gcs_task
AIRFLOW_CTX_EXECUTION_DATE=2020-01-02T06:00:00+00:00
AIRFLOW_CTX_DAG_RUN_ID=scheduled__2020-01-02T06:00:00+00:00
[2022-12-05 14:27:10,600] {crypto.py:82} WARNING - empty cryptography key - values will not be stored encrypted.
[2022-12-05 14:27:10,604] {gcs_to_gcs.py:346} INFO - Delimiter ignored because wildcard is in prefix
[2022-12-05 14:27:11,233] {gcs_to_gcs.py:431} INFO - Executing copy of gs://my_nyc_tlc/raw/green_tripdata_2020-01.parquet to gs://my_nyc_tlc/green/2020-01.parquet
[2022-12-05 14:27:11,384] {gcs.py:251} INFO - Total Bytes: 9726717 | Bytes Written: 9726717
[2022-12-05 14:27:11,391] {gcs.py:264} INFO - Object raw/green_tripdata_2020-01.parquet in bucket my_nyc_tlc rewritten to object green/2020-01.parquet in bucket my_nyc_tlc
[2022-12-05 14:27:11,600] {gcs.py:645} INFO - Blob raw/green_tripdata_2020-01.parquet deleted.
[2022-12-05 14:27:11,801] {taskinstance.py:1277} INFO - Marking task as SUCCESS. dag_id=green_taxi_2_bq_dag, task_id=gcs_2_gcs_task, execution_date=20200102T060000, start_date=20221205T142710, end_date=20221205T142711
[2022-12-05 14:27:11,986] {local_task_job.py:154} INFO - Task exited with return code 0
[2022-12-05 14:27:12,207] {local_task_job.py:264} INFO - 1 downstream tasks scheduled from follow-on schedule check
