[2022-12-05 14:31:11,110] {taskinstance.py:1032} INFO - Dependencies all met for <TaskInstance: green_taxi_2_bq_dag.gcs_2_bq_ext_task scheduled__2020-09-02T06:00:00+00:00 [queued]>
[2022-12-05 14:31:11,150] {taskinstance.py:1032} INFO - Dependencies all met for <TaskInstance: green_taxi_2_bq_dag.gcs_2_bq_ext_task scheduled__2020-09-02T06:00:00+00:00 [queued]>
[2022-12-05 14:31:11,151] {taskinstance.py:1238} INFO - 
--------------------------------------------------------------------------------
[2022-12-05 14:31:11,152] {taskinstance.py:1239} INFO - Starting attempt 1 of 2
[2022-12-05 14:31:11,153] {taskinstance.py:1240} INFO - 
--------------------------------------------------------------------------------
[2022-12-05 14:31:11,190] {taskinstance.py:1259} INFO - Executing <Task(BigQueryCreateExternalTableOperator): gcs_2_bq_ext_task> on 2020-09-02 06:00:00+00:00
[2022-12-05 14:31:11,202] {standard_task_runner.py:52} INFO - Started process 80751 to run task
[2022-12-05 14:31:11,211] {standard_task_runner.py:76} INFO - Running: ['***', 'tasks', 'run', 'green_taxi_2_bq_dag', 'gcs_2_bq_ext_task', 'scheduled__2020-09-02T06:00:00+00:00', '--job-id', '768', '--raw', '--subdir', 'DAGS_FOLDER/green_taxi_data_2_bigq_dag.py', '--cfg-path', '/tmp/tmp5xi4smsi', '--error-file', '/tmp/tmp8j5lsi2y']
[2022-12-05 14:31:11,213] {standard_task_runner.py:77} INFO - Job 768: Subtask gcs_2_bq_ext_task
[2022-12-05 14:31:11,372] {logging_mixin.py:109} INFO - Running <TaskInstance: green_taxi_2_bq_dag.gcs_2_bq_ext_task scheduled__2020-09-02T06:00:00+00:00 [running]> on host 9b5bfd347476
[2022-12-05 14:31:11,701] {taskinstance.py:1426} INFO - Exporting the following env vars:
AIRFLOW_CTX_DAG_OWNER=***
AIRFLOW_CTX_DAG_ID=green_taxi_2_bq_dag
AIRFLOW_CTX_TASK_ID=gcs_2_bq_ext_task
AIRFLOW_CTX_EXECUTION_DATE=2020-09-02T06:00:00+00:00
AIRFLOW_CTX_DAG_RUN_ID=scheduled__2020-09-02T06:00:00+00:00
[2022-12-05 14:31:11,708] {crypto.py:82} WARNING - empty cryptography key - values will not be stored encrypted.
[2022-12-05 14:31:12,684] {taskinstance.py:1277} INFO - Marking task as SUCCESS. dag_id=green_taxi_2_bq_dag, task_id=gcs_2_bq_ext_task, execution_date=20200902T060000, start_date=20221205T143111, end_date=20221205T143112
[2022-12-05 14:31:12,782] {local_task_job.py:154} INFO - Task exited with return code 0
[2022-12-05 14:31:12,866] {local_task_job.py:264} INFO - 0 downstream tasks scheduled from follow-on schedule check
