[2022-12-05 02:49:55,590] {taskinstance.py:1032} INFO - Dependencies all met for <TaskInstance: yellow_taxi_2_bq_dag.download_dataset_task scheduled__2019-06-02T06:00:00+00:00 [queued]>
[2022-12-05 02:49:55,623] {taskinstance.py:1032} INFO - Dependencies all met for <TaskInstance: yellow_taxi_2_bq_dag.download_dataset_task scheduled__2019-06-02T06:00:00+00:00 [queued]>
[2022-12-05 02:49:55,624] {taskinstance.py:1238} INFO - 
--------------------------------------------------------------------------------
[2022-12-05 02:49:55,624] {taskinstance.py:1239} INFO - Starting attempt 1 of 1
[2022-12-05 02:49:55,625] {taskinstance.py:1240} INFO - 
--------------------------------------------------------------------------------
[2022-12-05 02:49:55,656] {taskinstance.py:1259} INFO - Executing <Task(BashOperator): download_dataset_task> on 2019-06-02 06:00:00+00:00
[2022-12-05 02:49:55,666] {standard_task_runner.py:52} INFO - Started process 756 to run task
[2022-12-05 02:49:55,673] {standard_task_runner.py:76} INFO - Running: ['***', 'tasks', 'run', 'yellow_taxi_2_bq_dag', 'download_dataset_task', 'scheduled__2019-06-02T06:00:00+00:00', '--job-id', '352', '--raw', '--subdir', 'DAGS_FOLDER/data_ingestation_gcp.py', '--cfg-path', '/tmp/tmptrkc8ulf', '--error-file', '/tmp/tmpn0skpgjv']
[2022-12-05 02:49:55,675] {standard_task_runner.py:77} INFO - Job 352: Subtask download_dataset_task
[2022-12-05 02:49:55,781] {logging_mixin.py:109} INFO - Running <TaskInstance: yellow_taxi_2_bq_dag.download_dataset_task scheduled__2019-06-02T06:00:00+00:00 [running]> on host 9b5bfd347476
[2022-12-05 02:49:55,918] {logging_mixin.py:109} WARNING - /home/***/.local/lib/python3.7/site-packages/***/utils/context.py:152 AirflowContextDeprecationWarning: Accessing 'execution_date' from the template is deprecated and will be removed in a future version. Please use 'data_interval_start' or 'logical_date' instead.
[2022-12-05 02:49:56,003] {taskinstance.py:1426} INFO - Exporting the following env vars:
AIRFLOW_CTX_DAG_OWNER=***
AIRFLOW_CTX_DAG_ID=yellow_taxi_2_bq_dag
AIRFLOW_CTX_TASK_ID=download_dataset_task
AIRFLOW_CTX_EXECUTION_DATE=2019-06-02T06:00:00+00:00
AIRFLOW_CTX_DAG_RUN_ID=scheduled__2019-06-02T06:00:00+00:00
[2022-12-05 02:49:56,009] {subprocess.py:62} INFO - Tmp dir root location: 
 /tmp
[2022-12-05 02:49:56,012] {subprocess.py:74} INFO - Running command: ['bash', '-c', 'curl -sSLf https://d37ci6vzurychx.cloudfront.net/trip-data/yellow_tripdata_2019-06.parquet > /opt/***/output_2019-06.parquet']
[2022-12-05 02:49:56,044] {subprocess.py:85} INFO - Output:
[2022-12-05 02:50:02,584] {subprocess.py:93} INFO - Command exited with return code 0
[2022-12-05 02:50:02,642] {taskinstance.py:1277} INFO - Marking task as SUCCESS. dag_id=yellow_taxi_2_bq_dag, task_id=download_dataset_task, execution_date=20190602T060000, start_date=20221205T024955, end_date=20221205T025002
[2022-12-05 02:50:02,698] {local_task_job.py:154} INFO - Task exited with return code 0
[2022-12-05 02:50:02,792] {local_task_job.py:264} INFO - 1 downstream tasks scheduled from follow-on schedule check
