[2022-12-05 03:32:47,656] {taskinstance.py:1032} INFO - Dependencies all met for <TaskInstance: yellow_taxi_2_bq_dag.remodel_data_type_task scheduled__2019-03-02T06:00:00+00:00 [queued]>
[2022-12-05 03:32:47,683] {taskinstance.py:1032} INFO - Dependencies all met for <TaskInstance: yellow_taxi_2_bq_dag.remodel_data_type_task scheduled__2019-03-02T06:00:00+00:00 [queued]>
[2022-12-05 03:32:47,684] {taskinstance.py:1238} INFO - 
--------------------------------------------------------------------------------
[2022-12-05 03:32:47,684] {taskinstance.py:1239} INFO - Starting attempt 2 of 2
[2022-12-05 03:32:47,685] {taskinstance.py:1240} INFO - 
--------------------------------------------------------------------------------
[2022-12-05 03:32:47,712] {taskinstance.py:1259} INFO - Executing <Task(PythonOperator): remodel_data_type_task> on 2019-03-02 06:00:00+00:00
[2022-12-05 03:32:47,720] {standard_task_runner.py:52} INFO - Started process 6964 to run task
[2022-12-05 03:32:47,726] {standard_task_runner.py:76} INFO - Running: ['***', 'tasks', 'run', 'yellow_taxi_2_bq_dag', 'remodel_data_type_task', 'scheduled__2019-03-02T06:00:00+00:00', '--job-id', '409', '--raw', '--subdir', 'DAGS_FOLDER/data_ingestation_gcp.py', '--cfg-path', '/tmp/tmp_rrgpez8', '--error-file', '/tmp/tmpsg7o7nmt']
[2022-12-05 03:32:47,728] {standard_task_runner.py:77} INFO - Job 409: Subtask remodel_data_type_task
[2022-12-05 03:32:47,817] {logging_mixin.py:109} INFO - Running <TaskInstance: yellow_taxi_2_bq_dag.remodel_data_type_task scheduled__2019-03-02T06:00:00+00:00 [running]> on host 9b5bfd347476
[2022-12-05 03:32:47,914] {logging_mixin.py:109} WARNING - /home/***/.local/lib/python3.7/site-packages/***/utils/context.py:152 AirflowContextDeprecationWarning: Accessing 'execution_date' from the template is deprecated and will be removed in a future version. Please use 'data_interval_start' or 'logical_date' instead.
[2022-12-05 03:32:47,946] {taskinstance.py:1426} INFO - Exporting the following env vars:
AIRFLOW_CTX_DAG_OWNER=***
AIRFLOW_CTX_DAG_ID=yellow_taxi_2_bq_dag
AIRFLOW_CTX_TASK_ID=remodel_data_type_task
AIRFLOW_CTX_EXECUTION_DATE=2019-03-02T06:00:00+00:00
AIRFLOW_CTX_DAG_RUN_ID=scheduled__2019-03-02T06:00:00+00:00
[2022-12-05 03:33:49,163] {local_task_job.py:154} INFO - Task exited with return code Negsignal.SIGKILL
[2022-12-05 03:33:49,317] {taskinstance.py:1277} INFO - Marking task as FAILED. dag_id=yellow_taxi_2_bq_dag, task_id=remodel_data_type_task, execution_date=20190302T060000, start_date=20221205T033247, end_date=20221205T033349
[2022-12-05 03:33:49,750] {local_task_job.py:264} INFO - 0 downstream tasks scheduled from follow-on schedule check
