[2022-12-05 04:42:55,779] {taskinstance.py:1032} INFO - Dependencies all met for <TaskInstance: yellow_taxi_2_bq_dag.remodel_data_type_task scheduled__2019-03-02T06:00:00+00:00 [queued]>
[2022-12-05 04:42:55,810] {taskinstance.py:1032} INFO - Dependencies all met for <TaskInstance: yellow_taxi_2_bq_dag.remodel_data_type_task scheduled__2019-03-02T06:00:00+00:00 [queued]>
[2022-12-05 04:42:55,811] {taskinstance.py:1238} INFO - 
--------------------------------------------------------------------------------
[2022-12-05 04:42:55,812] {taskinstance.py:1239} INFO - Starting attempt 4 of 4
[2022-12-05 04:42:55,813] {taskinstance.py:1240} INFO - 
--------------------------------------------------------------------------------
[2022-12-05 04:42:55,844] {taskinstance.py:1259} INFO - Executing <Task(PythonOperator): remodel_data_type_task> on 2019-03-02 06:00:00+00:00
[2022-12-05 04:42:55,854] {standard_task_runner.py:52} INFO - Started process 16447 to run task
[2022-12-05 04:42:55,862] {standard_task_runner.py:76} INFO - Running: ['***', 'tasks', 'run', 'yellow_taxi_2_bq_dag', 'remodel_data_type_task', 'scheduled__2019-03-02T06:00:00+00:00', '--job-id', '545', '--raw', '--subdir', 'DAGS_FOLDER/data_ingestation_gcp.py', '--cfg-path', '/tmp/tmpdaaqocy5', '--error-file', '/tmp/tmpuccolgnx']
[2022-12-05 04:42:55,864] {standard_task_runner.py:77} INFO - Job 545: Subtask remodel_data_type_task
[2022-12-05 04:42:55,972] {logging_mixin.py:109} INFO - Running <TaskInstance: yellow_taxi_2_bq_dag.remodel_data_type_task scheduled__2019-03-02T06:00:00+00:00 [running]> on host 9b5bfd347476
[2022-12-05 04:42:56,171] {logging_mixin.py:109} WARNING - /home/***/.local/lib/python3.7/site-packages/***/utils/context.py:152 AirflowContextDeprecationWarning: Accessing 'execution_date' from the template is deprecated and will be removed in a future version. Please use 'data_interval_start' or 'logical_date' instead.
[2022-12-05 04:42:56,234] {taskinstance.py:1426} INFO - Exporting the following env vars:
AIRFLOW_CTX_DAG_OWNER=***
AIRFLOW_CTX_DAG_ID=yellow_taxi_2_bq_dag
AIRFLOW_CTX_TASK_ID=remodel_data_type_task
AIRFLOW_CTX_EXECUTION_DATE=2019-03-02T06:00:00+00:00
AIRFLOW_CTX_DAG_RUN_ID=scheduled__2019-03-02T06:00:00+00:00
[2022-12-05 04:44:17,359] {python.py:175} INFO - Done. Returned value was: None
[2022-12-05 04:44:17,482] {taskinstance.py:1277} INFO - Marking task as SUCCESS. dag_id=yellow_taxi_2_bq_dag, task_id=remodel_data_type_task, execution_date=20190302T060000, start_date=20221205T044255, end_date=20221205T044417
[2022-12-05 04:44:17,797] {local_task_job.py:212} WARNING - State of this instance has been externally set to success. Terminating instance.
[2022-12-05 04:44:17,832] {process_utils.py:124} INFO - Sending Signals.SIGTERM to group 16447. PIDs of all processes in the group: [16447]
[2022-12-05 04:44:17,837] {process_utils.py:75} INFO - Sending the signal Signals.SIGTERM to group 16447
[2022-12-05 04:44:19,776] {process_utils.py:70} INFO - Process psutil.Process(pid=16447, status='terminated', exitcode=0, started='04:42:55') (16447) terminated with exit code 0
