[2022-12-05 02:49:07,574] {taskinstance.py:1032} INFO - Dependencies all met for <TaskInstance: yellow_taxi_2_bq_dag.download_dataset_task scheduled__2019-03-02T06:00:00+00:00 [queued]>
[2022-12-05 02:49:07,632] {taskinstance.py:1032} INFO - Dependencies all met for <TaskInstance: yellow_taxi_2_bq_dag.download_dataset_task scheduled__2019-03-02T06:00:00+00:00 [queued]>
[2022-12-05 02:49:07,635] {taskinstance.py:1238} INFO - 
--------------------------------------------------------------------------------
[2022-12-05 02:49:07,636] {taskinstance.py:1239} INFO - Starting attempt 1 of 1
[2022-12-05 02:49:07,636] {taskinstance.py:1240} INFO - 
--------------------------------------------------------------------------------
[2022-12-05 02:49:07,701] {taskinstance.py:1259} INFO - Executing <Task(BashOperator): download_dataset_task> on 2019-03-02 06:00:00+00:00
[2022-12-05 02:49:07,712] {standard_task_runner.py:52} INFO - Started process 589 to run task
[2022-12-05 02:49:07,736] {standard_task_runner.py:76} INFO - Running: ['***', 'tasks', 'run', 'yellow_taxi_2_bq_dag', 'download_dataset_task', 'scheduled__2019-03-02T06:00:00+00:00', '--job-id', '346', '--raw', '--subdir', 'DAGS_FOLDER/data_ingestation_gcp.py', '--cfg-path', '/tmp/tmptzqa0m1e', '--error-file', '/tmp/tmpnre_bwoq']
[2022-12-05 02:49:07,743] {standard_task_runner.py:77} INFO - Job 346: Subtask download_dataset_task
[2022-12-05 02:49:08,042] {logging_mixin.py:109} INFO - Running <TaskInstance: yellow_taxi_2_bq_dag.download_dataset_task scheduled__2019-03-02T06:00:00+00:00 [running]> on host 9b5bfd347476
[2022-12-05 02:49:08,389] {logging_mixin.py:109} WARNING - /home/***/.local/lib/python3.7/site-packages/***/utils/context.py:152 AirflowContextDeprecationWarning: Accessing 'execution_date' from the template is deprecated and will be removed in a future version. Please use 'data_interval_start' or 'logical_date' instead.
[2022-12-05 02:49:08,540] {taskinstance.py:1426} INFO - Exporting the following env vars:
AIRFLOW_CTX_DAG_OWNER=***
AIRFLOW_CTX_DAG_ID=yellow_taxi_2_bq_dag
AIRFLOW_CTX_TASK_ID=download_dataset_task
AIRFLOW_CTX_EXECUTION_DATE=2019-03-02T06:00:00+00:00
AIRFLOW_CTX_DAG_RUN_ID=scheduled__2019-03-02T06:00:00+00:00
[2022-12-05 02:49:08,545] {subprocess.py:62} INFO - Tmp dir root location: 
 /tmp
[2022-12-05 02:49:08,547] {subprocess.py:74} INFO - Running command: ['bash', '-c', 'curl -sSLf https://d37ci6vzurychx.cloudfront.net/trip-data/yellow_tripdata_2019-03.parquet > /opt/***/output_2019-03.parquet']
[2022-12-05 02:49:08,593] {subprocess.py:85} INFO - Output:
[2022-12-05 02:49:22,653] {subprocess.py:93} INFO - Command exited with return code 0
[2022-12-05 02:49:23,049] {taskinstance.py:1277} INFO - Marking task as SUCCESS. dag_id=yellow_taxi_2_bq_dag, task_id=download_dataset_task, execution_date=20190302T060000, start_date=20221205T024907, end_date=20221205T024923
[2022-12-05 02:49:23,102] {local_task_job.py:212} WARNING - State of this instance has been externally set to success. Terminating instance.
[2022-12-05 02:49:23,115] {process_utils.py:124} INFO - Sending Signals.SIGTERM to group 589. PIDs of all processes in the group: [589]
[2022-12-05 02:49:23,118] {process_utils.py:75} INFO - Sending the signal Signals.SIGTERM to group 589
[2022-12-05 02:49:23,119] {process_utils.py:70} INFO - Process psutil.Process(pid=589, status='terminated', exitcode=0, started='02:49:07') (589) terminated with exit code 0
