[2022-12-05 04:13:11,342] {taskinstance.py:1032} INFO - Dependencies all met for <TaskInstance: yellow_taxi_2_bq_dag.local_to_gcp_task scheduled__2020-08-02T06:00:00+00:00 [queued]>
[2022-12-05 04:13:11,368] {taskinstance.py:1032} INFO - Dependencies all met for <TaskInstance: yellow_taxi_2_bq_dag.local_to_gcp_task scheduled__2020-08-02T06:00:00+00:00 [queued]>
[2022-12-05 04:13:11,369] {taskinstance.py:1238} INFO - 
--------------------------------------------------------------------------------
[2022-12-05 04:13:11,369] {taskinstance.py:1239} INFO - Starting attempt 1 of 1
[2022-12-05 04:13:11,370] {taskinstance.py:1240} INFO - 
--------------------------------------------------------------------------------
[2022-12-05 04:13:11,397] {taskinstance.py:1259} INFO - Executing <Task(PythonOperator): local_to_gcp_task> on 2020-08-02 06:00:00+00:00
[2022-12-05 04:13:11,405] {standard_task_runner.py:52} INFO - Started process 13282 to run task
[2022-12-05 04:13:11,411] {standard_task_runner.py:76} INFO - Running: ['***', 'tasks', 'run', 'yellow_taxi_2_bq_dag', 'local_to_gcp_task', 'scheduled__2020-08-02T06:00:00+00:00', '--job-id', '516', '--raw', '--subdir', 'DAGS_FOLDER/data_ingestation_gcp.py', '--cfg-path', '/tmp/tmp6xsq1y8d', '--error-file', '/tmp/tmpstwemmqc']
[2022-12-05 04:13:11,413] {standard_task_runner.py:77} INFO - Job 516: Subtask local_to_gcp_task
[2022-12-05 04:13:11,502] {logging_mixin.py:109} INFO - Running <TaskInstance: yellow_taxi_2_bq_dag.local_to_gcp_task scheduled__2020-08-02T06:00:00+00:00 [running]> on host 9b5bfd347476
[2022-12-05 04:13:11,599] {logging_mixin.py:109} WARNING - /home/***/.local/lib/python3.7/site-packages/***/utils/context.py:152 AirflowContextDeprecationWarning: Accessing 'execution_date' from the template is deprecated and will be removed in a future version. Please use 'data_interval_start' or 'logical_date' instead.
[2022-12-05 04:13:11,633] {taskinstance.py:1426} INFO - Exporting the following env vars:
AIRFLOW_CTX_DAG_OWNER=***
AIRFLOW_CTX_DAG_ID=yellow_taxi_2_bq_dag
AIRFLOW_CTX_TASK_ID=local_to_gcp_task
AIRFLOW_CTX_EXECUTION_DATE=2020-08-02T06:00:00+00:00
AIRFLOW_CTX_DAG_RUN_ID=scheduled__2020-08-02T06:00:00+00:00
[2022-12-05 04:13:16,647] {python.py:175} INFO - Done. Returned value was: None
[2022-12-05 04:13:16,673] {taskinstance.py:1277} INFO - Marking task as SUCCESS. dag_id=yellow_taxi_2_bq_dag, task_id=local_to_gcp_task, execution_date=20200802T060000, start_date=20221205T041311, end_date=20221205T041316
[2022-12-05 04:13:16,755] {local_task_job.py:154} INFO - Task exited with return code 0
[2022-12-05 04:13:16,837] {local_task_job.py:264} INFO - 1 downstream tasks scheduled from follow-on schedule check
