[2022-12-05 03:26:20,590] {taskinstance.py:1032} INFO - Dependencies all met for <TaskInstance: yellow_taxi_to_bq_dag.gcs_2_gcs_task scheduled__2019-07-02T06:00:00+00:00 [queued]>
[2022-12-05 03:26:20,620] {taskinstance.py:1032} INFO - Dependencies all met for <TaskInstance: yellow_taxi_to_bq_dag.gcs_2_gcs_task scheduled__2019-07-02T06:00:00+00:00 [queued]>
[2022-12-05 03:26:20,621] {taskinstance.py:1238} INFO - 
--------------------------------------------------------------------------------
[2022-12-05 03:26:20,622] {taskinstance.py:1239} INFO - Starting attempt 1 of 1
[2022-12-05 03:26:20,622] {taskinstance.py:1240} INFO - 
--------------------------------------------------------------------------------
[2022-12-05 03:26:20,653] {taskinstance.py:1259} INFO - Executing <Task(GCSToGCSOperator): gcs_2_gcs_task> on 2019-07-02 06:00:00+00:00
[2022-12-05 03:26:20,662] {standard_task_runner.py:52} INFO - Started process 6040 to run task
[2022-12-05 03:26:20,669] {standard_task_runner.py:76} INFO - Running: ['***', 'tasks', 'run', 'yellow_taxi_to_bq_dag', 'gcs_2_gcs_task', 'scheduled__2019-07-02T06:00:00+00:00', '--job-id', '399', '--raw', '--subdir', 'DAGS_FOLDER/data_ingestation_gcp.py', '--cfg-path', '/tmp/tmpjk0peiu5', '--error-file', '/tmp/tmpcxz6xftb']
[2022-12-05 03:26:20,672] {standard_task_runner.py:77} INFO - Job 399: Subtask gcs_2_gcs_task
[2022-12-05 03:26:20,775] {logging_mixin.py:109} INFO - Running <TaskInstance: yellow_taxi_to_bq_dag.gcs_2_gcs_task scheduled__2019-07-02T06:00:00+00:00 [running]> on host 9b5bfd347476
[2022-12-05 03:26:20,898] {taskinstance.py:1426} INFO - Exporting the following env vars:
AIRFLOW_CTX_DAG_OWNER=***
AIRFLOW_CTX_DAG_ID=yellow_taxi_to_bq_dag
AIRFLOW_CTX_TASK_ID=gcs_2_gcs_task
AIRFLOW_CTX_EXECUTION_DATE=2019-07-02T06:00:00+00:00
AIRFLOW_CTX_DAG_RUN_ID=scheduled__2019-07-02T06:00:00+00:00
[2022-12-05 03:26:20,902] {crypto.py:82} WARNING - empty cryptography key - values will not be stored encrypted.
[2022-12-05 03:26:20,903] {gcs_to_gcs.py:346} INFO - Delimiter ignored because wildcard is in prefix
[2022-12-05 03:26:21,448] {gcs_to_gcs.py:431} INFO - Executing copy of gs://my_nyc_tlc/raw/yellow_tripdata_2019-07.parquet to gs://my_nyc_tlc/yellow/2019-07.parquet
[2022-12-05 03:26:21,632] {gcs.py:251} INFO - Total Bytes: 132633271 | Bytes Written: 132633271
[2022-12-05 03:26:21,635] {gcs.py:264} INFO - Object raw/yellow_tripdata_2019-07.parquet in bucket my_nyc_tlc rewritten to object yellow/2019-07.parquet in bucket my_nyc_tlc
[2022-12-05 03:26:21,750] {gcs.py:645} INFO - Blob raw/yellow_tripdata_2019-07.parquet deleted.
[2022-12-05 03:26:21,825] {taskinstance.py:1277} INFO - Marking task as SUCCESS. dag_id=yellow_taxi_to_bq_dag, task_id=gcs_2_gcs_task, execution_date=20190702T060000, start_date=20221205T032620, end_date=20221205T032621
[2022-12-05 03:26:21,950] {local_task_job.py:154} INFO - Task exited with return code 0
[2022-12-05 03:26:22,115] {local_task_job.py:264} INFO - 1 downstream tasks scheduled from follow-on schedule check
