[2022-12-05 04:56:11,740] {taskinstance.py:1032} INFO - Dependencies all met for <TaskInstance: yellow_taxi_2_bq_dag.download_dataset_task scheduled__2019-09-02T06:00:00+00:00 [queued]>
[2022-12-05 04:56:11,779] {taskinstance.py:1032} INFO - Dependencies all met for <TaskInstance: yellow_taxi_2_bq_dag.download_dataset_task scheduled__2019-09-02T06:00:00+00:00 [queued]>
[2022-12-05 04:56:11,780] {taskinstance.py:1238} INFO - 
--------------------------------------------------------------------------------
[2022-12-05 04:56:11,781] {taskinstance.py:1239} INFO - Starting attempt 2 of 2
[2022-12-05 04:56:11,784] {taskinstance.py:1240} INFO - 
--------------------------------------------------------------------------------
[2022-12-05 04:56:11,821] {taskinstance.py:1259} INFO - Executing <Task(BashOperator): download_dataset_task> on 2019-09-02 06:00:00+00:00
[2022-12-05 04:56:11,832] {standard_task_runner.py:52} INFO - Started process 18423 to run task
[2022-12-05 04:56:11,841] {standard_task_runner.py:76} INFO - Running: ['***', 'tasks', 'run', 'yellow_taxi_2_bq_dag', 'download_dataset_task', 'scheduled__2019-09-02T06:00:00+00:00', '--job-id', '574', '--raw', '--subdir', 'DAGS_FOLDER/data_ingestation_gcp.py', '--cfg-path', '/tmp/tmp7vqn9at_', '--error-file', '/tmp/tmpv3q92x9f']
[2022-12-05 04:56:11,843] {standard_task_runner.py:77} INFO - Job 574: Subtask download_dataset_task
[2022-12-05 04:56:11,979] {logging_mixin.py:109} INFO - Running <TaskInstance: yellow_taxi_2_bq_dag.download_dataset_task scheduled__2019-09-02T06:00:00+00:00 [running]> on host 9b5bfd347476
[2022-12-05 04:56:12,125] {logging_mixin.py:109} WARNING - /home/***/.local/lib/python3.7/site-packages/***/utils/context.py:152 AirflowContextDeprecationWarning: Accessing 'execution_date' from the template is deprecated and will be removed in a future version. Please use 'data_interval_start' or 'logical_date' instead.
[2022-12-05 04:56:12,159] {taskinstance.py:1426} INFO - Exporting the following env vars:
AIRFLOW_CTX_DAG_OWNER=***
AIRFLOW_CTX_DAG_ID=yellow_taxi_2_bq_dag
AIRFLOW_CTX_TASK_ID=download_dataset_task
AIRFLOW_CTX_EXECUTION_DATE=2019-09-02T06:00:00+00:00
AIRFLOW_CTX_DAG_RUN_ID=scheduled__2019-09-02T06:00:00+00:00
[2022-12-05 04:56:12,162] {subprocess.py:62} INFO - Tmp dir root location: 
 /tmp
[2022-12-05 04:56:12,164] {subprocess.py:74} INFO - Running command: ['bash', '-c', 'curl -sSLf https://d37ci6vzurychx.cloudfront.net/trip-data/yellow_tripdata_2019-09.parquet > /opt/***/output_2019-09.parquet']
[2022-12-05 04:56:12,180] {subprocess.py:85} INFO - Output:
[2022-12-05 04:56:17,976] {subprocess.py:93} INFO - Command exited with return code 0
[2022-12-05 04:56:18,070] {taskinstance.py:1277} INFO - Marking task as SUCCESS. dag_id=yellow_taxi_2_bq_dag, task_id=download_dataset_task, execution_date=20190902T060000, start_date=20221205T045611, end_date=20221205T045618
[2022-12-05 04:56:18,155] {local_task_job.py:154} INFO - Task exited with return code 0
[2022-12-05 04:56:18,233] {dagrun.py:628} WARNING - Failed to get task '<TaskInstance: yellow_taxi_2_bq_dag.bq_ext_2_part_task scheduled__2019-09-02T06:00:00+00:00 [removed]>' for dag 'yellow_taxi_2_bq_dag'. Marking it as removed.
[2022-12-05 04:56:18,264] {local_task_job.py:264} INFO - 1 downstream tasks scheduled from follow-on schedule check
