[2022-12-05 04:06:59,402] {taskinstance.py:1032} INFO - Dependencies all met for <TaskInstance: yellow_taxi_2_bq_dag.gcs_2_gcs_task scheduled__2020-02-02T06:00:00+00:00 [queued]>
[2022-12-05 04:06:59,428] {taskinstance.py:1032} INFO - Dependencies all met for <TaskInstance: yellow_taxi_2_bq_dag.gcs_2_gcs_task scheduled__2020-02-02T06:00:00+00:00 [queued]>
[2022-12-05 04:06:59,429] {taskinstance.py:1238} INFO - 
--------------------------------------------------------------------------------
[2022-12-05 04:06:59,430] {taskinstance.py:1239} INFO - Starting attempt 1 of 1
[2022-12-05 04:06:59,430] {taskinstance.py:1240} INFO - 
--------------------------------------------------------------------------------
[2022-12-05 04:06:59,458] {taskinstance.py:1259} INFO - Executing <Task(GCSToGCSOperator): gcs_2_gcs_task> on 2020-02-02 06:00:00+00:00
[2022-12-05 04:06:59,467] {standard_task_runner.py:52} INFO - Started process 12100 to run task
[2022-12-05 04:06:59,474] {standard_task_runner.py:76} INFO - Running: ['***', 'tasks', 'run', 'yellow_taxi_2_bq_dag', 'gcs_2_gcs_task', 'scheduled__2020-02-02T06:00:00+00:00', '--job-id', '481', '--raw', '--subdir', 'DAGS_FOLDER/data_ingestation_gcp.py', '--cfg-path', '/tmp/tmpugus4swq', '--error-file', '/tmp/tmpsfrzw82d']
[2022-12-05 04:06:59,475] {standard_task_runner.py:77} INFO - Job 481: Subtask gcs_2_gcs_task
[2022-12-05 04:06:59,564] {logging_mixin.py:109} INFO - Running <TaskInstance: yellow_taxi_2_bq_dag.gcs_2_gcs_task scheduled__2020-02-02T06:00:00+00:00 [running]> on host 9b5bfd347476
[2022-12-05 04:06:59,669] {taskinstance.py:1426} INFO - Exporting the following env vars:
AIRFLOW_CTX_DAG_OWNER=***
AIRFLOW_CTX_DAG_ID=yellow_taxi_2_bq_dag
AIRFLOW_CTX_TASK_ID=gcs_2_gcs_task
AIRFLOW_CTX_EXECUTION_DATE=2020-02-02T06:00:00+00:00
AIRFLOW_CTX_DAG_RUN_ID=scheduled__2020-02-02T06:00:00+00:00
[2022-12-05 04:06:59,672] {crypto.py:82} WARNING - empty cryptography key - values will not be stored encrypted.
[2022-12-05 04:06:59,673] {gcs_to_gcs.py:346} INFO - Delimiter ignored because wildcard is in prefix
[2022-12-05 04:07:00,106] {gcs_to_gcs.py:431} INFO - Executing copy of gs://my_nyc_tlc/raw/yellow_tripdata_2020-02.parquet to gs://my_nyc_tlc/yellow/2020-02.parquet
[2022-12-05 04:07:00,234] {gcs.py:251} INFO - Total Bytes: 130799965 | Bytes Written: 130799965
[2022-12-05 04:07:00,235] {gcs.py:264} INFO - Object raw/yellow_tripdata_2020-02.parquet in bucket my_nyc_tlc rewritten to object yellow/2020-02.parquet in bucket my_nyc_tlc
[2022-12-05 04:07:00,330] {gcs.py:645} INFO - Blob raw/yellow_tripdata_2020-02.parquet deleted.
[2022-12-05 04:07:00,367] {taskinstance.py:1277} INFO - Marking task as SUCCESS. dag_id=yellow_taxi_2_bq_dag, task_id=gcs_2_gcs_task, execution_date=20200202T060000, start_date=20221205T040659, end_date=20221205T040700
[2022-12-05 04:07:00,428] {local_task_job.py:154} INFO - Task exited with return code 0
[2022-12-05 04:07:00,653] {local_task_job.py:264} INFO - 0 downstream tasks scheduled from follow-on schedule check
