[2022-12-05 03:21:35,512] {taskinstance.py:1032} INFO - Dependencies all met for <TaskInstance: yellow_taxi_to_bq_dag.download_dataset_task scheduled__2019-06-02T06:00:00+00:00 [queued]>
[2022-12-05 03:21:35,539] {taskinstance.py:1032} INFO - Dependencies all met for <TaskInstance: yellow_taxi_to_bq_dag.download_dataset_task scheduled__2019-06-02T06:00:00+00:00 [queued]>
[2022-12-05 03:21:35,540] {taskinstance.py:1238} INFO - 
--------------------------------------------------------------------------------
[2022-12-05 03:21:35,541] {taskinstance.py:1239} INFO - Starting attempt 1 of 1
[2022-12-05 03:21:35,541] {taskinstance.py:1240} INFO - 
--------------------------------------------------------------------------------
[2022-12-05 03:21:35,568] {taskinstance.py:1259} INFO - Executing <Task(BashOperator): download_dataset_task> on 2019-06-02 06:00:00+00:00
[2022-12-05 03:21:35,576] {standard_task_runner.py:52} INFO - Started process 5347 to run task
[2022-12-05 03:21:35,582] {standard_task_runner.py:76} INFO - Running: ['***', 'tasks', 'run', 'yellow_taxi_to_bq_dag', 'download_dataset_task', 'scheduled__2019-06-02T06:00:00+00:00', '--job-id', '390', '--raw', '--subdir', 'DAGS_FOLDER/data_ingestation_gcp.py', '--cfg-path', '/tmp/tmpr9s3f7m_', '--error-file', '/tmp/tmp17yzlz56']
[2022-12-05 03:21:35,584] {standard_task_runner.py:77} INFO - Job 390: Subtask download_dataset_task
[2022-12-05 03:21:35,674] {logging_mixin.py:109} INFO - Running <TaskInstance: yellow_taxi_to_bq_dag.download_dataset_task scheduled__2019-06-02T06:00:00+00:00 [running]> on host 9b5bfd347476
[2022-12-05 03:21:35,770] {logging_mixin.py:109} WARNING - /home/***/.local/lib/python3.7/site-packages/***/utils/context.py:152 AirflowContextDeprecationWarning: Accessing 'execution_date' from the template is deprecated and will be removed in a future version. Please use 'data_interval_start' or 'logical_date' instead.
[2022-12-05 03:21:35,799] {taskinstance.py:1426} INFO - Exporting the following env vars:
AIRFLOW_CTX_DAG_OWNER=***
AIRFLOW_CTX_DAG_ID=yellow_taxi_to_bq_dag
AIRFLOW_CTX_TASK_ID=download_dataset_task
AIRFLOW_CTX_EXECUTION_DATE=2019-06-02T06:00:00+00:00
AIRFLOW_CTX_DAG_RUN_ID=scheduled__2019-06-02T06:00:00+00:00
[2022-12-05 03:21:35,802] {subprocess.py:62} INFO - Tmp dir root location: 
 /tmp
[2022-12-05 03:21:35,803] {subprocess.py:74} INFO - Running command: ['bash', '-c', 'curl -sSLf https://d37ci6vzurychx.cloudfront.net/trip-data/yellow_tripdata_2019-06.parquet > /opt/***/output_2019-06.parquet']
[2022-12-05 03:21:35,818] {subprocess.py:85} INFO - Output:
[2022-12-05 03:21:42,458] {subprocess.py:93} INFO - Command exited with return code 0
[2022-12-05 03:21:42,533] {taskinstance.py:1277} INFO - Marking task as SUCCESS. dag_id=yellow_taxi_to_bq_dag, task_id=download_dataset_task, execution_date=20190602T060000, start_date=20221205T032135, end_date=20221205T032142
[2022-12-05 03:21:42,602] {local_task_job.py:154} INFO - Task exited with return code 0
[2022-12-05 03:21:42,708] {local_task_job.py:264} INFO - 1 downstream tasks scheduled from follow-on schedule check
