[2022-12-05 14:30:03,408] {taskinstance.py:1032} INFO - Dependencies all met for <TaskInstance: green_taxi_2_bq_dag.download_dataset_task scheduled__2020-06-02T06:00:00+00:00 [queued]>
[2022-12-05 14:30:03,525] {taskinstance.py:1032} INFO - Dependencies all met for <TaskInstance: green_taxi_2_bq_dag.download_dataset_task scheduled__2020-06-02T06:00:00+00:00 [queued]>
[2022-12-05 14:30:03,526] {taskinstance.py:1238} INFO - 
--------------------------------------------------------------------------------
[2022-12-05 14:30:03,527] {taskinstance.py:1239} INFO - Starting attempt 1 of 2
[2022-12-05 14:30:03,528] {taskinstance.py:1240} INFO - 
--------------------------------------------------------------------------------
[2022-12-05 14:30:03,629] {taskinstance.py:1259} INFO - Executing <Task(BashOperator): download_dataset_task> on 2020-06-02 06:00:00+00:00
[2022-12-05 14:30:03,651] {standard_task_runner.py:52} INFO - Started process 80401 to run task
[2022-12-05 14:30:03,708] {standard_task_runner.py:76} INFO - Running: ['***', 'tasks', 'run', 'green_taxi_2_bq_dag', 'download_dataset_task', 'scheduled__2020-06-02T06:00:00+00:00', '--job-id', '750', '--raw', '--subdir', 'DAGS_FOLDER/green_taxi_data_2_bigq_dag.py', '--cfg-path', '/tmp/tmp8vbej9lr', '--error-file', '/tmp/tmp4fnnno15']
[2022-12-05 14:30:03,720] {standard_task_runner.py:77} INFO - Job 750: Subtask download_dataset_task
[2022-12-05 14:30:04,264] {logging_mixin.py:109} INFO - Running <TaskInstance: green_taxi_2_bq_dag.download_dataset_task scheduled__2020-06-02T06:00:00+00:00 [running]> on host 9b5bfd347476
[2022-12-05 14:30:04,669] {logging_mixin.py:109} WARNING - /home/***/.local/lib/python3.7/site-packages/***/utils/context.py:152 AirflowContextDeprecationWarning: Accessing 'execution_date' from the template is deprecated and will be removed in a future version. Please use 'data_interval_start' or 'logical_date' instead.
[2022-12-05 14:30:04,766] {taskinstance.py:1426} INFO - Exporting the following env vars:
AIRFLOW_CTX_DAG_OWNER=***
AIRFLOW_CTX_DAG_ID=green_taxi_2_bq_dag
AIRFLOW_CTX_TASK_ID=download_dataset_task
AIRFLOW_CTX_EXECUTION_DATE=2020-06-02T06:00:00+00:00
AIRFLOW_CTX_DAG_RUN_ID=scheduled__2020-06-02T06:00:00+00:00
[2022-12-05 14:30:04,771] {subprocess.py:62} INFO - Tmp dir root location: 
 /tmp
[2022-12-05 14:30:04,773] {subprocess.py:74} INFO - Running command: ['bash', '-c', 'curl -sSLf https://d37ci6vzurychx.cloudfront.net/trip-data/green_tripdata_2020-06.parquet > /opt/***/output_2020-06.parquet']
[2022-12-05 14:30:04,846] {subprocess.py:85} INFO - Output:
[2022-12-05 14:30:07,128] {subprocess.py:93} INFO - Command exited with return code 0
[2022-12-05 14:30:07,203] {taskinstance.py:1277} INFO - Marking task as SUCCESS. dag_id=green_taxi_2_bq_dag, task_id=download_dataset_task, execution_date=20200602T060000, start_date=20221205T143003, end_date=20221205T143007
[2022-12-05 14:30:07,262] {local_task_job.py:154} INFO - Task exited with return code 0
[2022-12-05 14:30:07,413] {local_task_job.py:264} INFO - 1 downstream tasks scheduled from follow-on schedule check
