[2022-11-26 07:24:05,160] {taskinstance.py:1032} INFO - Dependencies all met for <TaskInstance: LocalIngestationDag_new.wget scheduled__2022-10-02T06:00:00+00:00 [queued]>
[2022-11-26 07:24:05,205] {taskinstance.py:1032} INFO - Dependencies all met for <TaskInstance: LocalIngestationDag_new.wget scheduled__2022-10-02T06:00:00+00:00 [queued]>
[2022-11-26 07:24:05,207] {taskinstance.py:1238} INFO - 
--------------------------------------------------------------------------------
[2022-11-26 07:24:05,208] {taskinstance.py:1239} INFO - Starting attempt 1 of 1
[2022-11-26 07:24:05,209] {taskinstance.py:1240} INFO - 
--------------------------------------------------------------------------------
[2022-11-26 07:24:05,261] {taskinstance.py:1259} INFO - Executing <Task(BashOperator): wget> on 2022-10-02 06:00:00+00:00
[2022-11-26 07:24:05,273] {standard_task_runner.py:52} INFO - Started process 2288 to run task
[2022-11-26 07:24:05,289] {standard_task_runner.py:76} INFO - Running: ['***', 'tasks', 'run', 'LocalIngestationDag_new', 'wget', 'scheduled__2022-10-02T06:00:00+00:00', '--job-id', '91', '--raw', '--subdir', 'DAGS_FOLDER/data_ingestation.py', '--cfg-path', '/tmp/tmpftlszqzv', '--error-file', '/tmp/tmpx_2lo859']
[2022-11-26 07:24:05,292] {standard_task_runner.py:77} INFO - Job 91: Subtask wget
[2022-11-26 07:24:05,488] {logging_mixin.py:109} INFO - Running <TaskInstance: LocalIngestationDag_new.wget scheduled__2022-10-02T06:00:00+00:00 [running]> on host 951f10ff76c7
[2022-11-26 07:24:05,708] {logging_mixin.py:109} WARNING - /home/***/.local/lib/python3.7/site-packages/***/utils/context.py:152 AirflowContextDeprecationWarning: Accessing 'execution_date' from the template is deprecated and will be removed in a future version. Please use 'data_interval_start' or 'logical_date' instead.
[2022-11-26 07:24:05,766] {taskinstance.py:1426} INFO - Exporting the following env vars:
AIRFLOW_CTX_DAG_OWNER=***
AIRFLOW_CTX_DAG_ID=LocalIngestationDag_new
AIRFLOW_CTX_TASK_ID=wget
AIRFLOW_CTX_EXECUTION_DATE=2022-10-02T06:00:00+00:00
AIRFLOW_CTX_DAG_RUN_ID=scheduled__2022-10-02T06:00:00+00:00
[2022-11-26 07:24:05,773] {subprocess.py:62} INFO - Tmp dir root location: 
 /tmp
[2022-11-26 07:24:05,776] {subprocess.py:74} INFO - Running command: ['bash', '-c', 'curl -sS https://d37ci6vzurychx.cloudfront.net/trip-data//yellow_tripdate_2022-10.parquet > /opt/***/output_2022-10.parquet']
[2022-11-26 07:24:05,799] {subprocess.py:85} INFO - Output:
[2022-11-26 07:24:07,090] {subprocess.py:93} INFO - Command exited with return code 0
[2022-11-26 07:24:07,175] {taskinstance.py:1277} INFO - Marking task as SUCCESS. dag_id=LocalIngestationDag_new, task_id=wget, execution_date=20221002T060000, start_date=20221126T072405, end_date=20221126T072407
[2022-11-26 07:24:07,251] {local_task_job.py:154} INFO - Task exited with return code 0
[2022-11-26 07:24:07,523] {local_task_job.py:264} INFO - 0 downstream tasks scheduled from follow-on schedule check
