[2022-12-05 14:25:55,102] {taskinstance.py:1032} INFO - Dependencies all met for <TaskInstance: green_taxi_2_bq_dag.local_to_gcp_task scheduled__2019-12-02T06:00:00+00:00 [queued]>
[2022-12-05 14:25:55,129] {taskinstance.py:1032} INFO - Dependencies all met for <TaskInstance: green_taxi_2_bq_dag.local_to_gcp_task scheduled__2019-12-02T06:00:00+00:00 [queued]>
[2022-12-05 14:25:55,130] {taskinstance.py:1238} INFO - 
--------------------------------------------------------------------------------
[2022-12-05 14:25:55,130] {taskinstance.py:1239} INFO - Starting attempt 1 of 2
[2022-12-05 14:25:55,131] {taskinstance.py:1240} INFO - 
--------------------------------------------------------------------------------
[2022-12-05 14:25:55,159] {taskinstance.py:1259} INFO - Executing <Task(PythonOperator): local_to_gcp_task> on 2019-12-02 06:00:00+00:00
[2022-12-05 14:25:55,168] {standard_task_runner.py:52} INFO - Started process 79444 to run task
[2022-12-05 14:25:55,175] {standard_task_runner.py:76} INFO - Running: ['***', 'tasks', 'run', 'green_taxi_2_bq_dag', 'local_to_gcp_task', 'scheduled__2019-12-02T06:00:00+00:00', '--job-id', '719', '--raw', '--subdir', 'DAGS_FOLDER/green_taxi_data_2_bigq_dag.py', '--cfg-path', '/tmp/tmpb3gogjj_', '--error-file', '/tmp/tmplye6nj_a']
[2022-12-05 14:25:55,177] {standard_task_runner.py:77} INFO - Job 719: Subtask local_to_gcp_task
[2022-12-05 14:25:55,295] {logging_mixin.py:109} INFO - Running <TaskInstance: green_taxi_2_bq_dag.local_to_gcp_task scheduled__2019-12-02T06:00:00+00:00 [running]> on host 9b5bfd347476
[2022-12-05 14:25:55,418] {logging_mixin.py:109} WARNING - /home/***/.local/lib/python3.7/site-packages/***/utils/context.py:152 AirflowContextDeprecationWarning: Accessing 'execution_date' from the template is deprecated and will be removed in a future version. Please use 'data_interval_start' or 'logical_date' instead.
[2022-12-05 14:25:55,463] {taskinstance.py:1426} INFO - Exporting the following env vars:
AIRFLOW_CTX_DAG_OWNER=***
AIRFLOW_CTX_DAG_ID=green_taxi_2_bq_dag
AIRFLOW_CTX_TASK_ID=local_to_gcp_task
AIRFLOW_CTX_EXECUTION_DATE=2019-12-02T06:00:00+00:00
AIRFLOW_CTX_DAG_RUN_ID=scheduled__2019-12-02T06:00:00+00:00
[2022-12-05 14:25:58,221] {python.py:175} INFO - Done. Returned value was: None
[2022-12-05 14:25:58,273] {taskinstance.py:1277} INFO - Marking task as SUCCESS. dag_id=green_taxi_2_bq_dag, task_id=local_to_gcp_task, execution_date=20191202T060000, start_date=20221205T142555, end_date=20221205T142558
[2022-12-05 14:25:58,387] {local_task_job.py:154} INFO - Task exited with return code 0
[2022-12-05 14:25:58,545] {local_task_job.py:264} INFO - 1 downstream tasks scheduled from follow-on schedule check
