[2022-11-24 06:49:12,083] {taskinstance.py:1032} INFO - Dependencies all met for <TaskInstance: LocalIngestationDag.ingestation scheduled__2021-09-02T06:00:00+00:00 [queued]>
[2022-11-24 06:49:12,269] {taskinstance.py:1032} INFO - Dependencies all met for <TaskInstance: LocalIngestationDag.ingestation scheduled__2021-09-02T06:00:00+00:00 [queued]>
[2022-11-24 06:49:12,285] {taskinstance.py:1238} INFO - 
--------------------------------------------------------------------------------
[2022-11-24 06:49:12,289] {taskinstance.py:1239} INFO - Starting attempt 1 of 1
[2022-11-24 06:49:12,290] {taskinstance.py:1240} INFO - 
--------------------------------------------------------------------------------
[2022-11-24 06:49:12,511] {taskinstance.py:1259} INFO - Executing <Task(BashOperator): ingestation> on 2021-09-02 06:00:00+00:00
[2022-11-24 06:49:12,572] {standard_task_runner.py:52} INFO - Started process 1648 to run task
[2022-11-24 06:49:12,587] {standard_task_runner.py:76} INFO - Running: ['***', 'tasks', 'run', 'LocalIngestationDag', 'ingestation', 'scheduled__2021-09-02T06:00:00+00:00', '--job-id', '24', '--raw', '--subdir', 'DAGS_FOLDER/data_ingestation.py', '--cfg-path', '/tmp/tmpxj1lg1rq', '--error-file', '/tmp/tmp9047jaq0']
[2022-11-24 06:49:12,591] {standard_task_runner.py:77} INFO - Job 24: Subtask ingestation
[2022-11-24 06:49:13,058] {logging_mixin.py:109} INFO - Running <TaskInstance: LocalIngestationDag.ingestation scheduled__2021-09-02T06:00:00+00:00 [running]> on host d01293c252ef
[2022-11-24 06:49:13,449] {taskinstance.py:1426} INFO - Exporting the following env vars:
AIRFLOW_CTX_DAG_OWNER=***
AIRFLOW_CTX_DAG_ID=LocalIngestationDag
AIRFLOW_CTX_TASK_ID=ingestation
AIRFLOW_CTX_EXECUTION_DATE=2021-09-02T06:00:00+00:00
AIRFLOW_CTX_DAG_RUN_ID=scheduled__2021-09-02T06:00:00+00:00
[2022-11-24 06:49:13,456] {subprocess.py:62} INFO - Tmp dir root location: 
 /tmp
[2022-11-24 06:49:13,474] {subprocess.py:74} INFO - Running command: ['bash', '-c', 'echo "Ingestation start"']
[2022-11-24 06:49:13,529] {subprocess.py:85} INFO - Output:
[2022-11-24 06:49:13,717] {subprocess.py:89} INFO - Ingestation start
[2022-11-24 06:49:13,751] {subprocess.py:93} INFO - Command exited with return code 0
[2022-11-24 06:49:14,178] {taskinstance.py:1277} INFO - Marking task as SUCCESS. dag_id=LocalIngestationDag, task_id=ingestation, execution_date=20210902T060000, start_date=20221124T064912, end_date=20221124T064914
[2022-11-24 06:49:14,314] {local_task_job.py:154} INFO - Task exited with return code 0
[2022-11-24 06:49:14,524] {local_task_job.py:264} INFO - 0 downstream tasks scheduled from follow-on schedule check
