[2022-12-05 03:56:58,850] {taskinstance.py:1032} INFO - Dependencies all met for <TaskInstance: yellow_taxi_2_bq_dag.gcs_2_gcs_task scheduled__2019-10-02T06:00:00+00:00 [queued]>
[2022-12-05 03:56:58,887] {taskinstance.py:1032} INFO - Dependencies all met for <TaskInstance: yellow_taxi_2_bq_dag.gcs_2_gcs_task scheduled__2019-10-02T06:00:00+00:00 [queued]>
[2022-12-05 03:56:58,888] {taskinstance.py:1238} INFO - 
--------------------------------------------------------------------------------
[2022-12-05 03:56:58,889] {taskinstance.py:1239} INFO - Starting attempt 1 of 1
[2022-12-05 03:56:58,889] {taskinstance.py:1240} INFO - 
--------------------------------------------------------------------------------
[2022-12-05 03:56:58,928] {taskinstance.py:1259} INFO - Executing <Task(GCSToGCSOperator): gcs_2_gcs_task> on 2019-10-02 06:00:00+00:00
[2022-12-05 03:56:58,940] {standard_task_runner.py:52} INFO - Started process 10569 to run task
[2022-12-05 03:56:58,948] {standard_task_runner.py:76} INFO - Running: ['***', 'tasks', 'run', 'yellow_taxi_2_bq_dag', 'gcs_2_gcs_task', 'scheduled__2019-10-02T06:00:00+00:00', '--job-id', '457', '--raw', '--subdir', 'DAGS_FOLDER/data_ingestation_gcp.py', '--cfg-path', '/tmp/tmp0n0aqkdh', '--error-file', '/tmp/tmpgaic3t9n']
[2022-12-05 03:56:58,951] {standard_task_runner.py:77} INFO - Job 457: Subtask gcs_2_gcs_task
[2022-12-05 03:56:59,086] {logging_mixin.py:109} INFO - Running <TaskInstance: yellow_taxi_2_bq_dag.gcs_2_gcs_task scheduled__2019-10-02T06:00:00+00:00 [running]> on host 9b5bfd347476
[2022-12-05 03:56:59,256] {taskinstance.py:1426} INFO - Exporting the following env vars:
AIRFLOW_CTX_DAG_OWNER=***
AIRFLOW_CTX_DAG_ID=yellow_taxi_2_bq_dag
AIRFLOW_CTX_TASK_ID=gcs_2_gcs_task
AIRFLOW_CTX_EXECUTION_DATE=2019-10-02T06:00:00+00:00
AIRFLOW_CTX_DAG_RUN_ID=scheduled__2019-10-02T06:00:00+00:00
[2022-12-05 03:56:59,262] {crypto.py:82} WARNING - empty cryptography key - values will not be stored encrypted.
[2022-12-05 03:56:59,264] {gcs_to_gcs.py:346} INFO - Delimiter ignored because wildcard is in prefix
[2022-12-05 03:56:59,865] {gcs_to_gcs.py:431} INFO - Executing copy of gs://my_nyc_tlc/raw/yellow_tripdata_2019-10.parquet to gs://my_nyc_tlc/yellow/2019-10.parquet
[2022-12-05 03:57:00,018] {gcs.py:251} INFO - Total Bytes: 150622545 | Bytes Written: 150622545
[2022-12-05 03:57:00,023] {gcs.py:264} INFO - Object raw/yellow_tripdata_2019-10.parquet in bucket my_nyc_tlc rewritten to object yellow/2019-10.parquet in bucket my_nyc_tlc
[2022-12-05 03:57:00,139] {gcs.py:645} INFO - Blob raw/yellow_tripdata_2019-10.parquet deleted.
[2022-12-05 03:57:00,196] {taskinstance.py:1277} INFO - Marking task as SUCCESS. dag_id=yellow_taxi_2_bq_dag, task_id=gcs_2_gcs_task, execution_date=20191002T060000, start_date=20221205T035658, end_date=20221205T035700
[2022-12-05 03:57:00,272] {local_task_job.py:154} INFO - Task exited with return code 0
[2022-12-05 03:57:00,395] {local_task_job.py:264} INFO - 1 downstream tasks scheduled from follow-on schedule check
