[2022-12-05 05:35:52,604] {taskinstance.py:1032} INFO - Dependencies all met for <TaskInstance: yellow_taxi_2_bq_edited_dag.gcs_2_gcs_task scheduled__2019-01-02T06:00:00+00:00 [queued]>
[2022-12-05 05:35:52,658] {taskinstance.py:1032} INFO - Dependencies all met for <TaskInstance: yellow_taxi_2_bq_edited_dag.gcs_2_gcs_task scheduled__2019-01-02T06:00:00+00:00 [queued]>
[2022-12-05 05:35:52,659] {taskinstance.py:1238} INFO - 
--------------------------------------------------------------------------------
[2022-12-05 05:35:52,660] {taskinstance.py:1239} INFO - Starting attempt 1 of 1
[2022-12-05 05:35:52,661] {taskinstance.py:1240} INFO - 
--------------------------------------------------------------------------------
[2022-12-05 05:35:52,716] {taskinstance.py:1259} INFO - Executing <Task(GCSToGCSOperator): gcs_2_gcs_task> on 2019-01-02 06:00:00+00:00
[2022-12-05 05:35:52,727] {standard_task_runner.py:52} INFO - Started process 23004 to run task
[2022-12-05 05:35:52,737] {standard_task_runner.py:76} INFO - Running: ['***', 'tasks', 'run', 'yellow_taxi_2_bq_edited_dag', 'gcs_2_gcs_task', 'scheduled__2019-01-02T06:00:00+00:00', '--job-id', '657', '--raw', '--subdir', 'DAGS_FOLDER/data_ingestation_gcp.py', '--cfg-path', '/tmp/tmp8e_uqgqr', '--error-file', '/tmp/tmprpctgq7q']
[2022-12-05 05:35:52,740] {standard_task_runner.py:77} INFO - Job 657: Subtask gcs_2_gcs_task
[2022-12-05 05:35:52,890] {logging_mixin.py:109} INFO - Running <TaskInstance: yellow_taxi_2_bq_edited_dag.gcs_2_gcs_task scheduled__2019-01-02T06:00:00+00:00 [running]> on host 9b5bfd347476
[2022-12-05 05:35:53,100] {taskinstance.py:1426} INFO - Exporting the following env vars:
AIRFLOW_CTX_DAG_OWNER=***
AIRFLOW_CTX_DAG_ID=yellow_taxi_2_bq_edited_dag
AIRFLOW_CTX_TASK_ID=gcs_2_gcs_task
AIRFLOW_CTX_EXECUTION_DATE=2019-01-02T06:00:00+00:00
AIRFLOW_CTX_DAG_RUN_ID=scheduled__2019-01-02T06:00:00+00:00
[2022-12-05 05:35:53,107] {crypto.py:82} WARNING - empty cryptography key - values will not be stored encrypted.
[2022-12-05 05:35:53,110] {gcs_to_gcs.py:346} INFO - Delimiter ignored because wildcard is in prefix
[2022-12-05 05:35:53,744] {gcs_to_gcs.py:431} INFO - Executing copy of gs://my_nyc_tlc/raw/yellow_tripdata_2019-01.parquet to gs://my_nyc_tlc/yellow/2019-01.parquet
[2022-12-05 05:35:53,865] {gcs.py:251} INFO - Total Bytes: 158878908 | Bytes Written: 158878908
[2022-12-05 05:35:53,867] {gcs.py:264} INFO - Object raw/yellow_tripdata_2019-01.parquet in bucket my_nyc_tlc rewritten to object yellow/2019-01.parquet in bucket my_nyc_tlc
[2022-12-05 05:35:53,961] {gcs.py:645} INFO - Blob raw/yellow_tripdata_2019-01.parquet deleted.
[2022-12-05 05:35:54,005] {taskinstance.py:1277} INFO - Marking task as SUCCESS. dag_id=yellow_taxi_2_bq_edited_dag, task_id=gcs_2_gcs_task, execution_date=20190102T060000, start_date=20221205T053552, end_date=20221205T053554
[2022-12-05 05:35:54,086] {local_task_job.py:154} INFO - Task exited with return code 0
[2022-12-05 05:35:54,191] {local_task_job.py:264} INFO - 1 downstream tasks scheduled from follow-on schedule check
