[2022-12-02 06:05:10,208] {taskinstance.py:1032} INFO - Dependencies all met for <TaskInstance: fhv_gcs_2_bq_dag.gcs_2_bq_ext_task scheduled__2022-11-30T00:00:00+00:00 [queued]>
[2022-12-02 06:05:10,251] {taskinstance.py:1032} INFO - Dependencies all met for <TaskInstance: fhv_gcs_2_bq_dag.gcs_2_bq_ext_task scheduled__2022-11-30T00:00:00+00:00 [queued]>
[2022-12-02 06:05:10,252] {taskinstance.py:1238} INFO - 
--------------------------------------------------------------------------------
[2022-12-02 06:05:10,253] {taskinstance.py:1239} INFO - Starting attempt 2 of 3
[2022-12-02 06:05:10,254] {taskinstance.py:1240} INFO - 
--------------------------------------------------------------------------------
[2022-12-02 06:05:10,302] {taskinstance.py:1259} INFO - Executing <Task(BigQueryCreateExternalTableOperator): gcs_2_bq_ext_task> on 2022-11-30 00:00:00+00:00
[2022-12-02 06:05:10,313] {standard_task_runner.py:52} INFO - Started process 8701 to run task
[2022-12-02 06:05:10,323] {standard_task_runner.py:76} INFO - Running: ['***', 'tasks', 'run', 'fhv_gcs_2_bq_dag', 'gcs_2_bq_ext_task', 'scheduled__2022-11-30T00:00:00+00:00', '--job-id', '343', '--raw', '--subdir', 'DAGS_FOLDER/gcs_to_bq_DHV_dag.py', '--cfg-path', '/tmp/tmpky41zfbi', '--error-file', '/tmp/tmpv7e7gnka']
[2022-12-02 06:05:10,325] {standard_task_runner.py:77} INFO - Job 343: Subtask gcs_2_bq_ext_task
[2022-12-02 06:05:10,471] {logging_mixin.py:109} INFO - Running <TaskInstance: fhv_gcs_2_bq_dag.gcs_2_bq_ext_task scheduled__2022-11-30T00:00:00+00:00 [running]> on host abdcba3d233e
[2022-12-02 06:05:10,655] {taskinstance.py:1426} INFO - Exporting the following env vars:
AIRFLOW_CTX_DAG_OWNER=***
AIRFLOW_CTX_DAG_ID=fhv_gcs_2_bq_dag
AIRFLOW_CTX_TASK_ID=gcs_2_bq_ext_task
AIRFLOW_CTX_EXECUTION_DATE=2022-11-30T00:00:00+00:00
AIRFLOW_CTX_DAG_RUN_ID=scheduled__2022-11-30T00:00:00+00:00
[2022-12-02 06:05:10,660] {crypto.py:82} WARNING - empty cryptography key - values will not be stored encrypted.
[2022-12-02 06:05:11,611] {taskinstance.py:1277} INFO - Marking task as SUCCESS. dag_id=fhv_gcs_2_bq_dag, task_id=gcs_2_bq_ext_task, execution_date=20221130T000000, start_date=20221202T060510, end_date=20221202T060511
[2022-12-02 06:05:11,675] {local_task_job.py:154} INFO - Task exited with return code 0
[2022-12-02 06:05:11,774] {local_task_job.py:264} INFO - 0 downstream tasks scheduled from follow-on schedule check
