[2022-12-05 14:28:19,293] {taskinstance.py:1032} INFO - Dependencies all met for <TaskInstance: green_taxi_2_bq_dag.gcs_2_bq_ext_task scheduled__2020-02-02T06:00:00+00:00 [queued]>
[2022-12-05 14:28:19,331] {taskinstance.py:1032} INFO - Dependencies all met for <TaskInstance: green_taxi_2_bq_dag.gcs_2_bq_ext_task scheduled__2020-02-02T06:00:00+00:00 [queued]>
[2022-12-05 14:28:19,332] {taskinstance.py:1238} INFO - 
--------------------------------------------------------------------------------
[2022-12-05 14:28:19,333] {taskinstance.py:1239} INFO - Starting attempt 1 of 2
[2022-12-05 14:28:19,333] {taskinstance.py:1240} INFO - 
--------------------------------------------------------------------------------
[2022-12-05 14:28:19,371] {taskinstance.py:1259} INFO - Executing <Task(BigQueryCreateExternalTableOperator): gcs_2_bq_ext_task> on 2020-02-02 06:00:00+00:00
[2022-12-05 14:28:19,384] {standard_task_runner.py:52} INFO - Started process 79939 to run task
[2022-12-05 14:28:19,392] {standard_task_runner.py:76} INFO - Running: ['***', 'tasks', 'run', 'green_taxi_2_bq_dag', 'gcs_2_bq_ext_task', 'scheduled__2020-02-02T06:00:00+00:00', '--job-id', '731', '--raw', '--subdir', 'DAGS_FOLDER/green_taxi_data_2_bigq_dag.py', '--cfg-path', '/tmp/tmp7b_oglii', '--error-file', '/tmp/tmp3g33w990']
[2022-12-05 14:28:19,395] {standard_task_runner.py:77} INFO - Job 731: Subtask gcs_2_bq_ext_task
[2022-12-05 14:28:19,615] {logging_mixin.py:109} INFO - Running <TaskInstance: green_taxi_2_bq_dag.gcs_2_bq_ext_task scheduled__2020-02-02T06:00:00+00:00 [running]> on host 9b5bfd347476
[2022-12-05 14:28:19,912] {taskinstance.py:1426} INFO - Exporting the following env vars:
AIRFLOW_CTX_DAG_OWNER=***
AIRFLOW_CTX_DAG_ID=green_taxi_2_bq_dag
AIRFLOW_CTX_TASK_ID=gcs_2_bq_ext_task
AIRFLOW_CTX_EXECUTION_DATE=2020-02-02T06:00:00+00:00
AIRFLOW_CTX_DAG_RUN_ID=scheduled__2020-02-02T06:00:00+00:00
[2022-12-05 14:28:19,922] {crypto.py:82} WARNING - empty cryptography key - values will not be stored encrypted.
[2022-12-05 14:28:20,708] {taskinstance.py:1277} INFO - Marking task as SUCCESS. dag_id=green_taxi_2_bq_dag, task_id=gcs_2_bq_ext_task, execution_date=20200202T060000, start_date=20221205T142819, end_date=20221205T142820
[2022-12-05 14:28:20,801] {local_task_job.py:154} INFO - Task exited with return code 0
[2022-12-05 14:28:20,872] {local_task_job.py:264} INFO - 0 downstream tasks scheduled from follow-on schedule check
