[2022-12-05 14:33:16,652] {taskinstance.py:1032} INFO - Dependencies all met for <TaskInstance: green_taxi_2_bq_dag.gcs_2_bq_ext_task scheduled__2020-12-02T06:00:00+00:00 [queued]>
[2022-12-05 14:33:16,679] {taskinstance.py:1032} INFO - Dependencies all met for <TaskInstance: green_taxi_2_bq_dag.gcs_2_bq_ext_task scheduled__2020-12-02T06:00:00+00:00 [queued]>
[2022-12-05 14:33:16,679] {taskinstance.py:1238} INFO - 
--------------------------------------------------------------------------------
[2022-12-05 14:33:16,680] {taskinstance.py:1239} INFO - Starting attempt 1 of 2
[2022-12-05 14:33:16,681] {taskinstance.py:1240} INFO - 
--------------------------------------------------------------------------------
[2022-12-05 14:33:16,711] {taskinstance.py:1259} INFO - Executing <Task(BigQueryCreateExternalTableOperator): gcs_2_bq_ext_task> on 2020-12-02 06:00:00+00:00
[2022-12-05 14:33:16,721] {standard_task_runner.py:52} INFO - Started process 81215 to run task
[2022-12-05 14:33:16,727] {standard_task_runner.py:76} INFO - Running: ['***', 'tasks', 'run', 'green_taxi_2_bq_dag', 'gcs_2_bq_ext_task', 'scheduled__2020-12-02T06:00:00+00:00', '--job-id', '783', '--raw', '--subdir', 'DAGS_FOLDER/green_taxi_data_2_bigq_dag.py', '--cfg-path', '/tmp/tmp22wan_n0', '--error-file', '/tmp/tmpklmtlrsc']
[2022-12-05 14:33:16,729] {standard_task_runner.py:77} INFO - Job 783: Subtask gcs_2_bq_ext_task
[2022-12-05 14:33:16,834] {logging_mixin.py:109} INFO - Running <TaskInstance: green_taxi_2_bq_dag.gcs_2_bq_ext_task scheduled__2020-12-02T06:00:00+00:00 [running]> on host 9b5bfd347476
[2022-12-05 14:33:16,957] {taskinstance.py:1426} INFO - Exporting the following env vars:
AIRFLOW_CTX_DAG_OWNER=***
AIRFLOW_CTX_DAG_ID=green_taxi_2_bq_dag
AIRFLOW_CTX_TASK_ID=gcs_2_bq_ext_task
AIRFLOW_CTX_EXECUTION_DATE=2020-12-02T06:00:00+00:00
AIRFLOW_CTX_DAG_RUN_ID=scheduled__2020-12-02T06:00:00+00:00
[2022-12-05 14:33:16,961] {crypto.py:82} WARNING - empty cryptography key - values will not be stored encrypted.
[2022-12-05 14:33:17,646] {taskinstance.py:1277} INFO - Marking task as SUCCESS. dag_id=green_taxi_2_bq_dag, task_id=gcs_2_bq_ext_task, execution_date=20201202T060000, start_date=20221205T143316, end_date=20221205T143317
[2022-12-05 14:33:17,732] {local_task_job.py:154} INFO - Task exited with return code 0
[2022-12-05 14:33:17,875] {local_task_job.py:264} INFO - 0 downstream tasks scheduled from follow-on schedule check
