[2022-11-24 07:03:26,126] {taskinstance.py:1032} INFO - Dependencies all met for <TaskInstance: LocalIngestationDag.ingestation scheduled__2021-01-02T06:00:00+00:00 [queued]>
[2022-11-24 07:03:26,154] {taskinstance.py:1032} INFO - Dependencies all met for <TaskInstance: LocalIngestationDag.ingestation scheduled__2021-01-02T06:00:00+00:00 [queued]>
[2022-11-24 07:03:26,155] {taskinstance.py:1238} INFO - 
--------------------------------------------------------------------------------
[2022-11-24 07:03:26,156] {taskinstance.py:1239} INFO - Starting attempt 2 of 2
[2022-11-24 07:03:26,157] {taskinstance.py:1240} INFO - 
--------------------------------------------------------------------------------
[2022-11-24 07:03:26,189] {taskinstance.py:1259} INFO - Executing <Task(BashOperator): ingestation> on 2021-01-02 06:00:00+00:00
[2022-11-24 07:03:26,197] {standard_task_runner.py:52} INFO - Started process 2881 to run task
[2022-11-24 07:03:26,204] {standard_task_runner.py:76} INFO - Running: ['***', 'tasks', 'run', 'LocalIngestationDag', 'ingestation', 'scheduled__2021-01-02T06:00:00+00:00', '--job-id', '40', '--raw', '--subdir', 'DAGS_FOLDER/data_ingestation.py', '--cfg-path', '/tmp/tmpzefyqb4l', '--error-file', '/tmp/tmpl50prz5y']
[2022-11-24 07:03:26,207] {standard_task_runner.py:77} INFO - Job 40: Subtask ingestation
[2022-11-24 07:03:26,303] {logging_mixin.py:109} INFO - Running <TaskInstance: LocalIngestationDag.ingestation scheduled__2021-01-02T06:00:00+00:00 [running]> on host d01293c252ef
[2022-11-24 07:03:26,412] {taskinstance.py:1426} INFO - Exporting the following env vars:
AIRFLOW_CTX_DAG_OWNER=***
AIRFLOW_CTX_DAG_ID=LocalIngestationDag
AIRFLOW_CTX_TASK_ID=ingestation
AIRFLOW_CTX_EXECUTION_DATE=2021-01-02T06:00:00+00:00
AIRFLOW_CTX_DAG_RUN_ID=scheduled__2021-01-02T06:00:00+00:00
[2022-11-24 07:03:26,415] {subprocess.py:62} INFO - Tmp dir root location: 
 /tmp
[2022-11-24 07:03:26,416] {subprocess.py:74} INFO - Running command: ['bash', '-c', 'ls /opt/***']
[2022-11-24 07:03:26,430] {subprocess.py:85} INFO - Output:
[2022-11-24 07:03:26,493] {subprocess.py:89} INFO - ***.cfg
[2022-11-24 07:03:26,494] {subprocess.py:89} INFO - dags
[2022-11-24 07:03:26,495] {subprocess.py:89} INFO - logs
[2022-11-24 07:03:26,495] {subprocess.py:89} INFO - output.csv
[2022-11-24 07:03:26,496] {subprocess.py:89} INFO - plugins
[2022-11-24 07:03:26,496] {subprocess.py:89} INFO - requirements.txt
[2022-11-24 07:03:26,497] {subprocess.py:89} INFO - webserver_config.py
[2022-11-24 07:03:26,498] {subprocess.py:93} INFO - Command exited with return code 0
[2022-11-24 07:03:26,540] {taskinstance.py:1277} INFO - Marking task as SUCCESS. dag_id=LocalIngestationDag, task_id=ingestation, execution_date=20210102T060000, start_date=20221124T070326, end_date=20221124T070326
[2022-11-24 07:03:26,578] {local_task_job.py:154} INFO - Task exited with return code 0
[2022-11-24 07:03:26,635] {local_task_job.py:264} INFO - 0 downstream tasks scheduled from follow-on schedule check
