[2022-11-24 07:37:59,863] {taskinstance.py:1032} INFO - Dependencies all met for <TaskInstance: LocalIngestationDag.ingestation scheduled__2021-01-02T06:00:00+00:00 [queued]>
[2022-11-24 07:37:59,891] {taskinstance.py:1032} INFO - Dependencies all met for <TaskInstance: LocalIngestationDag.ingestation scheduled__2021-01-02T06:00:00+00:00 [queued]>
[2022-11-24 07:37:59,892] {taskinstance.py:1238} INFO - 
--------------------------------------------------------------------------------
[2022-11-24 07:37:59,893] {taskinstance.py:1239} INFO - Starting attempt 3 of 3
[2022-11-24 07:37:59,894] {taskinstance.py:1240} INFO - 
--------------------------------------------------------------------------------
[2022-11-24 07:37:59,922] {taskinstance.py:1259} INFO - Executing <Task(BashOperator): ingestation> on 2021-01-02 06:00:00+00:00
[2022-11-24 07:37:59,930] {standard_task_runner.py:52} INFO - Started process 5546 to run task
[2022-11-24 07:37:59,937] {standard_task_runner.py:76} INFO - Running: ['***', 'tasks', 'run', 'LocalIngestationDag', 'ingestation', 'scheduled__2021-01-02T06:00:00+00:00', '--job-id', '42', '--raw', '--subdir', 'DAGS_FOLDER/data_ingestation.py', '--cfg-path', '/tmp/tmptta1upfa', '--error-file', '/tmp/tmpf0nc4bgl']
[2022-11-24 07:37:59,939] {standard_task_runner.py:77} INFO - Job 42: Subtask ingestation
[2022-11-24 07:38:00,037] {logging_mixin.py:109} INFO - Running <TaskInstance: LocalIngestationDag.ingestation scheduled__2021-01-02T06:00:00+00:00 [running]> on host d01293c252ef
[2022-11-24 07:38:00,154] {taskinstance.py:1426} INFO - Exporting the following env vars:
AIRFLOW_CTX_DAG_OWNER=***
AIRFLOW_CTX_DAG_ID=LocalIngestationDag
AIRFLOW_CTX_TASK_ID=ingestation
AIRFLOW_CTX_EXECUTION_DATE=2021-01-02T06:00:00+00:00
AIRFLOW_CTX_DAG_RUN_ID=scheduled__2021-01-02T06:00:00+00:00
[2022-11-24 07:38:00,157] {subprocess.py:62} INFO - Tmp dir root location: 
 /tmp
[2022-11-24 07:38:00,159] {subprocess.py:74} INFO - Running command: ['bash', '-c', 'ls /opt/***']
[2022-11-24 07:38:00,178] {subprocess.py:85} INFO - Output:
[2022-11-24 07:38:00,243] {subprocess.py:89} INFO - ***.cfg
[2022-11-24 07:38:00,244] {subprocess.py:89} INFO - dags
[2022-11-24 07:38:00,245] {subprocess.py:89} INFO - logs
[2022-11-24 07:38:00,245] {subprocess.py:89} INFO - output_2021-01.parquet
[2022-11-24 07:38:00,246] {subprocess.py:89} INFO - plugins
[2022-11-24 07:38:00,247] {subprocess.py:89} INFO - requirements.txt
[2022-11-24 07:38:00,247] {subprocess.py:89} INFO - webserver_config.py
[2022-11-24 07:38:00,248] {subprocess.py:93} INFO - Command exited with return code 0
[2022-11-24 07:38:00,291] {taskinstance.py:1277} INFO - Marking task as SUCCESS. dag_id=LocalIngestationDag, task_id=ingestation, execution_date=20210102T060000, start_date=20221124T073759, end_date=20221124T073800
[2022-11-24 07:38:00,350] {local_task_job.py:154} INFO - Task exited with return code 0
[2022-11-24 07:38:00,408] {local_task_job.py:264} INFO - 0 downstream tasks scheduled from follow-on schedule check
