[2022-12-05 14:33:12,230] {taskinstance.py:1032} INFO - Dependencies all met for <TaskInstance: green_taxi_2_bq_dag.gcs_2_gcs_task scheduled__2020-12-02T06:00:00+00:00 [queued]>
[2022-12-05 14:33:12,256] {taskinstance.py:1032} INFO - Dependencies all met for <TaskInstance: green_taxi_2_bq_dag.gcs_2_gcs_task scheduled__2020-12-02T06:00:00+00:00 [queued]>
[2022-12-05 14:33:12,257] {taskinstance.py:1238} INFO - 
--------------------------------------------------------------------------------
[2022-12-05 14:33:12,258] {taskinstance.py:1239} INFO - Starting attempt 1 of 2
[2022-12-05 14:33:12,258] {taskinstance.py:1240} INFO - 
--------------------------------------------------------------------------------
[2022-12-05 14:33:12,286] {taskinstance.py:1259} INFO - Executing <Task(GCSToGCSOperator): gcs_2_gcs_task> on 2020-12-02 06:00:00+00:00
[2022-12-05 14:33:12,294] {standard_task_runner.py:52} INFO - Started process 81197 to run task
[2022-12-05 14:33:12,301] {standard_task_runner.py:76} INFO - Running: ['***', 'tasks', 'run', 'green_taxi_2_bq_dag', 'gcs_2_gcs_task', 'scheduled__2020-12-02T06:00:00+00:00', '--job-id', '782', '--raw', '--subdir', 'DAGS_FOLDER/green_taxi_data_2_bigq_dag.py', '--cfg-path', '/tmp/tmpjc77id16', '--error-file', '/tmp/tmp39klhsot']
[2022-12-05 14:33:12,303] {standard_task_runner.py:77} INFO - Job 782: Subtask gcs_2_gcs_task
[2022-12-05 14:33:12,412] {logging_mixin.py:109} INFO - Running <TaskInstance: green_taxi_2_bq_dag.gcs_2_gcs_task scheduled__2020-12-02T06:00:00+00:00 [running]> on host 9b5bfd347476
[2022-12-05 14:33:12,536] {taskinstance.py:1426} INFO - Exporting the following env vars:
AIRFLOW_CTX_DAG_OWNER=***
AIRFLOW_CTX_DAG_ID=green_taxi_2_bq_dag
AIRFLOW_CTX_TASK_ID=gcs_2_gcs_task
AIRFLOW_CTX_EXECUTION_DATE=2020-12-02T06:00:00+00:00
AIRFLOW_CTX_DAG_RUN_ID=scheduled__2020-12-02T06:00:00+00:00
[2022-12-05 14:33:12,539] {crypto.py:82} WARNING - empty cryptography key - values will not be stored encrypted.
[2022-12-05 14:33:12,540] {gcs_to_gcs.py:346} INFO - Delimiter ignored because wildcard is in prefix
[2022-12-05 14:33:12,945] {gcs_to_gcs.py:431} INFO - Executing copy of gs://my_nyc_tlc/raw/green_tripdata_2020-12.parquet to gs://my_nyc_tlc/green/2020-12.parquet
[2022-12-05 14:33:13,056] {gcs.py:251} INFO - Total Bytes: 1952336 | Bytes Written: 1952336
[2022-12-05 14:33:13,057] {gcs.py:264} INFO - Object raw/green_tripdata_2020-12.parquet in bucket my_nyc_tlc rewritten to object green/2020-12.parquet in bucket my_nyc_tlc
[2022-12-05 14:33:13,143] {gcs.py:645} INFO - Blob raw/green_tripdata_2020-12.parquet deleted.
[2022-12-05 14:33:13,188] {taskinstance.py:1277} INFO - Marking task as SUCCESS. dag_id=green_taxi_2_bq_dag, task_id=gcs_2_gcs_task, execution_date=20201202T060000, start_date=20221205T143312, end_date=20221205T143313
[2022-12-05 14:33:13,263] {local_task_job.py:154} INFO - Task exited with return code 0
[2022-12-05 14:33:13,335] {local_task_job.py:264} INFO - 1 downstream tasks scheduled from follow-on schedule check
