[2022-11-27 04:49:13,293] {taskinstance.py:1032} INFO - Dependencies all met for <TaskInstance: data_ingestation_gcp_dag.local_to_gcp_task scheduled__2019-04-02T06:00:00+00:00 [queued]>
[2022-11-27 04:49:13,371] {taskinstance.py:1032} INFO - Dependencies all met for <TaskInstance: data_ingestation_gcp_dag.local_to_gcp_task scheduled__2019-04-02T06:00:00+00:00 [queued]>
[2022-11-27 04:49:13,373] {taskinstance.py:1238} INFO - 
--------------------------------------------------------------------------------
[2022-11-27 04:49:13,375] {taskinstance.py:1239} INFO - Starting attempt 2 of 2
[2022-11-27 04:49:13,376] {taskinstance.py:1240} INFO - 
--------------------------------------------------------------------------------
[2022-11-27 04:49:13,440] {taskinstance.py:1259} INFO - Executing <Task(PythonOperator): local_to_gcp_task> on 2019-04-02 06:00:00+00:00
[2022-11-27 04:49:13,461] {standard_task_runner.py:52} INFO - Started process 1101 to run task
[2022-11-27 04:49:13,476] {standard_task_runner.py:76} INFO - Running: ['***', 'tasks', 'run', 'data_ingestation_gcp_dag', 'local_to_gcp_task', 'scheduled__2019-04-02T06:00:00+00:00', '--job-id', '152', '--raw', '--subdir', 'DAGS_FOLDER/data_ingestation_gcp.py', '--cfg-path', '/tmp/tmpuvb4ubs9', '--error-file', '/tmp/tmpmn_w28i2']
[2022-11-27 04:49:13,480] {standard_task_runner.py:77} INFO - Job 152: Subtask local_to_gcp_task
[2022-11-27 04:49:13,824] {logging_mixin.py:109} INFO - Running <TaskInstance: data_ingestation_gcp_dag.local_to_gcp_task scheduled__2019-04-02T06:00:00+00:00 [running]> on host 410f3484ae43
[2022-11-27 04:49:14,173] {logging_mixin.py:109} WARNING - /home/***/.local/lib/python3.7/site-packages/***/utils/context.py:152 AirflowContextDeprecationWarning: Accessing 'execution_date' from the template is deprecated and will be removed in a future version. Please use 'data_interval_start' or 'logical_date' instead.
[2022-11-27 04:49:14,241] {taskinstance.py:1426} INFO - Exporting the following env vars:
AIRFLOW_CTX_DAG_OWNER=***
AIRFLOW_CTX_DAG_ID=data_ingestation_gcp_dag
AIRFLOW_CTX_TASK_ID=local_to_gcp_task
AIRFLOW_CTX_EXECUTION_DATE=2019-04-02T06:00:00+00:00
AIRFLOW_CTX_DAG_RUN_ID=scheduled__2019-04-02T06:00:00+00:00
[2022-11-27 04:50:12,730] {python.py:175} INFO - Done. Returned value was: None
[2022-11-27 04:50:12,936] {taskinstance.py:1277} INFO - Marking task as SUCCESS. dag_id=data_ingestation_gcp_dag, task_id=local_to_gcp_task, execution_date=20190402T060000, start_date=20221127T044913, end_date=20221127T045012
[2022-11-27 04:50:13,028] {local_task_job.py:154} INFO - Task exited with return code 0
[2022-11-27 04:50:13,142] {local_task_job.py:264} INFO - 0 downstream tasks scheduled from follow-on schedule check
