[2022-12-02 06:02:46,788] {taskinstance.py:1032} INFO - Dependencies all met for <TaskInstance: FHV_data_upload_dag.local_to_gcp_task scheduled__2019-09-02T06:00:00+00:00 [queued]>
[2022-12-02 06:02:46,912] {taskinstance.py:1032} INFO - Dependencies all met for <TaskInstance: FHV_data_upload_dag.local_to_gcp_task scheduled__2019-09-02T06:00:00+00:00 [queued]>
[2022-12-02 06:02:46,916] {taskinstance.py:1238} INFO - 
--------------------------------------------------------------------------------
[2022-12-02 06:02:46,918] {taskinstance.py:1239} INFO - Starting attempt 1 of 2
[2022-12-02 06:02:46,920] {taskinstance.py:1240} INFO - 
--------------------------------------------------------------------------------
[2022-12-02 06:02:47,036] {taskinstance.py:1259} INFO - Executing <Task(PythonOperator): local_to_gcp_task> on 2019-09-02 06:00:00+00:00
[2022-12-02 06:02:47,055] {standard_task_runner.py:52} INFO - Started process 8441 to run task
[2022-12-02 06:02:47,073] {standard_task_runner.py:76} INFO - Running: ['***', 'tasks', 'run', 'FHV_data_upload_dag', 'local_to_gcp_task', 'scheduled__2019-09-02T06:00:00+00:00', '--job-id', '341', '--raw', '--subdir', 'DAGS_FOLDER/FHV_data_upload_dag.py', '--cfg-path', '/tmp/tmpv3uwu_yf', '--error-file', '/tmp/tmpfarsr7s0']
[2022-12-02 06:02:47,077] {standard_task_runner.py:77} INFO - Job 341: Subtask local_to_gcp_task
[2022-12-02 06:02:48,239] {logging_mixin.py:109} INFO - Running <TaskInstance: FHV_data_upload_dag.local_to_gcp_task scheduled__2019-09-02T06:00:00+00:00 [running]> on host abdcba3d233e
[2022-12-02 06:02:49,318] {logging_mixin.py:109} WARNING - /home/***/.local/lib/python3.7/site-packages/***/utils/context.py:152 AirflowContextDeprecationWarning: Accessing 'execution_date' from the template is deprecated and will be removed in a future version. Please use 'data_interval_start' or 'logical_date' instead.
[2022-12-02 06:02:49,455] {taskinstance.py:1426} INFO - Exporting the following env vars:
AIRFLOW_CTX_DAG_OWNER=***
AIRFLOW_CTX_DAG_ID=FHV_data_upload_dag
AIRFLOW_CTX_TASK_ID=local_to_gcp_task
AIRFLOW_CTX_EXECUTION_DATE=2019-09-02T06:00:00+00:00
AIRFLOW_CTX_DAG_RUN_ID=scheduled__2019-09-02T06:00:00+00:00
[2022-12-02 06:02:54,937] {python.py:175} INFO - Done. Returned value was: None
[2022-12-02 06:02:54,983] {taskinstance.py:1277} INFO - Marking task as SUCCESS. dag_id=FHV_data_upload_dag, task_id=local_to_gcp_task, execution_date=20190902T060000, start_date=20221202T060246, end_date=20221202T060254
[2022-12-02 06:02:55,098] {local_task_job.py:154} INFO - Task exited with return code 0
[2022-12-02 06:02:55,192] {local_task_job.py:264} INFO - 0 downstream tasks scheduled from follow-on schedule check
