[2022-11-26 07:04:57,736] {taskinstance.py:1032} INFO - Dependencies all met for <TaskInstance: LocalIngestationDag_new.wget scheduled__2022-01-02T06:00:00+00:00 [queued]>
[2022-11-26 07:04:57,916] {taskinstance.py:1032} INFO - Dependencies all met for <TaskInstance: LocalIngestationDag_new.wget scheduled__2022-01-02T06:00:00+00:00 [queued]>
[2022-11-26 07:04:57,920] {taskinstance.py:1238} INFO - 
--------------------------------------------------------------------------------
[2022-11-26 07:04:57,922] {taskinstance.py:1239} INFO - Starting attempt 1 of 1
[2022-11-26 07:04:57,931] {taskinstance.py:1240} INFO - 
--------------------------------------------------------------------------------
[2022-11-26 07:04:58,342] {taskinstance.py:1259} INFO - Executing <Task(BashOperator): wget> on 2022-01-02 06:00:00+00:00
[2022-11-26 07:04:58,476] {standard_task_runner.py:52} INFO - Started process 748 to run task
[2022-11-26 07:04:58,532] {standard_task_runner.py:76} INFO - Running: ['***', 'tasks', 'run', 'LocalIngestationDag_new', 'wget', 'scheduled__2022-01-02T06:00:00+00:00', '--job-id', '67', '--raw', '--subdir', 'DAGS_FOLDER/data_ingestation.py', '--cfg-path', '/tmp/tmpwdbz93vh', '--error-file', '/tmp/tmpehsulpkk']
[2022-11-26 07:04:58,580] {standard_task_runner.py:77} INFO - Job 67: Subtask wget
[2022-11-26 07:04:59,246] {logging_mixin.py:109} INFO - Running <TaskInstance: LocalIngestationDag_new.wget scheduled__2022-01-02T06:00:00+00:00 [running]> on host 951f10ff76c7
[2022-11-26 07:04:59,747] {logging_mixin.py:109} WARNING - /home/***/.local/lib/python3.7/site-packages/***/utils/context.py:152 AirflowContextDeprecationWarning: Accessing 'execution_date' from the template is deprecated and will be removed in a future version. Please use 'data_interval_start' or 'logical_date' instead.
[2022-11-26 07:04:59,907] {taskinstance.py:1426} INFO - Exporting the following env vars:
AIRFLOW_CTX_DAG_OWNER=***
AIRFLOW_CTX_DAG_ID=LocalIngestationDag_new
AIRFLOW_CTX_TASK_ID=wget
AIRFLOW_CTX_EXECUTION_DATE=2022-01-02T06:00:00+00:00
AIRFLOW_CTX_DAG_RUN_ID=scheduled__2022-01-02T06:00:00+00:00
[2022-11-26 07:04:59,917] {subprocess.py:62} INFO - Tmp dir root location: 
 /tmp
[2022-11-26 07:04:59,924] {subprocess.py:74} INFO - Running command: ['bash', '-c', 'curl -sS https://d37ci6vzurychx.cloudfront.net/trip-data//yellow_tripdate_2022-01.parquet > /opt/***/output_2022-01.parquet']
[2022-11-26 07:04:59,993] {subprocess.py:85} INFO - Output:
[2022-11-26 07:05:01,782] {subprocess.py:93} INFO - Command exited with return code 0
[2022-11-26 07:05:01,974] {taskinstance.py:1277} INFO - Marking task as SUCCESS. dag_id=LocalIngestationDag_new, task_id=wget, execution_date=20220102T060000, start_date=20221126T070457, end_date=20221126T070501
[2022-11-26 07:05:02,159] {local_task_job.py:154} INFO - Task exited with return code 0
[2022-11-26 07:05:02,467] {local_task_job.py:264} INFO - 1 downstream tasks scheduled from follow-on schedule check
