[2022-11-27 04:58:15,126] {taskinstance.py:1032} INFO - Dependencies all met for <TaskInstance: data_ingestation_gcp_dag.local_to_gcp_task scheduled__2020-08-02T06:00:00+00:00 [queued]>
[2022-11-27 04:58:15,207] {taskinstance.py:1032} INFO - Dependencies all met for <TaskInstance: data_ingestation_gcp_dag.local_to_gcp_task scheduled__2020-08-02T06:00:00+00:00 [queued]>
[2022-11-27 04:58:15,209] {taskinstance.py:1238} INFO - 
--------------------------------------------------------------------------------
[2022-11-27 04:58:15,210] {taskinstance.py:1239} INFO - Starting attempt 1 of 1
[2022-11-27 04:58:15,212] {taskinstance.py:1240} INFO - 
--------------------------------------------------------------------------------
[2022-11-27 04:58:15,300] {taskinstance.py:1259} INFO - Executing <Task(PythonOperator): local_to_gcp_task> on 2020-08-02 06:00:00+00:00
[2022-11-27 04:58:15,328] {standard_task_runner.py:52} INFO - Started process 2245 to run task
[2022-11-27 04:58:15,370] {standard_task_runner.py:76} INFO - Running: ['***', 'tasks', 'run', 'data_ingestation_gcp_dag', 'local_to_gcp_task', 'scheduled__2020-08-02T06:00:00+00:00', '--job-id', '189', '--raw', '--subdir', 'DAGS_FOLDER/data_ingestation_gcp.py', '--cfg-path', '/tmp/tmpmq374o4c', '--error-file', '/tmp/tmpbaqt1b3_']
[2022-11-27 04:58:15,394] {standard_task_runner.py:77} INFO - Job 189: Subtask local_to_gcp_task
[2022-11-27 04:58:15,826] {logging_mixin.py:109} INFO - Running <TaskInstance: data_ingestation_gcp_dag.local_to_gcp_task scheduled__2020-08-02T06:00:00+00:00 [running]> on host 410f3484ae43
[2022-11-27 04:58:16,291] {logging_mixin.py:109} WARNING - /home/***/.local/lib/python3.7/site-packages/***/utils/context.py:152 AirflowContextDeprecationWarning: Accessing 'execution_date' from the template is deprecated and will be removed in a future version. Please use 'data_interval_start' or 'logical_date' instead.
[2022-11-27 04:58:16,404] {taskinstance.py:1426} INFO - Exporting the following env vars:
AIRFLOW_CTX_DAG_OWNER=***
AIRFLOW_CTX_DAG_ID=data_ingestation_gcp_dag
AIRFLOW_CTX_TASK_ID=local_to_gcp_task
AIRFLOW_CTX_EXECUTION_DATE=2020-08-02T06:00:00+00:00
AIRFLOW_CTX_DAG_RUN_ID=scheduled__2020-08-02T06:00:00+00:00
[2022-11-27 04:58:23,996] {python.py:175} INFO - Done. Returned value was: None
[2022-11-27 04:58:24,266] {taskinstance.py:1277} INFO - Marking task as SUCCESS. dag_id=data_ingestation_gcp_dag, task_id=local_to_gcp_task, execution_date=20200802T060000, start_date=20221127T045815, end_date=20221127T045824
[2022-11-27 04:58:24,563] {local_task_job.py:154} INFO - Task exited with return code 0
[2022-11-27 04:58:25,470] {local_task_job.py:264} INFO - 0 downstream tasks scheduled from follow-on schedule check
