[2022-12-05 14:23:04,661] {taskinstance.py:1032} INFO - Dependencies all met for <TaskInstance: green_taxi_2_bq_dag.gcs_2_bq_ext_task scheduled__2019-01-02T06:00:00+00:00 [queued]>
[2022-12-05 14:23:04,690] {taskinstance.py:1032} INFO - Dependencies all met for <TaskInstance: green_taxi_2_bq_dag.gcs_2_bq_ext_task scheduled__2019-01-02T06:00:00+00:00 [queued]>
[2022-12-05 14:23:04,691] {taskinstance.py:1238} INFO - 
--------------------------------------------------------------------------------
[2022-12-05 14:23:04,692] {taskinstance.py:1239} INFO - Starting attempt 1 of 2
[2022-12-05 14:23:04,692] {taskinstance.py:1240} INFO - 
--------------------------------------------------------------------------------
[2022-12-05 14:23:04,720] {taskinstance.py:1259} INFO - Executing <Task(BigQueryCreateExternalTableOperator): gcs_2_bq_ext_task> on 2019-01-02 06:00:00+00:00
[2022-12-05 14:23:04,728] {standard_task_runner.py:52} INFO - Started process 78575 to run task
[2022-12-05 14:23:04,734] {standard_task_runner.py:76} INFO - Running: ['***', 'tasks', 'run', 'green_taxi_2_bq_dag', 'gcs_2_bq_ext_task', 'scheduled__2019-01-02T06:00:00+00:00', '--job-id', '677', '--raw', '--subdir', 'DAGS_FOLDER/green_taxi_data_2_bigq_dag.py', '--cfg-path', '/tmp/tmpc1jm0c85', '--error-file', '/tmp/tmpj0za0fvj']
[2022-12-05 14:23:04,736] {standard_task_runner.py:77} INFO - Job 677: Subtask gcs_2_bq_ext_task
[2022-12-05 14:23:04,832] {logging_mixin.py:109} INFO - Running <TaskInstance: green_taxi_2_bq_dag.gcs_2_bq_ext_task scheduled__2019-01-02T06:00:00+00:00 [running]> on host 9b5bfd347476
[2022-12-05 14:23:04,947] {taskinstance.py:1426} INFO - Exporting the following env vars:
AIRFLOW_CTX_DAG_OWNER=***
AIRFLOW_CTX_DAG_ID=green_taxi_2_bq_dag
AIRFLOW_CTX_TASK_ID=gcs_2_bq_ext_task
AIRFLOW_CTX_EXECUTION_DATE=2019-01-02T06:00:00+00:00
AIRFLOW_CTX_DAG_RUN_ID=scheduled__2019-01-02T06:00:00+00:00
[2022-12-05 14:23:04,951] {crypto.py:82} WARNING - empty cryptography key - values will not be stored encrypted.
[2022-12-05 14:23:05,685] {taskinstance.py:1277} INFO - Marking task as SUCCESS. dag_id=green_taxi_2_bq_dag, task_id=gcs_2_bq_ext_task, execution_date=20190102T060000, start_date=20221205T142304, end_date=20221205T142305
[2022-12-05 14:23:05,758] {local_task_job.py:154} INFO - Task exited with return code 0
[2022-12-05 14:23:05,816] {local_task_job.py:264} INFO - 0 downstream tasks scheduled from follow-on schedule check
