[2022-12-02 06:01:34,676] {taskinstance.py:1032} INFO - Dependencies all met for <TaskInstance: FHV_data_upload_dag.local_to_gcp_task scheduled__2019-02-02T06:00:00+00:00 [queued]>
[2022-12-02 06:01:34,719] {taskinstance.py:1032} INFO - Dependencies all met for <TaskInstance: FHV_data_upload_dag.local_to_gcp_task scheduled__2019-02-02T06:00:00+00:00 [queued]>
[2022-12-02 06:01:34,720] {taskinstance.py:1238} INFO - 
--------------------------------------------------------------------------------
[2022-12-02 06:01:34,721] {taskinstance.py:1239} INFO - Starting attempt 1 of 2
[2022-12-02 06:01:34,722] {taskinstance.py:1240} INFO - 
--------------------------------------------------------------------------------
[2022-12-02 06:01:34,766] {taskinstance.py:1259} INFO - Executing <Task(PythonOperator): local_to_gcp_task> on 2019-02-02 06:00:00+00:00
[2022-12-02 06:01:34,777] {standard_task_runner.py:52} INFO - Started process 8218 to run task
[2022-12-02 06:01:34,787] {standard_task_runner.py:76} INFO - Running: ['***', 'tasks', 'run', 'FHV_data_upload_dag', 'local_to_gcp_task', 'scheduled__2019-02-02T06:00:00+00:00', '--job-id', '333', '--raw', '--subdir', 'DAGS_FOLDER/FHV_data_upload_dag.py', '--cfg-path', '/tmp/tmp7lvj7pea', '--error-file', '/tmp/tmpfx31mzb4']
[2022-12-02 06:01:34,789] {standard_task_runner.py:77} INFO - Job 333: Subtask local_to_gcp_task
[2022-12-02 06:01:34,958] {logging_mixin.py:109} INFO - Running <TaskInstance: FHV_data_upload_dag.local_to_gcp_task scheduled__2019-02-02T06:00:00+00:00 [running]> on host abdcba3d233e
[2022-12-02 06:01:35,169] {logging_mixin.py:109} WARNING - /home/***/.local/lib/python3.7/site-packages/***/utils/context.py:152 AirflowContextDeprecationWarning: Accessing 'execution_date' from the template is deprecated and will be removed in a future version. Please use 'data_interval_start' or 'logical_date' instead.
[2022-12-02 06:01:35,265] {taskinstance.py:1426} INFO - Exporting the following env vars:
AIRFLOW_CTX_DAG_OWNER=***
AIRFLOW_CTX_DAG_ID=FHV_data_upload_dag
AIRFLOW_CTX_TASK_ID=local_to_gcp_task
AIRFLOW_CTX_EXECUTION_DATE=2019-02-02T06:00:00+00:00
AIRFLOW_CTX_DAG_RUN_ID=scheduled__2019-02-02T06:00:00+00:00
[2022-12-02 06:01:42,776] {python.py:175} INFO - Done. Returned value was: None
[2022-12-02 06:01:42,982] {taskinstance.py:1277} INFO - Marking task as SUCCESS. dag_id=FHV_data_upload_dag, task_id=local_to_gcp_task, execution_date=20190202T060000, start_date=20221202T060134, end_date=20221202T060142
[2022-12-02 06:01:43,126] {local_task_job.py:154} INFO - Task exited with return code 0
[2022-12-02 06:01:43,232] {local_task_job.py:264} INFO - 0 downstream tasks scheduled from follow-on schedule check
