[2022-12-05 14:26:02,369] {taskinstance.py:1032} INFO - Dependencies all met for <TaskInstance: green_taxi_2_bq_dag.gcs_2_gcs_task scheduled__2019-12-02T06:00:00+00:00 [queued]>
[2022-12-05 14:26:02,411] {taskinstance.py:1032} INFO - Dependencies all met for <TaskInstance: green_taxi_2_bq_dag.gcs_2_gcs_task scheduled__2019-12-02T06:00:00+00:00 [queued]>
[2022-12-05 14:26:02,412] {taskinstance.py:1238} INFO - 
--------------------------------------------------------------------------------
[2022-12-05 14:26:02,413] {taskinstance.py:1239} INFO - Starting attempt 1 of 2
[2022-12-05 14:26:02,414] {taskinstance.py:1240} INFO - 
--------------------------------------------------------------------------------
[2022-12-05 14:26:02,461] {taskinstance.py:1259} INFO - Executing <Task(GCSToGCSOperator): gcs_2_gcs_task> on 2019-12-02 06:00:00+00:00
[2022-12-05 14:26:02,477] {standard_task_runner.py:52} INFO - Started process 79490 to run task
[2022-12-05 14:26:02,503] {standard_task_runner.py:76} INFO - Running: ['***', 'tasks', 'run', 'green_taxi_2_bq_dag', 'gcs_2_gcs_task', 'scheduled__2019-12-02T06:00:00+00:00', '--job-id', '720', '--raw', '--subdir', 'DAGS_FOLDER/green_taxi_data_2_bigq_dag.py', '--cfg-path', '/tmp/tmpux2qqvkw', '--error-file', '/tmp/tmpp1m144ao']
[2022-12-05 14:26:02,506] {standard_task_runner.py:77} INFO - Job 720: Subtask gcs_2_gcs_task
[2022-12-05 14:26:02,721] {logging_mixin.py:109} INFO - Running <TaskInstance: green_taxi_2_bq_dag.gcs_2_gcs_task scheduled__2019-12-02T06:00:00+00:00 [running]> on host 9b5bfd347476
[2022-12-05 14:26:03,182] {taskinstance.py:1426} INFO - Exporting the following env vars:
AIRFLOW_CTX_DAG_OWNER=***
AIRFLOW_CTX_DAG_ID=green_taxi_2_bq_dag
AIRFLOW_CTX_TASK_ID=gcs_2_gcs_task
AIRFLOW_CTX_EXECUTION_DATE=2019-12-02T06:00:00+00:00
AIRFLOW_CTX_DAG_RUN_ID=scheduled__2019-12-02T06:00:00+00:00
[2022-12-05 14:26:03,195] {crypto.py:82} WARNING - empty cryptography key - values will not be stored encrypted.
[2022-12-05 14:26:03,201] {gcs_to_gcs.py:346} INFO - Delimiter ignored because wildcard is in prefix
[2022-12-05 14:26:03,687] {gcs_to_gcs.py:431} INFO - Executing copy of gs://my_nyc_tlc/raw/green_tripdata_2019-12.parquet to gs://my_nyc_tlc/green/2019-12.parquet
[2022-12-05 14:26:03,812] {gcs.py:251} INFO - Total Bytes: 10092861 | Bytes Written: 10092861
[2022-12-05 14:26:03,815] {gcs.py:264} INFO - Object raw/green_tripdata_2019-12.parquet in bucket my_nyc_tlc rewritten to object green/2019-12.parquet in bucket my_nyc_tlc
[2022-12-05 14:26:03,904] {gcs.py:645} INFO - Blob raw/green_tripdata_2019-12.parquet deleted.
[2022-12-05 14:26:03,932] {taskinstance.py:1277} INFO - Marking task as SUCCESS. dag_id=green_taxi_2_bq_dag, task_id=gcs_2_gcs_task, execution_date=20191202T060000, start_date=20221205T142602, end_date=20221205T142603
[2022-12-05 14:26:03,990] {local_task_job.py:154} INFO - Task exited with return code 0
[2022-12-05 14:26:04,067] {local_task_job.py:264} INFO - 1 downstream tasks scheduled from follow-on schedule check
