[2022-12-05 04:14:36,069] {taskinstance.py:1032} INFO - Dependencies all met for <TaskInstance: yellow_taxi_2_bq_dag.gcs_2_bq_ext_task scheduled__2020-09-02T06:00:00+00:00 [queued]>
[2022-12-05 04:14:36,099] {taskinstance.py:1032} INFO - Dependencies all met for <TaskInstance: yellow_taxi_2_bq_dag.gcs_2_bq_ext_task scheduled__2020-09-02T06:00:00+00:00 [queued]>
[2022-12-05 04:14:36,100] {taskinstance.py:1238} INFO - 
--------------------------------------------------------------------------------
[2022-12-05 04:14:36,100] {taskinstance.py:1239} INFO - Starting attempt 1 of 2
[2022-12-05 04:14:36,101] {taskinstance.py:1240} INFO - 
--------------------------------------------------------------------------------
[2022-12-05 04:14:36,131] {taskinstance.py:1259} INFO - Executing <Task(BigQueryCreateExternalTableOperator): gcs_2_bq_ext_task> on 2020-09-02 06:00:00+00:00
[2022-12-05 04:14:36,140] {standard_task_runner.py:52} INFO - Started process 13533 to run task
[2022-12-05 04:14:36,147] {standard_task_runner.py:76} INFO - Running: ['***', 'tasks', 'run', 'yellow_taxi_2_bq_dag', 'gcs_2_bq_ext_task', 'scheduled__2020-09-02T06:00:00+00:00', '--job-id', '524', '--raw', '--subdir', 'DAGS_FOLDER/data_ingestation_gcp.py', '--cfg-path', '/tmp/tmpfu6uhzt2', '--error-file', '/tmp/tmp739vi6m7']
[2022-12-05 04:14:36,149] {standard_task_runner.py:77} INFO - Job 524: Subtask gcs_2_bq_ext_task
[2022-12-05 04:14:36,255] {logging_mixin.py:109} INFO - Running <TaskInstance: yellow_taxi_2_bq_dag.gcs_2_bq_ext_task scheduled__2020-09-02T06:00:00+00:00 [running]> on host 9b5bfd347476
[2022-12-05 04:14:36,388] {taskinstance.py:1426} INFO - Exporting the following env vars:
AIRFLOW_CTX_DAG_OWNER=***
AIRFLOW_CTX_DAG_ID=yellow_taxi_2_bq_dag
AIRFLOW_CTX_TASK_ID=gcs_2_bq_ext_task
AIRFLOW_CTX_EXECUTION_DATE=2020-09-02T06:00:00+00:00
AIRFLOW_CTX_DAG_RUN_ID=scheduled__2020-09-02T06:00:00+00:00
[2022-12-05 04:14:36,392] {crypto.py:82} WARNING - empty cryptography key - values will not be stored encrypted.
[2022-12-05 04:14:37,225] {taskinstance.py:1277} INFO - Marking task as SUCCESS. dag_id=yellow_taxi_2_bq_dag, task_id=gcs_2_bq_ext_task, execution_date=20200902T060000, start_date=20221205T041436, end_date=20221205T041437
[2022-12-05 04:14:37,309] {local_task_job.py:154} INFO - Task exited with return code 0
[2022-12-05 04:14:37,415] {local_task_job.py:264} INFO - 1 downstream tasks scheduled from follow-on schedule check
