[2022-12-05 14:29:18,373] {taskinstance.py:1032} INFO - Dependencies all met for <TaskInstance: green_taxi_2_bq_dag.gcs_2_gcs_task scheduled__2020-04-02T06:00:00+00:00 [queued]>
[2022-12-05 14:29:18,410] {taskinstance.py:1032} INFO - Dependencies all met for <TaskInstance: green_taxi_2_bq_dag.gcs_2_gcs_task scheduled__2020-04-02T06:00:00+00:00 [queued]>
[2022-12-05 14:29:18,411] {taskinstance.py:1238} INFO - 
--------------------------------------------------------------------------------
[2022-12-05 14:29:18,412] {taskinstance.py:1239} INFO - Starting attempt 1 of 2
[2022-12-05 14:29:18,413] {taskinstance.py:1240} INFO - 
--------------------------------------------------------------------------------
[2022-12-05 14:29:18,450] {taskinstance.py:1259} INFO - Executing <Task(GCSToGCSOperator): gcs_2_gcs_task> on 2020-04-02 06:00:00+00:00
[2022-12-05 14:29:18,460] {standard_task_runner.py:52} INFO - Started process 80188 to run task
[2022-12-05 14:29:18,470] {standard_task_runner.py:76} INFO - Running: ['***', 'tasks', 'run', 'green_taxi_2_bq_dag', 'gcs_2_gcs_task', 'scheduled__2020-04-02T06:00:00+00:00', '--job-id', '740', '--raw', '--subdir', 'DAGS_FOLDER/green_taxi_data_2_bigq_dag.py', '--cfg-path', '/tmp/tmpbcjb_tzk', '--error-file', '/tmp/tmpqtg4s6rc']
[2022-12-05 14:29:18,472] {standard_task_runner.py:77} INFO - Job 740: Subtask gcs_2_gcs_task
[2022-12-05 14:29:18,632] {logging_mixin.py:109} INFO - Running <TaskInstance: green_taxi_2_bq_dag.gcs_2_gcs_task scheduled__2020-04-02T06:00:00+00:00 [running]> on host 9b5bfd347476
[2022-12-05 14:29:18,902] {taskinstance.py:1426} INFO - Exporting the following env vars:
AIRFLOW_CTX_DAG_OWNER=***
AIRFLOW_CTX_DAG_ID=green_taxi_2_bq_dag
AIRFLOW_CTX_TASK_ID=gcs_2_gcs_task
AIRFLOW_CTX_EXECUTION_DATE=2020-04-02T06:00:00+00:00
AIRFLOW_CTX_DAG_RUN_ID=scheduled__2020-04-02T06:00:00+00:00
[2022-12-05 14:29:18,913] {crypto.py:82} WARNING - empty cryptography key - values will not be stored encrypted.
[2022-12-05 14:29:18,916] {gcs_to_gcs.py:346} INFO - Delimiter ignored because wildcard is in prefix
[2022-12-05 14:29:19,579] {gcs_to_gcs.py:431} INFO - Executing copy of gs://my_nyc_tlc/raw/green_tripdata_2020-03.parquet to gs://my_nyc_tlc/green/2020-03.parquet
[2022-12-05 14:29:19,717] {gcs.py:251} INFO - Total Bytes: 5218097 | Bytes Written: 5218097
[2022-12-05 14:29:19,719] {gcs.py:264} INFO - Object raw/green_tripdata_2020-03.parquet in bucket my_nyc_tlc rewritten to object green/2020-03.parquet in bucket my_nyc_tlc
[2022-12-05 14:29:19,820] {gcs.py:645} INFO - Blob raw/green_tripdata_2020-03.parquet deleted.
[2022-12-05 14:29:19,821] {gcs_to_gcs.py:431} INFO - Executing copy of gs://my_nyc_tlc/raw/green_tripdata_2020-04.parquet to gs://my_nyc_tlc/green/2020-04.parquet
[2022-12-05 14:29:19,931] {gcs.py:251} INFO - Total Bytes: 967535 | Bytes Written: 967535
[2022-12-05 14:29:19,932] {gcs.py:264} INFO - Object raw/green_tripdata_2020-04.parquet in bucket my_nyc_tlc rewritten to object green/2020-04.parquet in bucket my_nyc_tlc
[2022-12-05 14:29:20,017] {gcs.py:645} INFO - Blob raw/green_tripdata_2020-04.parquet deleted.
[2022-12-05 14:29:20,052] {taskinstance.py:1277} INFO - Marking task as SUCCESS. dag_id=green_taxi_2_bq_dag, task_id=gcs_2_gcs_task, execution_date=20200402T060000, start_date=20221205T142918, end_date=20221205T142920
[2022-12-05 14:29:20,117] {local_task_job.py:154} INFO - Task exited with return code 0
[2022-12-05 14:29:20,213] {local_task_job.py:264} INFO - 1 downstream tasks scheduled from follow-on schedule check
