[2022-12-05 04:56:22,196] {taskinstance.py:1032} INFO - Dependencies all met for <TaskInstance: yellow_taxi_2_bq_dag.remodel_data_type_task scheduled__2019-09-02T06:00:00+00:00 [queued]>
[2022-12-05 04:56:22,233] {taskinstance.py:1032} INFO - Dependencies all met for <TaskInstance: yellow_taxi_2_bq_dag.remodel_data_type_task scheduled__2019-09-02T06:00:00+00:00 [queued]>
[2022-12-05 04:56:22,234] {taskinstance.py:1238} INFO - 
--------------------------------------------------------------------------------
[2022-12-05 04:56:22,235] {taskinstance.py:1239} INFO - Starting attempt 2 of 2
[2022-12-05 04:56:22,236] {taskinstance.py:1240} INFO - 
--------------------------------------------------------------------------------
[2022-12-05 04:56:22,276] {taskinstance.py:1259} INFO - Executing <Task(PythonOperator): remodel_data_type_task> on 2019-09-02 06:00:00+00:00
[2022-12-05 04:56:22,286] {standard_task_runner.py:52} INFO - Started process 18464 to run task
[2022-12-05 04:56:22,294] {standard_task_runner.py:76} INFO - Running: ['***', 'tasks', 'run', 'yellow_taxi_2_bq_dag', 'remodel_data_type_task', 'scheduled__2019-09-02T06:00:00+00:00', '--job-id', '575', '--raw', '--subdir', 'DAGS_FOLDER/data_ingestation_gcp.py', '--cfg-path', '/tmp/tmp22jlgf4p', '--error-file', '/tmp/tmp770oso_4']
[2022-12-05 04:56:22,296] {standard_task_runner.py:77} INFO - Job 575: Subtask remodel_data_type_task
[2022-12-05 04:56:22,445] {logging_mixin.py:109} INFO - Running <TaskInstance: yellow_taxi_2_bq_dag.remodel_data_type_task scheduled__2019-09-02T06:00:00+00:00 [running]> on host 9b5bfd347476
[2022-12-05 04:56:22,607] {logging_mixin.py:109} WARNING - /home/***/.local/lib/python3.7/site-packages/***/utils/context.py:152 AirflowContextDeprecationWarning: Accessing 'execution_date' from the template is deprecated and will be removed in a future version. Please use 'data_interval_start' or 'logical_date' instead.
[2022-12-05 04:56:22,651] {taskinstance.py:1426} INFO - Exporting the following env vars:
AIRFLOW_CTX_DAG_OWNER=***
AIRFLOW_CTX_DAG_ID=yellow_taxi_2_bq_dag
AIRFLOW_CTX_TASK_ID=remodel_data_type_task
AIRFLOW_CTX_EXECUTION_DATE=2019-09-02T06:00:00+00:00
AIRFLOW_CTX_DAG_RUN_ID=scheduled__2019-09-02T06:00:00+00:00
[2022-12-05 04:57:33,884] {python.py:175} INFO - Done. Returned value was: None
[2022-12-05 04:57:33,948] {taskinstance.py:1277} INFO - Marking task as SUCCESS. dag_id=yellow_taxi_2_bq_dag, task_id=remodel_data_type_task, execution_date=20190902T060000, start_date=20221205T045622, end_date=20221205T045733
[2022-12-05 04:57:35,789] {local_task_job.py:154} INFO - Task exited with return code 0
[2022-12-05 04:57:35,953] {local_task_job.py:264} INFO - 0 downstream tasks scheduled from follow-on schedule check
