[2022-12-05 14:32:31,799] {taskinstance.py:1032} INFO - Dependencies all met for <TaskInstance: green_taxi_2_bq_dag.local_to_gcp_task scheduled__2020-11-02T06:00:00+00:00 [queued]>
[2022-12-05 14:32:31,826] {taskinstance.py:1032} INFO - Dependencies all met for <TaskInstance: green_taxi_2_bq_dag.local_to_gcp_task scheduled__2020-11-02T06:00:00+00:00 [queued]>
[2022-12-05 14:32:31,827] {taskinstance.py:1238} INFO - 
--------------------------------------------------------------------------------
[2022-12-05 14:32:31,828] {taskinstance.py:1239} INFO - Starting attempt 1 of 2
[2022-12-05 14:32:31,828] {taskinstance.py:1240} INFO - 
--------------------------------------------------------------------------------
[2022-12-05 14:32:31,858] {taskinstance.py:1259} INFO - Executing <Task(PythonOperator): local_to_gcp_task> on 2020-11-02 06:00:00+00:00
[2022-12-05 14:32:31,867] {standard_task_runner.py:52} INFO - Started process 81051 to run task
[2022-12-05 14:32:31,874] {standard_task_runner.py:76} INFO - Running: ['***', 'tasks', 'run', 'green_taxi_2_bq_dag', 'local_to_gcp_task', 'scheduled__2020-11-02T06:00:00+00:00', '--job-id', '776', '--raw', '--subdir', 'DAGS_FOLDER/green_taxi_data_2_bigq_dag.py', '--cfg-path', '/tmp/tmp2rn1uids', '--error-file', '/tmp/tmp6jc7snf4']
[2022-12-05 14:32:31,876] {standard_task_runner.py:77} INFO - Job 776: Subtask local_to_gcp_task
[2022-12-05 14:32:31,986] {logging_mixin.py:109} INFO - Running <TaskInstance: green_taxi_2_bq_dag.local_to_gcp_task scheduled__2020-11-02T06:00:00+00:00 [running]> on host 9b5bfd347476
[2022-12-05 14:32:32,106] {logging_mixin.py:109} WARNING - /home/***/.local/lib/python3.7/site-packages/***/utils/context.py:152 AirflowContextDeprecationWarning: Accessing 'execution_date' from the template is deprecated and will be removed in a future version. Please use 'data_interval_start' or 'logical_date' instead.
[2022-12-05 14:32:32,144] {taskinstance.py:1426} INFO - Exporting the following env vars:
AIRFLOW_CTX_DAG_OWNER=***
AIRFLOW_CTX_DAG_ID=green_taxi_2_bq_dag
AIRFLOW_CTX_TASK_ID=local_to_gcp_task
AIRFLOW_CTX_EXECUTION_DATE=2020-11-02T06:00:00+00:00
AIRFLOW_CTX_DAG_RUN_ID=scheduled__2020-11-02T06:00:00+00:00
[2022-12-05 14:32:33,117] {python.py:175} INFO - Done. Returned value was: None
[2022-12-05 14:32:33,182] {taskinstance.py:1277} INFO - Marking task as SUCCESS. dag_id=green_taxi_2_bq_dag, task_id=local_to_gcp_task, execution_date=20201102T060000, start_date=20221205T143231, end_date=20221205T143233
[2022-12-05 14:32:33,270] {local_task_job.py:154} INFO - Task exited with return code 0
[2022-12-05 14:32:33,352] {local_task_job.py:264} INFO - 1 downstream tasks scheduled from follow-on schedule check
