[2022-12-05 03:33:32,978] {taskinstance.py:1032} INFO - Dependencies all met for <TaskInstance: yellow_taxi_2_bq_dag.download_dataset_task scheduled__2019-04-02T06:00:00+00:00 [queued]>
[2022-12-05 03:33:33,029] {taskinstance.py:1032} INFO - Dependencies all met for <TaskInstance: yellow_taxi_2_bq_dag.download_dataset_task scheduled__2019-04-02T06:00:00+00:00 [queued]>
[2022-12-05 03:33:33,031] {taskinstance.py:1238} INFO - 
--------------------------------------------------------------------------------
[2022-12-05 03:33:33,032] {taskinstance.py:1239} INFO - Starting attempt 2 of 2
[2022-12-05 03:33:33,032] {taskinstance.py:1240} INFO - 
--------------------------------------------------------------------------------
[2022-12-05 03:33:33,071] {taskinstance.py:1259} INFO - Executing <Task(BashOperator): download_dataset_task> on 2019-04-02 06:00:00+00:00
[2022-12-05 03:33:33,082] {standard_task_runner.py:52} INFO - Started process 7108 to run task
[2022-12-05 03:33:33,089] {standard_task_runner.py:76} INFO - Running: ['***', 'tasks', 'run', 'yellow_taxi_2_bq_dag', 'download_dataset_task', 'scheduled__2019-04-02T06:00:00+00:00', '--job-id', '410', '--raw', '--subdir', 'DAGS_FOLDER/data_ingestation_gcp.py', '--cfg-path', '/tmp/tmpy0ow26us', '--error-file', '/tmp/tmpxxihu_18']
[2022-12-05 03:33:33,091] {standard_task_runner.py:77} INFO - Job 410: Subtask download_dataset_task
[2022-12-05 03:33:33,224] {logging_mixin.py:109} INFO - Running <TaskInstance: yellow_taxi_2_bq_dag.download_dataset_task scheduled__2019-04-02T06:00:00+00:00 [running]> on host 9b5bfd347476
[2022-12-05 03:33:33,356] {logging_mixin.py:109} WARNING - /home/***/.local/lib/python3.7/site-packages/***/utils/context.py:152 AirflowContextDeprecationWarning: Accessing 'execution_date' from the template is deprecated and will be removed in a future version. Please use 'data_interval_start' or 'logical_date' instead.
[2022-12-05 03:33:33,388] {taskinstance.py:1426} INFO - Exporting the following env vars:
AIRFLOW_CTX_DAG_OWNER=***
AIRFLOW_CTX_DAG_ID=yellow_taxi_2_bq_dag
AIRFLOW_CTX_TASK_ID=download_dataset_task
AIRFLOW_CTX_EXECUTION_DATE=2019-04-02T06:00:00+00:00
AIRFLOW_CTX_DAG_RUN_ID=scheduled__2019-04-02T06:00:00+00:00
[2022-12-05 03:33:33,392] {subprocess.py:62} INFO - Tmp dir root location: 
 /tmp
[2022-12-05 03:33:33,393] {subprocess.py:74} INFO - Running command: ['bash', '-c', 'curl -sSLf https://d37ci6vzurychx.cloudfront.net/trip-data/yellow_tripdata_2019-04.parquet > /opt/***/output_2019-04.parquet']
[2022-12-05 03:33:33,409] {subprocess.py:85} INFO - Output:
[2022-12-05 03:33:39,338] {subprocess.py:93} INFO - Command exited with return code 0
[2022-12-05 03:33:39,429] {taskinstance.py:1277} INFO - Marking task as SUCCESS. dag_id=yellow_taxi_2_bq_dag, task_id=download_dataset_task, execution_date=20190402T060000, start_date=20221205T033332, end_date=20221205T033339
[2022-12-05 03:33:39,486] {local_task_job.py:154} INFO - Task exited with return code 0
[2022-12-05 03:33:39,582] {local_task_job.py:264} INFO - 1 downstream tasks scheduled from follow-on schedule check
