[2022-11-27 16:47:28,650] {taskinstance.py:1032} INFO - Dependencies all met for <TaskInstance: FHV_data_to_gcp_dag.local_to_gcp_task scheduled__2019-08-02T06:00:00+00:00 [queued]>
[2022-11-27 16:47:28,713] {taskinstance.py:1032} INFO - Dependencies all met for <TaskInstance: FHV_data_to_gcp_dag.local_to_gcp_task scheduled__2019-08-02T06:00:00+00:00 [queued]>
[2022-11-27 16:47:28,714] {taskinstance.py:1238} INFO - 
--------------------------------------------------------------------------------
[2022-11-27 16:47:28,715] {taskinstance.py:1239} INFO - Starting attempt 1 of 2
[2022-11-27 16:47:28,717] {taskinstance.py:1240} INFO - 
--------------------------------------------------------------------------------
[2022-11-27 16:47:28,768] {taskinstance.py:1259} INFO - Executing <Task(PythonOperator): local_to_gcp_task> on 2019-08-02 06:00:00+00:00
[2022-11-27 16:47:28,790] {standard_task_runner.py:52} INFO - Started process 1370 to run task
[2022-11-27 16:47:28,807] {standard_task_runner.py:76} INFO - Running: ['***', 'tasks', 'run', 'FHV_data_to_gcp_dag', 'local_to_gcp_task', 'scheduled__2019-08-02T06:00:00+00:00', '--job-id', '257', '--raw', '--subdir', 'DAGS_FOLDER/FHV_ingestation_dag.py', '--cfg-path', '/tmp/tmpml7roy2p', '--error-file', '/tmp/tmpx_9kgs00']
[2022-11-27 16:47:28,812] {standard_task_runner.py:77} INFO - Job 257: Subtask local_to_gcp_task
[2022-11-27 16:47:29,462] {logging_mixin.py:109} INFO - Running <TaskInstance: FHV_data_to_gcp_dag.local_to_gcp_task scheduled__2019-08-02T06:00:00+00:00 [running]> on host 410f3484ae43
[2022-11-27 16:47:29,944] {logging_mixin.py:109} WARNING - /home/***/.local/lib/python3.7/site-packages/***/utils/context.py:152 AirflowContextDeprecationWarning: Accessing 'execution_date' from the template is deprecated and will be removed in a future version. Please use 'data_interval_start' or 'logical_date' instead.
[2022-11-27 16:47:30,091] {taskinstance.py:1426} INFO - Exporting the following env vars:
AIRFLOW_CTX_DAG_OWNER=***
AIRFLOW_CTX_DAG_ID=FHV_data_to_gcp_dag
AIRFLOW_CTX_TASK_ID=local_to_gcp_task
AIRFLOW_CTX_EXECUTION_DATE=2019-08-02T06:00:00+00:00
AIRFLOW_CTX_DAG_RUN_ID=scheduled__2019-08-02T06:00:00+00:00
[2022-11-27 16:47:34,291] {python.py:175} INFO - Done. Returned value was: None
[2022-11-27 16:47:34,336] {taskinstance.py:1277} INFO - Marking task as SUCCESS. dag_id=FHV_data_to_gcp_dag, task_id=local_to_gcp_task, execution_date=20190802T060000, start_date=20221127T164728, end_date=20221127T164734
[2022-11-27 16:47:34,422] {local_task_job.py:154} INFO - Task exited with return code 0
[2022-11-27 16:47:34,512] {local_task_job.py:264} INFO - 0 downstream tasks scheduled from follow-on schedule check
