[2022-12-05 04:00:47,253] {taskinstance.py:1032} INFO - Dependencies all met for <TaskInstance: yellow_taxi_2_bq_dag.download_dataset_task scheduled__2019-12-02T06:00:00+00:00 [queued]>
[2022-12-05 04:00:47,280] {taskinstance.py:1032} INFO - Dependencies all met for <TaskInstance: yellow_taxi_2_bq_dag.download_dataset_task scheduled__2019-12-02T06:00:00+00:00 [queued]>
[2022-12-05 04:00:47,281] {taskinstance.py:1238} INFO - 
--------------------------------------------------------------------------------
[2022-12-05 04:00:47,281] {taskinstance.py:1239} INFO - Starting attempt 1 of 1
[2022-12-05 04:00:47,282] {taskinstance.py:1240} INFO - 
--------------------------------------------------------------------------------
[2022-12-05 04:00:47,309] {taskinstance.py:1259} INFO - Executing <Task(BashOperator): download_dataset_task> on 2019-12-02 06:00:00+00:00
[2022-12-05 04:00:47,317] {standard_task_runner.py:52} INFO - Started process 11142 to run task
[2022-12-05 04:00:47,323] {standard_task_runner.py:76} INFO - Running: ['***', 'tasks', 'run', 'yellow_taxi_2_bq_dag', 'download_dataset_task', 'scheduled__2019-12-02T06:00:00+00:00', '--job-id', '466', '--raw', '--subdir', 'DAGS_FOLDER/data_ingestation_gcp.py', '--cfg-path', '/tmp/tmpksm8c1er', '--error-file', '/tmp/tmp8urwthsg']
[2022-12-05 04:00:47,325] {standard_task_runner.py:77} INFO - Job 466: Subtask download_dataset_task
[2022-12-05 04:00:47,414] {logging_mixin.py:109} INFO - Running <TaskInstance: yellow_taxi_2_bq_dag.download_dataset_task scheduled__2019-12-02T06:00:00+00:00 [running]> on host 9b5bfd347476
[2022-12-05 04:00:47,510] {logging_mixin.py:109} WARNING - /home/***/.local/lib/python3.7/site-packages/***/utils/context.py:152 AirflowContextDeprecationWarning: Accessing 'execution_date' from the template is deprecated and will be removed in a future version. Please use 'data_interval_start' or 'logical_date' instead.
[2022-12-05 04:00:47,539] {taskinstance.py:1426} INFO - Exporting the following env vars:
AIRFLOW_CTX_DAG_OWNER=***
AIRFLOW_CTX_DAG_ID=yellow_taxi_2_bq_dag
AIRFLOW_CTX_TASK_ID=download_dataset_task
AIRFLOW_CTX_EXECUTION_DATE=2019-12-02T06:00:00+00:00
AIRFLOW_CTX_DAG_RUN_ID=scheduled__2019-12-02T06:00:00+00:00
[2022-12-05 04:00:47,542] {subprocess.py:62} INFO - Tmp dir root location: 
 /tmp
[2022-12-05 04:00:47,543] {subprocess.py:74} INFO - Running command: ['bash', '-c', 'curl -sSLf https://d37ci6vzurychx.cloudfront.net/trip-data/yellow_tripdata_2019-12.parquet > /opt/***/output_2019-12.parquet']
[2022-12-05 04:00:47,556] {subprocess.py:85} INFO - Output:
[2022-12-05 04:00:53,676] {subprocess.py:93} INFO - Command exited with return code 0
[2022-12-05 04:00:53,722] {taskinstance.py:1277} INFO - Marking task as SUCCESS. dag_id=yellow_taxi_2_bq_dag, task_id=download_dataset_task, execution_date=20191202T060000, start_date=20221205T040047, end_date=20221205T040053
[2022-12-05 04:00:53,801] {local_task_job.py:154} INFO - Task exited with return code 0
[2022-12-05 04:00:53,886] {local_task_job.py:264} INFO - 1 downstream tasks scheduled from follow-on schedule check
