[2022-12-05 05:03:02,913] {taskinstance.py:1032} INFO - Dependencies all met for <TaskInstance: yellow_taxi_2_bq_dag.download_dataset_task scheduled__2019-12-02T06:00:00+00:00 [queued]>
[2022-12-05 05:03:02,949] {taskinstance.py:1032} INFO - Dependencies all met for <TaskInstance: yellow_taxi_2_bq_dag.download_dataset_task scheduled__2019-12-02T06:00:00+00:00 [queued]>
[2022-12-05 05:03:02,950] {taskinstance.py:1238} INFO - 
--------------------------------------------------------------------------------
[2022-12-05 05:03:02,951] {taskinstance.py:1239} INFO - Starting attempt 2 of 2
[2022-12-05 05:03:02,952] {taskinstance.py:1240} INFO - 
--------------------------------------------------------------------------------
[2022-12-05 05:03:02,987] {taskinstance.py:1259} INFO - Executing <Task(BashOperator): download_dataset_task> on 2019-12-02 06:00:00+00:00
[2022-12-05 05:03:02,996] {standard_task_runner.py:52} INFO - Started process 19468 to run task
[2022-12-05 05:03:03,004] {standard_task_runner.py:76} INFO - Running: ['***', 'tasks', 'run', 'yellow_taxi_2_bq_dag', 'download_dataset_task', 'scheduled__2019-12-02T06:00:00+00:00', '--job-id', '589', '--raw', '--subdir', 'DAGS_FOLDER/data_ingestation_gcp.py', '--cfg-path', '/tmp/tmprngwcu0a', '--error-file', '/tmp/tmpbwqpt9a7']
[2022-12-05 05:03:03,006] {standard_task_runner.py:77} INFO - Job 589: Subtask download_dataset_task
[2022-12-05 05:03:03,138] {logging_mixin.py:109} INFO - Running <TaskInstance: yellow_taxi_2_bq_dag.download_dataset_task scheduled__2019-12-02T06:00:00+00:00 [running]> on host 9b5bfd347476
[2022-12-05 05:03:03,279] {logging_mixin.py:109} WARNING - /home/***/.local/lib/python3.7/site-packages/***/utils/context.py:152 AirflowContextDeprecationWarning: Accessing 'execution_date' from the template is deprecated and will be removed in a future version. Please use 'data_interval_start' or 'logical_date' instead.
[2022-12-05 05:03:03,313] {taskinstance.py:1426} INFO - Exporting the following env vars:
AIRFLOW_CTX_DAG_OWNER=***
AIRFLOW_CTX_DAG_ID=yellow_taxi_2_bq_dag
AIRFLOW_CTX_TASK_ID=download_dataset_task
AIRFLOW_CTX_EXECUTION_DATE=2019-12-02T06:00:00+00:00
AIRFLOW_CTX_DAG_RUN_ID=scheduled__2019-12-02T06:00:00+00:00
[2022-12-05 05:03:03,314] {subprocess.py:62} INFO - Tmp dir root location: 
 /tmp
[2022-12-05 05:03:03,316] {subprocess.py:74} INFO - Running command: ['bash', '-c', 'curl -sSLf https://d37ci6vzurychx.cloudfront.net/trip-data/yellow_tripdata_2019-12.parquet > /opt/***/output_2019-12.parquet']
[2022-12-05 05:03:03,333] {subprocess.py:85} INFO - Output:
[2022-12-05 05:03:09,357] {subprocess.py:93} INFO - Command exited with return code 0
[2022-12-05 05:03:09,449] {taskinstance.py:1277} INFO - Marking task as SUCCESS. dag_id=yellow_taxi_2_bq_dag, task_id=download_dataset_task, execution_date=20191202T060000, start_date=20221205T050302, end_date=20221205T050309
[2022-12-05 05:03:09,535] {local_task_job.py:154} INFO - Task exited with return code 0
[2022-12-05 05:03:09,614] {dagrun.py:628} WARNING - Failed to get task '<TaskInstance: yellow_taxi_2_bq_dag.bq_ext_2_part_task scheduled__2019-12-02T06:00:00+00:00 [removed]>' for dag 'yellow_taxi_2_bq_dag'. Marking it as removed.
[2022-12-05 05:03:09,644] {local_task_job.py:264} INFO - 1 downstream tasks scheduled from follow-on schedule check
