[2022-11-27 16:43:20,852] {taskinstance.py:1032} INFO - Dependencies all met for <TaskInstance: zone_data_to_gcp_dag.download_dataset_task scheduled__2019-01-01T00:00:00+00:00 [queued]>
[2022-11-27 16:43:21,343] {taskinstance.py:1032} INFO - Dependencies all met for <TaskInstance: zone_data_to_gcp_dag.download_dataset_task scheduled__2019-01-01T00:00:00+00:00 [queued]>
[2022-11-27 16:43:21,348] {taskinstance.py:1238} INFO - 
--------------------------------------------------------------------------------
[2022-11-27 16:43:21,355] {taskinstance.py:1239} INFO - Starting attempt 1 of 2
[2022-11-27 16:43:21,360] {taskinstance.py:1240} INFO - 
--------------------------------------------------------------------------------
[2022-11-27 16:43:21,999] {taskinstance.py:1259} INFO - Executing <Task(BashOperator): download_dataset_task> on 2019-01-01 00:00:00+00:00
[2022-11-27 16:43:22,154] {standard_task_runner.py:52} INFO - Started process 699 to run task
[2022-11-27 16:43:22,273] {standard_task_runner.py:76} INFO - Running: ['***', 'tasks', 'run', 'zone_data_to_gcp_dag', 'download_dataset_task', 'scheduled__2019-01-01T00:00:00+00:00', '--job-id', '237', '--raw', '--subdir', 'DAGS_FOLDER/zone_lookup.py', '--cfg-path', '/tmp/tmp53l7cr2h', '--error-file', '/tmp/tmpaqirl35c']
[2022-11-27 16:43:22,303] {standard_task_runner.py:77} INFO - Job 237: Subtask download_dataset_task
[2022-11-27 16:43:23,747] {logging_mixin.py:109} INFO - Running <TaskInstance: zone_data_to_gcp_dag.download_dataset_task scheduled__2019-01-01T00:00:00+00:00 [running]> on host 410f3484ae43
[2022-11-27 16:43:25,265] {logging_mixin.py:109} WARNING - /home/***/.local/lib/python3.7/site-packages/***/utils/context.py:152 AirflowContextDeprecationWarning: Accessing 'execution_date' from the template is deprecated and will be removed in a future version. Please use 'data_interval_start' or 'logical_date' instead.
[2022-11-27 16:43:25,694] {taskinstance.py:1426} INFO - Exporting the following env vars:
AIRFLOW_CTX_DAG_OWNER=***
AIRFLOW_CTX_DAG_ID=zone_data_to_gcp_dag
AIRFLOW_CTX_TASK_ID=download_dataset_task
AIRFLOW_CTX_EXECUTION_DATE=2019-01-01T00:00:00+00:00
AIRFLOW_CTX_DAG_RUN_ID=scheduled__2019-01-01T00:00:00+00:00
[2022-11-27 16:43:25,745] {subprocess.py:62} INFO - Tmp dir root location: 
 /tmp
[2022-11-27 16:43:25,769] {subprocess.py:74} INFO - Running command: ['bash', '-c', 'curl -sSLf https://d37ci6vzurychx.cloudfront.net/misc/taxi+_zone_lookup.csv > /opt/***/output_2019-01.csv']
[2022-11-27 16:43:25,971] {subprocess.py:85} INFO - Output:
[2022-11-27 16:43:29,689] {subprocess.py:93} INFO - Command exited with return code 0
[2022-11-27 16:43:33,349] {taskinstance.py:1277} INFO - Marking task as SUCCESS. dag_id=zone_data_to_gcp_dag, task_id=download_dataset_task, execution_date=20190101T000000, start_date=20221127T164320, end_date=20221127T164333
[2022-11-27 16:43:34,034] {local_task_job.py:154} INFO - Task exited with return code 0
[2022-11-27 16:43:35,467] {local_task_job.py:264} INFO - 1 downstream tasks scheduled from follow-on schedule check
