[2022-12-02 03:56:12,026] {taskinstance.py:1032} INFO - Dependencies all met for <TaskInstance: FHV_data_upload_dag.download_dataset_task scheduled__2019-12-02T06:00:00+00:00 [queued]>
[2022-12-02 03:56:12,054] {taskinstance.py:1032} INFO - Dependencies all met for <TaskInstance: FHV_data_upload_dag.download_dataset_task scheduled__2019-12-02T06:00:00+00:00 [queued]>
[2022-12-02 03:56:12,054] {taskinstance.py:1238} INFO - 
--------------------------------------------------------------------------------
[2022-12-02 03:56:12,055] {taskinstance.py:1239} INFO - Starting attempt 1 of 2
[2022-12-02 03:56:12,056] {taskinstance.py:1240} INFO - 
--------------------------------------------------------------------------------
[2022-12-02 03:56:12,084] {taskinstance.py:1259} INFO - Executing <Task(BashOperator): download_dataset_task> on 2019-12-02 06:00:00+00:00
[2022-12-02 03:56:12,091] {standard_task_runner.py:52} INFO - Started process 2894 to run task
[2022-12-02 03:56:12,097] {standard_task_runner.py:76} INFO - Running: ['***', 'tasks', 'run', 'FHV_data_upload_dag', 'download_dataset_task', 'scheduled__2019-12-02T06:00:00+00:00', '--job-id', '315', '--raw', '--subdir', 'DAGS_FOLDER/FHV_data_upload_dag.py', '--cfg-path', '/tmp/tmpj_ilsu9g', '--error-file', '/tmp/tmpnphamtl7']
[2022-12-02 03:56:12,099] {standard_task_runner.py:77} INFO - Job 315: Subtask download_dataset_task
[2022-12-02 03:56:12,208] {logging_mixin.py:109} INFO - Running <TaskInstance: FHV_data_upload_dag.download_dataset_task scheduled__2019-12-02T06:00:00+00:00 [running]> on host abdcba3d233e
[2022-12-02 03:56:12,331] {logging_mixin.py:109} WARNING - /home/***/.local/lib/python3.7/site-packages/***/utils/context.py:152 AirflowContextDeprecationWarning: Accessing 'execution_date' from the template is deprecated and will be removed in a future version. Please use 'data_interval_start' or 'logical_date' instead.
[2022-12-02 03:56:12,368] {taskinstance.py:1426} INFO - Exporting the following env vars:
AIRFLOW_CTX_DAG_OWNER=***
AIRFLOW_CTX_DAG_ID=FHV_data_upload_dag
AIRFLOW_CTX_TASK_ID=download_dataset_task
AIRFLOW_CTX_EXECUTION_DATE=2019-12-02T06:00:00+00:00
AIRFLOW_CTX_DAG_RUN_ID=scheduled__2019-12-02T06:00:00+00:00
[2022-12-02 03:56:12,372] {subprocess.py:62} INFO - Tmp dir root location: 
 /tmp
[2022-12-02 03:56:12,374] {subprocess.py:74} INFO - Running command: ['bash', '-c', 'curl -sSLf https://d37ci6vzurychx.cloudfront.net/trip-data/fhv_tripdata_2019-12.parquet > /opt/***/output_2019-12.parquet']
[2022-12-02 03:56:12,403] {subprocess.py:85} INFO - Output:
[2022-12-02 03:56:14,946] {subprocess.py:93} INFO - Command exited with return code 0
[2022-12-02 03:56:14,995] {taskinstance.py:1277} INFO - Marking task as SUCCESS. dag_id=FHV_data_upload_dag, task_id=download_dataset_task, execution_date=20191202T060000, start_date=20221202T035612, end_date=20221202T035614
[2022-12-02 03:56:15,070] {local_task_job.py:154} INFO - Task exited with return code 0
[2022-12-02 03:56:15,155] {local_task_job.py:264} INFO - 1 downstream tasks scheduled from follow-on schedule check
