[2022-12-05 05:35:59,407] {taskinstance.py:1032} INFO - Dependencies all met for <TaskInstance: yellow_taxi_2_bq_edited_dag.gcs_2_bq_ext_task scheduled__2019-01-02T06:00:00+00:00 [queued]>
[2022-12-05 05:35:59,464] {taskinstance.py:1032} INFO - Dependencies all met for <TaskInstance: yellow_taxi_2_bq_edited_dag.gcs_2_bq_ext_task scheduled__2019-01-02T06:00:00+00:00 [queued]>
[2022-12-05 05:35:59,466] {taskinstance.py:1238} INFO - 
--------------------------------------------------------------------------------
[2022-12-05 05:35:59,467] {taskinstance.py:1239} INFO - Starting attempt 1 of 2
[2022-12-05 05:35:59,468] {taskinstance.py:1240} INFO - 
--------------------------------------------------------------------------------
[2022-12-05 05:35:59,524] {taskinstance.py:1259} INFO - Executing <Task(BigQueryCreateExternalTableOperator): gcs_2_bq_ext_task> on 2019-01-02 06:00:00+00:00
[2022-12-05 05:35:59,538] {standard_task_runner.py:52} INFO - Started process 23039 to run task
[2022-12-05 05:35:59,549] {standard_task_runner.py:76} INFO - Running: ['***', 'tasks', 'run', 'yellow_taxi_2_bq_edited_dag', 'gcs_2_bq_ext_task', 'scheduled__2019-01-02T06:00:00+00:00', '--job-id', '658', '--raw', '--subdir', 'DAGS_FOLDER/data_ingestation_gcp.py', '--cfg-path', '/tmp/tmprtdd6tb7', '--error-file', '/tmp/tmp5u93_6ul']
[2022-12-05 05:35:59,553] {standard_task_runner.py:77} INFO - Job 658: Subtask gcs_2_bq_ext_task
[2022-12-05 05:35:59,740] {logging_mixin.py:109} INFO - Running <TaskInstance: yellow_taxi_2_bq_edited_dag.gcs_2_bq_ext_task scheduled__2019-01-02T06:00:00+00:00 [running]> on host 9b5bfd347476
[2022-12-05 05:36:00,182] {taskinstance.py:1426} INFO - Exporting the following env vars:
AIRFLOW_CTX_DAG_OWNER=***
AIRFLOW_CTX_DAG_ID=yellow_taxi_2_bq_edited_dag
AIRFLOW_CTX_TASK_ID=gcs_2_bq_ext_task
AIRFLOW_CTX_EXECUTION_DATE=2019-01-02T06:00:00+00:00
AIRFLOW_CTX_DAG_RUN_ID=scheduled__2019-01-02T06:00:00+00:00
[2022-12-05 05:36:00,193] {crypto.py:82} WARNING - empty cryptography key - values will not be stored encrypted.
[2022-12-05 05:36:01,307] {taskinstance.py:1277} INFO - Marking task as SUCCESS. dag_id=yellow_taxi_2_bq_edited_dag, task_id=gcs_2_bq_ext_task, execution_date=20190102T060000, start_date=20221205T053559, end_date=20221205T053601
[2022-12-05 05:36:01,382] {local_task_job.py:154} INFO - Task exited with return code 0
[2022-12-05 05:36:01,497] {local_task_job.py:264} INFO - 0 downstream tasks scheduled from follow-on schedule check
