[2022-11-27 16:49:43,249] {taskinstance.py:1032} INFO - Dependencies all met for <TaskInstance: FHV_data_to_gcp_dag.local_to_gcp_task scheduled__2019-09-02T06:00:00+00:00 [queued]>
[2022-11-27 16:49:43,292] {taskinstance.py:1032} INFO - Dependencies all met for <TaskInstance: FHV_data_to_gcp_dag.local_to_gcp_task scheduled__2019-09-02T06:00:00+00:00 [queued]>
[2022-11-27 16:49:43,294] {taskinstance.py:1238} INFO - 
--------------------------------------------------------------------------------
[2022-11-27 16:49:43,295] {taskinstance.py:1239} INFO - Starting attempt 1 of 2
[2022-11-27 16:49:43,296] {taskinstance.py:1240} INFO - 
--------------------------------------------------------------------------------
[2022-11-27 16:49:43,342] {taskinstance.py:1259} INFO - Executing <Task(PythonOperator): local_to_gcp_task> on 2019-09-02 06:00:00+00:00
[2022-11-27 16:49:43,353] {standard_task_runner.py:52} INFO - Started process 1679 to run task
[2022-11-27 16:49:43,362] {standard_task_runner.py:76} INFO - Running: ['***', 'tasks', 'run', 'FHV_data_to_gcp_dag', 'local_to_gcp_task', 'scheduled__2019-09-02T06:00:00+00:00', '--job-id', '260', '--raw', '--subdir', 'DAGS_FOLDER/FHV_ingestation_dag.py', '--cfg-path', '/tmp/tmp66dl9ggu', '--error-file', '/tmp/tmpm_o122jm']
[2022-11-27 16:49:43,365] {standard_task_runner.py:77} INFO - Job 260: Subtask local_to_gcp_task
[2022-11-27 16:49:43,535] {logging_mixin.py:109} INFO - Running <TaskInstance: FHV_data_to_gcp_dag.local_to_gcp_task scheduled__2019-09-02T06:00:00+00:00 [running]> on host 410f3484ae43
[2022-11-27 16:49:43,740] {logging_mixin.py:109} WARNING - /home/***/.local/lib/python3.7/site-packages/***/utils/context.py:152 AirflowContextDeprecationWarning: Accessing 'execution_date' from the template is deprecated and will be removed in a future version. Please use 'data_interval_start' or 'logical_date' instead.
[2022-11-27 16:49:43,807] {taskinstance.py:1426} INFO - Exporting the following env vars:
AIRFLOW_CTX_DAG_OWNER=***
AIRFLOW_CTX_DAG_ID=FHV_data_to_gcp_dag
AIRFLOW_CTX_TASK_ID=local_to_gcp_task
AIRFLOW_CTX_EXECUTION_DATE=2019-09-02T06:00:00+00:00
AIRFLOW_CTX_DAG_RUN_ID=scheduled__2019-09-02T06:00:00+00:00
[2022-11-27 16:49:46,775] {python.py:175} INFO - Done. Returned value was: None
[2022-11-27 16:49:46,819] {taskinstance.py:1277} INFO - Marking task as SUCCESS. dag_id=FHV_data_to_gcp_dag, task_id=local_to_gcp_task, execution_date=20190902T060000, start_date=20221127T164943, end_date=20221127T164946
[2022-11-27 16:49:46,894] {local_task_job.py:154} INFO - Task exited with return code 0
[2022-11-27 16:49:46,989] {local_task_job.py:264} INFO - 0 downstream tasks scheduled from follow-on schedule check
