[2022-11-24 06:48:49,819] {taskinstance.py:1032} INFO - Dependencies all met for <TaskInstance: LocalIngestationDag.wget scheduled__2021-08-02T06:00:00+00:00 [queued]>
[2022-11-24 06:48:50,017] {taskinstance.py:1032} INFO - Dependencies all met for <TaskInstance: LocalIngestationDag.wget scheduled__2021-08-02T06:00:00+00:00 [queued]>
[2022-11-24 06:48:50,021] {taskinstance.py:1238} INFO - 
--------------------------------------------------------------------------------
[2022-11-24 06:48:50,026] {taskinstance.py:1239} INFO - Starting attempt 1 of 1
[2022-11-24 06:48:50,037] {taskinstance.py:1240} INFO - 
--------------------------------------------------------------------------------
[2022-11-24 06:48:50,304] {taskinstance.py:1259} INFO - Executing <Task(BashOperator): wget> on 2021-08-02 06:00:00+00:00
[2022-11-24 06:48:50,361] {standard_task_runner.py:52} INFO - Started process 1485 to run task
[2022-11-24 06:48:50,383] {standard_task_runner.py:76} INFO - Running: ['***', 'tasks', 'run', 'LocalIngestationDag', 'wget', 'scheduled__2021-08-02T06:00:00+00:00', '--job-id', '9', '--raw', '--subdir', 'DAGS_FOLDER/data_ingestation.py', '--cfg-path', '/tmp/tmpwfj9ktjc', '--error-file', '/tmp/tmp6npzoozp']
[2022-11-24 06:48:50,388] {standard_task_runner.py:77} INFO - Job 9: Subtask wget
[2022-11-24 06:48:50,592] {logging_mixin.py:109} INFO - Running <TaskInstance: LocalIngestationDag.wget scheduled__2021-08-02T06:00:00+00:00 [running]> on host d01293c252ef
[2022-11-24 06:48:51,240] {taskinstance.py:1426} INFO - Exporting the following env vars:
AIRFLOW_CTX_DAG_OWNER=***
AIRFLOW_CTX_DAG_ID=LocalIngestationDag
AIRFLOW_CTX_TASK_ID=wget
AIRFLOW_CTX_EXECUTION_DATE=2021-08-02T06:00:00+00:00
AIRFLOW_CTX_DAG_RUN_ID=scheduled__2021-08-02T06:00:00+00:00
[2022-11-24 06:48:51,248] {subprocess.py:62} INFO - Tmp dir root location: 
 /tmp
[2022-11-24 06:48:51,254] {subprocess.py:74} INFO - Running command: ['bash', '-c', 'echo "Hello World"']
[2022-11-24 06:48:51,412] {subprocess.py:85} INFO - Output:
[2022-11-24 06:48:51,800] {subprocess.py:89} INFO - Hello World
[2022-11-24 06:48:51,825] {subprocess.py:93} INFO - Command exited with return code 0
[2022-11-24 06:48:54,758] {taskinstance.py:1277} INFO - Marking task as SUCCESS. dag_id=LocalIngestationDag, task_id=wget, execution_date=20210802T060000, start_date=20221124T064849, end_date=20221124T064854
[2022-11-24 06:48:55,067] {local_task_job.py:154} INFO - Task exited with return code 0
[2022-11-24 06:48:55,571] {local_task_job.py:264} INFO - 1 downstream tasks scheduled from follow-on schedule check
