[2022-11-27 16:43:59,662] {taskinstance.py:1032} INFO - Dependencies all met for <TaskInstance: zone_data_to_gcp_dag.parquetize_file_task scheduled__2019-01-03T00:00:00+00:00 [queued]>
[2022-11-27 16:43:59,917] {taskinstance.py:1032} INFO - Dependencies all met for <TaskInstance: zone_data_to_gcp_dag.parquetize_file_task scheduled__2019-01-03T00:00:00+00:00 [queued]>
[2022-11-27 16:43:59,932] {taskinstance.py:1238} INFO - 
--------------------------------------------------------------------------------
[2022-11-27 16:43:59,937] {taskinstance.py:1239} INFO - Starting attempt 1 of 2
[2022-11-27 16:43:59,943] {taskinstance.py:1240} INFO - 
--------------------------------------------------------------------------------
[2022-11-27 16:44:00,312] {taskinstance.py:1259} INFO - Executing <Task(PythonOperator): parquetize_file_task> on 2019-01-03 00:00:00+00:00
[2022-11-27 16:44:00,444] {standard_task_runner.py:52} INFO - Started process 843 to run task
[2022-11-27 16:44:00,665] {standard_task_runner.py:76} INFO - Running: ['***', 'tasks', 'run', 'zone_data_to_gcp_dag', 'parquetize_file_task', 'scheduled__2019-01-03T00:00:00+00:00', '--job-id', '244', '--raw', '--subdir', 'DAGS_FOLDER/zone_lookup.py', '--cfg-path', '/tmp/tmpcvrty33l', '--error-file', '/tmp/tmpn6h0excd']
[2022-11-27 16:44:00,689] {standard_task_runner.py:77} INFO - Job 244: Subtask parquetize_file_task
[2022-11-27 16:44:01,700] {logging_mixin.py:109} INFO - Running <TaskInstance: zone_data_to_gcp_dag.parquetize_file_task scheduled__2019-01-03T00:00:00+00:00 [running]> on host 410f3484ae43
[2022-11-27 16:44:02,135] {logging_mixin.py:109} WARNING - /home/***/.local/lib/python3.7/site-packages/***/utils/context.py:152 AirflowContextDeprecationWarning: Accessing 'execution_date' from the template is deprecated and will be removed in a future version. Please use 'data_interval_start' or 'logical_date' instead.
[2022-11-27 16:44:02,312] {taskinstance.py:1426} INFO - Exporting the following env vars:
AIRFLOW_CTX_DAG_OWNER=***
AIRFLOW_CTX_DAG_ID=zone_data_to_gcp_dag
AIRFLOW_CTX_TASK_ID=parquetize_file_task
AIRFLOW_CTX_EXECUTION_DATE=2019-01-03T00:00:00+00:00
AIRFLOW_CTX_DAG_RUN_ID=scheduled__2019-01-03T00:00:00+00:00
[2022-11-27 16:44:02,984] {python.py:175} INFO - Done. Returned value was: None
[2022-11-27 16:44:03,102] {taskinstance.py:1277} INFO - Marking task as SUCCESS. dag_id=zone_data_to_gcp_dag, task_id=parquetize_file_task, execution_date=20190103T000000, start_date=20221127T164359, end_date=20221127T164403
[2022-11-27 16:44:03,265] {local_task_job.py:154} INFO - Task exited with return code 0
[2022-11-27 16:44:03,838] {local_task_job.py:264} INFO - 1 downstream tasks scheduled from follow-on schedule check
