[2022-12-05 02:49:25,659] {taskinstance.py:1032} INFO - Dependencies all met for <TaskInstance: yellow_taxi_2_bq_dag.remodel_data_type_task scheduled__2019-04-02T06:00:00+00:00 [queued]>
[2022-12-05 02:49:25,687] {taskinstance.py:1032} INFO - Dependencies all met for <TaskInstance: yellow_taxi_2_bq_dag.remodel_data_type_task scheduled__2019-04-02T06:00:00+00:00 [queued]>
[2022-12-05 02:49:25,687] {taskinstance.py:1238} INFO - 
--------------------------------------------------------------------------------
[2022-12-05 02:49:25,688] {taskinstance.py:1239} INFO - Starting attempt 1 of 1
[2022-12-05 02:49:25,689] {taskinstance.py:1240} INFO - 
--------------------------------------------------------------------------------
[2022-12-05 02:49:25,719] {taskinstance.py:1259} INFO - Executing <Task(PythonOperator): remodel_data_type_task> on 2019-04-02 06:00:00+00:00
[2022-12-05 02:49:25,727] {standard_task_runner.py:52} INFO - Started process 648 to run task
[2022-12-05 02:49:25,733] {standard_task_runner.py:76} INFO - Running: ['***', 'tasks', 'run', 'yellow_taxi_2_bq_dag', 'remodel_data_type_task', 'scheduled__2019-04-02T06:00:00+00:00', '--job-id', '349', '--raw', '--subdir', 'DAGS_FOLDER/data_ingestation_gcp.py', '--cfg-path', '/tmp/tmp1109gwtg', '--error-file', '/tmp/tmpwu315262']
[2022-12-05 02:49:25,735] {standard_task_runner.py:77} INFO - Job 349: Subtask remodel_data_type_task
[2022-12-05 02:49:25,835] {logging_mixin.py:109} INFO - Running <TaskInstance: yellow_taxi_2_bq_dag.remodel_data_type_task scheduled__2019-04-02T06:00:00+00:00 [running]> on host 9b5bfd347476
[2022-12-05 02:49:25,939] {logging_mixin.py:109} WARNING - /home/***/.local/lib/python3.7/site-packages/***/utils/context.py:152 AirflowContextDeprecationWarning: Accessing 'execution_date' from the template is deprecated and will be removed in a future version. Please use 'data_interval_start' or 'logical_date' instead.
[2022-12-05 02:49:25,975] {taskinstance.py:1426} INFO - Exporting the following env vars:
AIRFLOW_CTX_DAG_OWNER=***
AIRFLOW_CTX_DAG_ID=yellow_taxi_2_bq_dag
AIRFLOW_CTX_TASK_ID=remodel_data_type_task
AIRFLOW_CTX_EXECUTION_DATE=2019-04-02T06:00:00+00:00
AIRFLOW_CTX_DAG_RUN_ID=scheduled__2019-04-02T06:00:00+00:00
[2022-12-05 02:49:42,154] {local_task_job.py:154} INFO - Task exited with return code Negsignal.SIGKILL
[2022-12-05 02:49:42,361] {taskinstance.py:1277} INFO - Marking task as FAILED. dag_id=yellow_taxi_2_bq_dag, task_id=remodel_data_type_task, execution_date=20190402T060000, start_date=20221205T024925, end_date=20221205T024942
[2022-12-05 02:49:42,726] {local_task_job.py:264} INFO - 0 downstream tasks scheduled from follow-on schedule check
