[2022-12-05 03:38:50,782] {taskinstance.py:1032} INFO - Dependencies all met for <TaskInstance: yellow_taxi_2_bq_dag.remodel_data_type_task scheduled__2019-04-02T06:00:00+00:00 [queued]>
[2022-12-05 03:38:50,812] {taskinstance.py:1032} INFO - Dependencies all met for <TaskInstance: yellow_taxi_2_bq_dag.remodel_data_type_task scheduled__2019-04-02T06:00:00+00:00 [queued]>
[2022-12-05 03:38:50,813] {taskinstance.py:1238} INFO - 
--------------------------------------------------------------------------------
[2022-12-05 03:38:50,814] {taskinstance.py:1239} INFO - Starting attempt 3 of 3
[2022-12-05 03:38:50,814] {taskinstance.py:1240} INFO - 
--------------------------------------------------------------------------------
[2022-12-05 03:38:50,848] {taskinstance.py:1259} INFO - Executing <Task(PythonOperator): remodel_data_type_task> on 2019-04-02 06:00:00+00:00
[2022-12-05 03:38:50,856] {standard_task_runner.py:52} INFO - Started process 7882 to run task
[2022-12-05 03:38:50,863] {standard_task_runner.py:76} INFO - Running: ['***', 'tasks', 'run', 'yellow_taxi_2_bq_dag', 'remodel_data_type_task', 'scheduled__2019-04-02T06:00:00+00:00', '--job-id', '421', '--raw', '--subdir', 'DAGS_FOLDER/data_ingestation_gcp.py', '--cfg-path', '/tmp/tmpcmvlq6pt', '--error-file', '/tmp/tmpi10ptt72']
[2022-12-05 03:38:50,865] {standard_task_runner.py:77} INFO - Job 421: Subtask remodel_data_type_task
[2022-12-05 03:38:50,967] {logging_mixin.py:109} INFO - Running <TaskInstance: yellow_taxi_2_bq_dag.remodel_data_type_task scheduled__2019-04-02T06:00:00+00:00 [running]> on host 9b5bfd347476
[2022-12-05 03:38:51,075] {logging_mixin.py:109} WARNING - /home/***/.local/lib/python3.7/site-packages/***/utils/context.py:152 AirflowContextDeprecationWarning: Accessing 'execution_date' from the template is deprecated and will be removed in a future version. Please use 'data_interval_start' or 'logical_date' instead.
[2022-12-05 03:38:51,111] {taskinstance.py:1426} INFO - Exporting the following env vars:
AIRFLOW_CTX_DAG_OWNER=***
AIRFLOW_CTX_DAG_ID=yellow_taxi_2_bq_dag
AIRFLOW_CTX_TASK_ID=remodel_data_type_task
AIRFLOW_CTX_EXECUTION_DATE=2019-04-02T06:00:00+00:00
AIRFLOW_CTX_DAG_RUN_ID=scheduled__2019-04-02T06:00:00+00:00
[2022-12-05 03:40:12,245] {python.py:175} INFO - Done. Returned value was: None
[2022-12-05 03:40:12,343] {taskinstance.py:1277} INFO - Marking task as SUCCESS. dag_id=yellow_taxi_2_bq_dag, task_id=remodel_data_type_task, execution_date=20190402T060000, start_date=20221205T033850, end_date=20221205T034012
[2022-12-05 03:40:12,568] {local_task_job.py:212} WARNING - State of this instance has been externally set to success. Terminating instance.
[2022-12-05 03:40:12,584] {process_utils.py:124} INFO - Sending Signals.SIGTERM to group 7882. PIDs of all processes in the group: [7882]
[2022-12-05 03:40:12,586] {process_utils.py:75} INFO - Sending the signal Signals.SIGTERM to group 7882
[2022-12-05 03:40:13,935] {process_utils.py:70} INFO - Process psutil.Process(pid=7882, status='terminated', exitcode=0, started='03:38:50') (7882) terminated with exit code 0
