[2022-12-05 05:10:15,839] {taskinstance.py:1032} INFO - Dependencies all met for <TaskInstance: yellow_taxi_2_bq_dag.gcs_2_gcs_task scheduled__2020-03-02T06:00:00+00:00 [queued]>
[2022-12-05 05:10:15,866] {taskinstance.py:1032} INFO - Dependencies all met for <TaskInstance: yellow_taxi_2_bq_dag.gcs_2_gcs_task scheduled__2020-03-02T06:00:00+00:00 [queued]>
[2022-12-05 05:10:15,866] {taskinstance.py:1238} INFO - 
--------------------------------------------------------------------------------
[2022-12-05 05:10:15,867] {taskinstance.py:1239} INFO - Starting attempt 2 of 2
[2022-12-05 05:10:15,868] {taskinstance.py:1240} INFO - 
--------------------------------------------------------------------------------
[2022-12-05 05:10:15,895] {taskinstance.py:1259} INFO - Executing <Task(GCSToGCSOperator): gcs_2_gcs_task> on 2020-03-02 06:00:00+00:00
[2022-12-05 05:10:15,904] {standard_task_runner.py:52} INFO - Started process 20559 to run task
[2022-12-05 05:10:15,910] {standard_task_runner.py:76} INFO - Running: ['***', 'tasks', 'run', 'yellow_taxi_2_bq_dag', 'gcs_2_gcs_task', 'scheduled__2020-03-02T06:00:00+00:00', '--job-id', '607', '--raw', '--subdir', 'DAGS_FOLDER/data_ingestation_gcp.py', '--cfg-path', '/tmp/tmp3fd00zm9', '--error-file', '/tmp/tmpc50bt9ko']
[2022-12-05 05:10:15,912] {standard_task_runner.py:77} INFO - Job 607: Subtask gcs_2_gcs_task
[2022-12-05 05:10:16,020] {logging_mixin.py:109} INFO - Running <TaskInstance: yellow_taxi_2_bq_dag.gcs_2_gcs_task scheduled__2020-03-02T06:00:00+00:00 [running]> on host 9b5bfd347476
[2022-12-05 05:10:16,143] {taskinstance.py:1426} INFO - Exporting the following env vars:
AIRFLOW_CTX_DAG_OWNER=***
AIRFLOW_CTX_DAG_ID=yellow_taxi_2_bq_dag
AIRFLOW_CTX_TASK_ID=gcs_2_gcs_task
AIRFLOW_CTX_EXECUTION_DATE=2020-03-02T06:00:00+00:00
AIRFLOW_CTX_DAG_RUN_ID=scheduled__2020-03-02T06:00:00+00:00
[2022-12-05 05:10:16,147] {crypto.py:82} WARNING - empty cryptography key - values will not be stored encrypted.
[2022-12-05 05:10:16,148] {gcs_to_gcs.py:346} INFO - Delimiter ignored because wildcard is in prefix
[2022-12-05 05:10:16,532] {gcs_to_gcs.py:431} INFO - Executing copy of gs://my_nyc_tlc/raw/yellow_tripdata_2020-03.parquet to gs://my_nyc_tlc/yellow/2020-03.parquet
[2022-12-05 05:10:16,650] {gcs.py:251} INFO - Total Bytes: 62780390 | Bytes Written: 62780390
[2022-12-05 05:10:16,651] {gcs.py:264} INFO - Object raw/yellow_tripdata_2020-03.parquet in bucket my_nyc_tlc rewritten to object yellow/2020-03.parquet in bucket my_nyc_tlc
[2022-12-05 05:10:16,719] {gcs.py:645} INFO - Blob raw/yellow_tripdata_2020-03.parquet deleted.
[2022-12-05 05:10:16,743] {taskinstance.py:1277} INFO - Marking task as SUCCESS. dag_id=yellow_taxi_2_bq_dag, task_id=gcs_2_gcs_task, execution_date=20200302T060000, start_date=20221205T051015, end_date=20221205T051016
[2022-12-05 05:10:16,816] {local_task_job.py:154} INFO - Task exited with return code 0
[2022-12-05 05:10:16,910] {local_task_job.py:264} INFO - 1 downstream tasks scheduled from follow-on schedule check
