[2022-12-02 06:02:02,441] {taskinstance.py:1032} INFO - Dependencies all met for <TaskInstance: FHV_data_upload_dag.remodel_data_type_task scheduled__2019-07-02T06:00:00+00:00 [queued]>
[2022-12-02 06:02:02,566] {taskinstance.py:1032} INFO - Dependencies all met for <TaskInstance: FHV_data_upload_dag.remodel_data_type_task scheduled__2019-07-02T06:00:00+00:00 [queued]>
[2022-12-02 06:02:02,571] {taskinstance.py:1238} INFO - 
--------------------------------------------------------------------------------
[2022-12-02 06:02:02,573] {taskinstance.py:1239} INFO - Starting attempt 3 of 4
[2022-12-02 06:02:02,574] {taskinstance.py:1240} INFO - 
--------------------------------------------------------------------------------
[2022-12-02 06:02:02,683] {taskinstance.py:1259} INFO - Executing <Task(PythonOperator): remodel_data_type_task> on 2019-07-02 06:00:00+00:00
[2022-12-02 06:02:02,705] {standard_task_runner.py:52} INFO - Started process 8323 to run task
[2022-12-02 06:02:02,751] {standard_task_runner.py:76} INFO - Running: ['***', 'tasks', 'run', 'FHV_data_upload_dag', 'remodel_data_type_task', 'scheduled__2019-07-02T06:00:00+00:00', '--job-id', '337', '--raw', '--subdir', 'DAGS_FOLDER/FHV_data_upload_dag.py', '--cfg-path', '/tmp/tmp6wl8ispd', '--error-file', '/tmp/tmp9q2g6c8j']
[2022-12-02 06:02:02,775] {standard_task_runner.py:77} INFO - Job 337: Subtask remodel_data_type_task
[2022-12-02 06:02:03,451] {logging_mixin.py:109} INFO - Running <TaskInstance: FHV_data_upload_dag.remodel_data_type_task scheduled__2019-07-02T06:00:00+00:00 [running]> on host abdcba3d233e
[2022-12-02 06:02:04,453] {logging_mixin.py:109} WARNING - /home/***/.local/lib/python3.7/site-packages/***/utils/context.py:152 AirflowContextDeprecationWarning: Accessing 'execution_date' from the template is deprecated and will be removed in a future version. Please use 'data_interval_start' or 'logical_date' instead.
[2022-12-02 06:02:04,688] {taskinstance.py:1426} INFO - Exporting the following env vars:
AIRFLOW_CTX_DAG_OWNER=***
AIRFLOW_CTX_DAG_ID=FHV_data_upload_dag
AIRFLOW_CTX_TASK_ID=remodel_data_type_task
AIRFLOW_CTX_EXECUTION_DATE=2019-07-02T06:00:00+00:00
AIRFLOW_CTX_DAG_RUN_ID=scheduled__2019-07-02T06:00:00+00:00
[2022-12-02 06:02:21,195] {python.py:175} INFO - Done. Returned value was: None
[2022-12-02 06:02:21,469] {taskinstance.py:1277} INFO - Marking task as SUCCESS. dag_id=FHV_data_upload_dag, task_id=remodel_data_type_task, execution_date=20190702T060000, start_date=20221202T060202, end_date=20221202T060221
[2022-12-02 06:02:23,017] {local_task_job.py:154} INFO - Task exited with return code 0
[2022-12-02 06:02:23,858] {local_task_job.py:264} INFO - 1 downstream tasks scheduled from follow-on schedule check
