[2022-11-27 04:43:32,230] {taskinstance.py:1032} INFO - Dependencies all met for <TaskInstance: data_ingestation_gcp_dag.download_dataset_task scheduled__2019-03-02T06:00:00+00:00 [queued]>
[2022-11-27 04:43:32,302] {taskinstance.py:1032} INFO - Dependencies all met for <TaskInstance: data_ingestation_gcp_dag.download_dataset_task scheduled__2019-03-02T06:00:00+00:00 [queued]>
[2022-11-27 04:43:32,303] {taskinstance.py:1238} INFO - 
--------------------------------------------------------------------------------
[2022-11-27 04:43:32,304] {taskinstance.py:1239} INFO - Starting attempt 3 of 3
[2022-11-27 04:43:32,306] {taskinstance.py:1240} INFO - 
--------------------------------------------------------------------------------
[2022-11-27 04:43:32,366] {taskinstance.py:1259} INFO - Executing <Task(BashOperator): download_dataset_task> on 2019-03-02 06:00:00+00:00
[2022-11-27 04:43:32,379] {standard_task_runner.py:52} INFO - Started process 509 to run task
[2022-11-27 04:43:32,398] {standard_task_runner.py:76} INFO - Running: ['***', 'tasks', 'run', 'data_ingestation_gcp_dag', 'download_dataset_task', 'scheduled__2019-03-02T06:00:00+00:00', '--job-id', '141', '--raw', '--subdir', 'DAGS_FOLDER/data_ingestation_gcp.py', '--cfg-path', '/tmp/tmpxkwjqu5b', '--error-file', '/tmp/tmpzos51ods']
[2022-11-27 04:43:32,401] {standard_task_runner.py:77} INFO - Job 141: Subtask download_dataset_task
[2022-11-27 04:43:32,609] {logging_mixin.py:109} INFO - Running <TaskInstance: data_ingestation_gcp_dag.download_dataset_task scheduled__2019-03-02T06:00:00+00:00 [running]> on host 410f3484ae43
[2022-11-27 04:43:32,841] {logging_mixin.py:109} WARNING - /home/***/.local/lib/python3.7/site-packages/***/utils/context.py:152 AirflowContextDeprecationWarning: Accessing 'execution_date' from the template is deprecated and will be removed in a future version. Please use 'data_interval_start' or 'logical_date' instead.
[2022-11-27 04:43:32,916] {taskinstance.py:1426} INFO - Exporting the following env vars:
AIRFLOW_CTX_DAG_OWNER=***
AIRFLOW_CTX_DAG_ID=data_ingestation_gcp_dag
AIRFLOW_CTX_TASK_ID=download_dataset_task
AIRFLOW_CTX_EXECUTION_DATE=2019-03-02T06:00:00+00:00
AIRFLOW_CTX_DAG_RUN_ID=scheduled__2019-03-02T06:00:00+00:00
[2022-11-27 04:43:32,929] {subprocess.py:62} INFO - Tmp dir root location: 
 /tmp
[2022-11-27 04:43:32,938] {subprocess.py:74} INFO - Running command: ['bash', '-c', 'curl -sSLf https://d37ci6vzurychx.cloudfront.net/trip-data/yellow_tripdata_2019-03.parquet > /opt/***/output_2019-03.parquet']
[2022-11-27 04:43:32,995] {subprocess.py:85} INFO - Output:
[2022-11-27 04:44:48,542] {subprocess.py:93} INFO - Command exited with return code 0
[2022-11-27 04:44:48,652] {taskinstance.py:1277} INFO - Marking task as SUCCESS. dag_id=data_ingestation_gcp_dag, task_id=download_dataset_task, execution_date=20190302T060000, start_date=20221127T044332, end_date=20221127T044448
[2022-11-27 04:44:48,766] {local_task_job.py:154} INFO - Task exited with return code 0
[2022-11-27 04:44:48,883] {local_task_job.py:264} INFO - 0 downstream tasks scheduled from follow-on schedule check
