[2022-11-27 04:47:20,054] {taskinstance.py:1032} INFO - Dependencies all met for <TaskInstance: data_ingestation_gcp_dag.local_to_gcp_task scheduled__2019-03-02T06:00:00+00:00 [queued]>
[2022-11-27 04:47:20,104] {taskinstance.py:1032} INFO - Dependencies all met for <TaskInstance: data_ingestation_gcp_dag.local_to_gcp_task scheduled__2019-03-02T06:00:00+00:00 [queued]>
[2022-11-27 04:47:20,105] {taskinstance.py:1238} INFO - 
--------------------------------------------------------------------------------
[2022-11-27 04:47:20,107] {taskinstance.py:1239} INFO - Starting attempt 3 of 3
[2022-11-27 04:47:20,108] {taskinstance.py:1240} INFO - 
--------------------------------------------------------------------------------
[2022-11-27 04:47:20,164] {taskinstance.py:1259} INFO - Executing <Task(PythonOperator): local_to_gcp_task> on 2019-03-02 06:00:00+00:00
[2022-11-27 04:47:20,177] {standard_task_runner.py:52} INFO - Started process 928 to run task
[2022-11-27 04:47:20,190] {standard_task_runner.py:76} INFO - Running: ['***', 'tasks', 'run', 'data_ingestation_gcp_dag', 'local_to_gcp_task', 'scheduled__2019-03-02T06:00:00+00:00', '--job-id', '151', '--raw', '--subdir', 'DAGS_FOLDER/data_ingestation_gcp.py', '--cfg-path', '/tmp/tmpowdks20n', '--error-file', '/tmp/tmposwfmssp']
[2022-11-27 04:47:20,193] {standard_task_runner.py:77} INFO - Job 151: Subtask local_to_gcp_task
[2022-11-27 04:47:20,383] {logging_mixin.py:109} INFO - Running <TaskInstance: data_ingestation_gcp_dag.local_to_gcp_task scheduled__2019-03-02T06:00:00+00:00 [running]> on host 410f3484ae43
[2022-11-27 04:47:20,583] {logging_mixin.py:109} WARNING - /home/***/.local/lib/python3.7/site-packages/***/utils/context.py:152 AirflowContextDeprecationWarning: Accessing 'execution_date' from the template is deprecated and will be removed in a future version. Please use 'data_interval_start' or 'logical_date' instead.
[2022-11-27 04:47:20,635] {taskinstance.py:1426} INFO - Exporting the following env vars:
AIRFLOW_CTX_DAG_OWNER=***
AIRFLOW_CTX_DAG_ID=data_ingestation_gcp_dag
AIRFLOW_CTX_TASK_ID=local_to_gcp_task
AIRFLOW_CTX_EXECUTION_DATE=2019-03-02T06:00:00+00:00
AIRFLOW_CTX_DAG_RUN_ID=scheduled__2019-03-02T06:00:00+00:00
[2022-11-27 04:49:48,578] {python.py:175} INFO - Done. Returned value was: None
[2022-11-27 04:49:48,637] {taskinstance.py:1277} INFO - Marking task as SUCCESS. dag_id=data_ingestation_gcp_dag, task_id=local_to_gcp_task, execution_date=20190302T060000, start_date=20221127T044720, end_date=20221127T044948
[2022-11-27 04:49:48,724] {local_task_job.py:154} INFO - Task exited with return code 0
[2022-11-27 04:49:48,835] {local_task_job.py:264} INFO - 0 downstream tasks scheduled from follow-on schedule check
