[2022-11-26 07:04:37,777] {taskinstance.py:1032} INFO - Dependencies all met for <TaskInstance: LocalIngestationDag_new.wget scheduled__2021-10-02T06:00:00+00:00 [queued]>
[2022-11-26 07:04:38,192] {taskinstance.py:1032} INFO - Dependencies all met for <TaskInstance: LocalIngestationDag_new.wget scheduled__2021-10-02T06:00:00+00:00 [queued]>
[2022-11-26 07:04:38,208] {taskinstance.py:1238} INFO - 
--------------------------------------------------------------------------------
[2022-11-26 07:04:38,210] {taskinstance.py:1239} INFO - Starting attempt 1 of 1
[2022-11-26 07:04:38,218] {taskinstance.py:1240} INFO - 
--------------------------------------------------------------------------------
[2022-11-26 07:04:38,637] {taskinstance.py:1259} INFO - Executing <Task(BashOperator): wget> on 2021-10-02 06:00:00+00:00
[2022-11-26 07:04:38,719] {standard_task_runner.py:52} INFO - Started process 680 to run task
[2022-11-26 07:04:38,812] {standard_task_runner.py:76} INFO - Running: ['***', 'tasks', 'run', 'LocalIngestationDag_new', 'wget', 'scheduled__2021-10-02T06:00:00+00:00', '--job-id', '61', '--raw', '--subdir', 'DAGS_FOLDER/data_ingestation.py', '--cfg-path', '/tmp/tmpxef3f0ps', '--error-file', '/tmp/tmpb47t408w']
[2022-11-26 07:04:38,837] {standard_task_runner.py:77} INFO - Job 61: Subtask wget
[2022-11-26 07:04:40,503] {logging_mixin.py:109} INFO - Running <TaskInstance: LocalIngestationDag_new.wget scheduled__2021-10-02T06:00:00+00:00 [running]> on host 951f10ff76c7
[2022-11-26 07:04:41,734] {logging_mixin.py:109} WARNING - /home/***/.local/lib/python3.7/site-packages/***/utils/context.py:152 AirflowContextDeprecationWarning: Accessing 'execution_date' from the template is deprecated and will be removed in a future version. Please use 'data_interval_start' or 'logical_date' instead.
[2022-11-26 07:04:41,994] {taskinstance.py:1426} INFO - Exporting the following env vars:
AIRFLOW_CTX_DAG_OWNER=***
AIRFLOW_CTX_DAG_ID=LocalIngestationDag_new
AIRFLOW_CTX_TASK_ID=wget
AIRFLOW_CTX_EXECUTION_DATE=2021-10-02T06:00:00+00:00
AIRFLOW_CTX_DAG_RUN_ID=scheduled__2021-10-02T06:00:00+00:00
[2022-11-26 07:04:42,012] {subprocess.py:62} INFO - Tmp dir root location: 
 /tmp
[2022-11-26 07:04:42,016] {subprocess.py:74} INFO - Running command: ['bash', '-c', 'curl -sS https://d37ci6vzurychx.cloudfront.net/trip-data//yellow_tripdate_2021-10.parquet > /opt/***/output_2021-10.parquet']
[2022-11-26 07:04:42,113] {subprocess.py:85} INFO - Output:
[2022-11-26 07:04:45,005] {subprocess.py:93} INFO - Command exited with return code 0
[2022-11-26 07:04:46,520] {taskinstance.py:1277} INFO - Marking task as SUCCESS. dag_id=LocalIngestationDag_new, task_id=wget, execution_date=20211002T060000, start_date=20221126T070437, end_date=20221126T070446
[2022-11-26 07:04:47,171] {local_task_job.py:154} INFO - Task exited with return code 0
[2022-11-26 07:04:47,655] {local_task_job.py:264} INFO - 1 downstream tasks scheduled from follow-on schedule check
