[2022-11-27 16:43:49,814] {taskinstance.py:1032} INFO - Dependencies all met for <TaskInstance: zone_data_to_gcp_dag.parquetize_file_task scheduled__2019-01-02T00:00:00+00:00 [queued]>
[2022-11-27 16:43:50,236] {taskinstance.py:1032} INFO - Dependencies all met for <TaskInstance: zone_data_to_gcp_dag.parquetize_file_task scheduled__2019-01-02T00:00:00+00:00 [queued]>
[2022-11-27 16:43:50,250] {taskinstance.py:1238} INFO - 
--------------------------------------------------------------------------------
[2022-11-27 16:43:50,255] {taskinstance.py:1239} INFO - Starting attempt 1 of 2
[2022-11-27 16:43:50,258] {taskinstance.py:1240} INFO - 
--------------------------------------------------------------------------------
[2022-11-27 16:43:50,788] {taskinstance.py:1259} INFO - Executing <Task(PythonOperator): parquetize_file_task> on 2019-01-02 00:00:00+00:00
[2022-11-27 16:43:50,906] {standard_task_runner.py:52} INFO - Started process 809 to run task
[2022-11-27 16:43:51,003] {standard_task_runner.py:76} INFO - Running: ['***', 'tasks', 'run', 'zone_data_to_gcp_dag', 'parquetize_file_task', 'scheduled__2019-01-02T00:00:00+00:00', '--job-id', '240', '--raw', '--subdir', 'DAGS_FOLDER/zone_lookup.py', '--cfg-path', '/tmp/tmpk4g66hvn', '--error-file', '/tmp/tmpkxoxbgq0']
[2022-11-27 16:43:51,016] {standard_task_runner.py:77} INFO - Job 240: Subtask parquetize_file_task
[2022-11-27 16:43:52,397] {logging_mixin.py:109} INFO - Running <TaskInstance: zone_data_to_gcp_dag.parquetize_file_task scheduled__2019-01-02T00:00:00+00:00 [running]> on host 410f3484ae43
[2022-11-27 16:43:53,722] {logging_mixin.py:109} WARNING - /home/***/.local/lib/python3.7/site-packages/***/utils/context.py:152 AirflowContextDeprecationWarning: Accessing 'execution_date' from the template is deprecated and will be removed in a future version. Please use 'data_interval_start' or 'logical_date' instead.
[2022-11-27 16:43:54,021] {taskinstance.py:1426} INFO - Exporting the following env vars:
AIRFLOW_CTX_DAG_OWNER=***
AIRFLOW_CTX_DAG_ID=zone_data_to_gcp_dag
AIRFLOW_CTX_TASK_ID=parquetize_file_task
AIRFLOW_CTX_EXECUTION_DATE=2019-01-02T00:00:00+00:00
AIRFLOW_CTX_DAG_RUN_ID=scheduled__2019-01-02T00:00:00+00:00
[2022-11-27 16:43:56,925] {python.py:175} INFO - Done. Returned value was: None
[2022-11-27 16:43:59,396] {taskinstance.py:1277} INFO - Marking task as SUCCESS. dag_id=zone_data_to_gcp_dag, task_id=parquetize_file_task, execution_date=20190102T000000, start_date=20221127T164349, end_date=20221127T164359
[2022-11-27 16:43:59,949] {local_task_job.py:154} INFO - Task exited with return code 0
[2022-11-27 16:44:01,026] {local_task_job.py:264} INFO - 1 downstream tasks scheduled from follow-on schedule check
