[2022-11-30 15:18:21,679] {taskinstance.py:1032} INFO - Dependencies all met for <TaskInstance: gcs_2_bq_dag.gcs_2_bq_ext_task scheduled__2022-11-29T00:00:00+00:00 [queued]>
[2022-11-30 15:18:21,737] {taskinstance.py:1032} INFO - Dependencies all met for <TaskInstance: gcs_2_bq_dag.gcs_2_bq_ext_task scheduled__2022-11-29T00:00:00+00:00 [queued]>
[2022-11-30 15:18:21,738] {taskinstance.py:1238} INFO - 
--------------------------------------------------------------------------------
[2022-11-30 15:18:21,739] {taskinstance.py:1239} INFO - Starting attempt 1 of 2
[2022-11-30 15:18:21,741] {taskinstance.py:1240} INFO - 
--------------------------------------------------------------------------------
[2022-11-30 15:18:21,801] {taskinstance.py:1259} INFO - Executing <Task(BigQueryCreateExternalTableOperator): gcs_2_bq_ext_task> on 2022-11-29 00:00:00+00:00
[2022-11-30 15:18:21,818] {standard_task_runner.py:52} INFO - Started process 1039 to run task
[2022-11-30 15:18:21,831] {standard_task_runner.py:76} INFO - Running: ['***', 'tasks', 'run', 'gcs_2_bq_dag', 'gcs_2_bq_ext_task', 'scheduled__2022-11-29T00:00:00+00:00', '--job-id', '271', '--raw', '--subdir', 'DAGS_FOLDER/gcs_to_bq_yellow_dag.py', '--cfg-path', '/tmp/tmpzm1_2srz', '--error-file', '/tmp/tmp43e_l1ju']
[2022-11-30 15:18:21,835] {standard_task_runner.py:77} INFO - Job 271: Subtask gcs_2_bq_ext_task
[2022-11-30 15:18:22,040] {logging_mixin.py:109} INFO - Running <TaskInstance: gcs_2_bq_dag.gcs_2_bq_ext_task scheduled__2022-11-29T00:00:00+00:00 [running]> on host abdcba3d233e
[2022-11-30 15:18:22,555] {taskinstance.py:1426} INFO - Exporting the following env vars:
AIRFLOW_CTX_DAG_OWNER=***
AIRFLOW_CTX_DAG_ID=gcs_2_bq_dag
AIRFLOW_CTX_TASK_ID=gcs_2_bq_ext_task
AIRFLOW_CTX_EXECUTION_DATE=2022-11-29T00:00:00+00:00
AIRFLOW_CTX_DAG_RUN_ID=scheduled__2022-11-29T00:00:00+00:00
[2022-11-30 15:18:22,577] {crypto.py:82} WARNING - empty cryptography key - values will not be stored encrypted.
[2022-11-30 15:18:24,923] {taskinstance.py:1277} INFO - Marking task as SUCCESS. dag_id=gcs_2_bq_dag, task_id=gcs_2_bq_ext_task, execution_date=20221129T000000, start_date=20221130T151821, end_date=20221130T151824
[2022-11-30 15:18:25,010] {local_task_job.py:154} INFO - Task exited with return code 0
[2022-11-30 15:18:25,146] {local_task_job.py:264} INFO - 1 downstream tasks scheduled from follow-on schedule check
