[2022-11-24 06:48:39,047] {taskinstance.py:1032} INFO - Dependencies all met for <TaskInstance: LocalIngestationDag.wget scheduled__2021-01-02T06:00:00+00:00 [queued]>
[2022-11-24 06:48:39,154] {taskinstance.py:1032} INFO - Dependencies all met for <TaskInstance: LocalIngestationDag.wget scheduled__2021-01-02T06:00:00+00:00 [queued]>
[2022-11-24 06:48:39,155] {taskinstance.py:1238} INFO - 
--------------------------------------------------------------------------------
[2022-11-24 06:48:39,157] {taskinstance.py:1239} INFO - Starting attempt 1 of 1
[2022-11-24 06:48:39,158] {taskinstance.py:1240} INFO - 
--------------------------------------------------------------------------------
[2022-11-24 06:48:39,301] {taskinstance.py:1259} INFO - Executing <Task(BashOperator): wget> on 2021-01-02 06:00:00+00:00
[2022-11-24 06:48:39,309] {standard_task_runner.py:52} INFO - Started process 1383 to run task
[2022-11-24 06:48:39,355] {standard_task_runner.py:76} INFO - Running: ['***', 'tasks', 'run', 'LocalIngestationDag', 'wget', 'scheduled__2021-01-02T06:00:00+00:00', '--job-id', '3', '--raw', '--subdir', 'DAGS_FOLDER/data_ingestation.py', '--cfg-path', '/tmp/tmpz6m309u1', '--error-file', '/tmp/tmpzg2cvsri']
[2022-11-24 06:48:39,371] {standard_task_runner.py:77} INFO - Job 3: Subtask wget
[2022-11-24 06:48:40,025] {logging_mixin.py:109} INFO - Running <TaskInstance: LocalIngestationDag.wget scheduled__2021-01-02T06:00:00+00:00 [running]> on host d01293c252ef
[2022-11-24 06:48:40,744] {taskinstance.py:1426} INFO - Exporting the following env vars:
AIRFLOW_CTX_DAG_OWNER=***
AIRFLOW_CTX_DAG_ID=LocalIngestationDag
AIRFLOW_CTX_TASK_ID=wget
AIRFLOW_CTX_EXECUTION_DATE=2021-01-02T06:00:00+00:00
AIRFLOW_CTX_DAG_RUN_ID=scheduled__2021-01-02T06:00:00+00:00
[2022-11-24 06:48:40,750] {subprocess.py:62} INFO - Tmp dir root location: 
 /tmp
[2022-11-24 06:48:40,751] {subprocess.py:74} INFO - Running command: ['bash', '-c', 'echo "Hello World"']
[2022-11-24 06:48:40,800] {subprocess.py:85} INFO - Output:
[2022-11-24 06:48:40,849] {subprocess.py:89} INFO - Hello World
[2022-11-24 06:48:40,858] {subprocess.py:93} INFO - Command exited with return code 0
[2022-11-24 06:48:41,125] {taskinstance.py:1277} INFO - Marking task as SUCCESS. dag_id=LocalIngestationDag, task_id=wget, execution_date=20210102T060000, start_date=20221124T064839, end_date=20221124T064841
[2022-11-24 06:48:41,260] {local_task_job.py:154} INFO - Task exited with return code 0
[2022-11-24 06:48:41,382] {local_task_job.py:264} INFO - 1 downstream tasks scheduled from follow-on schedule check
