[2022-11-24 07:03:16,646] {taskinstance.py:1032} INFO - Dependencies all met for <TaskInstance: LocalIngestationDag.wget scheduled__2021-01-02T06:00:00+00:00 [queued]>
[2022-11-24 07:03:16,675] {taskinstance.py:1032} INFO - Dependencies all met for <TaskInstance: LocalIngestationDag.wget scheduled__2021-01-02T06:00:00+00:00 [queued]>
[2022-11-24 07:03:16,676] {taskinstance.py:1238} INFO - 
--------------------------------------------------------------------------------
[2022-11-24 07:03:16,677] {taskinstance.py:1239} INFO - Starting attempt 3 of 3
[2022-11-24 07:03:16,678] {taskinstance.py:1240} INFO - 
--------------------------------------------------------------------------------
[2022-11-24 07:03:16,708] {taskinstance.py:1259} INFO - Executing <Task(BashOperator): wget> on 2021-01-02 06:00:00+00:00
[2022-11-24 07:03:16,716] {standard_task_runner.py:52} INFO - Started process 2866 to run task
[2022-11-24 07:03:16,722] {standard_task_runner.py:76} INFO - Running: ['***', 'tasks', 'run', 'LocalIngestationDag', 'wget', 'scheduled__2021-01-02T06:00:00+00:00', '--job-id', '39', '--raw', '--subdir', 'DAGS_FOLDER/data_ingestation.py', '--cfg-path', '/tmp/tmplsqxx1px', '--error-file', '/tmp/tmplvhorae0']
[2022-11-24 07:03:16,724] {standard_task_runner.py:77} INFO - Job 39: Subtask wget
[2022-11-24 07:03:16,829] {logging_mixin.py:109} INFO - Running <TaskInstance: LocalIngestationDag.wget scheduled__2021-01-02T06:00:00+00:00 [running]> on host d01293c252ef
[2022-11-24 07:03:16,956] {taskinstance.py:1426} INFO - Exporting the following env vars:
AIRFLOW_CTX_DAG_OWNER=***
AIRFLOW_CTX_DAG_ID=LocalIngestationDag
AIRFLOW_CTX_TASK_ID=wget
AIRFLOW_CTX_EXECUTION_DATE=2021-01-02T06:00:00+00:00
AIRFLOW_CTX_DAG_RUN_ID=scheduled__2021-01-02T06:00:00+00:00
[2022-11-24 07:03:16,959] {subprocess.py:62} INFO - Tmp dir root location: 
 /tmp
[2022-11-24 07:03:16,961] {subprocess.py:74} INFO - Running command: ['bash', '-c', 'curl -sS https://d37ci6vzurychx.cloudfront.net/trip-data/yellow_tripdata_2021-01.parquet > /opt/***/output.csv']
[2022-11-24 07:03:16,985] {subprocess.py:85} INFO - Output:
[2022-11-24 07:03:23,003] {subprocess.py:93} INFO - Command exited with return code 0
[2022-11-24 07:03:23,059] {taskinstance.py:1277} INFO - Marking task as SUCCESS. dag_id=LocalIngestationDag, task_id=wget, execution_date=20210102T060000, start_date=20221124T070316, end_date=20221124T070323
[2022-11-24 07:03:23,109] {local_task_job.py:154} INFO - Task exited with return code 0
[2022-11-24 07:03:23,179] {local_task_job.py:264} INFO - 1 downstream tasks scheduled from follow-on schedule check
