[2022-11-24 07:37:55,250] {taskinstance.py:1032} INFO - Dependencies all met for <TaskInstance: LocalIngestationDag.wget scheduled__2021-01-02T06:00:00+00:00 [queued]>
[2022-11-24 07:37:55,282] {taskinstance.py:1032} INFO - Dependencies all met for <TaskInstance: LocalIngestationDag.wget scheduled__2021-01-02T06:00:00+00:00 [queued]>
[2022-11-24 07:37:55,283] {taskinstance.py:1238} INFO - 
--------------------------------------------------------------------------------
[2022-11-24 07:37:55,283] {taskinstance.py:1239} INFO - Starting attempt 4 of 4
[2022-11-24 07:37:55,284] {taskinstance.py:1240} INFO - 
--------------------------------------------------------------------------------
[2022-11-24 07:37:55,316] {taskinstance.py:1259} INFO - Executing <Task(BashOperator): wget> on 2021-01-02 06:00:00+00:00
[2022-11-24 07:37:55,325] {standard_task_runner.py:52} INFO - Started process 5531 to run task
[2022-11-24 07:37:55,340] {standard_task_runner.py:76} INFO - Running: ['***', 'tasks', 'run', 'LocalIngestationDag', 'wget', 'scheduled__2021-01-02T06:00:00+00:00', '--job-id', '41', '--raw', '--subdir', 'DAGS_FOLDER/data_ingestation.py', '--cfg-path', '/tmp/tmp4_9ptk4u', '--error-file', '/tmp/tmpo81g1m_1']
[2022-11-24 07:37:55,342] {standard_task_runner.py:77} INFO - Job 41: Subtask wget
[2022-11-24 07:37:55,469] {logging_mixin.py:109} INFO - Running <TaskInstance: LocalIngestationDag.wget scheduled__2021-01-02T06:00:00+00:00 [running]> on host d01293c252ef
[2022-11-24 07:37:55,596] {logging_mixin.py:109} WARNING - /home/***/.local/lib/python3.7/site-packages/***/utils/context.py:152 AirflowContextDeprecationWarning: Accessing 'execution_date' from the template is deprecated and will be removed in a future version. Please use 'data_interval_start' or 'logical_date' instead.
[2022-11-24 07:37:55,632] {taskinstance.py:1426} INFO - Exporting the following env vars:
AIRFLOW_CTX_DAG_OWNER=***
AIRFLOW_CTX_DAG_ID=LocalIngestationDag
AIRFLOW_CTX_TASK_ID=wget
AIRFLOW_CTX_EXECUTION_DATE=2021-01-02T06:00:00+00:00
AIRFLOW_CTX_DAG_RUN_ID=scheduled__2021-01-02T06:00:00+00:00
[2022-11-24 07:37:55,635] {subprocess.py:62} INFO - Tmp dir root location: 
 /tmp
[2022-11-24 07:37:55,637] {subprocess.py:74} INFO - Running command: ['bash', '-c', 'curl -sS https://d37ci6vzurychx.cloudfront.net/trip-data//yellow_tripdate_2021-01.parquet > /opt/***/output_2021-01.parquet']
[2022-11-24 07:37:55,650] {subprocess.py:85} INFO - Output:
[2022-11-24 07:37:56,760] {subprocess.py:93} INFO - Command exited with return code 0
[2022-11-24 07:37:56,809] {taskinstance.py:1277} INFO - Marking task as SUCCESS. dag_id=LocalIngestationDag, task_id=wget, execution_date=20210102T060000, start_date=20221124T073755, end_date=20221124T073756
[2022-11-24 07:37:56,884] {local_task_job.py:154} INFO - Task exited with return code 0
[2022-11-24 07:37:56,954] {local_task_job.py:264} INFO - 1 downstream tasks scheduled from follow-on schedule check
