[2022-12-05 04:47:40,453] {taskinstance.py:1032} INFO - Dependencies all met for <TaskInstance: yellow_taxi_2_bq_dag.remodel_data_type_task scheduled__2019-05-02T06:00:00+00:00 [queued]>
[2022-12-05 04:47:40,505] {taskinstance.py:1032} INFO - Dependencies all met for <TaskInstance: yellow_taxi_2_bq_dag.remodel_data_type_task scheduled__2019-05-02T06:00:00+00:00 [queued]>
[2022-12-05 04:47:40,508] {taskinstance.py:1238} INFO - 
--------------------------------------------------------------------------------
[2022-12-05 04:47:40,510] {taskinstance.py:1239} INFO - Starting attempt 4 of 4
[2022-12-05 04:47:40,511] {taskinstance.py:1240} INFO - 
--------------------------------------------------------------------------------
[2022-12-05 04:47:40,557] {taskinstance.py:1259} INFO - Executing <Task(PythonOperator): remodel_data_type_task> on 2019-05-02 06:00:00+00:00
[2022-12-05 04:47:40,568] {standard_task_runner.py:52} INFO - Started process 17154 to run task
[2022-12-05 04:47:40,577] {standard_task_runner.py:76} INFO - Running: ['***', 'tasks', 'run', 'yellow_taxi_2_bq_dag', 'remodel_data_type_task', 'scheduled__2019-05-02T06:00:00+00:00', '--job-id', '555', '--raw', '--subdir', 'DAGS_FOLDER/data_ingestation_gcp.py', '--cfg-path', '/tmp/tmpenxwhiq0', '--error-file', '/tmp/tmpdnx9wfp6']
[2022-12-05 04:47:40,580] {standard_task_runner.py:77} INFO - Job 555: Subtask remodel_data_type_task
[2022-12-05 04:47:40,755] {logging_mixin.py:109} INFO - Running <TaskInstance: yellow_taxi_2_bq_dag.remodel_data_type_task scheduled__2019-05-02T06:00:00+00:00 [running]> on host 9b5bfd347476
[2022-12-05 04:47:40,935] {logging_mixin.py:109} WARNING - /home/***/.local/lib/python3.7/site-packages/***/utils/context.py:152 AirflowContextDeprecationWarning: Accessing 'execution_date' from the template is deprecated and will be removed in a future version. Please use 'data_interval_start' or 'logical_date' instead.
[2022-12-05 04:47:40,983] {taskinstance.py:1426} INFO - Exporting the following env vars:
AIRFLOW_CTX_DAG_OWNER=***
AIRFLOW_CTX_DAG_ID=yellow_taxi_2_bq_dag
AIRFLOW_CTX_TASK_ID=remodel_data_type_task
AIRFLOW_CTX_EXECUTION_DATE=2019-05-02T06:00:00+00:00
AIRFLOW_CTX_DAG_RUN_ID=scheduled__2019-05-02T06:00:00+00:00
[2022-12-05 04:49:05,606] {python.py:175} INFO - Done. Returned value was: None
[2022-12-05 04:49:05,693] {taskinstance.py:1277} INFO - Marking task as SUCCESS. dag_id=yellow_taxi_2_bq_dag, task_id=remodel_data_type_task, execution_date=20190502T060000, start_date=20221205T044740, end_date=20221205T044905
[2022-12-05 04:49:07,783] {local_task_job.py:154} INFO - Task exited with return code 0
[2022-12-05 04:49:07,924] {local_task_job.py:264} INFO - 0 downstream tasks scheduled from follow-on schedule check
