[2022-12-05 04:16:51,915] {taskinstance.py:1032} INFO - Dependencies all met for <TaskInstance: yellow_taxi_2_bq_dag.gcs_2_gcs_task scheduled__2020-11-02T06:00:00+00:00 [queued]>
[2022-12-05 04:16:51,953] {taskinstance.py:1032} INFO - Dependencies all met for <TaskInstance: yellow_taxi_2_bq_dag.gcs_2_gcs_task scheduled__2020-11-02T06:00:00+00:00 [queued]>
[2022-12-05 04:16:51,956] {taskinstance.py:1238} INFO - 
--------------------------------------------------------------------------------
[2022-12-05 04:16:51,957] {taskinstance.py:1239} INFO - Starting attempt 1 of 1
[2022-12-05 04:16:51,957] {taskinstance.py:1240} INFO - 
--------------------------------------------------------------------------------
[2022-12-05 04:16:52,007] {taskinstance.py:1259} INFO - Executing <Task(GCSToGCSOperator): gcs_2_gcs_task> on 2020-11-02 06:00:00+00:00
[2022-12-05 04:16:52,016] {standard_task_runner.py:52} INFO - Started process 13953 to run task
[2022-12-05 04:16:52,025] {standard_task_runner.py:76} INFO - Running: ['***', 'tasks', 'run', 'yellow_taxi_2_bq_dag', 'gcs_2_gcs_task', 'scheduled__2020-11-02T06:00:00+00:00', '--job-id', '535', '--raw', '--subdir', 'DAGS_FOLDER/data_ingestation_gcp.py', '--cfg-path', '/tmp/tmp8vj6q12j', '--error-file', '/tmp/tmpglr32pj3']
[2022-12-05 04:16:52,028] {standard_task_runner.py:77} INFO - Job 535: Subtask gcs_2_gcs_task
[2022-12-05 04:16:52,136] {logging_mixin.py:109} INFO - Running <TaskInstance: yellow_taxi_2_bq_dag.gcs_2_gcs_task scheduled__2020-11-02T06:00:00+00:00 [running]> on host 9b5bfd347476
[2022-12-05 04:16:52,261] {taskinstance.py:1426} INFO - Exporting the following env vars:
AIRFLOW_CTX_DAG_OWNER=***
AIRFLOW_CTX_DAG_ID=yellow_taxi_2_bq_dag
AIRFLOW_CTX_TASK_ID=gcs_2_gcs_task
AIRFLOW_CTX_EXECUTION_DATE=2020-11-02T06:00:00+00:00
AIRFLOW_CTX_DAG_RUN_ID=scheduled__2020-11-02T06:00:00+00:00
[2022-12-05 04:16:52,265] {crypto.py:82} WARNING - empty cryptography key - values will not be stored encrypted.
[2022-12-05 04:16:52,267] {gcs_to_gcs.py:346} INFO - Delimiter ignored because wildcard is in prefix
[2022-12-05 04:16:52,757] {gcs_to_gcs.py:431} INFO - Executing copy of gs://my_nyc_tlc/raw/yellow_tripdata_2020-11.parquet to gs://my_nyc_tlc/yellow/2020-11.parquet
[2022-12-05 04:16:52,879] {gcs.py:251} INFO - Total Bytes: 32594141 | Bytes Written: 32594141
[2022-12-05 04:16:52,880] {gcs.py:264} INFO - Object raw/yellow_tripdata_2020-11.parquet in bucket my_nyc_tlc rewritten to object yellow/2020-11.parquet in bucket my_nyc_tlc
[2022-12-05 04:16:52,962] {gcs.py:645} INFO - Blob raw/yellow_tripdata_2020-11.parquet deleted.
[2022-12-05 04:16:53,031] {taskinstance.py:1277} INFO - Marking task as SUCCESS. dag_id=yellow_taxi_2_bq_dag, task_id=gcs_2_gcs_task, execution_date=20201102T060000, start_date=20221205T041651, end_date=20221205T041653
[2022-12-05 04:16:53,095] {local_task_job.py:154} INFO - Task exited with return code 0
[2022-12-05 04:16:53,183] {local_task_job.py:264} INFO - 1 downstream tasks scheduled from follow-on schedule check
