[2022-12-05 05:15:34,202] {taskinstance.py:1032} INFO - Dependencies all met for <TaskInstance: yellow_taxi_2_bq_dag.gcs_2_gcs_task scheduled__2020-11-02T06:00:00+00:00 [queued]>
[2022-12-05 05:15:34,233] {taskinstance.py:1032} INFO - Dependencies all met for <TaskInstance: yellow_taxi_2_bq_dag.gcs_2_gcs_task scheduled__2020-11-02T06:00:00+00:00 [queued]>
[2022-12-05 05:15:34,233] {taskinstance.py:1238} INFO - 
--------------------------------------------------------------------------------
[2022-12-05 05:15:34,234] {taskinstance.py:1239} INFO - Starting attempt 2 of 2
[2022-12-05 05:15:34,235] {taskinstance.py:1240} INFO - 
--------------------------------------------------------------------------------
[2022-12-05 05:15:34,265] {taskinstance.py:1259} INFO - Executing <Task(GCSToGCSOperator): gcs_2_gcs_task> on 2020-11-02 06:00:00+00:00
[2022-12-05 05:15:34,274] {standard_task_runner.py:52} INFO - Started process 21688 to run task
[2022-12-05 05:15:34,281] {standard_task_runner.py:76} INFO - Running: ['***', 'tasks', 'run', 'yellow_taxi_2_bq_dag', 'gcs_2_gcs_task', 'scheduled__2020-11-02T06:00:00+00:00', '--job-id', '647', '--raw', '--subdir', 'DAGS_FOLDER/data_ingestation_gcp.py', '--cfg-path', '/tmp/tmpp8_rvjz5', '--error-file', '/tmp/tmpfaksl_9t']
[2022-12-05 05:15:34,283] {standard_task_runner.py:77} INFO - Job 647: Subtask gcs_2_gcs_task
[2022-12-05 05:15:34,397] {logging_mixin.py:109} INFO - Running <TaskInstance: yellow_taxi_2_bq_dag.gcs_2_gcs_task scheduled__2020-11-02T06:00:00+00:00 [running]> on host 9b5bfd347476
[2022-12-05 05:15:34,524] {taskinstance.py:1426} INFO - Exporting the following env vars:
AIRFLOW_CTX_DAG_OWNER=***
AIRFLOW_CTX_DAG_ID=yellow_taxi_2_bq_dag
AIRFLOW_CTX_TASK_ID=gcs_2_gcs_task
AIRFLOW_CTX_EXECUTION_DATE=2020-11-02T06:00:00+00:00
AIRFLOW_CTX_DAG_RUN_ID=scheduled__2020-11-02T06:00:00+00:00
[2022-12-05 05:15:34,527] {crypto.py:82} WARNING - empty cryptography key - values will not be stored encrypted.
[2022-12-05 05:15:34,528] {gcs_to_gcs.py:346} INFO - Delimiter ignored because wildcard is in prefix
[2022-12-05 05:15:34,885] {gcs_to_gcs.py:431} INFO - Executing copy of gs://my_nyc_tlc/raw/yellow_tripdata_2020-11.parquet to gs://my_nyc_tlc/yellow/2020-11.parquet
[2022-12-05 05:15:34,992] {gcs.py:251} INFO - Total Bytes: 32594141 | Bytes Written: 32594141
[2022-12-05 05:15:34,993] {gcs.py:264} INFO - Object raw/yellow_tripdata_2020-11.parquet in bucket my_nyc_tlc rewritten to object yellow/2020-11.parquet in bucket my_nyc_tlc
[2022-12-05 05:15:35,070] {gcs.py:645} INFO - Blob raw/yellow_tripdata_2020-11.parquet deleted.
[2022-12-05 05:15:35,104] {taskinstance.py:1277} INFO - Marking task as SUCCESS. dag_id=yellow_taxi_2_bq_dag, task_id=gcs_2_gcs_task, execution_date=20201102T060000, start_date=20221205T051534, end_date=20221205T051535
[2022-12-05 05:15:35,149] {local_task_job.py:154} INFO - Task exited with return code 0
[2022-12-05 05:15:35,212] {local_task_job.py:264} INFO - 1 downstream tasks scheduled from follow-on schedule check
