[2022-11-24 06:48:39,042] {taskinstance.py:1032} INFO - Dependencies all met for <TaskInstance: LocalIngestationDag.wget scheduled__2021-02-02T06:00:00+00:00 [queued]>
[2022-11-24 06:48:39,115] {taskinstance.py:1032} INFO - Dependencies all met for <TaskInstance: LocalIngestationDag.wget scheduled__2021-02-02T06:00:00+00:00 [queued]>
[2022-11-24 06:48:39,117] {taskinstance.py:1238} INFO - 
--------------------------------------------------------------------------------
[2022-11-24 06:48:39,118] {taskinstance.py:1239} INFO - Starting attempt 1 of 1
[2022-11-24 06:48:39,120] {taskinstance.py:1240} INFO - 
--------------------------------------------------------------------------------
[2022-11-24 06:48:39,227] {taskinstance.py:1259} INFO - Executing <Task(BashOperator): wget> on 2021-02-02 06:00:00+00:00
[2022-11-24 06:48:39,269] {standard_task_runner.py:52} INFO - Started process 1380 to run task
[2022-11-24 06:48:39,300] {standard_task_runner.py:76} INFO - Running: ['***', 'tasks', 'run', 'LocalIngestationDag', 'wget', 'scheduled__2021-02-02T06:00:00+00:00', '--job-id', '2', '--raw', '--subdir', 'DAGS_FOLDER/data_ingestation.py', '--cfg-path', '/tmp/tmp8pws8188', '--error-file', '/tmp/tmp8za54kge']
[2022-11-24 06:48:39,308] {standard_task_runner.py:77} INFO - Job 2: Subtask wget
[2022-11-24 06:48:39,875] {logging_mixin.py:109} INFO - Running <TaskInstance: LocalIngestationDag.wget scheduled__2021-02-02T06:00:00+00:00 [running]> on host d01293c252ef
[2022-11-24 06:48:40,551] {taskinstance.py:1426} INFO - Exporting the following env vars:
AIRFLOW_CTX_DAG_OWNER=***
AIRFLOW_CTX_DAG_ID=LocalIngestationDag
AIRFLOW_CTX_TASK_ID=wget
AIRFLOW_CTX_EXECUTION_DATE=2021-02-02T06:00:00+00:00
AIRFLOW_CTX_DAG_RUN_ID=scheduled__2021-02-02T06:00:00+00:00
[2022-11-24 06:48:40,583] {subprocess.py:62} INFO - Tmp dir root location: 
 /tmp
[2022-11-24 06:48:40,603] {subprocess.py:74} INFO - Running command: ['bash', '-c', 'echo "Hello World"']
[2022-11-24 06:48:40,662] {subprocess.py:85} INFO - Output:
[2022-11-24 06:48:40,885] {subprocess.py:89} INFO - Hello World
[2022-11-24 06:48:40,900] {subprocess.py:93} INFO - Command exited with return code 0
[2022-11-24 06:48:41,128] {taskinstance.py:1277} INFO - Marking task as SUCCESS. dag_id=LocalIngestationDag, task_id=wget, execution_date=20210202T060000, start_date=20221124T064839, end_date=20221124T064841
[2022-11-24 06:48:41,254] {local_task_job.py:154} INFO - Task exited with return code 0
[2022-11-24 06:48:41,444] {local_task_job.py:264} INFO - 1 downstream tasks scheduled from follow-on schedule check
