[2022-12-02 06:02:29,217] {taskinstance.py:1032} INFO - Dependencies all met for <TaskInstance: FHV_data_upload_dag.remodel_data_type_task scheduled__2019-09-02T06:00:00+00:00 [queued]>
[2022-12-02 06:02:29,482] {taskinstance.py:1032} INFO - Dependencies all met for <TaskInstance: FHV_data_upload_dag.remodel_data_type_task scheduled__2019-09-02T06:00:00+00:00 [queued]>
[2022-12-02 06:02:29,485] {taskinstance.py:1238} INFO - 
--------------------------------------------------------------------------------
[2022-12-02 06:02:29,487] {taskinstance.py:1239} INFO - Starting attempt 3 of 4
[2022-12-02 06:02:29,488] {taskinstance.py:1240} INFO - 
--------------------------------------------------------------------------------
[2022-12-02 06:02:29,735] {taskinstance.py:1259} INFO - Executing <Task(PythonOperator): remodel_data_type_task> on 2019-09-02 06:00:00+00:00
[2022-12-02 06:02:29,782] {standard_task_runner.py:52} INFO - Started process 8404 to run task
[2022-12-02 06:02:29,818] {standard_task_runner.py:76} INFO - Running: ['***', 'tasks', 'run', 'FHV_data_upload_dag', 'remodel_data_type_task', 'scheduled__2019-09-02T06:00:00+00:00', '--job-id', '339', '--raw', '--subdir', 'DAGS_FOLDER/FHV_data_upload_dag.py', '--cfg-path', '/tmp/tmpb8jx6arz', '--error-file', '/tmp/tmp11w9_10a']
[2022-12-02 06:02:29,824] {standard_task_runner.py:77} INFO - Job 339: Subtask remodel_data_type_task
[2022-12-02 06:02:30,264] {logging_mixin.py:109} INFO - Running <TaskInstance: FHV_data_upload_dag.remodel_data_type_task scheduled__2019-09-02T06:00:00+00:00 [running]> on host abdcba3d233e
[2022-12-02 06:02:31,167] {logging_mixin.py:109} WARNING - /home/***/.local/lib/python3.7/site-packages/***/utils/context.py:152 AirflowContextDeprecationWarning: Accessing 'execution_date' from the template is deprecated and will be removed in a future version. Please use 'data_interval_start' or 'logical_date' instead.
[2022-12-02 06:02:31,310] {taskinstance.py:1426} INFO - Exporting the following env vars:
AIRFLOW_CTX_DAG_OWNER=***
AIRFLOW_CTX_DAG_ID=FHV_data_upload_dag
AIRFLOW_CTX_TASK_ID=remodel_data_type_task
AIRFLOW_CTX_EXECUTION_DATE=2019-09-02T06:00:00+00:00
AIRFLOW_CTX_DAG_RUN_ID=scheduled__2019-09-02T06:00:00+00:00
[2022-12-02 06:02:40,016] {python.py:175} INFO - Done. Returned value was: None
[2022-12-02 06:02:40,061] {taskinstance.py:1277} INFO - Marking task as SUCCESS. dag_id=FHV_data_upload_dag, task_id=remodel_data_type_task, execution_date=20190902T060000, start_date=20221202T060229, end_date=20221202T060240
[2022-12-02 06:02:40,180] {local_task_job.py:212} WARNING - State of this instance has been externally set to success. Terminating instance.
[2022-12-02 06:02:40,193] {process_utils.py:124} INFO - Sending Signals.SIGTERM to group 8404. PIDs of all processes in the group: [8404]
[2022-12-02 06:02:40,195] {process_utils.py:75} INFO - Sending the signal Signals.SIGTERM to group 8404
[2022-12-02 06:02:40,223] {process_utils.py:70} INFO - Process psutil.Process(pid=8404, status='terminated', exitcode=0, started='06:02:29') (8404) terminated with exit code 0
