[2022-11-27 16:46:26,609] {taskinstance.py:1032} INFO - Dependencies all met for <TaskInstance: FHV_data_to_gcp_dag.local_to_gcp_task scheduled__2019-06-02T06:00:00+00:00 [queued]>
[2022-11-27 16:46:26,655] {taskinstance.py:1032} INFO - Dependencies all met for <TaskInstance: FHV_data_to_gcp_dag.local_to_gcp_task scheduled__2019-06-02T06:00:00+00:00 [queued]>
[2022-11-27 16:46:26,656] {taskinstance.py:1238} INFO - 
--------------------------------------------------------------------------------
[2022-11-27 16:46:26,657] {taskinstance.py:1239} INFO - Starting attempt 1 of 2
[2022-11-27 16:46:26,658] {taskinstance.py:1240} INFO - 
--------------------------------------------------------------------------------
[2022-11-27 16:46:26,708] {taskinstance.py:1259} INFO - Executing <Task(PythonOperator): local_to_gcp_task> on 2019-06-02 06:00:00+00:00
[2022-11-27 16:46:26,720] {standard_task_runner.py:52} INFO - Started process 1202 to run task
[2022-11-27 16:46:26,730] {standard_task_runner.py:76} INFO - Running: ['***', 'tasks', 'run', 'FHV_data_to_gcp_dag', 'local_to_gcp_task', 'scheduled__2019-06-02T06:00:00+00:00', '--job-id', '253', '--raw', '--subdir', 'DAGS_FOLDER/FHV_ingestation_dag.py', '--cfg-path', '/tmp/tmpb69byop7', '--error-file', '/tmp/tmp_0uv70_e']
[2022-11-27 16:46:26,733] {standard_task_runner.py:77} INFO - Job 253: Subtask local_to_gcp_task
[2022-11-27 16:46:26,912] {logging_mixin.py:109} INFO - Running <TaskInstance: FHV_data_to_gcp_dag.local_to_gcp_task scheduled__2019-06-02T06:00:00+00:00 [running]> on host 410f3484ae43
[2022-11-27 16:46:27,251] {logging_mixin.py:109} WARNING - /home/***/.local/lib/python3.7/site-packages/***/utils/context.py:152 AirflowContextDeprecationWarning: Accessing 'execution_date' from the template is deprecated and will be removed in a future version. Please use 'data_interval_start' or 'logical_date' instead.
[2022-11-27 16:46:27,327] {taskinstance.py:1426} INFO - Exporting the following env vars:
AIRFLOW_CTX_DAG_OWNER=***
AIRFLOW_CTX_DAG_ID=FHV_data_to_gcp_dag
AIRFLOW_CTX_TASK_ID=local_to_gcp_task
AIRFLOW_CTX_EXECUTION_DATE=2019-06-02T06:00:00+00:00
AIRFLOW_CTX_DAG_RUN_ID=scheduled__2019-06-02T06:00:00+00:00
[2022-11-27 16:46:31,368] {python.py:175} INFO - Done. Returned value was: None
[2022-11-27 16:46:31,454] {taskinstance.py:1277} INFO - Marking task as SUCCESS. dag_id=FHV_data_to_gcp_dag, task_id=local_to_gcp_task, execution_date=20190602T060000, start_date=20221127T164626, end_date=20221127T164631
[2022-11-27 16:46:31,588] {local_task_job.py:154} INFO - Task exited with return code 0
[2022-11-27 16:46:31,748] {local_task_job.py:264} INFO - 0 downstream tasks scheduled from follow-on schedule check
