[2022-12-05 03:40:16,820] {taskinstance.py:1032} INFO - Dependencies all met for <TaskInstance: yellow_taxi_2_bq_dag.local_to_gcp_task scheduled__2019-04-02T06:00:00+00:00 [queued]>
[2022-12-05 03:40:16,853] {taskinstance.py:1032} INFO - Dependencies all met for <TaskInstance: yellow_taxi_2_bq_dag.local_to_gcp_task scheduled__2019-04-02T06:00:00+00:00 [queued]>
[2022-12-05 03:40:16,855] {taskinstance.py:1238} INFO - 
--------------------------------------------------------------------------------
[2022-12-05 03:40:16,855] {taskinstance.py:1239} INFO - Starting attempt 1 of 1
[2022-12-05 03:40:16,856] {taskinstance.py:1240} INFO - 
--------------------------------------------------------------------------------
[2022-12-05 03:40:16,891] {taskinstance.py:1259} INFO - Executing <Task(PythonOperator): local_to_gcp_task> on 2019-04-02 06:00:00+00:00
[2022-12-05 03:40:16,901] {standard_task_runner.py:52} INFO - Started process 8073 to run task
[2022-12-05 03:40:16,908] {standard_task_runner.py:76} INFO - Running: ['***', 'tasks', 'run', 'yellow_taxi_2_bq_dag', 'local_to_gcp_task', 'scheduled__2019-04-02T06:00:00+00:00', '--job-id', '422', '--raw', '--subdir', 'DAGS_FOLDER/data_ingestation_gcp.py', '--cfg-path', '/tmp/tmp_rnmv638', '--error-file', '/tmp/tmpgp1li243']
[2022-12-05 03:40:16,911] {standard_task_runner.py:77} INFO - Job 422: Subtask local_to_gcp_task
[2022-12-05 03:40:17,018] {logging_mixin.py:109} INFO - Running <TaskInstance: yellow_taxi_2_bq_dag.local_to_gcp_task scheduled__2019-04-02T06:00:00+00:00 [running]> on host 9b5bfd347476
[2022-12-05 03:40:17,143] {logging_mixin.py:109} WARNING - /home/***/.local/lib/python3.7/site-packages/***/utils/context.py:152 AirflowContextDeprecationWarning: Accessing 'execution_date' from the template is deprecated and will be removed in a future version. Please use 'data_interval_start' or 'logical_date' instead.
[2022-12-05 03:40:17,201] {taskinstance.py:1426} INFO - Exporting the following env vars:
AIRFLOW_CTX_DAG_OWNER=***
AIRFLOW_CTX_DAG_ID=yellow_taxi_2_bq_dag
AIRFLOW_CTX_TASK_ID=local_to_gcp_task
AIRFLOW_CTX_EXECUTION_DATE=2019-04-02T06:00:00+00:00
AIRFLOW_CTX_DAG_RUN_ID=scheduled__2019-04-02T06:00:00+00:00
[2022-12-05 03:40:47,658] {python.py:175} INFO - Done. Returned value was: None
[2022-12-05 03:40:47,702] {taskinstance.py:1277} INFO - Marking task as SUCCESS. dag_id=yellow_taxi_2_bq_dag, task_id=local_to_gcp_task, execution_date=20190402T060000, start_date=20221205T034016, end_date=20221205T034047
[2022-12-05 03:40:47,772] {local_task_job.py:154} INFO - Task exited with return code 0
[2022-12-05 03:40:47,852] {local_task_job.py:264} INFO - 1 downstream tasks scheduled from follow-on schedule check
