[2022-12-02 03:43:17,244] {taskinstance.py:1032} INFO - Dependencies all met for <TaskInstance: FHV_data_upload_dag.remodel_data_type_task scheduled__2019-01-02T06:00:00+00:00 [queued]>
[2022-12-02 03:43:17,272] {taskinstance.py:1032} INFO - Dependencies all met for <TaskInstance: FHV_data_upload_dag.remodel_data_type_task scheduled__2019-01-02T06:00:00+00:00 [queued]>
[2022-12-02 03:43:17,273] {taskinstance.py:1238} INFO - 
--------------------------------------------------------------------------------
[2022-12-02 03:43:17,274] {taskinstance.py:1239} INFO - Starting attempt 1 of 2
[2022-12-02 03:43:17,274] {taskinstance.py:1240} INFO - 
--------------------------------------------------------------------------------
[2022-12-02 03:43:17,303] {taskinstance.py:1259} INFO - Executing <Task(PythonOperator): remodel_data_type_task> on 2019-01-02 06:00:00+00:00
[2022-12-02 03:43:17,311] {standard_task_runner.py:52} INFO - Started process 1055 to run task
[2022-12-02 03:43:17,317] {standard_task_runner.py:76} INFO - Running: ['***', 'tasks', 'run', 'FHV_data_upload_dag', 'remodel_data_type_task', 'scheduled__2019-01-02T06:00:00+00:00', '--job-id', '285', '--raw', '--subdir', 'DAGS_FOLDER/FHV_data_upload_dag.py', '--cfg-path', '/tmp/tmplpjcblcm', '--error-file', '/tmp/tmpns_4ck71']
[2022-12-02 03:43:17,319] {standard_task_runner.py:77} INFO - Job 285: Subtask remodel_data_type_task
[2022-12-02 03:43:17,428] {logging_mixin.py:109} INFO - Running <TaskInstance: FHV_data_upload_dag.remodel_data_type_task scheduled__2019-01-02T06:00:00+00:00 [running]> on host abdcba3d233e
[2022-12-02 03:43:17,563] {logging_mixin.py:109} WARNING - /home/***/.local/lib/python3.7/site-packages/***/utils/context.py:152 AirflowContextDeprecationWarning: Accessing 'execution_date' from the template is deprecated and will be removed in a future version. Please use 'data_interval_start' or 'logical_date' instead.
[2022-12-02 03:43:17,694] {taskinstance.py:1426} INFO - Exporting the following env vars:
AIRFLOW_CTX_DAG_OWNER=***
AIRFLOW_CTX_DAG_ID=FHV_data_upload_dag
AIRFLOW_CTX_TASK_ID=remodel_data_type_task
AIRFLOW_CTX_EXECUTION_DATE=2019-01-02T06:00:00+00:00
AIRFLOW_CTX_DAG_RUN_ID=scheduled__2019-01-02T06:00:00+00:00
[2022-12-02 03:44:12,790] {python.py:175} INFO - Done. Returned value was: None
[2022-12-02 03:44:12,954] {taskinstance.py:1277} INFO - Marking task as SUCCESS. dag_id=FHV_data_upload_dag, task_id=remodel_data_type_task, execution_date=20190102T060000, start_date=20221202T034317, end_date=20221202T034412
[2022-12-02 03:44:13,648] {local_task_job.py:212} WARNING - State of this instance has been externally set to success. Terminating instance.
[2022-12-02 03:44:13,711] {process_utils.py:124} INFO - Sending Signals.SIGTERM to group 1055. PIDs of all processes in the group: [1055]
[2022-12-02 03:44:13,715] {process_utils.py:75} INFO - Sending the signal Signals.SIGTERM to group 1055
[2022-12-02 03:44:15,485] {process_utils.py:70} INFO - Process psutil.Process(pid=1055, status='terminated', exitcode=0, started='03:43:17') (1055) terminated with exit code 0
