[2022-12-05 03:20:57,764] {taskinstance.py:1032} INFO - Dependencies all met for <TaskInstance: yellow_taxi_to_bq_dag.gcs_2_bq_ext_task scheduled__2019-05-02T06:00:00+00:00 [queued]>
[2022-12-05 03:20:57,811] {taskinstance.py:1032} INFO - Dependencies all met for <TaskInstance: yellow_taxi_to_bq_dag.gcs_2_bq_ext_task scheduled__2019-05-02T06:00:00+00:00 [queued]>
[2022-12-05 03:20:57,812] {taskinstance.py:1238} INFO - 
--------------------------------------------------------------------------------
[2022-12-05 03:20:57,813] {taskinstance.py:1239} INFO - Starting attempt 1 of 2
[2022-12-05 03:20:57,814] {taskinstance.py:1240} INFO - 
--------------------------------------------------------------------------------
[2022-12-05 03:20:57,864] {taskinstance.py:1259} INFO - Executing <Task(BigQueryCreateExternalTableOperator): gcs_2_bq_ext_task> on 2019-05-02 06:00:00+00:00
[2022-12-05 03:20:57,876] {standard_task_runner.py:52} INFO - Started process 5254 to run task
[2022-12-05 03:20:57,886] {standard_task_runner.py:76} INFO - Running: ['***', 'tasks', 'run', 'yellow_taxi_to_bq_dag', 'gcs_2_bq_ext_task', 'scheduled__2019-05-02T06:00:00+00:00', '--job-id', '388', '--raw', '--subdir', 'DAGS_FOLDER/data_ingestation_gcp.py', '--cfg-path', '/tmp/tmpi93ljb0r', '--error-file', '/tmp/tmpav7hmd90']
[2022-12-05 03:20:57,889] {standard_task_runner.py:77} INFO - Job 388: Subtask gcs_2_bq_ext_task
[2022-12-05 03:20:58,047] {logging_mixin.py:109} INFO - Running <TaskInstance: yellow_taxi_to_bq_dag.gcs_2_bq_ext_task scheduled__2019-05-02T06:00:00+00:00 [running]> on host 9b5bfd347476
[2022-12-05 03:20:58,271] {taskinstance.py:1426} INFO - Exporting the following env vars:
AIRFLOW_CTX_DAG_OWNER=***
AIRFLOW_CTX_DAG_ID=yellow_taxi_to_bq_dag
AIRFLOW_CTX_TASK_ID=gcs_2_bq_ext_task
AIRFLOW_CTX_EXECUTION_DATE=2019-05-02T06:00:00+00:00
AIRFLOW_CTX_DAG_RUN_ID=scheduled__2019-05-02T06:00:00+00:00
[2022-12-05 03:20:58,278] {crypto.py:82} WARNING - empty cryptography key - values will not be stored encrypted.
[2022-12-05 03:20:59,143] {taskinstance.py:1277} INFO - Marking task as SUCCESS. dag_id=yellow_taxi_to_bq_dag, task_id=gcs_2_bq_ext_task, execution_date=20190502T060000, start_date=20221205T032057, end_date=20221205T032059
[2022-12-05 03:20:59,246] {local_task_job.py:154} INFO - Task exited with return code 0
[2022-12-05 03:20:59,341] {local_task_job.py:264} INFO - 1 downstream tasks scheduled from follow-on schedule check
