[2022-12-05 14:24:09,982] {taskinstance.py:1032} INFO - Dependencies all met for <TaskInstance: green_taxi_2_bq_dag.local_to_gcp_task scheduled__2019-07-02T06:00:00+00:00 [queued]>
[2022-12-05 14:24:10,013] {taskinstance.py:1032} INFO - Dependencies all met for <TaskInstance: green_taxi_2_bq_dag.local_to_gcp_task scheduled__2019-07-02T06:00:00+00:00 [queued]>
[2022-12-05 14:24:10,014] {taskinstance.py:1238} INFO - 
--------------------------------------------------------------------------------
[2022-12-05 14:24:10,015] {taskinstance.py:1239} INFO - Starting attempt 1 of 2
[2022-12-05 14:24:10,016] {taskinstance.py:1240} INFO - 
--------------------------------------------------------------------------------
[2022-12-05 14:24:10,054] {taskinstance.py:1259} INFO - Executing <Task(PythonOperator): local_to_gcp_task> on 2019-07-02 06:00:00+00:00
[2022-12-05 14:24:10,062] {standard_task_runner.py:52} INFO - Started process 78979 to run task
[2022-12-05 14:24:10,069] {standard_task_runner.py:76} INFO - Running: ['***', 'tasks', 'run', 'green_taxi_2_bq_dag', 'local_to_gcp_task', 'scheduled__2019-07-02T06:00:00+00:00', '--job-id', '697', '--raw', '--subdir', 'DAGS_FOLDER/green_taxi_data_2_bigq_dag.py', '--cfg-path', '/tmp/tmp3st7iok6', '--error-file', '/tmp/tmp4rl90ux8']
[2022-12-05 14:24:10,071] {standard_task_runner.py:77} INFO - Job 697: Subtask local_to_gcp_task
[2022-12-05 14:24:10,197] {logging_mixin.py:109} INFO - Running <TaskInstance: green_taxi_2_bq_dag.local_to_gcp_task scheduled__2019-07-02T06:00:00+00:00 [running]> on host 9b5bfd347476
[2022-12-05 14:24:10,336] {logging_mixin.py:109} WARNING - /home/***/.local/lib/python3.7/site-packages/***/utils/context.py:152 AirflowContextDeprecationWarning: Accessing 'execution_date' from the template is deprecated and will be removed in a future version. Please use 'data_interval_start' or 'logical_date' instead.
[2022-12-05 14:24:10,382] {taskinstance.py:1426} INFO - Exporting the following env vars:
AIRFLOW_CTX_DAG_OWNER=***
AIRFLOW_CTX_DAG_ID=green_taxi_2_bq_dag
AIRFLOW_CTX_TASK_ID=local_to_gcp_task
AIRFLOW_CTX_EXECUTION_DATE=2019-07-02T06:00:00+00:00
AIRFLOW_CTX_DAG_RUN_ID=scheduled__2019-07-02T06:00:00+00:00
[2022-12-05 14:24:13,251] {python.py:175} INFO - Done. Returned value was: None
[2022-12-05 14:24:13,287] {taskinstance.py:1277} INFO - Marking task as SUCCESS. dag_id=green_taxi_2_bq_dag, task_id=local_to_gcp_task, execution_date=20190702T060000, start_date=20221205T142409, end_date=20221205T142413
[2022-12-05 14:24:13,348] {local_task_job.py:154} INFO - Task exited with return code 0
[2022-12-05 14:24:13,438] {local_task_job.py:264} INFO - 1 downstream tasks scheduled from follow-on schedule check
