[2022-12-05 04:16:56,134] {taskinstance.py:1032} INFO - Dependencies all met for <TaskInstance: yellow_taxi_2_bq_dag.gcs_2_bq_ext_task scheduled__2020-11-02T06:00:00+00:00 [queued]>
[2022-12-05 04:16:56,167] {taskinstance.py:1032} INFO - Dependencies all met for <TaskInstance: yellow_taxi_2_bq_dag.gcs_2_bq_ext_task scheduled__2020-11-02T06:00:00+00:00 [queued]>
[2022-12-05 04:16:56,168] {taskinstance.py:1238} INFO - 
--------------------------------------------------------------------------------
[2022-12-05 04:16:56,169] {taskinstance.py:1239} INFO - Starting attempt 1 of 2
[2022-12-05 04:16:56,169] {taskinstance.py:1240} INFO - 
--------------------------------------------------------------------------------
[2022-12-05 04:16:56,202] {taskinstance.py:1259} INFO - Executing <Task(BigQueryCreateExternalTableOperator): gcs_2_bq_ext_task> on 2020-11-02 06:00:00+00:00
[2022-12-05 04:16:56,212] {standard_task_runner.py:52} INFO - Started process 13979 to run task
[2022-12-05 04:16:56,219] {standard_task_runner.py:76} INFO - Running: ['***', 'tasks', 'run', 'yellow_taxi_2_bq_dag', 'gcs_2_bq_ext_task', 'scheduled__2020-11-02T06:00:00+00:00', '--job-id', '536', '--raw', '--subdir', 'DAGS_FOLDER/data_ingestation_gcp.py', '--cfg-path', '/tmp/tmp2ditjy_2', '--error-file', '/tmp/tmp8c6g5ni_']
[2022-12-05 04:16:56,221] {standard_task_runner.py:77} INFO - Job 536: Subtask gcs_2_bq_ext_task
[2022-12-05 04:16:56,330] {logging_mixin.py:109} INFO - Running <TaskInstance: yellow_taxi_2_bq_dag.gcs_2_bq_ext_task scheduled__2020-11-02T06:00:00+00:00 [running]> on host 9b5bfd347476
[2022-12-05 04:16:56,463] {taskinstance.py:1426} INFO - Exporting the following env vars:
AIRFLOW_CTX_DAG_OWNER=***
AIRFLOW_CTX_DAG_ID=yellow_taxi_2_bq_dag
AIRFLOW_CTX_TASK_ID=gcs_2_bq_ext_task
AIRFLOW_CTX_EXECUTION_DATE=2020-11-02T06:00:00+00:00
AIRFLOW_CTX_DAG_RUN_ID=scheduled__2020-11-02T06:00:00+00:00
[2022-12-05 04:16:56,469] {crypto.py:82} WARNING - empty cryptography key - values will not be stored encrypted.
[2022-12-05 04:16:57,094] {taskinstance.py:1277} INFO - Marking task as SUCCESS. dag_id=yellow_taxi_2_bq_dag, task_id=gcs_2_bq_ext_task, execution_date=20201102T060000, start_date=20221205T041656, end_date=20221205T041657
[2022-12-05 04:16:57,165] {local_task_job.py:154} INFO - Task exited with return code 0
[2022-12-05 04:16:57,265] {local_task_job.py:264} INFO - 1 downstream tasks scheduled from follow-on schedule check
