[2022-12-05 05:15:38,760] {taskinstance.py:1032} INFO - Dependencies all met for <TaskInstance: yellow_taxi_2_bq_dag.gcs_2_bq_ext_task scheduled__2020-11-02T06:00:00+00:00 [queued]>
[2022-12-05 05:15:38,786] {taskinstance.py:1032} INFO - Dependencies all met for <TaskInstance: yellow_taxi_2_bq_dag.gcs_2_bq_ext_task scheduled__2020-11-02T06:00:00+00:00 [queued]>
[2022-12-05 05:15:38,787] {taskinstance.py:1238} INFO - 
--------------------------------------------------------------------------------
[2022-12-05 05:15:38,788] {taskinstance.py:1239} INFO - Starting attempt 2 of 3
[2022-12-05 05:15:38,788] {taskinstance.py:1240} INFO - 
--------------------------------------------------------------------------------
[2022-12-05 05:15:38,815] {taskinstance.py:1259} INFO - Executing <Task(BigQueryCreateExternalTableOperator): gcs_2_bq_ext_task> on 2020-11-02 06:00:00+00:00
[2022-12-05 05:15:38,824] {standard_task_runner.py:52} INFO - Started process 21696 to run task
[2022-12-05 05:15:38,832] {standard_task_runner.py:76} INFO - Running: ['***', 'tasks', 'run', 'yellow_taxi_2_bq_dag', 'gcs_2_bq_ext_task', 'scheduled__2020-11-02T06:00:00+00:00', '--job-id', '648', '--raw', '--subdir', 'DAGS_FOLDER/data_ingestation_gcp.py', '--cfg-path', '/tmp/tmp9il3_j1i', '--error-file', '/tmp/tmp4p0yxgwg']
[2022-12-05 05:15:38,833] {standard_task_runner.py:77} INFO - Job 648: Subtask gcs_2_bq_ext_task
[2022-12-05 05:15:38,945] {logging_mixin.py:109} INFO - Running <TaskInstance: yellow_taxi_2_bq_dag.gcs_2_bq_ext_task scheduled__2020-11-02T06:00:00+00:00 [running]> on host 9b5bfd347476
[2022-12-05 05:15:39,074] {taskinstance.py:1426} INFO - Exporting the following env vars:
AIRFLOW_CTX_DAG_OWNER=***
AIRFLOW_CTX_DAG_ID=yellow_taxi_2_bq_dag
AIRFLOW_CTX_TASK_ID=gcs_2_bq_ext_task
AIRFLOW_CTX_EXECUTION_DATE=2020-11-02T06:00:00+00:00
AIRFLOW_CTX_DAG_RUN_ID=scheduled__2020-11-02T06:00:00+00:00
[2022-12-05 05:15:39,078] {crypto.py:82} WARNING - empty cryptography key - values will not be stored encrypted.
[2022-12-05 05:15:39,661] {taskinstance.py:1277} INFO - Marking task as SUCCESS. dag_id=yellow_taxi_2_bq_dag, task_id=gcs_2_bq_ext_task, execution_date=20201102T060000, start_date=20221205T051538, end_date=20221205T051539
[2022-12-05 05:15:39,710] {local_task_job.py:154} INFO - Task exited with return code 0
[2022-12-05 05:15:39,766] {local_task_job.py:264} INFO - 0 downstream tasks scheduled from follow-on schedule check
