[2022-12-02 03:56:17,453] {taskinstance.py:1032} INFO - Dependencies all met for <TaskInstance: FHV_data_upload_dag.remodel_data_type_task scheduled__2019-12-02T06:00:00+00:00 [queued]>
[2022-12-02 03:56:17,481] {taskinstance.py:1032} INFO - Dependencies all met for <TaskInstance: FHV_data_upload_dag.remodel_data_type_task scheduled__2019-12-02T06:00:00+00:00 [queued]>
[2022-12-02 03:56:17,482] {taskinstance.py:1238} INFO - 
--------------------------------------------------------------------------------
[2022-12-02 03:56:17,483] {taskinstance.py:1239} INFO - Starting attempt 1 of 2
[2022-12-02 03:56:17,483] {taskinstance.py:1240} INFO - 
--------------------------------------------------------------------------------
[2022-12-02 03:56:17,512] {taskinstance.py:1259} INFO - Executing <Task(PythonOperator): remodel_data_type_task> on 2019-12-02 06:00:00+00:00
[2022-12-02 03:56:17,520] {standard_task_runner.py:52} INFO - Started process 2909 to run task
[2022-12-02 03:56:17,527] {standard_task_runner.py:76} INFO - Running: ['***', 'tasks', 'run', 'FHV_data_upload_dag', 'remodel_data_type_task', 'scheduled__2019-12-02T06:00:00+00:00', '--job-id', '316', '--raw', '--subdir', 'DAGS_FOLDER/FHV_data_upload_dag.py', '--cfg-path', '/tmp/tmp7akgs7bi', '--error-file', '/tmp/tmp87845vq1']
[2022-12-02 03:56:17,528] {standard_task_runner.py:77} INFO - Job 316: Subtask remodel_data_type_task
[2022-12-02 03:56:17,639] {logging_mixin.py:109} INFO - Running <TaskInstance: FHV_data_upload_dag.remodel_data_type_task scheduled__2019-12-02T06:00:00+00:00 [running]> on host abdcba3d233e
[2022-12-02 03:56:17,756] {logging_mixin.py:109} WARNING - /home/***/.local/lib/python3.7/site-packages/***/utils/context.py:152 AirflowContextDeprecationWarning: Accessing 'execution_date' from the template is deprecated and will be removed in a future version. Please use 'data_interval_start' or 'logical_date' instead.
[2022-12-02 03:56:17,792] {taskinstance.py:1426} INFO - Exporting the following env vars:
AIRFLOW_CTX_DAG_OWNER=***
AIRFLOW_CTX_DAG_ID=FHV_data_upload_dag
AIRFLOW_CTX_TASK_ID=remodel_data_type_task
AIRFLOW_CTX_EXECUTION_DATE=2019-12-02T06:00:00+00:00
AIRFLOW_CTX_DAG_RUN_ID=scheduled__2019-12-02T06:00:00+00:00
[2022-12-02 03:56:23,993] {python.py:175} INFO - Done. Returned value was: None
[2022-12-02 03:56:24,030] {taskinstance.py:1277} INFO - Marking task as SUCCESS. dag_id=FHV_data_upload_dag, task_id=remodel_data_type_task, execution_date=20191202T060000, start_date=20221202T035617, end_date=20221202T035624
[2022-12-02 03:56:24,201] {local_task_job.py:154} INFO - Task exited with return code 0
[2022-12-02 03:56:24,268] {local_task_job.py:264} INFO - 1 downstream tasks scheduled from follow-on schedule check
