[2022-11-27 05:00:11,610] {taskinstance.py:1032} INFO - Dependencies all met for <TaskInstance: data_ingestation_gcp_dag.bigquery_external_table_task scheduled__2020-12-02T06:00:00+00:00 [queued]>
[2022-11-27 05:00:11,661] {taskinstance.py:1032} INFO - Dependencies all met for <TaskInstance: data_ingestation_gcp_dag.bigquery_external_table_task scheduled__2020-12-02T06:00:00+00:00 [queued]>
[2022-11-27 05:00:11,663] {taskinstance.py:1238} INFO - 
--------------------------------------------------------------------------------
[2022-11-27 05:00:11,664] {taskinstance.py:1239} INFO - Starting attempt 1 of 1
[2022-11-27 05:00:11,665] {taskinstance.py:1240} INFO - 
--------------------------------------------------------------------------------
[2022-11-27 05:00:11,711] {taskinstance.py:1259} INFO - Executing <Task(BigQueryCreateExternalTableOperator): bigquery_external_table_task> on 2020-12-02 06:00:00+00:00
[2022-11-27 05:00:11,727] {standard_task_runner.py:52} INFO - Started process 2558 to run task
[2022-11-27 05:00:11,740] {standard_task_runner.py:76} INFO - Running: ['***', 'tasks', 'run', 'data_ingestation_gcp_dag', 'bigquery_external_table_task', 'scheduled__2020-12-02T06:00:00+00:00', '--job-id', '205', '--raw', '--subdir', 'DAGS_FOLDER/data_ingestation_gcp.py', '--cfg-path', '/tmp/tmpj5fqve3w', '--error-file', '/tmp/tmpgeu94wln']
[2022-11-27 05:00:11,743] {standard_task_runner.py:77} INFO - Job 205: Subtask bigquery_external_table_task
[2022-11-27 05:00:11,952] {logging_mixin.py:109} INFO - Running <TaskInstance: data_ingestation_gcp_dag.bigquery_external_table_task scheduled__2020-12-02T06:00:00+00:00 [running]> on host 410f3484ae43
[2022-11-27 05:00:12,181] {logging_mixin.py:109} WARNING - /home/***/.local/lib/python3.7/site-packages/***/utils/context.py:152 AirflowContextDeprecationWarning: Accessing 'execution_date' from the template is deprecated and will be removed in a future version. Please use 'data_interval_start' or 'logical_date' instead.
[2022-11-27 05:00:12,234] {taskinstance.py:1426} INFO - Exporting the following env vars:
AIRFLOW_CTX_DAG_OWNER=***
AIRFLOW_CTX_DAG_ID=data_ingestation_gcp_dag
AIRFLOW_CTX_TASK_ID=bigquery_external_table_task
AIRFLOW_CTX_EXECUTION_DATE=2020-12-02T06:00:00+00:00
AIRFLOW_CTX_DAG_RUN_ID=scheduled__2020-12-02T06:00:00+00:00
[2022-11-27 05:00:12,241] {crypto.py:82} WARNING - empty cryptography key - values will not be stored encrypted.
[2022-11-27 05:00:12,964] {taskinstance.py:1277} INFO - Marking task as SUCCESS. dag_id=data_ingestation_gcp_dag, task_id=bigquery_external_table_task, execution_date=20201202T060000, start_date=20221127T050011, end_date=20221127T050012
[2022-11-27 05:00:13,045] {local_task_job.py:154} INFO - Task exited with return code 0
[2022-11-27 05:00:13,155] {local_task_job.py:264} INFO - 0 downstream tasks scheduled from follow-on schedule check
