[2022-12-02 03:54:23,365] {taskinstance.py:1032} INFO - Dependencies all met for <TaskInstance: FHV_data_upload_dag.download_dataset_task scheduled__2019-09-02T06:00:00+00:00 [queued]>
[2022-12-02 03:54:23,462] {taskinstance.py:1032} INFO - Dependencies all met for <TaskInstance: FHV_data_upload_dag.download_dataset_task scheduled__2019-09-02T06:00:00+00:00 [queued]>
[2022-12-02 03:54:23,464] {taskinstance.py:1238} INFO - 
--------------------------------------------------------------------------------
[2022-12-02 03:54:23,465] {taskinstance.py:1239} INFO - Starting attempt 1 of 2
[2022-12-02 03:54:23,476] {taskinstance.py:1240} INFO - 
--------------------------------------------------------------------------------
[2022-12-02 03:54:23,599] {taskinstance.py:1259} INFO - Executing <Task(BashOperator): download_dataset_task> on 2019-09-02 06:00:00+00:00
[2022-12-02 03:54:23,629] {standard_task_runner.py:52} INFO - Started process 2556 to run task
[2022-12-02 03:54:23,664] {standard_task_runner.py:76} INFO - Running: ['***', 'tasks', 'run', 'FHV_data_upload_dag', 'download_dataset_task', 'scheduled__2019-09-02T06:00:00+00:00', '--job-id', '305', '--raw', '--subdir', 'DAGS_FOLDER/FHV_data_upload_dag.py', '--cfg-path', '/tmp/tmp9hkcf3rw', '--error-file', '/tmp/tmpxwhstrdl']
[2022-12-02 03:54:23,669] {standard_task_runner.py:77} INFO - Job 305: Subtask download_dataset_task
[2022-12-02 03:54:24,039] {logging_mixin.py:109} INFO - Running <TaskInstance: FHV_data_upload_dag.download_dataset_task scheduled__2019-09-02T06:00:00+00:00 [running]> on host abdcba3d233e
[2022-12-02 03:54:24,312] {logging_mixin.py:109} WARNING - /home/***/.local/lib/python3.7/site-packages/***/utils/context.py:152 AirflowContextDeprecationWarning: Accessing 'execution_date' from the template is deprecated and will be removed in a future version. Please use 'data_interval_start' or 'logical_date' instead.
[2022-12-02 03:54:24,362] {taskinstance.py:1426} INFO - Exporting the following env vars:
AIRFLOW_CTX_DAG_OWNER=***
AIRFLOW_CTX_DAG_ID=FHV_data_upload_dag
AIRFLOW_CTX_TASK_ID=download_dataset_task
AIRFLOW_CTX_EXECUTION_DATE=2019-09-02T06:00:00+00:00
AIRFLOW_CTX_DAG_RUN_ID=scheduled__2019-09-02T06:00:00+00:00
[2022-12-02 03:54:24,370] {subprocess.py:62} INFO - Tmp dir root location: 
 /tmp
[2022-12-02 03:54:24,374] {subprocess.py:74} INFO - Running command: ['bash', '-c', 'curl -sSLf https://d37ci6vzurychx.cloudfront.net/trip-data/fhv_tripdata_2019-09.parquet > /opt/***/output_2019-09.parquet']
[2022-12-02 03:54:24,393] {subprocess.py:85} INFO - Output:
[2022-12-02 03:54:26,549] {subprocess.py:93} INFO - Command exited with return code 0
[2022-12-02 03:54:26,606] {taskinstance.py:1277} INFO - Marking task as SUCCESS. dag_id=FHV_data_upload_dag, task_id=download_dataset_task, execution_date=20190902T060000, start_date=20221202T035423, end_date=20221202T035426
[2022-12-02 03:54:26,693] {local_task_job.py:154} INFO - Task exited with return code 0
[2022-12-02 03:54:26,776] {local_task_job.py:264} INFO - 1 downstream tasks scheduled from follow-on schedule check
