[2022-12-05 02:49:08,733] {taskinstance.py:1032} INFO - Dependencies all met for <TaskInstance: yellow_taxi_2_bq_dag.download_dataset_task scheduled__2019-05-02T06:00:00+00:00 [queued]>
[2022-12-05 02:49:08,765] {taskinstance.py:1032} INFO - Dependencies all met for <TaskInstance: yellow_taxi_2_bq_dag.download_dataset_task scheduled__2019-05-02T06:00:00+00:00 [queued]>
[2022-12-05 02:49:08,766] {taskinstance.py:1238} INFO - 
--------------------------------------------------------------------------------
[2022-12-05 02:49:08,766] {taskinstance.py:1239} INFO - Starting attempt 1 of 1
[2022-12-05 02:49:08,767] {taskinstance.py:1240} INFO - 
--------------------------------------------------------------------------------
[2022-12-05 02:49:08,795] {taskinstance.py:1259} INFO - Executing <Task(BashOperator): download_dataset_task> on 2019-05-02 06:00:00+00:00
[2022-12-05 02:49:08,803] {standard_task_runner.py:52} INFO - Started process 611 to run task
[2022-12-05 02:49:08,812] {standard_task_runner.py:76} INFO - Running: ['***', 'tasks', 'run', 'yellow_taxi_2_bq_dag', 'download_dataset_task', 'scheduled__2019-05-02T06:00:00+00:00', '--job-id', '348', '--raw', '--subdir', 'DAGS_FOLDER/data_ingestation_gcp.py', '--cfg-path', '/tmp/tmpkwzuor7h', '--error-file', '/tmp/tmp5rx2ech0']
[2022-12-05 02:49:08,814] {standard_task_runner.py:77} INFO - Job 348: Subtask download_dataset_task
[2022-12-05 02:49:08,931] {logging_mixin.py:109} INFO - Running <TaskInstance: yellow_taxi_2_bq_dag.download_dataset_task scheduled__2019-05-02T06:00:00+00:00 [running]> on host 9b5bfd347476
[2022-12-05 02:49:09,041] {logging_mixin.py:109} WARNING - /home/***/.local/lib/python3.7/site-packages/***/utils/context.py:152 AirflowContextDeprecationWarning: Accessing 'execution_date' from the template is deprecated and will be removed in a future version. Please use 'data_interval_start' or 'logical_date' instead.
[2022-12-05 02:49:09,125] {taskinstance.py:1426} INFO - Exporting the following env vars:
AIRFLOW_CTX_DAG_OWNER=***
AIRFLOW_CTX_DAG_ID=yellow_taxi_2_bq_dag
AIRFLOW_CTX_TASK_ID=download_dataset_task
AIRFLOW_CTX_EXECUTION_DATE=2019-05-02T06:00:00+00:00
AIRFLOW_CTX_DAG_RUN_ID=scheduled__2019-05-02T06:00:00+00:00
[2022-12-05 02:49:09,131] {subprocess.py:62} INFO - Tmp dir root location: 
 /tmp
[2022-12-05 02:49:09,133] {subprocess.py:74} INFO - Running command: ['bash', '-c', 'curl -sSLf https://d37ci6vzurychx.cloudfront.net/trip-data/yellow_tripdata_2019-05.parquet > /opt/***/output_2019-05.parquet']
[2022-12-05 02:49:09,151] {subprocess.py:85} INFO - Output:
[2022-12-05 02:49:22,712] {subprocess.py:93} INFO - Command exited with return code 0
[2022-12-05 02:49:23,049] {taskinstance.py:1277} INFO - Marking task as SUCCESS. dag_id=yellow_taxi_2_bq_dag, task_id=download_dataset_task, execution_date=20190502T060000, start_date=20221205T024908, end_date=20221205T024923
[2022-12-05 02:49:23,162] {local_task_job.py:154} INFO - Task exited with return code 0
[2022-12-05 02:49:23,272] {local_task_job.py:264} INFO - 1 downstream tasks scheduled from follow-on schedule check
