[2022-12-05 04:47:28,940] {taskinstance.py:1032} INFO - Dependencies all met for <TaskInstance: yellow_taxi_2_bq_dag.download_dataset_task scheduled__2019-05-02T06:00:00+00:00 [queued]>
[2022-12-05 04:47:28,975] {taskinstance.py:1032} INFO - Dependencies all met for <TaskInstance: yellow_taxi_2_bq_dag.download_dataset_task scheduled__2019-05-02T06:00:00+00:00 [queued]>
[2022-12-05 04:47:28,975] {taskinstance.py:1238} INFO - 
--------------------------------------------------------------------------------
[2022-12-05 04:47:28,976] {taskinstance.py:1239} INFO - Starting attempt 3 of 3
[2022-12-05 04:47:28,977] {taskinstance.py:1240} INFO - 
--------------------------------------------------------------------------------
[2022-12-05 04:47:29,010] {taskinstance.py:1259} INFO - Executing <Task(BashOperator): download_dataset_task> on 2019-05-02 06:00:00+00:00
[2022-12-05 04:47:29,019] {standard_task_runner.py:52} INFO - Started process 17094 to run task
[2022-12-05 04:47:29,026] {standard_task_runner.py:76} INFO - Running: ['***', 'tasks', 'run', 'yellow_taxi_2_bq_dag', 'download_dataset_task', 'scheduled__2019-05-02T06:00:00+00:00', '--job-id', '554', '--raw', '--subdir', 'DAGS_FOLDER/data_ingestation_gcp.py', '--cfg-path', '/tmp/tmp8b3o7gc6', '--error-file', '/tmp/tmptvhfkmww']
[2022-12-05 04:47:29,028] {standard_task_runner.py:77} INFO - Job 554: Subtask download_dataset_task
[2022-12-05 04:47:29,152] {logging_mixin.py:109} INFO - Running <TaskInstance: yellow_taxi_2_bq_dag.download_dataset_task scheduled__2019-05-02T06:00:00+00:00 [running]> on host 9b5bfd347476
[2022-12-05 04:47:29,285] {logging_mixin.py:109} WARNING - /home/***/.local/lib/python3.7/site-packages/***/utils/context.py:152 AirflowContextDeprecationWarning: Accessing 'execution_date' from the template is deprecated and will be removed in a future version. Please use 'data_interval_start' or 'logical_date' instead.
[2022-12-05 04:47:29,316] {taskinstance.py:1426} INFO - Exporting the following env vars:
AIRFLOW_CTX_DAG_OWNER=***
AIRFLOW_CTX_DAG_ID=yellow_taxi_2_bq_dag
AIRFLOW_CTX_TASK_ID=download_dataset_task
AIRFLOW_CTX_EXECUTION_DATE=2019-05-02T06:00:00+00:00
AIRFLOW_CTX_DAG_RUN_ID=scheduled__2019-05-02T06:00:00+00:00
[2022-12-05 04:47:29,318] {subprocess.py:62} INFO - Tmp dir root location: 
 /tmp
[2022-12-05 04:47:29,320] {subprocess.py:74} INFO - Running command: ['bash', '-c', 'curl -sSLf https://d37ci6vzurychx.cloudfront.net/trip-data/yellow_tripdata_2019-05.parquet > /opt/***/output_2019-05.parquet']
[2022-12-05 04:47:29,335] {subprocess.py:85} INFO - Output:
[2022-12-05 04:47:35,694] {subprocess.py:93} INFO - Command exited with return code 0
[2022-12-05 04:47:35,788] {taskinstance.py:1277} INFO - Marking task as SUCCESS. dag_id=yellow_taxi_2_bq_dag, task_id=download_dataset_task, execution_date=20190502T060000, start_date=20221205T044728, end_date=20221205T044735
[2022-12-05 04:47:35,853] {local_task_job.py:154} INFO - Task exited with return code 0
[2022-12-05 04:47:35,924] {dagrun.py:628} WARNING - Failed to get task '<TaskInstance: yellow_taxi_2_bq_dag.bq_ext_2_part_task scheduled__2019-05-02T06:00:00+00:00 [removed]>' for dag 'yellow_taxi_2_bq_dag'. Marking it as removed.
[2022-12-05 04:47:35,951] {local_task_job.py:264} INFO - 1 downstream tasks scheduled from follow-on schedule check
