[2022-12-05 05:09:25,822] {taskinstance.py:1032} INFO - Dependencies all met for <TaskInstance: yellow_taxi_2_bq_dag.remodel_data_type_task scheduled__2020-03-02T06:00:00+00:00 [queued]>
[2022-12-05 05:09:25,852] {taskinstance.py:1032} INFO - Dependencies all met for <TaskInstance: yellow_taxi_2_bq_dag.remodel_data_type_task scheduled__2020-03-02T06:00:00+00:00 [queued]>
[2022-12-05 05:09:25,852] {taskinstance.py:1238} INFO - 
--------------------------------------------------------------------------------
[2022-12-05 05:09:25,853] {taskinstance.py:1239} INFO - Starting attempt 2 of 2
[2022-12-05 05:09:25,854] {taskinstance.py:1240} INFO - 
--------------------------------------------------------------------------------
[2022-12-05 05:09:25,884] {taskinstance.py:1259} INFO - Executing <Task(PythonOperator): remodel_data_type_task> on 2020-03-02 06:00:00+00:00
[2022-12-05 05:09:25,893] {standard_task_runner.py:52} INFO - Started process 20441 to run task
[2022-12-05 05:09:25,901] {standard_task_runner.py:76} INFO - Running: ['***', 'tasks', 'run', 'yellow_taxi_2_bq_dag', 'remodel_data_type_task', 'scheduled__2020-03-02T06:00:00+00:00', '--job-id', '605', '--raw', '--subdir', 'DAGS_FOLDER/data_ingestation_gcp.py', '--cfg-path', '/tmp/tmpkr_6t8u3', '--error-file', '/tmp/tmpsrvl0tns']
[2022-12-05 05:09:25,903] {standard_task_runner.py:77} INFO - Job 605: Subtask remodel_data_type_task
[2022-12-05 05:09:26,025] {logging_mixin.py:109} INFO - Running <TaskInstance: yellow_taxi_2_bq_dag.remodel_data_type_task scheduled__2020-03-02T06:00:00+00:00 [running]> on host 9b5bfd347476
[2022-12-05 05:09:26,158] {logging_mixin.py:109} WARNING - /home/***/.local/lib/python3.7/site-packages/***/utils/context.py:152 AirflowContextDeprecationWarning: Accessing 'execution_date' from the template is deprecated and will be removed in a future version. Please use 'data_interval_start' or 'logical_date' instead.
[2022-12-05 05:09:26,194] {taskinstance.py:1426} INFO - Exporting the following env vars:
AIRFLOW_CTX_DAG_OWNER=***
AIRFLOW_CTX_DAG_ID=yellow_taxi_2_bq_dag
AIRFLOW_CTX_TASK_ID=remodel_data_type_task
AIRFLOW_CTX_EXECUTION_DATE=2020-03-02T06:00:00+00:00
AIRFLOW_CTX_DAG_RUN_ID=scheduled__2020-03-02T06:00:00+00:00
[2022-12-05 05:09:56,653] {python.py:175} INFO - Done. Returned value was: None
[2022-12-05 05:09:56,692] {taskinstance.py:1277} INFO - Marking task as SUCCESS. dag_id=yellow_taxi_2_bq_dag, task_id=remodel_data_type_task, execution_date=20200302T060000, start_date=20221205T050925, end_date=20221205T050956
[2022-12-05 05:09:57,113] {local_task_job.py:154} INFO - Task exited with return code 0
[2022-12-05 05:09:57,208] {local_task_job.py:264} INFO - 0 downstream tasks scheduled from follow-on schedule check
