[2022-12-05 14:23:54,777] {taskinstance.py:1032} INFO - Dependencies all met for <TaskInstance: green_taxi_2_bq_dag.download_dataset_task scheduled__2019-07-02T06:00:00+00:00 [queued]>
[2022-12-05 14:23:54,832] {taskinstance.py:1032} INFO - Dependencies all met for <TaskInstance: green_taxi_2_bq_dag.download_dataset_task scheduled__2019-07-02T06:00:00+00:00 [queued]>
[2022-12-05 14:23:54,834] {taskinstance.py:1238} INFO - 
--------------------------------------------------------------------------------
[2022-12-05 14:23:54,835] {taskinstance.py:1239} INFO - Starting attempt 1 of 2
[2022-12-05 14:23:54,836] {taskinstance.py:1240} INFO - 
--------------------------------------------------------------------------------
[2022-12-05 14:23:54,894] {taskinstance.py:1259} INFO - Executing <Task(BashOperator): download_dataset_task> on 2019-07-02 06:00:00+00:00
[2022-12-05 14:23:54,908] {standard_task_runner.py:52} INFO - Started process 78866 to run task
[2022-12-05 14:23:54,929] {standard_task_runner.py:76} INFO - Running: ['***', 'tasks', 'run', 'green_taxi_2_bq_dag', 'download_dataset_task', 'scheduled__2019-07-02T06:00:00+00:00', '--job-id', '693', '--raw', '--subdir', 'DAGS_FOLDER/green_taxi_data_2_bigq_dag.py', '--cfg-path', '/tmp/tmplpjmjsn3', '--error-file', '/tmp/tmpapnj8u4b']
[2022-12-05 14:23:54,934] {standard_task_runner.py:77} INFO - Job 693: Subtask download_dataset_task
[2022-12-05 14:23:55,120] {logging_mixin.py:109} INFO - Running <TaskInstance: green_taxi_2_bq_dag.download_dataset_task scheduled__2019-07-02T06:00:00+00:00 [running]> on host 9b5bfd347476
[2022-12-05 14:23:55,321] {logging_mixin.py:109} WARNING - /home/***/.local/lib/python3.7/site-packages/***/utils/context.py:152 AirflowContextDeprecationWarning: Accessing 'execution_date' from the template is deprecated and will be removed in a future version. Please use 'data_interval_start' or 'logical_date' instead.
[2022-12-05 14:23:55,399] {taskinstance.py:1426} INFO - Exporting the following env vars:
AIRFLOW_CTX_DAG_OWNER=***
AIRFLOW_CTX_DAG_ID=green_taxi_2_bq_dag
AIRFLOW_CTX_TASK_ID=download_dataset_task
AIRFLOW_CTX_EXECUTION_DATE=2019-07-02T06:00:00+00:00
AIRFLOW_CTX_DAG_RUN_ID=scheduled__2019-07-02T06:00:00+00:00
[2022-12-05 14:23:55,412] {subprocess.py:62} INFO - Tmp dir root location: 
 /tmp
[2022-12-05 14:23:55,417] {subprocess.py:74} INFO - Running command: ['bash', '-c', 'curl -sSLf https://d37ci6vzurychx.cloudfront.net/trip-data/green_tripdata_2019-07.parquet > /opt/***/output_2019-07.parquet']
[2022-12-05 14:23:55,471] {subprocess.py:85} INFO - Output:
[2022-12-05 14:23:58,017] {subprocess.py:93} INFO - Command exited with return code 0
[2022-12-05 14:23:58,069] {taskinstance.py:1277} INFO - Marking task as SUCCESS. dag_id=green_taxi_2_bq_dag, task_id=download_dataset_task, execution_date=20190702T060000, start_date=20221205T142354, end_date=20221205T142358
[2022-12-05 14:23:58,113] {local_task_job.py:154} INFO - Task exited with return code 0
[2022-12-05 14:23:58,209] {local_task_job.py:264} INFO - 1 downstream tasks scheduled from follow-on schedule check
