[2022-11-26 07:18:53,358] {taskinstance.py:1032} INFO - Dependencies all met for <TaskInstance: LocalIngestationDag_new.wget scheduled__2022-04-02T06:00:00+00:00 [queued]>
[2022-11-26 07:18:53,684] {taskinstance.py:1032} INFO - Dependencies all met for <TaskInstance: LocalIngestationDag_new.wget scheduled__2022-04-02T06:00:00+00:00 [queued]>
[2022-11-26 07:18:53,687] {taskinstance.py:1238} INFO - 
--------------------------------------------------------------------------------
[2022-11-26 07:18:53,689] {taskinstance.py:1239} INFO - Starting attempt 1 of 1
[2022-11-26 07:18:53,694] {taskinstance.py:1240} INFO - 
--------------------------------------------------------------------------------
[2022-11-26 07:18:54,597] {taskinstance.py:1259} INFO - Executing <Task(BashOperator): wget> on 2022-04-02 06:00:00+00:00
[2022-11-26 07:18:54,865] {standard_task_runner.py:52} INFO - Started process 1777 to run task
[2022-11-26 07:18:55,128] {standard_task_runner.py:76} INFO - Running: ['***', 'tasks', 'run', 'LocalIngestationDag_new', 'wget', 'scheduled__2022-04-02T06:00:00+00:00', '--job-id', '76', '--raw', '--subdir', 'DAGS_FOLDER/data_ingestation.py', '--cfg-path', '/tmp/tmpmkzn5c1i', '--error-file', '/tmp/tmpb_a3355s']
[2022-11-26 07:18:55,183] {standard_task_runner.py:77} INFO - Job 76: Subtask wget
[2022-11-26 07:18:56,650] {logging_mixin.py:109} INFO - Running <TaskInstance: LocalIngestationDag_new.wget scheduled__2022-04-02T06:00:00+00:00 [running]> on host 951f10ff76c7
[2022-11-26 07:18:57,707] {logging_mixin.py:109} WARNING - /home/***/.local/lib/python3.7/site-packages/***/utils/context.py:152 AirflowContextDeprecationWarning: Accessing 'execution_date' from the template is deprecated and will be removed in a future version. Please use 'data_interval_start' or 'logical_date' instead.
[2022-11-26 07:18:57,928] {taskinstance.py:1426} INFO - Exporting the following env vars:
AIRFLOW_CTX_DAG_OWNER=***
AIRFLOW_CTX_DAG_ID=LocalIngestationDag_new
AIRFLOW_CTX_TASK_ID=wget
AIRFLOW_CTX_EXECUTION_DATE=2022-04-02T06:00:00+00:00
AIRFLOW_CTX_DAG_RUN_ID=scheduled__2022-04-02T06:00:00+00:00
[2022-11-26 07:18:57,953] {subprocess.py:62} INFO - Tmp dir root location: 
 /tmp
[2022-11-26 07:18:57,960] {subprocess.py:74} INFO - Running command: ['bash', '-c', 'curl -sS https://d37ci6vzurychx.cloudfront.net/trip-data//yellow_tripdate_2022-04.parquet > /opt/***/output_2022-04.parquet']
[2022-11-26 07:18:58,071] {subprocess.py:85} INFO - Output:
[2022-11-26 07:19:03,546] {subprocess.py:93} INFO - Command exited with return code 0
[2022-11-26 07:19:04,604] {taskinstance.py:1277} INFO - Marking task as SUCCESS. dag_id=LocalIngestationDag_new, task_id=wget, execution_date=20220402T060000, start_date=20221126T071853, end_date=20221126T071904
[2022-11-26 07:19:04,995] {local_task_job.py:154} INFO - Task exited with return code 0
[2022-11-26 07:19:07,930] {local_task_job.py:264} INFO - 0 downstream tasks scheduled from follow-on schedule check
