[2022-11-27 16:43:25,910] {taskinstance.py:1032} INFO - Dependencies all met for <TaskInstance: zone_data_to_gcp_dag.download_dataset_task scheduled__2019-01-02T00:00:00+00:00 [queued]>
[2022-11-27 16:43:26,676] {taskinstance.py:1032} INFO - Dependencies all met for <TaskInstance: zone_data_to_gcp_dag.download_dataset_task scheduled__2019-01-02T00:00:00+00:00 [queued]>
[2022-11-27 16:43:26,692] {taskinstance.py:1238} INFO - 
--------------------------------------------------------------------------------
[2022-11-27 16:43:26,709] {taskinstance.py:1239} INFO - Starting attempt 1 of 2
[2022-11-27 16:43:26,716] {taskinstance.py:1240} INFO - 
--------------------------------------------------------------------------------
[2022-11-27 16:43:27,707] {taskinstance.py:1259} INFO - Executing <Task(BashOperator): download_dataset_task> on 2019-01-02 00:00:00+00:00
[2022-11-27 16:43:27,812] {standard_task_runner.py:52} INFO - Started process 718 to run task
[2022-11-27 16:43:27,980] {standard_task_runner.py:76} INFO - Running: ['***', 'tasks', 'run', 'zone_data_to_gcp_dag', 'download_dataset_task', 'scheduled__2019-01-02T00:00:00+00:00', '--job-id', '238', '--raw', '--subdir', 'DAGS_FOLDER/zone_lookup.py', '--cfg-path', '/tmp/tmpkny4ybw4', '--error-file', '/tmp/tmpkolb18t4']
[2022-11-27 16:43:28,017] {standard_task_runner.py:77} INFO - Job 238: Subtask download_dataset_task
[2022-11-27 16:43:28,638] {logging_mixin.py:109} INFO - Running <TaskInstance: zone_data_to_gcp_dag.download_dataset_task scheduled__2019-01-02T00:00:00+00:00 [running]> on host 410f3484ae43
[2022-11-27 16:43:30,919] {logging_mixin.py:109} WARNING - /home/***/.local/lib/python3.7/site-packages/***/utils/context.py:152 AirflowContextDeprecationWarning: Accessing 'execution_date' from the template is deprecated and will be removed in a future version. Please use 'data_interval_start' or 'logical_date' instead.
[2022-11-27 16:43:31,102] {taskinstance.py:1426} INFO - Exporting the following env vars:
AIRFLOW_CTX_DAG_OWNER=***
AIRFLOW_CTX_DAG_ID=zone_data_to_gcp_dag
AIRFLOW_CTX_TASK_ID=download_dataset_task
AIRFLOW_CTX_EXECUTION_DATE=2019-01-02T00:00:00+00:00
AIRFLOW_CTX_DAG_RUN_ID=scheduled__2019-01-02T00:00:00+00:00
[2022-11-27 16:43:31,132] {subprocess.py:62} INFO - Tmp dir root location: 
 /tmp
[2022-11-27 16:43:31,156] {subprocess.py:74} INFO - Running command: ['bash', '-c', 'curl -sSLf https://d37ci6vzurychx.cloudfront.net/misc/taxi+_zone_lookup.csv > /opt/***/output_2019-01.csv']
[2022-11-27 16:43:31,376] {subprocess.py:85} INFO - Output:
[2022-11-27 16:43:33,775] {subprocess.py:93} INFO - Command exited with return code 0
[2022-11-27 16:43:34,645] {taskinstance.py:1277} INFO - Marking task as SUCCESS. dag_id=zone_data_to_gcp_dag, task_id=download_dataset_task, execution_date=20190102T000000, start_date=20221127T164325, end_date=20221127T164334
[2022-11-27 16:43:35,191] {local_task_job.py:154} INFO - Task exited with return code 0
[2022-11-27 16:43:36,511] {local_task_job.py:264} INFO - 1 downstream tasks scheduled from follow-on schedule check
